[2024-05-10T23:30:50.443+0000] {local_task_job_runner.py:120} INFO - ::group::Pre task execution logs
[2024-05-10T23:30:50.459+0000] {taskinstance.py:2073} INFO - Dependencies all met for dep_context=non-requeueable deps ti=<TaskInstance: process_sales.convert_to_avro scheduled__2022-08-09T01:00:00+00:00 [queued]>
[2024-05-10T23:30:50.468+0000] {taskinstance.py:2073} INFO - Dependencies all met for dep_context=requeueable deps ti=<TaskInstance: process_sales.convert_to_avro scheduled__2022-08-09T01:00:00+00:00 [queued]>
[2024-05-10T23:30:50.469+0000] {taskinstance.py:2303} INFO - Starting attempt 15 of 15
[2024-05-10T23:30:50.483+0000] {taskinstance.py:2327} INFO - Executing <Task(PythonOperator): convert_to_avro> on 2022-08-09 01:00:00+00:00
[2024-05-10T23:30:50.490+0000] {warnings.py:110} WARNING - /home/***/.local/lib/python3.12/site-packages/***/task/task_runner/standard_task_runner.py:61: DeprecationWarning: This process (pid=112) is multi-threaded, use of fork() may lead to deadlocks in the child.
  pid = os.fork()

[2024-05-10T23:30:50.491+0000] {standard_task_runner.py:63} INFO - Started process 114 to run task
[2024-05-10T23:30:50.491+0000] {standard_task_runner.py:90} INFO - Running: ['***', 'tasks', 'run', 'process_sales', 'convert_to_avro', 'scheduled__2022-08-09T01:00:00+00:00', '--job-id', '754', '--raw', '--subdir', 'DAGS_FOLDER/process_sales.py', '--cfg-path', '/tmp/tmp4i70l9vs']
[2024-05-10T23:30:50.494+0000] {standard_task_runner.py:91} INFO - Job 754: Subtask convert_to_avro
[2024-05-10T23:30:50.541+0000] {task_command.py:426} INFO - Running <TaskInstance: process_sales.convert_to_avro scheduled__2022-08-09T01:00:00+00:00 [running]> on host 5b7d18db7a73
[2024-05-10T23:30:50.634+0000] {taskinstance.py:2644} INFO - Exporting env vars: AIRFLOW_CTX_DAG_EMAIL='nazarka49@gmail.com' AIRFLOW_CTX_DAG_OWNER='***' AIRFLOW_CTX_DAG_ID='process_sales' AIRFLOW_CTX_TASK_ID='convert_to_avro' AIRFLOW_CTX_EXECUTION_DATE='2022-08-09T01:00:00+00:00' AIRFLOW_CTX_TRY_NUMBER='15' AIRFLOW_CTX_DAG_RUN_ID='scheduled__2022-08-09T01:00:00+00:00'
[2024-05-10T23:30:50.636+0000] {taskinstance.py:430} INFO - ::endgroup::
[2024-05-10T23:30:50.637+0000] {warnings.py:110} WARNING - /home/***/.local/lib/python3.12/site-packages/***/utils/context.py:320: AirflowContextDeprecationWarning: Accessing 'execution_date' from the template is deprecated and will be removed in a future version. Please use 'data_interval_start' or 'logical_date' instead.
  warnings.warn(_create_deprecation_warning(k, replacements))

[2024-05-10T23:30:50.648+0000] {base.py:84} INFO - Using connection ID 'job_2' for task execution.
[2024-05-10T23:30:50.668+0000] {python.py:237} INFO - Done. Returned value was: None
[2024-05-10T23:30:50.668+0000] {taskinstance.py:441} INFO - ::group::Post task execution logs
[2024-05-10T23:30:50.679+0000] {taskinstance.py:1205} INFO - Marking task as SUCCESS. dag_id=process_sales, task_id=convert_to_avro, execution_date=20220809T010000, start_date=20240510T233050, end_date=20240510T233050
[2024-05-10T23:30:50.742+0000] {local_task_job_runner.py:240} INFO - Task exited with return code 0
[2024-05-10T23:30:50.760+0000] {taskinstance.py:3482} INFO - 0 downstream tasks scheduled from follow-on schedule check
[2024-05-10T23:30:50.763+0000] {local_task_job_runner.py:222} INFO - ::endgroup::
