[2024-05-10T23:36:48.997+0000] {local_task_job_runner.py:120} INFO - ::group::Pre task execution logs
[2024-05-10T23:36:49.015+0000] {taskinstance.py:2073} INFO - Dependencies all met for dep_context=non-requeueable deps ti=<TaskInstance: process_sales.convert_to_avro scheduled__2022-08-11T01:00:00+00:00 [queued]>
[2024-05-10T23:36:49.024+0000] {taskinstance.py:2073} INFO - Dependencies all met for dep_context=requeueable deps ti=<TaskInstance: process_sales.convert_to_avro scheduled__2022-08-11T01:00:00+00:00 [queued]>
[2024-05-10T23:36:49.025+0000] {taskinstance.py:2303} INFO - Starting attempt 3 of 3
[2024-05-10T23:36:49.038+0000] {taskinstance.py:2327} INFO - Executing <Task(PythonOperator): convert_to_avro> on 2022-08-11 01:00:00+00:00
[2024-05-10T23:36:49.046+0000] {warnings.py:110} WARNING - /home/***/.local/lib/python3.12/site-packages/***/task/task_runner/standard_task_runner.py:61: DeprecationWarning: This process (pid=213) is multi-threaded, use of fork() may lead to deadlocks in the child.
  pid = os.fork()

[2024-05-10T23:36:49.049+0000] {standard_task_runner.py:63} INFO - Started process 215 to run task
[2024-05-10T23:36:49.048+0000] {standard_task_runner.py:90} INFO - Running: ['***', 'tasks', 'run', 'process_sales', 'convert_to_avro', 'scheduled__2022-08-11T01:00:00+00:00', '--job-id', '764', '--raw', '--subdir', 'DAGS_FOLDER/process_sales.py', '--cfg-path', '/tmp/tmp51ejpha4']
[2024-05-10T23:36:49.050+0000] {standard_task_runner.py:91} INFO - Job 764: Subtask convert_to_avro
[2024-05-10T23:36:49.097+0000] {task_command.py:426} INFO - Running <TaskInstance: process_sales.convert_to_avro scheduled__2022-08-11T01:00:00+00:00 [running]> on host 5b7d18db7a73
[2024-05-10T23:36:49.188+0000] {taskinstance.py:2644} INFO - Exporting env vars: AIRFLOW_CTX_DAG_EMAIL='nazarka49@gmail.com' AIRFLOW_CTX_DAG_OWNER='***' AIRFLOW_CTX_DAG_ID='process_sales' AIRFLOW_CTX_TASK_ID='convert_to_avro' AIRFLOW_CTX_EXECUTION_DATE='2022-08-11T01:00:00+00:00' AIRFLOW_CTX_TRY_NUMBER='3' AIRFLOW_CTX_DAG_RUN_ID='scheduled__2022-08-11T01:00:00+00:00'
[2024-05-10T23:36:49.190+0000] {taskinstance.py:430} INFO - ::endgroup::
[2024-05-10T23:36:49.191+0000] {warnings.py:110} WARNING - /home/***/.local/lib/python3.12/site-packages/***/utils/context.py:320: AirflowContextDeprecationWarning: Accessing 'execution_date' from the template is deprecated and will be removed in a future version. Please use 'data_interval_start' or 'logical_date' instead.
  warnings.warn(_create_deprecation_warning(k, replacements))

[2024-05-10T23:36:49.201+0000] {base.py:84} INFO - Using connection ID 'job_2' for task execution.
[2024-05-10T23:36:49.212+0000] {python.py:237} INFO - Done. Returned value was: None
[2024-05-10T23:36:49.213+0000] {taskinstance.py:441} INFO - ::group::Post task execution logs
[2024-05-10T23:36:49.222+0000] {taskinstance.py:1205} INFO - Marking task as SUCCESS. dag_id=process_sales, task_id=convert_to_avro, execution_date=20220811T010000, start_date=20240510T233649, end_date=20240510T233649
[2024-05-10T23:36:49.281+0000] {local_task_job_runner.py:240} INFO - Task exited with return code 0
[2024-05-10T23:36:49.305+0000] {taskinstance.py:3482} INFO - 0 downstream tasks scheduled from follow-on schedule check
[2024-05-10T23:36:49.307+0000] {local_task_job_runner.py:222} INFO - ::endgroup::
