[2024-05-10T23:27:19.213+0000] {processor.py:161} INFO - Started process (PID=77) to work on /home/airflow/.local/lib/python3.12/site-packages/airflow/example_dags/example_complex.py
[2024-05-10T23:27:19.214+0000] {processor.py:830} INFO - Processing file /home/airflow/.local/lib/python3.12/site-packages/airflow/example_dags/example_complex.py for tasks to queue
[2024-05-10T23:27:19.216+0000] {logging_mixin.py:188} INFO - [2024-05-10T23:27:19.216+0000] {dagbag.py:540} INFO - Filling up the DagBag from /home/airflow/.local/lib/python3.12/site-packages/airflow/example_dags/example_complex.py
[2024-05-10T23:27:19.229+0000] {processor.py:840} INFO - DAG(s) 'example_complex' retrieved from /home/airflow/.local/lib/python3.12/site-packages/airflow/example_dags/example_complex.py
[2024-05-10T23:27:19.385+0000] {logging_mixin.py:188} INFO - [2024-05-10T23:27:19.384+0000] {dag.py:3096} INFO - Sync 1 DAGs
[2024-05-10T23:27:19.399+0000] {logging_mixin.py:188} INFO - [2024-05-10T23:27:19.399+0000] {dag.py:3954} INFO - Setting next_dagrun for example_complex to None, run_after=None
[2024-05-10T23:27:19.431+0000] {processor.py:183} INFO - Processing /home/airflow/.local/lib/python3.12/site-packages/airflow/example_dags/example_complex.py took 0.226 seconds
[2024-05-10T23:27:49.708+0000] {processor.py:161} INFO - Started process (PID=136) to work on /home/airflow/.local/lib/python3.12/site-packages/airflow/example_dags/example_complex.py
[2024-05-10T23:27:49.709+0000] {processor.py:830} INFO - Processing file /home/airflow/.local/lib/python3.12/site-packages/airflow/example_dags/example_complex.py for tasks to queue
[2024-05-10T23:27:49.711+0000] {logging_mixin.py:188} INFO - [2024-05-10T23:27:49.710+0000] {dagbag.py:540} INFO - Filling up the DagBag from /home/airflow/.local/lib/python3.12/site-packages/airflow/example_dags/example_complex.py
[2024-05-10T23:27:49.720+0000] {processor.py:840} INFO - DAG(s) 'example_complex' retrieved from /home/airflow/.local/lib/python3.12/site-packages/airflow/example_dags/example_complex.py
[2024-05-10T23:27:49.753+0000] {logging_mixin.py:188} INFO - [2024-05-10T23:27:49.752+0000] {dag.py:3096} INFO - Sync 1 DAGs
[2024-05-10T23:27:49.766+0000] {logging_mixin.py:188} INFO - [2024-05-10T23:27:49.766+0000] {dag.py:3954} INFO - Setting next_dagrun for example_complex to None, run_after=None
[2024-05-10T23:27:49.788+0000] {processor.py:183} INFO - Processing /home/airflow/.local/lib/python3.12/site-packages/airflow/example_dags/example_complex.py took 0.086 seconds
[2024-05-10T23:28:21.943+0000] {processor.py:161} INFO - Started process (PID=201) to work on /home/airflow/.local/lib/python3.12/site-packages/airflow/example_dags/example_complex.py
[2024-05-10T23:28:21.945+0000] {processor.py:830} INFO - Processing file /home/airflow/.local/lib/python3.12/site-packages/airflow/example_dags/example_complex.py for tasks to queue
[2024-05-10T23:28:21.947+0000] {logging_mixin.py:188} INFO - [2024-05-10T23:28:21.947+0000] {dagbag.py:540} INFO - Filling up the DagBag from /home/airflow/.local/lib/python3.12/site-packages/airflow/example_dags/example_complex.py
[2024-05-10T23:28:21.956+0000] {processor.py:840} INFO - DAG(s) 'example_complex' retrieved from /home/airflow/.local/lib/python3.12/site-packages/airflow/example_dags/example_complex.py
[2024-05-10T23:28:21.999+0000] {logging_mixin.py:188} INFO - [2024-05-10T23:28:21.998+0000] {dag.py:3096} INFO - Sync 1 DAGs
[2024-05-10T23:28:22.017+0000] {logging_mixin.py:188} INFO - [2024-05-10T23:28:22.017+0000] {dag.py:3954} INFO - Setting next_dagrun for example_complex to None, run_after=None
[2024-05-10T23:28:22.041+0000] {processor.py:183} INFO - Processing /home/airflow/.local/lib/python3.12/site-packages/airflow/example_dags/example_complex.py took 0.104 seconds
[2024-05-10T23:28:52.437+0000] {processor.py:161} INFO - Started process (PID=260) to work on /home/airflow/.local/lib/python3.12/site-packages/airflow/example_dags/example_complex.py
[2024-05-10T23:28:52.438+0000] {processor.py:830} INFO - Processing file /home/airflow/.local/lib/python3.12/site-packages/airflow/example_dags/example_complex.py for tasks to queue
[2024-05-10T23:28:52.440+0000] {logging_mixin.py:188} INFO - [2024-05-10T23:28:52.440+0000] {dagbag.py:540} INFO - Filling up the DagBag from /home/airflow/.local/lib/python3.12/site-packages/airflow/example_dags/example_complex.py
[2024-05-10T23:28:52.452+0000] {processor.py:840} INFO - DAG(s) 'example_complex' retrieved from /home/airflow/.local/lib/python3.12/site-packages/airflow/example_dags/example_complex.py
[2024-05-10T23:28:52.487+0000] {logging_mixin.py:188} INFO - [2024-05-10T23:28:52.487+0000] {dag.py:3096} INFO - Sync 1 DAGs
[2024-05-10T23:28:52.500+0000] {logging_mixin.py:188} INFO - [2024-05-10T23:28:52.499+0000] {dag.py:3954} INFO - Setting next_dagrun for example_complex to None, run_after=None
[2024-05-10T23:28:52.522+0000] {processor.py:183} INFO - Processing /home/airflow/.local/lib/python3.12/site-packages/airflow/example_dags/example_complex.py took 0.090 seconds
[2024-05-10T23:29:23.675+0000] {processor.py:161} INFO - Started process (PID=319) to work on /home/airflow/.local/lib/python3.12/site-packages/airflow/example_dags/example_complex.py
[2024-05-10T23:29:23.676+0000] {processor.py:830} INFO - Processing file /home/airflow/.local/lib/python3.12/site-packages/airflow/example_dags/example_complex.py for tasks to queue
[2024-05-10T23:29:23.678+0000] {logging_mixin.py:188} INFO - [2024-05-10T23:29:23.678+0000] {dagbag.py:540} INFO - Filling up the DagBag from /home/airflow/.local/lib/python3.12/site-packages/airflow/example_dags/example_complex.py
[2024-05-10T23:29:23.688+0000] {processor.py:840} INFO - DAG(s) 'example_complex' retrieved from /home/airflow/.local/lib/python3.12/site-packages/airflow/example_dags/example_complex.py
[2024-05-10T23:29:23.720+0000] {logging_mixin.py:188} INFO - [2024-05-10T23:29:23.720+0000] {dag.py:3096} INFO - Sync 1 DAGs
[2024-05-10T23:29:23.733+0000] {logging_mixin.py:188} INFO - [2024-05-10T23:29:23.733+0000] {dag.py:3954} INFO - Setting next_dagrun for example_complex to None, run_after=None
[2024-05-10T23:29:23.756+0000] {processor.py:183} INFO - Processing /home/airflow/.local/lib/python3.12/site-packages/airflow/example_dags/example_complex.py took 0.086 seconds
[2024-05-10T23:29:54.811+0000] {processor.py:161} INFO - Started process (PID=378) to work on /home/airflow/.local/lib/python3.12/site-packages/airflow/example_dags/example_complex.py
[2024-05-10T23:29:54.812+0000] {processor.py:830} INFO - Processing file /home/airflow/.local/lib/python3.12/site-packages/airflow/example_dags/example_complex.py for tasks to queue
[2024-05-10T23:29:54.814+0000] {logging_mixin.py:188} INFO - [2024-05-10T23:29:54.813+0000] {dagbag.py:540} INFO - Filling up the DagBag from /home/airflow/.local/lib/python3.12/site-packages/airflow/example_dags/example_complex.py
[2024-05-10T23:29:54.825+0000] {processor.py:840} INFO - DAG(s) 'example_complex' retrieved from /home/airflow/.local/lib/python3.12/site-packages/airflow/example_dags/example_complex.py
[2024-05-10T23:29:54.864+0000] {logging_mixin.py:188} INFO - [2024-05-10T23:29:54.864+0000] {dag.py:3096} INFO - Sync 1 DAGs
[2024-05-10T23:29:54.879+0000] {logging_mixin.py:188} INFO - [2024-05-10T23:29:54.879+0000] {dag.py:3954} INFO - Setting next_dagrun for example_complex to None, run_after=None
[2024-05-10T23:29:54.903+0000] {processor.py:183} INFO - Processing /home/airflow/.local/lib/python3.12/site-packages/airflow/example_dags/example_complex.py took 0.098 seconds
[2024-05-10T23:30:25.320+0000] {processor.py:161} INFO - Started process (PID=437) to work on /home/airflow/.local/lib/python3.12/site-packages/airflow/example_dags/example_complex.py
[2024-05-10T23:30:25.321+0000] {processor.py:830} INFO - Processing file /home/airflow/.local/lib/python3.12/site-packages/airflow/example_dags/example_complex.py for tasks to queue
[2024-05-10T23:30:25.323+0000] {logging_mixin.py:188} INFO - [2024-05-10T23:30:25.323+0000] {dagbag.py:540} INFO - Filling up the DagBag from /home/airflow/.local/lib/python3.12/site-packages/airflow/example_dags/example_complex.py
[2024-05-10T23:30:25.335+0000] {processor.py:840} INFO - DAG(s) 'example_complex' retrieved from /home/airflow/.local/lib/python3.12/site-packages/airflow/example_dags/example_complex.py
[2024-05-10T23:30:25.370+0000] {logging_mixin.py:188} INFO - [2024-05-10T23:30:25.370+0000] {dag.py:3096} INFO - Sync 1 DAGs
[2024-05-10T23:30:25.383+0000] {logging_mixin.py:188} INFO - [2024-05-10T23:30:25.383+0000] {dag.py:3954} INFO - Setting next_dagrun for example_complex to None, run_after=None
[2024-05-10T23:30:25.407+0000] {processor.py:183} INFO - Processing /home/airflow/.local/lib/python3.12/site-packages/airflow/example_dags/example_complex.py took 0.093 seconds
[2024-05-10T23:30:55.760+0000] {processor.py:161} INFO - Started process (PID=496) to work on /home/airflow/.local/lib/python3.12/site-packages/airflow/example_dags/example_complex.py
[2024-05-10T23:30:55.762+0000] {processor.py:830} INFO - Processing file /home/airflow/.local/lib/python3.12/site-packages/airflow/example_dags/example_complex.py for tasks to queue
[2024-05-10T23:30:55.764+0000] {logging_mixin.py:188} INFO - [2024-05-10T23:30:55.763+0000] {dagbag.py:540} INFO - Filling up the DagBag from /home/airflow/.local/lib/python3.12/site-packages/airflow/example_dags/example_complex.py
[2024-05-10T23:30:55.773+0000] {processor.py:840} INFO - DAG(s) 'example_complex' retrieved from /home/airflow/.local/lib/python3.12/site-packages/airflow/example_dags/example_complex.py
[2024-05-10T23:30:55.810+0000] {logging_mixin.py:188} INFO - [2024-05-10T23:30:55.809+0000] {dag.py:3096} INFO - Sync 1 DAGs
[2024-05-10T23:30:55.826+0000] {logging_mixin.py:188} INFO - [2024-05-10T23:30:55.826+0000] {dag.py:3954} INFO - Setting next_dagrun for example_complex to None, run_after=None
[2024-05-10T23:30:55.848+0000] {processor.py:183} INFO - Processing /home/airflow/.local/lib/python3.12/site-packages/airflow/example_dags/example_complex.py took 0.093 seconds
[2024-05-10T23:31:26.227+0000] {processor.py:161} INFO - Started process (PID=555) to work on /home/airflow/.local/lib/python3.12/site-packages/airflow/example_dags/example_complex.py
[2024-05-10T23:31:26.229+0000] {processor.py:830} INFO - Processing file /home/airflow/.local/lib/python3.12/site-packages/airflow/example_dags/example_complex.py for tasks to queue
[2024-05-10T23:31:26.231+0000] {logging_mixin.py:188} INFO - [2024-05-10T23:31:26.230+0000] {dagbag.py:540} INFO - Filling up the DagBag from /home/airflow/.local/lib/python3.12/site-packages/airflow/example_dags/example_complex.py
[2024-05-10T23:31:26.242+0000] {processor.py:840} INFO - DAG(s) 'example_complex' retrieved from /home/airflow/.local/lib/python3.12/site-packages/airflow/example_dags/example_complex.py
[2024-05-10T23:31:26.285+0000] {logging_mixin.py:188} INFO - [2024-05-10T23:31:26.285+0000] {dag.py:3096} INFO - Sync 1 DAGs
[2024-05-10T23:31:26.302+0000] {logging_mixin.py:188} INFO - [2024-05-10T23:31:26.301+0000] {dag.py:3954} INFO - Setting next_dagrun for example_complex to None, run_after=None
[2024-05-10T23:31:26.327+0000] {processor.py:183} INFO - Processing /home/airflow/.local/lib/python3.12/site-packages/airflow/example_dags/example_complex.py took 0.105 seconds
[2024-05-10T23:31:56.839+0000] {processor.py:161} INFO - Started process (PID=613) to work on /home/airflow/.local/lib/python3.12/site-packages/airflow/example_dags/example_complex.py
[2024-05-10T23:31:56.840+0000] {processor.py:830} INFO - Processing file /home/airflow/.local/lib/python3.12/site-packages/airflow/example_dags/example_complex.py for tasks to queue
[2024-05-10T23:31:56.843+0000] {logging_mixin.py:188} INFO - [2024-05-10T23:31:56.842+0000] {dagbag.py:540} INFO - Filling up the DagBag from /home/airflow/.local/lib/python3.12/site-packages/airflow/example_dags/example_complex.py
[2024-05-10T23:31:56.852+0000] {processor.py:840} INFO - DAG(s) 'example_complex' retrieved from /home/airflow/.local/lib/python3.12/site-packages/airflow/example_dags/example_complex.py
[2024-05-10T23:31:56.892+0000] {logging_mixin.py:188} INFO - [2024-05-10T23:31:56.892+0000] {dag.py:3096} INFO - Sync 1 DAGs
[2024-05-10T23:31:56.906+0000] {logging_mixin.py:188} INFO - [2024-05-10T23:31:56.906+0000] {dag.py:3954} INFO - Setting next_dagrun for example_complex to None, run_after=None
[2024-05-10T23:31:56.933+0000] {processor.py:183} INFO - Processing /home/airflow/.local/lib/python3.12/site-packages/airflow/example_dags/example_complex.py took 0.100 seconds
[2024-05-10T23:32:27.484+0000] {processor.py:161} INFO - Started process (PID=672) to work on /home/airflow/.local/lib/python3.12/site-packages/airflow/example_dags/example_complex.py
[2024-05-10T23:32:27.485+0000] {processor.py:830} INFO - Processing file /home/airflow/.local/lib/python3.12/site-packages/airflow/example_dags/example_complex.py for tasks to queue
[2024-05-10T23:32:27.487+0000] {logging_mixin.py:188} INFO - [2024-05-10T23:32:27.487+0000] {dagbag.py:540} INFO - Filling up the DagBag from /home/airflow/.local/lib/python3.12/site-packages/airflow/example_dags/example_complex.py
[2024-05-10T23:32:27.497+0000] {processor.py:840} INFO - DAG(s) 'example_complex' retrieved from /home/airflow/.local/lib/python3.12/site-packages/airflow/example_dags/example_complex.py
[2024-05-10T23:32:27.539+0000] {logging_mixin.py:188} INFO - [2024-05-10T23:32:27.539+0000] {dag.py:3096} INFO - Sync 1 DAGs
[2024-05-10T23:32:27.553+0000] {logging_mixin.py:188} INFO - [2024-05-10T23:32:27.553+0000] {dag.py:3954} INFO - Setting next_dagrun for example_complex to None, run_after=None
[2024-05-10T23:32:27.574+0000] {processor.py:183} INFO - Processing /home/airflow/.local/lib/python3.12/site-packages/airflow/example_dags/example_complex.py took 0.095 seconds
[2024-05-10T23:32:58.054+0000] {processor.py:161} INFO - Started process (PID=731) to work on /home/airflow/.local/lib/python3.12/site-packages/airflow/example_dags/example_complex.py
[2024-05-10T23:32:58.055+0000] {processor.py:830} INFO - Processing file /home/airflow/.local/lib/python3.12/site-packages/airflow/example_dags/example_complex.py for tasks to queue
[2024-05-10T23:32:58.056+0000] {logging_mixin.py:188} INFO - [2024-05-10T23:32:58.056+0000] {dagbag.py:540} INFO - Filling up the DagBag from /home/airflow/.local/lib/python3.12/site-packages/airflow/example_dags/example_complex.py
[2024-05-10T23:32:58.068+0000] {processor.py:840} INFO - DAG(s) 'example_complex' retrieved from /home/airflow/.local/lib/python3.12/site-packages/airflow/example_dags/example_complex.py
[2024-05-10T23:32:58.106+0000] {logging_mixin.py:188} INFO - [2024-05-10T23:32:58.106+0000] {dag.py:3096} INFO - Sync 1 DAGs
[2024-05-10T23:32:58.121+0000] {logging_mixin.py:188} INFO - [2024-05-10T23:32:58.121+0000] {dag.py:3954} INFO - Setting next_dagrun for example_complex to None, run_after=None
[2024-05-10T23:32:58.143+0000] {processor.py:183} INFO - Processing /home/airflow/.local/lib/python3.12/site-packages/airflow/example_dags/example_complex.py took 0.096 seconds
[2024-05-10T23:33:28.534+0000] {processor.py:161} INFO - Started process (PID=790) to work on /home/airflow/.local/lib/python3.12/site-packages/airflow/example_dags/example_complex.py
[2024-05-10T23:33:28.535+0000] {processor.py:830} INFO - Processing file /home/airflow/.local/lib/python3.12/site-packages/airflow/example_dags/example_complex.py for tasks to queue
[2024-05-10T23:33:28.537+0000] {logging_mixin.py:188} INFO - [2024-05-10T23:33:28.537+0000] {dagbag.py:540} INFO - Filling up the DagBag from /home/airflow/.local/lib/python3.12/site-packages/airflow/example_dags/example_complex.py
[2024-05-10T23:33:28.548+0000] {processor.py:840} INFO - DAG(s) 'example_complex' retrieved from /home/airflow/.local/lib/python3.12/site-packages/airflow/example_dags/example_complex.py
[2024-05-10T23:33:28.584+0000] {logging_mixin.py:188} INFO - [2024-05-10T23:33:28.584+0000] {dag.py:3096} INFO - Sync 1 DAGs
[2024-05-10T23:33:28.602+0000] {logging_mixin.py:188} INFO - [2024-05-10T23:33:28.602+0000] {dag.py:3954} INFO - Setting next_dagrun for example_complex to None, run_after=None
[2024-05-10T23:33:28.628+0000] {processor.py:183} INFO - Processing /home/airflow/.local/lib/python3.12/site-packages/airflow/example_dags/example_complex.py took 0.099 seconds
[2024-05-10T23:33:58.835+0000] {processor.py:161} INFO - Started process (PID=849) to work on /home/airflow/.local/lib/python3.12/site-packages/airflow/example_dags/example_complex.py
[2024-05-10T23:33:58.837+0000] {processor.py:830} INFO - Processing file /home/airflow/.local/lib/python3.12/site-packages/airflow/example_dags/example_complex.py for tasks to queue
[2024-05-10T23:33:58.838+0000] {logging_mixin.py:188} INFO - [2024-05-10T23:33:58.838+0000] {dagbag.py:540} INFO - Filling up the DagBag from /home/airflow/.local/lib/python3.12/site-packages/airflow/example_dags/example_complex.py
[2024-05-10T23:33:58.848+0000] {processor.py:840} INFO - DAG(s) 'example_complex' retrieved from /home/airflow/.local/lib/python3.12/site-packages/airflow/example_dags/example_complex.py
[2024-05-10T23:33:58.892+0000] {logging_mixin.py:188} INFO - [2024-05-10T23:33:58.891+0000] {dag.py:3096} INFO - Sync 1 DAGs
[2024-05-10T23:33:58.911+0000] {logging_mixin.py:188} INFO - [2024-05-10T23:33:58.910+0000] {dag.py:3954} INFO - Setting next_dagrun for example_complex to None, run_after=None
[2024-05-10T23:33:58.938+0000] {processor.py:183} INFO - Processing /home/airflow/.local/lib/python3.12/site-packages/airflow/example_dags/example_complex.py took 0.109 seconds
[2024-05-10T23:34:29.117+0000] {processor.py:161} INFO - Started process (PID=908) to work on /home/airflow/.local/lib/python3.12/site-packages/airflow/example_dags/example_complex.py
[2024-05-10T23:34:29.118+0000] {processor.py:830} INFO - Processing file /home/airflow/.local/lib/python3.12/site-packages/airflow/example_dags/example_complex.py for tasks to queue
[2024-05-10T23:34:29.120+0000] {logging_mixin.py:188} INFO - [2024-05-10T23:34:29.120+0000] {dagbag.py:540} INFO - Filling up the DagBag from /home/airflow/.local/lib/python3.12/site-packages/airflow/example_dags/example_complex.py
[2024-05-10T23:34:29.130+0000] {processor.py:840} INFO - DAG(s) 'example_complex' retrieved from /home/airflow/.local/lib/python3.12/site-packages/airflow/example_dags/example_complex.py
[2024-05-10T23:34:29.165+0000] {logging_mixin.py:188} INFO - [2024-05-10T23:34:29.165+0000] {dag.py:3096} INFO - Sync 1 DAGs
[2024-05-10T23:34:29.180+0000] {logging_mixin.py:188} INFO - [2024-05-10T23:34:29.180+0000] {dag.py:3954} INFO - Setting next_dagrun for example_complex to None, run_after=None
[2024-05-10T23:34:29.327+0000] {processor.py:183} INFO - Processing /home/airflow/.local/lib/python3.12/site-packages/airflow/example_dags/example_complex.py took 0.216 seconds
[2024-05-10T23:34:59.450+0000] {processor.py:161} INFO - Started process (PID=967) to work on /home/airflow/.local/lib/python3.12/site-packages/airflow/example_dags/example_complex.py
[2024-05-10T23:34:59.452+0000] {processor.py:830} INFO - Processing file /home/airflow/.local/lib/python3.12/site-packages/airflow/example_dags/example_complex.py for tasks to queue
[2024-05-10T23:34:59.453+0000] {logging_mixin.py:188} INFO - [2024-05-10T23:34:59.453+0000] {dagbag.py:540} INFO - Filling up the DagBag from /home/airflow/.local/lib/python3.12/site-packages/airflow/example_dags/example_complex.py
[2024-05-10T23:34:59.463+0000] {processor.py:840} INFO - DAG(s) 'example_complex' retrieved from /home/airflow/.local/lib/python3.12/site-packages/airflow/example_dags/example_complex.py
[2024-05-10T23:34:59.499+0000] {logging_mixin.py:188} INFO - [2024-05-10T23:34:59.499+0000] {dag.py:3096} INFO - Sync 1 DAGs
[2024-05-10T23:34:59.511+0000] {logging_mixin.py:188} INFO - [2024-05-10T23:34:59.511+0000] {dag.py:3954} INFO - Setting next_dagrun for example_complex to None, run_after=None
[2024-05-10T23:34:59.658+0000] {processor.py:183} INFO - Processing /home/airflow/.local/lib/python3.12/site-packages/airflow/example_dags/example_complex.py took 0.213 seconds
[2024-05-10T23:35:30.616+0000] {processor.py:161} INFO - Started process (PID=1026) to work on /home/airflow/.local/lib/python3.12/site-packages/airflow/example_dags/example_complex.py
[2024-05-10T23:35:30.617+0000] {processor.py:830} INFO - Processing file /home/airflow/.local/lib/python3.12/site-packages/airflow/example_dags/example_complex.py for tasks to queue
[2024-05-10T23:35:30.619+0000] {logging_mixin.py:188} INFO - [2024-05-10T23:35:30.619+0000] {dagbag.py:540} INFO - Filling up the DagBag from /home/airflow/.local/lib/python3.12/site-packages/airflow/example_dags/example_complex.py
[2024-05-10T23:35:30.632+0000] {processor.py:840} INFO - DAG(s) 'example_complex' retrieved from /home/airflow/.local/lib/python3.12/site-packages/airflow/example_dags/example_complex.py
[2024-05-10T23:35:30.673+0000] {logging_mixin.py:188} INFO - [2024-05-10T23:35:30.672+0000] {dag.py:3096} INFO - Sync 1 DAGs
[2024-05-10T23:35:30.687+0000] {logging_mixin.py:188} INFO - [2024-05-10T23:35:30.686+0000] {dag.py:3954} INFO - Setting next_dagrun for example_complex to None, run_after=None
[2024-05-10T23:35:30.710+0000] {processor.py:183} INFO - Processing /home/airflow/.local/lib/python3.12/site-packages/airflow/example_dags/example_complex.py took 0.099 seconds
[2024-05-10T23:36:00.851+0000] {processor.py:161} INFO - Started process (PID=1085) to work on /home/airflow/.local/lib/python3.12/site-packages/airflow/example_dags/example_complex.py
[2024-05-10T23:36:00.852+0000] {processor.py:830} INFO - Processing file /home/airflow/.local/lib/python3.12/site-packages/airflow/example_dags/example_complex.py for tasks to queue
[2024-05-10T23:36:00.855+0000] {logging_mixin.py:188} INFO - [2024-05-10T23:36:00.854+0000] {dagbag.py:540} INFO - Filling up the DagBag from /home/airflow/.local/lib/python3.12/site-packages/airflow/example_dags/example_complex.py
[2024-05-10T23:36:00.867+0000] {processor.py:840} INFO - DAG(s) 'example_complex' retrieved from /home/airflow/.local/lib/python3.12/site-packages/airflow/example_dags/example_complex.py
[2024-05-10T23:36:00.911+0000] {logging_mixin.py:188} INFO - [2024-05-10T23:36:00.911+0000] {dag.py:3096} INFO - Sync 1 DAGs
[2024-05-10T23:36:00.926+0000] {logging_mixin.py:188} INFO - [2024-05-10T23:36:00.925+0000] {dag.py:3954} INFO - Setting next_dagrun for example_complex to None, run_after=None
[2024-05-10T23:36:00.948+0000] {processor.py:183} INFO - Processing /home/airflow/.local/lib/python3.12/site-packages/airflow/example_dags/example_complex.py took 0.102 seconds
[2024-05-10T23:36:31.901+0000] {processor.py:161} INFO - Started process (PID=1144) to work on /home/airflow/.local/lib/python3.12/site-packages/airflow/example_dags/example_complex.py
[2024-05-10T23:36:31.903+0000] {processor.py:830} INFO - Processing file /home/airflow/.local/lib/python3.12/site-packages/airflow/example_dags/example_complex.py for tasks to queue
[2024-05-10T23:36:31.905+0000] {logging_mixin.py:188} INFO - [2024-05-10T23:36:31.904+0000] {dagbag.py:540} INFO - Filling up the DagBag from /home/airflow/.local/lib/python3.12/site-packages/airflow/example_dags/example_complex.py
[2024-05-10T23:36:31.919+0000] {processor.py:840} INFO - DAG(s) 'example_complex' retrieved from /home/airflow/.local/lib/python3.12/site-packages/airflow/example_dags/example_complex.py
[2024-05-10T23:36:31.965+0000] {logging_mixin.py:188} INFO - [2024-05-10T23:36:31.964+0000] {dag.py:3096} INFO - Sync 1 DAGs
[2024-05-10T23:36:31.979+0000] {logging_mixin.py:188} INFO - [2024-05-10T23:36:31.978+0000] {dag.py:3954} INFO - Setting next_dagrun for example_complex to None, run_after=None
[2024-05-10T23:36:32.002+0000] {processor.py:183} INFO - Processing /home/airflow/.local/lib/python3.12/site-packages/airflow/example_dags/example_complex.py took 0.107 seconds
[2024-05-10T23:37:02.224+0000] {processor.py:161} INFO - Started process (PID=1203) to work on /home/airflow/.local/lib/python3.12/site-packages/airflow/example_dags/example_complex.py
[2024-05-10T23:37:02.225+0000] {processor.py:830} INFO - Processing file /home/airflow/.local/lib/python3.12/site-packages/airflow/example_dags/example_complex.py for tasks to queue
[2024-05-10T23:37:02.227+0000] {logging_mixin.py:188} INFO - [2024-05-10T23:37:02.226+0000] {dagbag.py:540} INFO - Filling up the DagBag from /home/airflow/.local/lib/python3.12/site-packages/airflow/example_dags/example_complex.py
[2024-05-10T23:37:02.237+0000] {processor.py:840} INFO - DAG(s) 'example_complex' retrieved from /home/airflow/.local/lib/python3.12/site-packages/airflow/example_dags/example_complex.py
[2024-05-10T23:37:02.274+0000] {logging_mixin.py:188} INFO - [2024-05-10T23:37:02.274+0000] {dag.py:3096} INFO - Sync 1 DAGs
[2024-05-10T23:37:02.289+0000] {logging_mixin.py:188} INFO - [2024-05-10T23:37:02.288+0000] {dag.py:3954} INFO - Setting next_dagrun for example_complex to None, run_after=None
[2024-05-10T23:37:02.324+0000] {processor.py:183} INFO - Processing /home/airflow/.local/lib/python3.12/site-packages/airflow/example_dags/example_complex.py took 0.105 seconds
[2024-05-10T23:37:32.429+0000] {processor.py:161} INFO - Started process (PID=1262) to work on /home/airflow/.local/lib/python3.12/site-packages/airflow/example_dags/example_complex.py
[2024-05-10T23:37:32.430+0000] {processor.py:830} INFO - Processing file /home/airflow/.local/lib/python3.12/site-packages/airflow/example_dags/example_complex.py for tasks to queue
[2024-05-10T23:37:32.432+0000] {logging_mixin.py:188} INFO - [2024-05-10T23:37:32.432+0000] {dagbag.py:540} INFO - Filling up the DagBag from /home/airflow/.local/lib/python3.12/site-packages/airflow/example_dags/example_complex.py
[2024-05-10T23:37:32.443+0000] {processor.py:840} INFO - DAG(s) 'example_complex' retrieved from /home/airflow/.local/lib/python3.12/site-packages/airflow/example_dags/example_complex.py
[2024-05-10T23:37:32.480+0000] {logging_mixin.py:188} INFO - [2024-05-10T23:37:32.479+0000] {dag.py:3096} INFO - Sync 1 DAGs
[2024-05-10T23:37:32.493+0000] {logging_mixin.py:188} INFO - [2024-05-10T23:37:32.493+0000] {dag.py:3954} INFO - Setting next_dagrun for example_complex to None, run_after=None
[2024-05-10T23:37:32.515+0000] {processor.py:183} INFO - Processing /home/airflow/.local/lib/python3.12/site-packages/airflow/example_dags/example_complex.py took 0.091 seconds
[2024-05-10T23:38:03.332+0000] {processor.py:161} INFO - Started process (PID=1321) to work on /home/airflow/.local/lib/python3.12/site-packages/airflow/example_dags/example_complex.py
[2024-05-10T23:38:03.333+0000] {processor.py:830} INFO - Processing file /home/airflow/.local/lib/python3.12/site-packages/airflow/example_dags/example_complex.py for tasks to queue
[2024-05-10T23:38:03.335+0000] {logging_mixin.py:188} INFO - [2024-05-10T23:38:03.335+0000] {dagbag.py:540} INFO - Filling up the DagBag from /home/airflow/.local/lib/python3.12/site-packages/airflow/example_dags/example_complex.py
[2024-05-10T23:38:03.349+0000] {processor.py:840} INFO - DAG(s) 'example_complex' retrieved from /home/airflow/.local/lib/python3.12/site-packages/airflow/example_dags/example_complex.py
[2024-05-10T23:38:03.397+0000] {logging_mixin.py:188} INFO - [2024-05-10T23:38:03.396+0000] {dag.py:3096} INFO - Sync 1 DAGs
[2024-05-10T23:38:03.415+0000] {logging_mixin.py:188} INFO - [2024-05-10T23:38:03.414+0000] {dag.py:3954} INFO - Setting next_dagrun for example_complex to None, run_after=None
[2024-05-10T23:38:03.440+0000] {processor.py:183} INFO - Processing /home/airflow/.local/lib/python3.12/site-packages/airflow/example_dags/example_complex.py took 0.116 seconds
[2024-05-10T23:38:33.997+0000] {processor.py:161} INFO - Started process (PID=1380) to work on /home/airflow/.local/lib/python3.12/site-packages/airflow/example_dags/example_complex.py
[2024-05-10T23:38:33.998+0000] {processor.py:830} INFO - Processing file /home/airflow/.local/lib/python3.12/site-packages/airflow/example_dags/example_complex.py for tasks to queue
[2024-05-10T23:38:34.001+0000] {logging_mixin.py:188} INFO - [2024-05-10T23:38:34.000+0000] {dagbag.py:540} INFO - Filling up the DagBag from /home/airflow/.local/lib/python3.12/site-packages/airflow/example_dags/example_complex.py
[2024-05-10T23:38:34.011+0000] {processor.py:840} INFO - DAG(s) 'example_complex' retrieved from /home/airflow/.local/lib/python3.12/site-packages/airflow/example_dags/example_complex.py
[2024-05-10T23:38:34.054+0000] {logging_mixin.py:188} INFO - [2024-05-10T23:38:34.053+0000] {dag.py:3096} INFO - Sync 1 DAGs
[2024-05-10T23:38:34.068+0000] {logging_mixin.py:188} INFO - [2024-05-10T23:38:34.067+0000] {dag.py:3954} INFO - Setting next_dagrun for example_complex to None, run_after=None
[2024-05-10T23:38:34.090+0000] {processor.py:183} INFO - Processing /home/airflow/.local/lib/python3.12/site-packages/airflow/example_dags/example_complex.py took 0.099 seconds
[2024-05-10T23:39:04.725+0000] {processor.py:161} INFO - Started process (PID=1439) to work on /home/airflow/.local/lib/python3.12/site-packages/airflow/example_dags/example_complex.py
[2024-05-10T23:39:04.726+0000] {processor.py:830} INFO - Processing file /home/airflow/.local/lib/python3.12/site-packages/airflow/example_dags/example_complex.py for tasks to queue
[2024-05-10T23:39:04.728+0000] {logging_mixin.py:188} INFO - [2024-05-10T23:39:04.728+0000] {dagbag.py:540} INFO - Filling up the DagBag from /home/airflow/.local/lib/python3.12/site-packages/airflow/example_dags/example_complex.py
[2024-05-10T23:39:04.741+0000] {processor.py:840} INFO - DAG(s) 'example_complex' retrieved from /home/airflow/.local/lib/python3.12/site-packages/airflow/example_dags/example_complex.py
[2024-05-10T23:39:04.777+0000] {logging_mixin.py:188} INFO - [2024-05-10T23:39:04.777+0000] {dag.py:3096} INFO - Sync 1 DAGs
[2024-05-10T23:39:04.791+0000] {logging_mixin.py:188} INFO - [2024-05-10T23:39:04.790+0000] {dag.py:3954} INFO - Setting next_dagrun for example_complex to None, run_after=None
[2024-05-10T23:39:04.815+0000] {processor.py:183} INFO - Processing /home/airflow/.local/lib/python3.12/site-packages/airflow/example_dags/example_complex.py took 0.095 seconds
[2024-05-10T23:39:35.498+0000] {processor.py:161} INFO - Started process (PID=1498) to work on /home/airflow/.local/lib/python3.12/site-packages/airflow/example_dags/example_complex.py
[2024-05-10T23:39:35.499+0000] {processor.py:830} INFO - Processing file /home/airflow/.local/lib/python3.12/site-packages/airflow/example_dags/example_complex.py for tasks to queue
[2024-05-10T23:39:35.501+0000] {logging_mixin.py:188} INFO - [2024-05-10T23:39:35.501+0000] {dagbag.py:540} INFO - Filling up the DagBag from /home/airflow/.local/lib/python3.12/site-packages/airflow/example_dags/example_complex.py
[2024-05-10T23:39:35.514+0000] {processor.py:840} INFO - DAG(s) 'example_complex' retrieved from /home/airflow/.local/lib/python3.12/site-packages/airflow/example_dags/example_complex.py
[2024-05-10T23:39:35.550+0000] {logging_mixin.py:188} INFO - [2024-05-10T23:39:35.550+0000] {dag.py:3096} INFO - Sync 1 DAGs
[2024-05-10T23:39:35.565+0000] {logging_mixin.py:188} INFO - [2024-05-10T23:39:35.565+0000] {dag.py:3954} INFO - Setting next_dagrun for example_complex to None, run_after=None
[2024-05-10T23:39:35.591+0000] {processor.py:183} INFO - Processing /home/airflow/.local/lib/python3.12/site-packages/airflow/example_dags/example_complex.py took 0.099 seconds
[2024-05-10T23:40:06.274+0000] {processor.py:161} INFO - Started process (PID=1557) to work on /home/airflow/.local/lib/python3.12/site-packages/airflow/example_dags/example_complex.py
[2024-05-10T23:40:06.276+0000] {processor.py:830} INFO - Processing file /home/airflow/.local/lib/python3.12/site-packages/airflow/example_dags/example_complex.py for tasks to queue
[2024-05-10T23:40:06.278+0000] {logging_mixin.py:188} INFO - [2024-05-10T23:40:06.278+0000] {dagbag.py:540} INFO - Filling up the DagBag from /home/airflow/.local/lib/python3.12/site-packages/airflow/example_dags/example_complex.py
[2024-05-10T23:40:06.291+0000] {processor.py:840} INFO - DAG(s) 'example_complex' retrieved from /home/airflow/.local/lib/python3.12/site-packages/airflow/example_dags/example_complex.py
[2024-05-10T23:40:06.331+0000] {logging_mixin.py:188} INFO - [2024-05-10T23:40:06.331+0000] {dag.py:3096} INFO - Sync 1 DAGs
[2024-05-10T23:40:06.346+0000] {logging_mixin.py:188} INFO - [2024-05-10T23:40:06.346+0000] {dag.py:3954} INFO - Setting next_dagrun for example_complex to None, run_after=None
[2024-05-10T23:40:06.372+0000] {processor.py:183} INFO - Processing /home/airflow/.local/lib/python3.12/site-packages/airflow/example_dags/example_complex.py took 0.105 seconds
[2024-05-10T23:40:37.039+0000] {processor.py:161} INFO - Started process (PID=1616) to work on /home/airflow/.local/lib/python3.12/site-packages/airflow/example_dags/example_complex.py
[2024-05-10T23:40:37.040+0000] {processor.py:830} INFO - Processing file /home/airflow/.local/lib/python3.12/site-packages/airflow/example_dags/example_complex.py for tasks to queue
[2024-05-10T23:40:37.042+0000] {logging_mixin.py:188} INFO - [2024-05-10T23:40:37.042+0000] {dagbag.py:540} INFO - Filling up the DagBag from /home/airflow/.local/lib/python3.12/site-packages/airflow/example_dags/example_complex.py
[2024-05-10T23:40:37.056+0000] {processor.py:840} INFO - DAG(s) 'example_complex' retrieved from /home/airflow/.local/lib/python3.12/site-packages/airflow/example_dags/example_complex.py
[2024-05-10T23:40:37.095+0000] {logging_mixin.py:188} INFO - [2024-05-10T23:40:37.094+0000] {dag.py:3096} INFO - Sync 1 DAGs
[2024-05-10T23:40:37.109+0000] {logging_mixin.py:188} INFO - [2024-05-10T23:40:37.109+0000] {dag.py:3954} INFO - Setting next_dagrun for example_complex to None, run_after=None
[2024-05-10T23:40:37.133+0000] {processor.py:183} INFO - Processing /home/airflow/.local/lib/python3.12/site-packages/airflow/example_dags/example_complex.py took 0.099 seconds
