[2024-05-10T23:27:18.577+0000] {processor.py:161} INFO - Started process (PID=71) to work on /home/airflow/.local/lib/python3.12/site-packages/airflow/example_dags/example_bash_operator.py
[2024-05-10T23:27:18.578+0000] {processor.py:830} INFO - Processing file /home/airflow/.local/lib/python3.12/site-packages/airflow/example_dags/example_bash_operator.py for tasks to queue
[2024-05-10T23:27:18.580+0000] {logging_mixin.py:188} INFO - [2024-05-10T23:27:18.580+0000] {dagbag.py:540} INFO - Filling up the DagBag from /home/airflow/.local/lib/python3.12/site-packages/airflow/example_dags/example_bash_operator.py
[2024-05-10T23:27:18.596+0000] {processor.py:840} INFO - DAG(s) 'example_bash_operator' retrieved from /home/airflow/.local/lib/python3.12/site-packages/airflow/example_dags/example_bash_operator.py
[2024-05-10T23:27:18.739+0000] {logging_mixin.py:188} INFO - [2024-05-10T23:27:18.739+0000] {dag.py:3096} INFO - Sync 1 DAGs
[2024-05-10T23:27:18.768+0000] {logging_mixin.py:188} INFO - [2024-05-10T23:27:18.768+0000] {dag.py:3954} INFO - Setting next_dagrun for example_bash_operator to 2024-05-09 00:00:00+00:00, run_after=2024-05-10 00:00:00+00:00
[2024-05-10T23:27:18.794+0000] {processor.py:183} INFO - Processing /home/airflow/.local/lib/python3.12/site-packages/airflow/example_dags/example_bash_operator.py took 0.223 seconds
[2024-05-10T23:27:49.368+0000] {processor.py:161} INFO - Started process (PID=130) to work on /home/airflow/.local/lib/python3.12/site-packages/airflow/example_dags/example_bash_operator.py
[2024-05-10T23:27:49.369+0000] {processor.py:830} INFO - Processing file /home/airflow/.local/lib/python3.12/site-packages/airflow/example_dags/example_bash_operator.py for tasks to queue
[2024-05-10T23:27:49.371+0000] {logging_mixin.py:188} INFO - [2024-05-10T23:27:49.371+0000] {dagbag.py:540} INFO - Filling up the DagBag from /home/airflow/.local/lib/python3.12/site-packages/airflow/example_dags/example_bash_operator.py
[2024-05-10T23:27:49.382+0000] {processor.py:840} INFO - DAG(s) 'example_bash_operator' retrieved from /home/airflow/.local/lib/python3.12/site-packages/airflow/example_dags/example_bash_operator.py
[2024-05-10T23:27:49.412+0000] {logging_mixin.py:188} INFO - [2024-05-10T23:27:49.412+0000] {dag.py:3096} INFO - Sync 1 DAGs
[2024-05-10T23:27:49.438+0000] {logging_mixin.py:188} INFO - [2024-05-10T23:27:49.438+0000] {dag.py:3954} INFO - Setting next_dagrun for example_bash_operator to 2024-05-09 00:00:00+00:00, run_after=2024-05-10 00:00:00+00:00
[2024-05-10T23:27:49.458+0000] {processor.py:183} INFO - Processing /home/airflow/.local/lib/python3.12/site-packages/airflow/example_dags/example_bash_operator.py took 0.095 seconds
[2024-05-10T23:28:21.580+0000] {processor.py:161} INFO - Started process (PID=195) to work on /home/airflow/.local/lib/python3.12/site-packages/airflow/example_dags/example_bash_operator.py
[2024-05-10T23:28:21.581+0000] {processor.py:830} INFO - Processing file /home/airflow/.local/lib/python3.12/site-packages/airflow/example_dags/example_bash_operator.py for tasks to queue
[2024-05-10T23:28:21.584+0000] {logging_mixin.py:188} INFO - [2024-05-10T23:28:21.583+0000] {dagbag.py:540} INFO - Filling up the DagBag from /home/airflow/.local/lib/python3.12/site-packages/airflow/example_dags/example_bash_operator.py
[2024-05-10T23:28:21.596+0000] {processor.py:840} INFO - DAG(s) 'example_bash_operator' retrieved from /home/airflow/.local/lib/python3.12/site-packages/airflow/example_dags/example_bash_operator.py
[2024-05-10T23:28:21.638+0000] {logging_mixin.py:188} INFO - [2024-05-10T23:28:21.638+0000] {dag.py:3096} INFO - Sync 1 DAGs
[2024-05-10T23:28:21.669+0000] {logging_mixin.py:188} INFO - [2024-05-10T23:28:21.668+0000] {dag.py:3954} INFO - Setting next_dagrun for example_bash_operator to 2024-05-09 00:00:00+00:00, run_after=2024-05-10 00:00:00+00:00
[2024-05-10T23:28:21.694+0000] {processor.py:183} INFO - Processing /home/airflow/.local/lib/python3.12/site-packages/airflow/example_dags/example_bash_operator.py took 0.121 seconds
[2024-05-10T23:28:52.123+0000] {processor.py:161} INFO - Started process (PID=254) to work on /home/airflow/.local/lib/python3.12/site-packages/airflow/example_dags/example_bash_operator.py
[2024-05-10T23:28:52.124+0000] {processor.py:830} INFO - Processing file /home/airflow/.local/lib/python3.12/site-packages/airflow/example_dags/example_bash_operator.py for tasks to queue
[2024-05-10T23:28:52.126+0000] {logging_mixin.py:188} INFO - [2024-05-10T23:28:52.126+0000] {dagbag.py:540} INFO - Filling up the DagBag from /home/airflow/.local/lib/python3.12/site-packages/airflow/example_dags/example_bash_operator.py
[2024-05-10T23:28:52.138+0000] {processor.py:840} INFO - DAG(s) 'example_bash_operator' retrieved from /home/airflow/.local/lib/python3.12/site-packages/airflow/example_dags/example_bash_operator.py
[2024-05-10T23:28:52.169+0000] {logging_mixin.py:188} INFO - [2024-05-10T23:28:52.169+0000] {dag.py:3096} INFO - Sync 1 DAGs
[2024-05-10T23:28:52.195+0000] {logging_mixin.py:188} INFO - [2024-05-10T23:28:52.195+0000] {dag.py:3954} INFO - Setting next_dagrun for example_bash_operator to 2024-05-09 00:00:00+00:00, run_after=2024-05-10 00:00:00+00:00
[2024-05-10T23:28:52.216+0000] {processor.py:183} INFO - Processing /home/airflow/.local/lib/python3.12/site-packages/airflow/example_dags/example_bash_operator.py took 0.098 seconds
[2024-05-10T23:29:23.311+0000] {processor.py:161} INFO - Started process (PID=313) to work on /home/airflow/.local/lib/python3.12/site-packages/airflow/example_dags/example_bash_operator.py
[2024-05-10T23:29:23.315+0000] {processor.py:830} INFO - Processing file /home/airflow/.local/lib/python3.12/site-packages/airflow/example_dags/example_bash_operator.py for tasks to queue
[2024-05-10T23:29:23.319+0000] {logging_mixin.py:188} INFO - [2024-05-10T23:29:23.317+0000] {dagbag.py:540} INFO - Filling up the DagBag from /home/airflow/.local/lib/python3.12/site-packages/airflow/example_dags/example_bash_operator.py
[2024-05-10T23:29:23.364+0000] {processor.py:840} INFO - DAG(s) 'example_bash_operator' retrieved from /home/airflow/.local/lib/python3.12/site-packages/airflow/example_dags/example_bash_operator.py
[2024-05-10T23:29:23.402+0000] {logging_mixin.py:188} INFO - [2024-05-10T23:29:23.402+0000] {dag.py:3096} INFO - Sync 1 DAGs
[2024-05-10T23:29:23.428+0000] {logging_mixin.py:188} INFO - [2024-05-10T23:29:23.428+0000] {dag.py:3954} INFO - Setting next_dagrun for example_bash_operator to 2024-05-09 00:00:00+00:00, run_after=2024-05-10 00:00:00+00:00
[2024-05-10T23:29:23.452+0000] {processor.py:183} INFO - Processing /home/airflow/.local/lib/python3.12/site-packages/airflow/example_dags/example_bash_operator.py took 0.166 seconds
[2024-05-10T23:29:54.322+0000] {processor.py:161} INFO - Started process (PID=372) to work on /home/airflow/.local/lib/python3.12/site-packages/airflow/example_dags/example_bash_operator.py
[2024-05-10T23:29:54.323+0000] {processor.py:830} INFO - Processing file /home/airflow/.local/lib/python3.12/site-packages/airflow/example_dags/example_bash_operator.py for tasks to queue
[2024-05-10T23:29:54.325+0000] {logging_mixin.py:188} INFO - [2024-05-10T23:29:54.325+0000] {dagbag.py:540} INFO - Filling up the DagBag from /home/airflow/.local/lib/python3.12/site-packages/airflow/example_dags/example_bash_operator.py
[2024-05-10T23:29:54.340+0000] {processor.py:840} INFO - DAG(s) 'example_bash_operator' retrieved from /home/airflow/.local/lib/python3.12/site-packages/airflow/example_dags/example_bash_operator.py
[2024-05-10T23:29:54.374+0000] {logging_mixin.py:188} INFO - [2024-05-10T23:29:54.374+0000] {dag.py:3096} INFO - Sync 1 DAGs
[2024-05-10T23:29:54.398+0000] {logging_mixin.py:188} INFO - [2024-05-10T23:29:54.397+0000] {dag.py:3954} INFO - Setting next_dagrun for example_bash_operator to 2024-05-09 00:00:00+00:00, run_after=2024-05-10 00:00:00+00:00
[2024-05-10T23:29:54.418+0000] {processor.py:183} INFO - Processing /home/airflow/.local/lib/python3.12/site-packages/airflow/example_dags/example_bash_operator.py took 0.102 seconds
[2024-05-10T23:30:24.662+0000] {processor.py:161} INFO - Started process (PID=430) to work on /home/airflow/.local/lib/python3.12/site-packages/airflow/example_dags/example_bash_operator.py
[2024-05-10T23:30:24.664+0000] {processor.py:830} INFO - Processing file /home/airflow/.local/lib/python3.12/site-packages/airflow/example_dags/example_bash_operator.py for tasks to queue
[2024-05-10T23:30:24.666+0000] {logging_mixin.py:188} INFO - [2024-05-10T23:30:24.666+0000] {dagbag.py:540} INFO - Filling up the DagBag from /home/airflow/.local/lib/python3.12/site-packages/airflow/example_dags/example_bash_operator.py
[2024-05-10T23:30:24.683+0000] {processor.py:840} INFO - DAG(s) 'example_bash_operator' retrieved from /home/airflow/.local/lib/python3.12/site-packages/airflow/example_dags/example_bash_operator.py
[2024-05-10T23:30:24.728+0000] {logging_mixin.py:188} INFO - [2024-05-10T23:30:24.727+0000] {dag.py:3096} INFO - Sync 1 DAGs
[2024-05-10T23:30:24.766+0000] {logging_mixin.py:188} INFO - [2024-05-10T23:30:24.766+0000] {dag.py:3954} INFO - Setting next_dagrun for example_bash_operator to 2024-05-09 00:00:00+00:00, run_after=2024-05-10 00:00:00+00:00
[2024-05-10T23:30:24.797+0000] {processor.py:183} INFO - Processing /home/airflow/.local/lib/python3.12/site-packages/airflow/example_dags/example_bash_operator.py took 0.143 seconds
[2024-05-10T23:30:55.315+0000] {processor.py:161} INFO - Started process (PID=489) to work on /home/airflow/.local/lib/python3.12/site-packages/airflow/example_dags/example_bash_operator.py
[2024-05-10T23:30:55.316+0000] {processor.py:830} INFO - Processing file /home/airflow/.local/lib/python3.12/site-packages/airflow/example_dags/example_bash_operator.py for tasks to queue
[2024-05-10T23:30:55.318+0000] {logging_mixin.py:188} INFO - [2024-05-10T23:30:55.318+0000] {dagbag.py:540} INFO - Filling up the DagBag from /home/airflow/.local/lib/python3.12/site-packages/airflow/example_dags/example_bash_operator.py
[2024-05-10T23:30:55.331+0000] {processor.py:840} INFO - DAG(s) 'example_bash_operator' retrieved from /home/airflow/.local/lib/python3.12/site-packages/airflow/example_dags/example_bash_operator.py
[2024-05-10T23:30:55.364+0000] {logging_mixin.py:188} INFO - [2024-05-10T23:30:55.363+0000] {dag.py:3096} INFO - Sync 1 DAGs
[2024-05-10T23:30:55.391+0000] {logging_mixin.py:188} INFO - [2024-05-10T23:30:55.391+0000] {dag.py:3954} INFO - Setting next_dagrun for example_bash_operator to 2024-05-09 00:00:00+00:00, run_after=2024-05-10 00:00:00+00:00
[2024-05-10T23:30:55.415+0000] {processor.py:183} INFO - Processing /home/airflow/.local/lib/python3.12/site-packages/airflow/example_dags/example_bash_operator.py took 0.105 seconds
[2024-05-10T23:31:25.782+0000] {processor.py:161} INFO - Started process (PID=548) to work on /home/airflow/.local/lib/python3.12/site-packages/airflow/example_dags/example_bash_operator.py
[2024-05-10T23:31:25.783+0000] {processor.py:830} INFO - Processing file /home/airflow/.local/lib/python3.12/site-packages/airflow/example_dags/example_bash_operator.py for tasks to queue
[2024-05-10T23:31:25.786+0000] {logging_mixin.py:188} INFO - [2024-05-10T23:31:25.785+0000] {dagbag.py:540} INFO - Filling up the DagBag from /home/airflow/.local/lib/python3.12/site-packages/airflow/example_dags/example_bash_operator.py
[2024-05-10T23:31:25.797+0000] {processor.py:840} INFO - DAG(s) 'example_bash_operator' retrieved from /home/airflow/.local/lib/python3.12/site-packages/airflow/example_dags/example_bash_operator.py
[2024-05-10T23:31:25.831+0000] {logging_mixin.py:188} INFO - [2024-05-10T23:31:25.830+0000] {dag.py:3096} INFO - Sync 1 DAGs
[2024-05-10T23:31:25.856+0000] {logging_mixin.py:188} INFO - [2024-05-10T23:31:25.856+0000] {dag.py:3954} INFO - Setting next_dagrun for example_bash_operator to 2024-05-09 00:00:00+00:00, run_after=2024-05-10 00:00:00+00:00
[2024-05-10T23:31:25.879+0000] {processor.py:183} INFO - Processing /home/airflow/.local/lib/python3.12/site-packages/airflow/example_dags/example_bash_operator.py took 0.102 seconds
[2024-05-10T23:31:56.496+0000] {processor.py:161} INFO - Started process (PID=607) to work on /home/airflow/.local/lib/python3.12/site-packages/airflow/example_dags/example_bash_operator.py
[2024-05-10T23:31:56.497+0000] {processor.py:830} INFO - Processing file /home/airflow/.local/lib/python3.12/site-packages/airflow/example_dags/example_bash_operator.py for tasks to queue
[2024-05-10T23:31:56.499+0000] {logging_mixin.py:188} INFO - [2024-05-10T23:31:56.499+0000] {dagbag.py:540} INFO - Filling up the DagBag from /home/airflow/.local/lib/python3.12/site-packages/airflow/example_dags/example_bash_operator.py
[2024-05-10T23:31:56.512+0000] {processor.py:840} INFO - DAG(s) 'example_bash_operator' retrieved from /home/airflow/.local/lib/python3.12/site-packages/airflow/example_dags/example_bash_operator.py
[2024-05-10T23:31:56.544+0000] {logging_mixin.py:188} INFO - [2024-05-10T23:31:56.544+0000] {dag.py:3096} INFO - Sync 1 DAGs
[2024-05-10T23:31:56.573+0000] {logging_mixin.py:188} INFO - [2024-05-10T23:31:56.572+0000] {dag.py:3954} INFO - Setting next_dagrun for example_bash_operator to 2024-05-09 00:00:00+00:00, run_after=2024-05-10 00:00:00+00:00
[2024-05-10T23:31:56.596+0000] {processor.py:183} INFO - Processing /home/airflow/.local/lib/python3.12/site-packages/airflow/example_dags/example_bash_operator.py took 0.108 seconds
[2024-05-10T23:32:27.116+0000] {processor.py:161} INFO - Started process (PID=666) to work on /home/airflow/.local/lib/python3.12/site-packages/airflow/example_dags/example_bash_operator.py
[2024-05-10T23:32:27.117+0000] {processor.py:830} INFO - Processing file /home/airflow/.local/lib/python3.12/site-packages/airflow/example_dags/example_bash_operator.py for tasks to queue
[2024-05-10T23:32:27.119+0000] {logging_mixin.py:188} INFO - [2024-05-10T23:32:27.119+0000] {dagbag.py:540} INFO - Filling up the DagBag from /home/airflow/.local/lib/python3.12/site-packages/airflow/example_dags/example_bash_operator.py
[2024-05-10T23:32:27.135+0000] {processor.py:840} INFO - DAG(s) 'example_bash_operator' retrieved from /home/airflow/.local/lib/python3.12/site-packages/airflow/example_dags/example_bash_operator.py
[2024-05-10T23:32:27.173+0000] {logging_mixin.py:188} INFO - [2024-05-10T23:32:27.172+0000] {dag.py:3096} INFO - Sync 1 DAGs
[2024-05-10T23:32:27.199+0000] {logging_mixin.py:188} INFO - [2024-05-10T23:32:27.198+0000] {dag.py:3954} INFO - Setting next_dagrun for example_bash_operator to 2024-05-09 00:00:00+00:00, run_after=2024-05-10 00:00:00+00:00
[2024-05-10T23:32:27.220+0000] {processor.py:183} INFO - Processing /home/airflow/.local/lib/python3.12/site-packages/airflow/example_dags/example_bash_operator.py took 0.111 seconds
[2024-05-10T23:32:57.624+0000] {processor.py:161} INFO - Started process (PID=725) to work on /home/airflow/.local/lib/python3.12/site-packages/airflow/example_dags/example_bash_operator.py
[2024-05-10T23:32:57.625+0000] {processor.py:830} INFO - Processing file /home/airflow/.local/lib/python3.12/site-packages/airflow/example_dags/example_bash_operator.py for tasks to queue
[2024-05-10T23:32:57.627+0000] {logging_mixin.py:188} INFO - [2024-05-10T23:32:57.627+0000] {dagbag.py:540} INFO - Filling up the DagBag from /home/airflow/.local/lib/python3.12/site-packages/airflow/example_dags/example_bash_operator.py
[2024-05-10T23:32:57.640+0000] {processor.py:840} INFO - DAG(s) 'example_bash_operator' retrieved from /home/airflow/.local/lib/python3.12/site-packages/airflow/example_dags/example_bash_operator.py
[2024-05-10T23:32:57.675+0000] {logging_mixin.py:188} INFO - [2024-05-10T23:32:57.675+0000] {dag.py:3096} INFO - Sync 1 DAGs
[2024-05-10T23:32:57.703+0000] {logging_mixin.py:188} INFO - [2024-05-10T23:32:57.703+0000] {dag.py:3954} INFO - Setting next_dagrun for example_bash_operator to 2024-05-09 00:00:00+00:00, run_after=2024-05-10 00:00:00+00:00
[2024-05-10T23:32:57.727+0000] {processor.py:183} INFO - Processing /home/airflow/.local/lib/python3.12/site-packages/airflow/example_dags/example_bash_operator.py took 0.109 seconds
[2024-05-10T23:33:28.198+0000] {processor.py:161} INFO - Started process (PID=784) to work on /home/airflow/.local/lib/python3.12/site-packages/airflow/example_dags/example_bash_operator.py
[2024-05-10T23:33:28.199+0000] {processor.py:830} INFO - Processing file /home/airflow/.local/lib/python3.12/site-packages/airflow/example_dags/example_bash_operator.py for tasks to queue
[2024-05-10T23:33:28.202+0000] {logging_mixin.py:188} INFO - [2024-05-10T23:33:28.202+0000] {dagbag.py:540} INFO - Filling up the DagBag from /home/airflow/.local/lib/python3.12/site-packages/airflow/example_dags/example_bash_operator.py
[2024-05-10T23:33:28.218+0000] {processor.py:840} INFO - DAG(s) 'example_bash_operator' retrieved from /home/airflow/.local/lib/python3.12/site-packages/airflow/example_dags/example_bash_operator.py
[2024-05-10T23:33:28.254+0000] {logging_mixin.py:188} INFO - [2024-05-10T23:33:28.253+0000] {dag.py:3096} INFO - Sync 1 DAGs
[2024-05-10T23:33:28.278+0000] {logging_mixin.py:188} INFO - [2024-05-10T23:33:28.278+0000] {dag.py:3954} INFO - Setting next_dagrun for example_bash_operator to 2024-05-09 00:00:00+00:00, run_after=2024-05-10 00:00:00+00:00
[2024-05-10T23:33:28.303+0000] {processor.py:183} INFO - Processing /home/airflow/.local/lib/python3.12/site-packages/airflow/example_dags/example_bash_operator.py took 0.114 seconds
[2024-05-10T23:33:58.485+0000] {processor.py:161} INFO - Started process (PID=843) to work on /home/airflow/.local/lib/python3.12/site-packages/airflow/example_dags/example_bash_operator.py
[2024-05-10T23:33:58.486+0000] {processor.py:830} INFO - Processing file /home/airflow/.local/lib/python3.12/site-packages/airflow/example_dags/example_bash_operator.py for tasks to queue
[2024-05-10T23:33:58.488+0000] {logging_mixin.py:188} INFO - [2024-05-10T23:33:58.487+0000] {dagbag.py:540} INFO - Filling up the DagBag from /home/airflow/.local/lib/python3.12/site-packages/airflow/example_dags/example_bash_operator.py
[2024-05-10T23:33:58.500+0000] {processor.py:840} INFO - DAG(s) 'example_bash_operator' retrieved from /home/airflow/.local/lib/python3.12/site-packages/airflow/example_dags/example_bash_operator.py
[2024-05-10T23:33:58.530+0000] {logging_mixin.py:188} INFO - [2024-05-10T23:33:58.530+0000] {dag.py:3096} INFO - Sync 1 DAGs
[2024-05-10T23:33:58.565+0000] {logging_mixin.py:188} INFO - [2024-05-10T23:33:58.564+0000] {dag.py:3954} INFO - Setting next_dagrun for example_bash_operator to 2024-05-09 00:00:00+00:00, run_after=2024-05-10 00:00:00+00:00
[2024-05-10T23:33:58.594+0000] {processor.py:183} INFO - Processing /home/airflow/.local/lib/python3.12/site-packages/airflow/example_dags/example_bash_operator.py took 0.115 seconds
[2024-05-10T23:34:28.624+0000] {processor.py:161} INFO - Started process (PID=902) to work on /home/airflow/.local/lib/python3.12/site-packages/airflow/example_dags/example_bash_operator.py
[2024-05-10T23:34:28.625+0000] {processor.py:830} INFO - Processing file /home/airflow/.local/lib/python3.12/site-packages/airflow/example_dags/example_bash_operator.py for tasks to queue
[2024-05-10T23:34:28.627+0000] {logging_mixin.py:188} INFO - [2024-05-10T23:34:28.626+0000] {dagbag.py:540} INFO - Filling up the DagBag from /home/airflow/.local/lib/python3.12/site-packages/airflow/example_dags/example_bash_operator.py
[2024-05-10T23:34:28.639+0000] {processor.py:840} INFO - DAG(s) 'example_bash_operator' retrieved from /home/airflow/.local/lib/python3.12/site-packages/airflow/example_dags/example_bash_operator.py
[2024-05-10T23:34:28.670+0000] {logging_mixin.py:188} INFO - [2024-05-10T23:34:28.670+0000] {dag.py:3096} INFO - Sync 1 DAGs
[2024-05-10T23:34:28.700+0000] {logging_mixin.py:188} INFO - [2024-05-10T23:34:28.700+0000] {dag.py:3954} INFO - Setting next_dagrun for example_bash_operator to 2024-05-09 00:00:00+00:00, run_after=2024-05-10 00:00:00+00:00
[2024-05-10T23:34:28.838+0000] {processor.py:183} INFO - Processing /home/airflow/.local/lib/python3.12/site-packages/airflow/example_dags/example_bash_operator.py took 0.220 seconds
[2024-05-10T23:34:58.970+0000] {processor.py:161} INFO - Started process (PID=961) to work on /home/airflow/.local/lib/python3.12/site-packages/airflow/example_dags/example_bash_operator.py
[2024-05-10T23:34:58.972+0000] {processor.py:830} INFO - Processing file /home/airflow/.local/lib/python3.12/site-packages/airflow/example_dags/example_bash_operator.py for tasks to queue
[2024-05-10T23:34:58.974+0000] {logging_mixin.py:188} INFO - [2024-05-10T23:34:58.973+0000] {dagbag.py:540} INFO - Filling up the DagBag from /home/airflow/.local/lib/python3.12/site-packages/airflow/example_dags/example_bash_operator.py
[2024-05-10T23:34:58.986+0000] {processor.py:840} INFO - DAG(s) 'example_bash_operator' retrieved from /home/airflow/.local/lib/python3.12/site-packages/airflow/example_dags/example_bash_operator.py
[2024-05-10T23:34:59.016+0000] {logging_mixin.py:188} INFO - [2024-05-10T23:34:59.015+0000] {dag.py:3096} INFO - Sync 1 DAGs
[2024-05-10T23:34:59.044+0000] {logging_mixin.py:188} INFO - [2024-05-10T23:34:59.043+0000] {dag.py:3954} INFO - Setting next_dagrun for example_bash_operator to 2024-05-09 00:00:00+00:00, run_after=2024-05-10 00:00:00+00:00
[2024-05-10T23:34:59.183+0000] {processor.py:183} INFO - Processing /home/airflow/.local/lib/python3.12/site-packages/airflow/example_dags/example_bash_operator.py took 0.219 seconds
[2024-05-10T23:35:29.228+0000] {processor.py:161} INFO - Started process (PID=1020) to work on /home/airflow/.local/lib/python3.12/site-packages/airflow/example_dags/example_bash_operator.py
[2024-05-10T23:35:29.229+0000] {processor.py:830} INFO - Processing file /home/airflow/.local/lib/python3.12/site-packages/airflow/example_dags/example_bash_operator.py for tasks to queue
[2024-05-10T23:35:29.232+0000] {logging_mixin.py:188} INFO - [2024-05-10T23:35:29.231+0000] {dagbag.py:540} INFO - Filling up the DagBag from /home/airflow/.local/lib/python3.12/site-packages/airflow/example_dags/example_bash_operator.py
[2024-05-10T23:35:29.243+0000] {processor.py:840} INFO - DAG(s) 'example_bash_operator' retrieved from /home/airflow/.local/lib/python3.12/site-packages/airflow/example_dags/example_bash_operator.py
[2024-05-10T23:35:29.279+0000] {logging_mixin.py:188} INFO - [2024-05-10T23:35:29.279+0000] {dag.py:3096} INFO - Sync 1 DAGs
[2024-05-10T23:35:29.311+0000] {logging_mixin.py:188} INFO - [2024-05-10T23:35:29.311+0000] {dag.py:3954} INFO - Setting next_dagrun for example_bash_operator to 2024-05-09 00:00:00+00:00, run_after=2024-05-10 00:00:00+00:00
[2024-05-10T23:35:29.338+0000] {processor.py:183} INFO - Processing /home/airflow/.local/lib/python3.12/site-packages/airflow/example_dags/example_bash_operator.py took 0.115 seconds
[2024-05-10T23:35:59.490+0000] {processor.py:161} INFO - Started process (PID=1079) to work on /home/airflow/.local/lib/python3.12/site-packages/airflow/example_dags/example_bash_operator.py
[2024-05-10T23:35:59.491+0000] {processor.py:830} INFO - Processing file /home/airflow/.local/lib/python3.12/site-packages/airflow/example_dags/example_bash_operator.py for tasks to queue
[2024-05-10T23:35:59.493+0000] {logging_mixin.py:188} INFO - [2024-05-10T23:35:59.493+0000] {dagbag.py:540} INFO - Filling up the DagBag from /home/airflow/.local/lib/python3.12/site-packages/airflow/example_dags/example_bash_operator.py
[2024-05-10T23:35:59.504+0000] {processor.py:840} INFO - DAG(s) 'example_bash_operator' retrieved from /home/airflow/.local/lib/python3.12/site-packages/airflow/example_dags/example_bash_operator.py
[2024-05-10T23:35:59.541+0000] {logging_mixin.py:188} INFO - [2024-05-10T23:35:59.541+0000] {dag.py:3096} INFO - Sync 1 DAGs
[2024-05-10T23:35:59.566+0000] {logging_mixin.py:188} INFO - [2024-05-10T23:35:59.566+0000] {dag.py:3954} INFO - Setting next_dagrun for example_bash_operator to 2024-05-09 00:00:00+00:00, run_after=2024-05-10 00:00:00+00:00
[2024-05-10T23:35:59.588+0000] {processor.py:183} INFO - Processing /home/airflow/.local/lib/python3.12/site-packages/airflow/example_dags/example_bash_operator.py took 0.104 seconds
[2024-05-10T23:36:30.024+0000] {processor.py:161} INFO - Started process (PID=1138) to work on /home/airflow/.local/lib/python3.12/site-packages/airflow/example_dags/example_bash_operator.py
[2024-05-10T23:36:30.025+0000] {processor.py:830} INFO - Processing file /home/airflow/.local/lib/python3.12/site-packages/airflow/example_dags/example_bash_operator.py for tasks to queue
[2024-05-10T23:36:30.027+0000] {logging_mixin.py:188} INFO - [2024-05-10T23:36:30.027+0000] {dagbag.py:540} INFO - Filling up the DagBag from /home/airflow/.local/lib/python3.12/site-packages/airflow/example_dags/example_bash_operator.py
[2024-05-10T23:36:30.191+0000] {processor.py:840} INFO - DAG(s) 'example_bash_operator' retrieved from /home/airflow/.local/lib/python3.12/site-packages/airflow/example_dags/example_bash_operator.py
[2024-05-10T23:36:30.224+0000] {logging_mixin.py:188} INFO - [2024-05-10T23:36:30.224+0000] {dag.py:3096} INFO - Sync 1 DAGs
[2024-05-10T23:36:30.247+0000] {logging_mixin.py:188} INFO - [2024-05-10T23:36:30.246+0000] {dag.py:3954} INFO - Setting next_dagrun for example_bash_operator to 2024-05-09 00:00:00+00:00, run_after=2024-05-10 00:00:00+00:00
[2024-05-10T23:36:30.265+0000] {processor.py:183} INFO - Processing /home/airflow/.local/lib/python3.12/site-packages/airflow/example_dags/example_bash_operator.py took 0.247 seconds
[2024-05-10T23:37:00.828+0000] {processor.py:161} INFO - Started process (PID=1197) to work on /home/airflow/.local/lib/python3.12/site-packages/airflow/example_dags/example_bash_operator.py
[2024-05-10T23:37:00.829+0000] {processor.py:830} INFO - Processing file /home/airflow/.local/lib/python3.12/site-packages/airflow/example_dags/example_bash_operator.py for tasks to queue
[2024-05-10T23:37:00.831+0000] {logging_mixin.py:188} INFO - [2024-05-10T23:37:00.830+0000] {dagbag.py:540} INFO - Filling up the DagBag from /home/airflow/.local/lib/python3.12/site-packages/airflow/example_dags/example_bash_operator.py
[2024-05-10T23:37:00.842+0000] {processor.py:840} INFO - DAG(s) 'example_bash_operator' retrieved from /home/airflow/.local/lib/python3.12/site-packages/airflow/example_dags/example_bash_operator.py
[2024-05-10T23:37:00.873+0000] {logging_mixin.py:188} INFO - [2024-05-10T23:37:00.872+0000] {dag.py:3096} INFO - Sync 1 DAGs
[2024-05-10T23:37:00.898+0000] {logging_mixin.py:188} INFO - [2024-05-10T23:37:00.897+0000] {dag.py:3954} INFO - Setting next_dagrun for example_bash_operator to 2024-05-09 00:00:00+00:00, run_after=2024-05-10 00:00:00+00:00
[2024-05-10T23:37:00.920+0000] {processor.py:183} INFO - Processing /home/airflow/.local/lib/python3.12/site-packages/airflow/example_dags/example_bash_operator.py took 0.098 seconds
[2024-05-10T23:37:30.970+0000] {processor.py:161} INFO - Started process (PID=1256) to work on /home/airflow/.local/lib/python3.12/site-packages/airflow/example_dags/example_bash_operator.py
[2024-05-10T23:37:30.971+0000] {processor.py:830} INFO - Processing file /home/airflow/.local/lib/python3.12/site-packages/airflow/example_dags/example_bash_operator.py for tasks to queue
[2024-05-10T23:37:30.974+0000] {logging_mixin.py:188} INFO - [2024-05-10T23:37:30.973+0000] {dagbag.py:540} INFO - Filling up the DagBag from /home/airflow/.local/lib/python3.12/site-packages/airflow/example_dags/example_bash_operator.py
[2024-05-10T23:37:30.988+0000] {processor.py:840} INFO - DAG(s) 'example_bash_operator' retrieved from /home/airflow/.local/lib/python3.12/site-packages/airflow/example_dags/example_bash_operator.py
[2024-05-10T23:37:31.021+0000] {logging_mixin.py:188} INFO - [2024-05-10T23:37:31.021+0000] {dag.py:3096} INFO - Sync 1 DAGs
[2024-05-10T23:37:31.050+0000] {logging_mixin.py:188} INFO - [2024-05-10T23:37:31.050+0000] {dag.py:3954} INFO - Setting next_dagrun for example_bash_operator to 2024-05-09 00:00:00+00:00, run_after=2024-05-10 00:00:00+00:00
[2024-05-10T23:37:31.072+0000] {processor.py:183} INFO - Processing /home/airflow/.local/lib/python3.12/site-packages/airflow/example_dags/example_bash_operator.py took 0.109 seconds
[2024-05-10T23:38:01.951+0000] {processor.py:161} INFO - Started process (PID=1315) to work on /home/airflow/.local/lib/python3.12/site-packages/airflow/example_dags/example_bash_operator.py
[2024-05-10T23:38:01.953+0000] {processor.py:830} INFO - Processing file /home/airflow/.local/lib/python3.12/site-packages/airflow/example_dags/example_bash_operator.py for tasks to queue
[2024-05-10T23:38:01.955+0000] {logging_mixin.py:188} INFO - [2024-05-10T23:38:01.955+0000] {dagbag.py:540} INFO - Filling up the DagBag from /home/airflow/.local/lib/python3.12/site-packages/airflow/example_dags/example_bash_operator.py
[2024-05-10T23:38:01.967+0000] {processor.py:840} INFO - DAG(s) 'example_bash_operator' retrieved from /home/airflow/.local/lib/python3.12/site-packages/airflow/example_dags/example_bash_operator.py
[2024-05-10T23:38:02.000+0000] {logging_mixin.py:188} INFO - [2024-05-10T23:38:02.000+0000] {dag.py:3096} INFO - Sync 1 DAGs
[2024-05-10T23:38:02.025+0000] {logging_mixin.py:188} INFO - [2024-05-10T23:38:02.025+0000] {dag.py:3954} INFO - Setting next_dagrun for example_bash_operator to 2024-05-09 00:00:00+00:00, run_after=2024-05-10 00:00:00+00:00
[2024-05-10T23:38:02.050+0000] {processor.py:183} INFO - Processing /home/airflow/.local/lib/python3.12/site-packages/airflow/example_dags/example_bash_operator.py took 0.104 seconds
[2024-05-10T23:38:32.612+0000] {processor.py:161} INFO - Started process (PID=1374) to work on /home/airflow/.local/lib/python3.12/site-packages/airflow/example_dags/example_bash_operator.py
[2024-05-10T23:38:32.613+0000] {processor.py:830} INFO - Processing file /home/airflow/.local/lib/python3.12/site-packages/airflow/example_dags/example_bash_operator.py for tasks to queue
[2024-05-10T23:38:32.615+0000] {logging_mixin.py:188} INFO - [2024-05-10T23:38:32.615+0000] {dagbag.py:540} INFO - Filling up the DagBag from /home/airflow/.local/lib/python3.12/site-packages/airflow/example_dags/example_bash_operator.py
[2024-05-10T23:38:32.628+0000] {processor.py:840} INFO - DAG(s) 'example_bash_operator' retrieved from /home/airflow/.local/lib/python3.12/site-packages/airflow/example_dags/example_bash_operator.py
[2024-05-10T23:38:32.664+0000] {logging_mixin.py:188} INFO - [2024-05-10T23:38:32.664+0000] {dag.py:3096} INFO - Sync 1 DAGs
[2024-05-10T23:38:32.695+0000] {logging_mixin.py:188} INFO - [2024-05-10T23:38:32.695+0000] {dag.py:3954} INFO - Setting next_dagrun for example_bash_operator to 2024-05-09 00:00:00+00:00, run_after=2024-05-10 00:00:00+00:00
[2024-05-10T23:38:32.723+0000] {processor.py:183} INFO - Processing /home/airflow/.local/lib/python3.12/site-packages/airflow/example_dags/example_bash_operator.py took 0.117 seconds
[2024-05-10T23:39:03.383+0000] {processor.py:161} INFO - Started process (PID=1433) to work on /home/airflow/.local/lib/python3.12/site-packages/airflow/example_dags/example_bash_operator.py
[2024-05-10T23:39:03.385+0000] {processor.py:830} INFO - Processing file /home/airflow/.local/lib/python3.12/site-packages/airflow/example_dags/example_bash_operator.py for tasks to queue
[2024-05-10T23:39:03.387+0000] {logging_mixin.py:188} INFO - [2024-05-10T23:39:03.387+0000] {dagbag.py:540} INFO - Filling up the DagBag from /home/airflow/.local/lib/python3.12/site-packages/airflow/example_dags/example_bash_operator.py
[2024-05-10T23:39:03.399+0000] {processor.py:840} INFO - DAG(s) 'example_bash_operator' retrieved from /home/airflow/.local/lib/python3.12/site-packages/airflow/example_dags/example_bash_operator.py
[2024-05-10T23:39:03.430+0000] {logging_mixin.py:188} INFO - [2024-05-10T23:39:03.430+0000] {dag.py:3096} INFO - Sync 1 DAGs
[2024-05-10T23:39:03.464+0000] {logging_mixin.py:188} INFO - [2024-05-10T23:39:03.464+0000] {dag.py:3954} INFO - Setting next_dagrun for example_bash_operator to 2024-05-09 00:00:00+00:00, run_after=2024-05-10 00:00:00+00:00
[2024-05-10T23:39:03.493+0000] {processor.py:183} INFO - Processing /home/airflow/.local/lib/python3.12/site-packages/airflow/example_dags/example_bash_operator.py took 0.117 seconds
[2024-05-10T23:39:34.122+0000] {processor.py:161} INFO - Started process (PID=1492) to work on /home/airflow/.local/lib/python3.12/site-packages/airflow/example_dags/example_bash_operator.py
[2024-05-10T23:39:34.123+0000] {processor.py:830} INFO - Processing file /home/airflow/.local/lib/python3.12/site-packages/airflow/example_dags/example_bash_operator.py for tasks to queue
[2024-05-10T23:39:34.126+0000] {logging_mixin.py:188} INFO - [2024-05-10T23:39:34.126+0000] {dagbag.py:540} INFO - Filling up the DagBag from /home/airflow/.local/lib/python3.12/site-packages/airflow/example_dags/example_bash_operator.py
[2024-05-10T23:39:34.139+0000] {processor.py:840} INFO - DAG(s) 'example_bash_operator' retrieved from /home/airflow/.local/lib/python3.12/site-packages/airflow/example_dags/example_bash_operator.py
[2024-05-10T23:39:34.175+0000] {logging_mixin.py:188} INFO - [2024-05-10T23:39:34.174+0000] {dag.py:3096} INFO - Sync 1 DAGs
[2024-05-10T23:39:34.202+0000] {logging_mixin.py:188} INFO - [2024-05-10T23:39:34.202+0000] {dag.py:3954} INFO - Setting next_dagrun for example_bash_operator to 2024-05-09 00:00:00+00:00, run_after=2024-05-10 00:00:00+00:00
[2024-05-10T23:39:34.225+0000] {processor.py:183} INFO - Processing /home/airflow/.local/lib/python3.12/site-packages/airflow/example_dags/example_bash_operator.py took 0.110 seconds
[2024-05-10T23:40:04.880+0000] {processor.py:161} INFO - Started process (PID=1551) to work on /home/airflow/.local/lib/python3.12/site-packages/airflow/example_dags/example_bash_operator.py
[2024-05-10T23:40:04.881+0000] {processor.py:830} INFO - Processing file /home/airflow/.local/lib/python3.12/site-packages/airflow/example_dags/example_bash_operator.py for tasks to queue
[2024-05-10T23:40:04.884+0000] {logging_mixin.py:188} INFO - [2024-05-10T23:40:04.883+0000] {dagbag.py:540} INFO - Filling up the DagBag from /home/airflow/.local/lib/python3.12/site-packages/airflow/example_dags/example_bash_operator.py
[2024-05-10T23:40:04.896+0000] {processor.py:840} INFO - DAG(s) 'example_bash_operator' retrieved from /home/airflow/.local/lib/python3.12/site-packages/airflow/example_dags/example_bash_operator.py
[2024-05-10T23:40:04.934+0000] {logging_mixin.py:188} INFO - [2024-05-10T23:40:04.933+0000] {dag.py:3096} INFO - Sync 1 DAGs
[2024-05-10T23:40:04.963+0000] {logging_mixin.py:188} INFO - [2024-05-10T23:40:04.963+0000] {dag.py:3954} INFO - Setting next_dagrun for example_bash_operator to 2024-05-09 00:00:00+00:00, run_after=2024-05-10 00:00:00+00:00
[2024-05-10T23:40:04.988+0000] {processor.py:183} INFO - Processing /home/airflow/.local/lib/python3.12/site-packages/airflow/example_dags/example_bash_operator.py took 0.116 seconds
[2024-05-10T23:40:35.666+0000] {processor.py:161} INFO - Started process (PID=1610) to work on /home/airflow/.local/lib/python3.12/site-packages/airflow/example_dags/example_bash_operator.py
[2024-05-10T23:40:35.667+0000] {processor.py:830} INFO - Processing file /home/airflow/.local/lib/python3.12/site-packages/airflow/example_dags/example_bash_operator.py for tasks to queue
[2024-05-10T23:40:35.669+0000] {logging_mixin.py:188} INFO - [2024-05-10T23:40:35.669+0000] {dagbag.py:540} INFO - Filling up the DagBag from /home/airflow/.local/lib/python3.12/site-packages/airflow/example_dags/example_bash_operator.py
[2024-05-10T23:40:35.681+0000] {processor.py:840} INFO - DAG(s) 'example_bash_operator' retrieved from /home/airflow/.local/lib/python3.12/site-packages/airflow/example_dags/example_bash_operator.py
[2024-05-10T23:40:35.713+0000] {logging_mixin.py:188} INFO - [2024-05-10T23:40:35.713+0000] {dag.py:3096} INFO - Sync 1 DAGs
[2024-05-10T23:40:35.744+0000] {logging_mixin.py:188} INFO - [2024-05-10T23:40:35.743+0000] {dag.py:3954} INFO - Setting next_dagrun for example_bash_operator to 2024-05-09 00:00:00+00:00, run_after=2024-05-10 00:00:00+00:00
[2024-05-10T23:40:35.767+0000] {processor.py:183} INFO - Processing /home/airflow/.local/lib/python3.12/site-packages/airflow/example_dags/example_bash_operator.py took 0.107 seconds
