[2024-05-10T23:27:15.926+0000] {processor.py:161} INFO - Started process (PID=53) to work on /home/airflow/.local/lib/python3.12/site-packages/airflow/example_dags/example_nested_branch_dag.py
[2024-05-10T23:27:15.927+0000] {processor.py:830} INFO - Processing file /home/airflow/.local/lib/python3.12/site-packages/airflow/example_dags/example_nested_branch_dag.py for tasks to queue
[2024-05-10T23:27:15.930+0000] {logging_mixin.py:188} INFO - [2024-05-10T23:27:15.929+0000] {dagbag.py:540} INFO - Filling up the DagBag from /home/airflow/.local/lib/python3.12/site-packages/airflow/example_dags/example_nested_branch_dag.py
[2024-05-10T23:27:15.942+0000] {processor.py:840} INFO - DAG(s) 'example_nested_branch_dag' retrieved from /home/airflow/.local/lib/python3.12/site-packages/airflow/example_dags/example_nested_branch_dag.py
[2024-05-10T23:27:16.052+0000] {logging_mixin.py:188} INFO - [2024-05-10T23:27:16.052+0000] {dag.py:3096} INFO - Sync 1 DAGs
[2024-05-10T23:27:16.078+0000] {logging_mixin.py:188} INFO - [2024-05-10T23:27:16.078+0000] {dag.py:3954} INFO - Setting next_dagrun for example_nested_branch_dag to 2024-05-09 00:00:00+00:00, run_after=2024-05-10 00:00:00+00:00
[2024-05-10T23:27:16.099+0000] {processor.py:183} INFO - Processing /home/airflow/.local/lib/python3.12/site-packages/airflow/example_dags/example_nested_branch_dag.py took 0.179 seconds
[2024-05-10T23:27:47.005+0000] {processor.py:161} INFO - Started process (PID=112) to work on /home/airflow/.local/lib/python3.12/site-packages/airflow/example_dags/example_nested_branch_dag.py
[2024-05-10T23:27:47.006+0000] {processor.py:830} INFO - Processing file /home/airflow/.local/lib/python3.12/site-packages/airflow/example_dags/example_nested_branch_dag.py for tasks to queue
[2024-05-10T23:27:47.008+0000] {logging_mixin.py:188} INFO - [2024-05-10T23:27:47.008+0000] {dagbag.py:540} INFO - Filling up the DagBag from /home/airflow/.local/lib/python3.12/site-packages/airflow/example_dags/example_nested_branch_dag.py
[2024-05-10T23:27:47.017+0000] {processor.py:840} INFO - DAG(s) 'example_nested_branch_dag' retrieved from /home/airflow/.local/lib/python3.12/site-packages/airflow/example_dags/example_nested_branch_dag.py
[2024-05-10T23:27:47.040+0000] {logging_mixin.py:188} INFO - [2024-05-10T23:27:47.040+0000] {dag.py:3096} INFO - Sync 1 DAGs
[2024-05-10T23:27:47.072+0000] {logging_mixin.py:188} INFO - [2024-05-10T23:27:47.072+0000] {dag.py:3954} INFO - Setting next_dagrun for example_nested_branch_dag to 2024-05-09 00:00:00+00:00, run_after=2024-05-10 00:00:00+00:00
[2024-05-10T23:27:47.098+0000] {processor.py:183} INFO - Processing /home/airflow/.local/lib/python3.12/site-packages/airflow/example_dags/example_nested_branch_dag.py took 0.097 seconds
[2024-05-10T23:28:17.854+0000] {processor.py:161} INFO - Started process (PID=171) to work on /home/airflow/.local/lib/python3.12/site-packages/airflow/example_dags/example_nested_branch_dag.py
[2024-05-10T23:28:17.855+0000] {processor.py:830} INFO - Processing file /home/airflow/.local/lib/python3.12/site-packages/airflow/example_dags/example_nested_branch_dag.py for tasks to queue
[2024-05-10T23:28:17.858+0000] {logging_mixin.py:188} INFO - [2024-05-10T23:28:17.858+0000] {dagbag.py:540} INFO - Filling up the DagBag from /home/airflow/.local/lib/python3.12/site-packages/airflow/example_dags/example_nested_branch_dag.py
[2024-05-10T23:28:17.871+0000] {processor.py:840} INFO - DAG(s) 'example_nested_branch_dag' retrieved from /home/airflow/.local/lib/python3.12/site-packages/airflow/example_dags/example_nested_branch_dag.py
[2024-05-10T23:28:17.892+0000] {logging_mixin.py:188} INFO - [2024-05-10T23:28:17.891+0000] {dag.py:3096} INFO - Sync 1 DAGs
[2024-05-10T23:28:17.915+0000] {logging_mixin.py:188} INFO - [2024-05-10T23:28:17.915+0000] {dag.py:3954} INFO - Setting next_dagrun for example_nested_branch_dag to 2024-05-09 00:00:00+00:00, run_after=2024-05-10 00:00:00+00:00
[2024-05-10T23:28:17.937+0000] {processor.py:183} INFO - Processing /home/airflow/.local/lib/python3.12/site-packages/airflow/example_dags/example_nested_branch_dag.py took 0.088 seconds
[2024-05-10T23:28:48.549+0000] {processor.py:161} INFO - Started process (PID=230) to work on /home/airflow/.local/lib/python3.12/site-packages/airflow/example_dags/example_nested_branch_dag.py
[2024-05-10T23:28:48.550+0000] {processor.py:830} INFO - Processing file /home/airflow/.local/lib/python3.12/site-packages/airflow/example_dags/example_nested_branch_dag.py for tasks to queue
[2024-05-10T23:28:48.552+0000] {logging_mixin.py:188} INFO - [2024-05-10T23:28:48.551+0000] {dagbag.py:540} INFO - Filling up the DagBag from /home/airflow/.local/lib/python3.12/site-packages/airflow/example_dags/example_nested_branch_dag.py
[2024-05-10T23:28:48.561+0000] {processor.py:840} INFO - DAG(s) 'example_nested_branch_dag' retrieved from /home/airflow/.local/lib/python3.12/site-packages/airflow/example_dags/example_nested_branch_dag.py
[2024-05-10T23:28:48.585+0000] {logging_mixin.py:188} INFO - [2024-05-10T23:28:48.585+0000] {dag.py:3096} INFO - Sync 1 DAGs
[2024-05-10T23:28:48.609+0000] {logging_mixin.py:188} INFO - [2024-05-10T23:28:48.609+0000] {dag.py:3954} INFO - Setting next_dagrun for example_nested_branch_dag to 2024-05-09 00:00:00+00:00, run_after=2024-05-10 00:00:00+00:00
[2024-05-10T23:28:48.628+0000] {processor.py:183} INFO - Processing /home/airflow/.local/lib/python3.12/site-packages/airflow/example_dags/example_nested_branch_dag.py took 0.084 seconds
[2024-05-10T23:29:18.792+0000] {processor.py:161} INFO - Started process (PID=289) to work on /home/airflow/.local/lib/python3.12/site-packages/airflow/example_dags/example_nested_branch_dag.py
[2024-05-10T23:29:18.793+0000] {processor.py:830} INFO - Processing file /home/airflow/.local/lib/python3.12/site-packages/airflow/example_dags/example_nested_branch_dag.py for tasks to queue
[2024-05-10T23:29:18.795+0000] {logging_mixin.py:188} INFO - [2024-05-10T23:29:18.795+0000] {dagbag.py:540} INFO - Filling up the DagBag from /home/airflow/.local/lib/python3.12/site-packages/airflow/example_dags/example_nested_branch_dag.py
[2024-05-10T23:29:18.804+0000] {processor.py:840} INFO - DAG(s) 'example_nested_branch_dag' retrieved from /home/airflow/.local/lib/python3.12/site-packages/airflow/example_dags/example_nested_branch_dag.py
[2024-05-10T23:29:18.825+0000] {logging_mixin.py:188} INFO - [2024-05-10T23:29:18.824+0000] {dag.py:3096} INFO - Sync 1 DAGs
[2024-05-10T23:29:18.848+0000] {logging_mixin.py:188} INFO - [2024-05-10T23:29:18.847+0000] {dag.py:3954} INFO - Setting next_dagrun for example_nested_branch_dag to 2024-05-09 00:00:00+00:00, run_after=2024-05-10 00:00:00+00:00
[2024-05-10T23:29:18.867+0000] {processor.py:183} INFO - Processing /home/airflow/.local/lib/python3.12/site-packages/airflow/example_dags/example_nested_branch_dag.py took 0.080 seconds
[2024-05-10T23:29:48.996+0000] {processor.py:161} INFO - Started process (PID=348) to work on /home/airflow/.local/lib/python3.12/site-packages/airflow/example_dags/example_nested_branch_dag.py
[2024-05-10T23:29:48.997+0000] {processor.py:830} INFO - Processing file /home/airflow/.local/lib/python3.12/site-packages/airflow/example_dags/example_nested_branch_dag.py for tasks to queue
[2024-05-10T23:29:48.999+0000] {logging_mixin.py:188} INFO - [2024-05-10T23:29:48.999+0000] {dagbag.py:540} INFO - Filling up the DagBag from /home/airflow/.local/lib/python3.12/site-packages/airflow/example_dags/example_nested_branch_dag.py
[2024-05-10T23:29:49.010+0000] {processor.py:840} INFO - DAG(s) 'example_nested_branch_dag' retrieved from /home/airflow/.local/lib/python3.12/site-packages/airflow/example_dags/example_nested_branch_dag.py
[2024-05-10T23:29:49.035+0000] {logging_mixin.py:188} INFO - [2024-05-10T23:29:49.035+0000] {dag.py:3096} INFO - Sync 1 DAGs
[2024-05-10T23:29:49.058+0000] {logging_mixin.py:188} INFO - [2024-05-10T23:29:49.058+0000] {dag.py:3954} INFO - Setting next_dagrun for example_nested_branch_dag to 2024-05-09 00:00:00+00:00, run_after=2024-05-10 00:00:00+00:00
[2024-05-10T23:29:49.077+0000] {processor.py:183} INFO - Processing /home/airflow/.local/lib/python3.12/site-packages/airflow/example_dags/example_nested_branch_dag.py took 0.087 seconds
[2024-05-10T23:30:19.591+0000] {processor.py:161} INFO - Started process (PID=407) to work on /home/airflow/.local/lib/python3.12/site-packages/airflow/example_dags/example_nested_branch_dag.py
[2024-05-10T23:30:19.592+0000] {processor.py:830} INFO - Processing file /home/airflow/.local/lib/python3.12/site-packages/airflow/example_dags/example_nested_branch_dag.py for tasks to queue
[2024-05-10T23:30:19.594+0000] {logging_mixin.py:188} INFO - [2024-05-10T23:30:19.594+0000] {dagbag.py:540} INFO - Filling up the DagBag from /home/airflow/.local/lib/python3.12/site-packages/airflow/example_dags/example_nested_branch_dag.py
[2024-05-10T23:30:19.603+0000] {processor.py:840} INFO - DAG(s) 'example_nested_branch_dag' retrieved from /home/airflow/.local/lib/python3.12/site-packages/airflow/example_dags/example_nested_branch_dag.py
[2024-05-10T23:30:19.624+0000] {logging_mixin.py:188} INFO - [2024-05-10T23:30:19.624+0000] {dag.py:3096} INFO - Sync 1 DAGs
[2024-05-10T23:30:19.649+0000] {logging_mixin.py:188} INFO - [2024-05-10T23:30:19.648+0000] {dag.py:3954} INFO - Setting next_dagrun for example_nested_branch_dag to 2024-05-09 00:00:00+00:00, run_after=2024-05-10 00:00:00+00:00
[2024-05-10T23:30:19.670+0000] {processor.py:183} INFO - Processing /home/airflow/.local/lib/python3.12/site-packages/airflow/example_dags/example_nested_branch_dag.py took 0.083 seconds
[2024-05-10T23:30:50.293+0000] {processor.py:161} INFO - Started process (PID=466) to work on /home/airflow/.local/lib/python3.12/site-packages/airflow/example_dags/example_nested_branch_dag.py
[2024-05-10T23:30:50.294+0000] {processor.py:830} INFO - Processing file /home/airflow/.local/lib/python3.12/site-packages/airflow/example_dags/example_nested_branch_dag.py for tasks to queue
[2024-05-10T23:30:50.296+0000] {logging_mixin.py:188} INFO - [2024-05-10T23:30:50.295+0000] {dagbag.py:540} INFO - Filling up the DagBag from /home/airflow/.local/lib/python3.12/site-packages/airflow/example_dags/example_nested_branch_dag.py
[2024-05-10T23:30:50.308+0000] {processor.py:840} INFO - DAG(s) 'example_nested_branch_dag' retrieved from /home/airflow/.local/lib/python3.12/site-packages/airflow/example_dags/example_nested_branch_dag.py
[2024-05-10T23:30:50.331+0000] {logging_mixin.py:188} INFO - [2024-05-10T23:30:50.330+0000] {dag.py:3096} INFO - Sync 1 DAGs
[2024-05-10T23:30:50.358+0000] {logging_mixin.py:188} INFO - [2024-05-10T23:30:50.358+0000] {dag.py:3954} INFO - Setting next_dagrun for example_nested_branch_dag to 2024-05-09 00:00:00+00:00, run_after=2024-05-10 00:00:00+00:00
[2024-05-10T23:30:50.383+0000] {processor.py:183} INFO - Processing /home/airflow/.local/lib/python3.12/site-packages/airflow/example_dags/example_nested_branch_dag.py took 0.095 seconds
[2024-05-10T23:31:20.679+0000] {processor.py:161} INFO - Started process (PID=525) to work on /home/airflow/.local/lib/python3.12/site-packages/airflow/example_dags/example_nested_branch_dag.py
[2024-05-10T23:31:20.681+0000] {processor.py:830} INFO - Processing file /home/airflow/.local/lib/python3.12/site-packages/airflow/example_dags/example_nested_branch_dag.py for tasks to queue
[2024-05-10T23:31:20.682+0000] {logging_mixin.py:188} INFO - [2024-05-10T23:31:20.682+0000] {dagbag.py:540} INFO - Filling up the DagBag from /home/airflow/.local/lib/python3.12/site-packages/airflow/example_dags/example_nested_branch_dag.py
[2024-05-10T23:31:20.692+0000] {processor.py:840} INFO - DAG(s) 'example_nested_branch_dag' retrieved from /home/airflow/.local/lib/python3.12/site-packages/airflow/example_dags/example_nested_branch_dag.py
[2024-05-10T23:31:20.718+0000] {logging_mixin.py:188} INFO - [2024-05-10T23:31:20.718+0000] {dag.py:3096} INFO - Sync 1 DAGs
[2024-05-10T23:31:20.744+0000] {logging_mixin.py:188} INFO - [2024-05-10T23:31:20.744+0000] {dag.py:3954} INFO - Setting next_dagrun for example_nested_branch_dag to 2024-05-09 00:00:00+00:00, run_after=2024-05-10 00:00:00+00:00
[2024-05-10T23:31:20.767+0000] {processor.py:183} INFO - Processing /home/airflow/.local/lib/python3.12/site-packages/airflow/example_dags/example_nested_branch_dag.py took 0.094 seconds
[2024-05-10T23:31:51.180+0000] {processor.py:161} INFO - Started process (PID=584) to work on /home/airflow/.local/lib/python3.12/site-packages/airflow/example_dags/example_nested_branch_dag.py
[2024-05-10T23:31:51.181+0000] {processor.py:830} INFO - Processing file /home/airflow/.local/lib/python3.12/site-packages/airflow/example_dags/example_nested_branch_dag.py for tasks to queue
[2024-05-10T23:31:51.183+0000] {logging_mixin.py:188} INFO - [2024-05-10T23:31:51.183+0000] {dagbag.py:540} INFO - Filling up the DagBag from /home/airflow/.local/lib/python3.12/site-packages/airflow/example_dags/example_nested_branch_dag.py
[2024-05-10T23:31:51.193+0000] {processor.py:840} INFO - DAG(s) 'example_nested_branch_dag' retrieved from /home/airflow/.local/lib/python3.12/site-packages/airflow/example_dags/example_nested_branch_dag.py
[2024-05-10T23:31:51.216+0000] {logging_mixin.py:188} INFO - [2024-05-10T23:31:51.216+0000] {dag.py:3096} INFO - Sync 1 DAGs
[2024-05-10T23:31:51.240+0000] {logging_mixin.py:188} INFO - [2024-05-10T23:31:51.240+0000] {dag.py:3954} INFO - Setting next_dagrun for example_nested_branch_dag to 2024-05-09 00:00:00+00:00, run_after=2024-05-10 00:00:00+00:00
[2024-05-10T23:31:51.265+0000] {processor.py:183} INFO - Processing /home/airflow/.local/lib/python3.12/site-packages/airflow/example_dags/example_nested_branch_dag.py took 0.091 seconds
[2024-05-10T23:32:21.853+0000] {processor.py:161} INFO - Started process (PID=649) to work on /home/airflow/.local/lib/python3.12/site-packages/airflow/example_dags/example_nested_branch_dag.py
[2024-05-10T23:32:21.854+0000] {processor.py:830} INFO - Processing file /home/airflow/.local/lib/python3.12/site-packages/airflow/example_dags/example_nested_branch_dag.py for tasks to queue
[2024-05-10T23:32:21.857+0000] {logging_mixin.py:188} INFO - [2024-05-10T23:32:21.856+0000] {dagbag.py:540} INFO - Filling up the DagBag from /home/airflow/.local/lib/python3.12/site-packages/airflow/example_dags/example_nested_branch_dag.py
[2024-05-10T23:32:21.870+0000] {processor.py:840} INFO - DAG(s) 'example_nested_branch_dag' retrieved from /home/airflow/.local/lib/python3.12/site-packages/airflow/example_dags/example_nested_branch_dag.py
[2024-05-10T23:32:21.896+0000] {logging_mixin.py:188} INFO - [2024-05-10T23:32:21.895+0000] {dag.py:3096} INFO - Sync 1 DAGs
[2024-05-10T23:32:21.928+0000] {logging_mixin.py:188} INFO - [2024-05-10T23:32:21.927+0000] {dag.py:3954} INFO - Setting next_dagrun for example_nested_branch_dag to 2024-05-09 00:00:00+00:00, run_after=2024-05-10 00:00:00+00:00
[2024-05-10T23:32:21.950+0000] {processor.py:183} INFO - Processing /home/airflow/.local/lib/python3.12/site-packages/airflow/example_dags/example_nested_branch_dag.py took 0.103 seconds
[2024-05-10T23:32:52.295+0000] {processor.py:161} INFO - Started process (PID=708) to work on /home/airflow/.local/lib/python3.12/site-packages/airflow/example_dags/example_nested_branch_dag.py
[2024-05-10T23:32:52.296+0000] {processor.py:830} INFO - Processing file /home/airflow/.local/lib/python3.12/site-packages/airflow/example_dags/example_nested_branch_dag.py for tasks to queue
[2024-05-10T23:32:52.299+0000] {logging_mixin.py:188} INFO - [2024-05-10T23:32:52.298+0000] {dagbag.py:540} INFO - Filling up the DagBag from /home/airflow/.local/lib/python3.12/site-packages/airflow/example_dags/example_nested_branch_dag.py
[2024-05-10T23:32:52.308+0000] {processor.py:840} INFO - DAG(s) 'example_nested_branch_dag' retrieved from /home/airflow/.local/lib/python3.12/site-packages/airflow/example_dags/example_nested_branch_dag.py
[2024-05-10T23:32:52.332+0000] {logging_mixin.py:188} INFO - [2024-05-10T23:32:52.331+0000] {dag.py:3096} INFO - Sync 1 DAGs
[2024-05-10T23:32:52.360+0000] {logging_mixin.py:188} INFO - [2024-05-10T23:32:52.359+0000] {dag.py:3954} INFO - Setting next_dagrun for example_nested_branch_dag to 2024-05-09 00:00:00+00:00, run_after=2024-05-10 00:00:00+00:00
[2024-05-10T23:32:52.384+0000] {processor.py:183} INFO - Processing /home/airflow/.local/lib/python3.12/site-packages/airflow/example_dags/example_nested_branch_dag.py took 0.095 seconds
[2024-05-10T23:33:23.101+0000] {processor.py:161} INFO - Started process (PID=767) to work on /home/airflow/.local/lib/python3.12/site-packages/airflow/example_dags/example_nested_branch_dag.py
[2024-05-10T23:33:23.102+0000] {processor.py:830} INFO - Processing file /home/airflow/.local/lib/python3.12/site-packages/airflow/example_dags/example_nested_branch_dag.py for tasks to queue
[2024-05-10T23:33:23.104+0000] {logging_mixin.py:188} INFO - [2024-05-10T23:33:23.104+0000] {dagbag.py:540} INFO - Filling up the DagBag from /home/airflow/.local/lib/python3.12/site-packages/airflow/example_dags/example_nested_branch_dag.py
[2024-05-10T23:33:23.113+0000] {processor.py:840} INFO - DAG(s) 'example_nested_branch_dag' retrieved from /home/airflow/.local/lib/python3.12/site-packages/airflow/example_dags/example_nested_branch_dag.py
[2024-05-10T23:33:23.134+0000] {logging_mixin.py:188} INFO - [2024-05-10T23:33:23.133+0000] {dag.py:3096} INFO - Sync 1 DAGs
[2024-05-10T23:33:23.157+0000] {logging_mixin.py:188} INFO - [2024-05-10T23:33:23.157+0000] {dag.py:3954} INFO - Setting next_dagrun for example_nested_branch_dag to 2024-05-09 00:00:00+00:00, run_after=2024-05-10 00:00:00+00:00
[2024-05-10T23:33:23.180+0000] {processor.py:183} INFO - Processing /home/airflow/.local/lib/python3.12/site-packages/airflow/example_dags/example_nested_branch_dag.py took 0.084 seconds
[2024-05-10T23:33:53.912+0000] {processor.py:161} INFO - Started process (PID=826) to work on /home/airflow/.local/lib/python3.12/site-packages/airflow/example_dags/example_nested_branch_dag.py
[2024-05-10T23:33:53.913+0000] {processor.py:830} INFO - Processing file /home/airflow/.local/lib/python3.12/site-packages/airflow/example_dags/example_nested_branch_dag.py for tasks to queue
[2024-05-10T23:33:53.915+0000] {logging_mixin.py:188} INFO - [2024-05-10T23:33:53.915+0000] {dagbag.py:540} INFO - Filling up the DagBag from /home/airflow/.local/lib/python3.12/site-packages/airflow/example_dags/example_nested_branch_dag.py
[2024-05-10T23:33:53.925+0000] {processor.py:840} INFO - DAG(s) 'example_nested_branch_dag' retrieved from /home/airflow/.local/lib/python3.12/site-packages/airflow/example_dags/example_nested_branch_dag.py
[2024-05-10T23:33:53.949+0000] {logging_mixin.py:188} INFO - [2024-05-10T23:33:53.949+0000] {dag.py:3096} INFO - Sync 1 DAGs
[2024-05-10T23:33:53.976+0000] {logging_mixin.py:188} INFO - [2024-05-10T23:33:53.975+0000] {dag.py:3954} INFO - Setting next_dagrun for example_nested_branch_dag to 2024-05-09 00:00:00+00:00, run_after=2024-05-10 00:00:00+00:00
[2024-05-10T23:33:53.999+0000] {processor.py:183} INFO - Processing /home/airflow/.local/lib/python3.12/site-packages/airflow/example_dags/example_nested_branch_dag.py took 0.092 seconds
[2024-05-10T23:34:24.119+0000] {processor.py:161} INFO - Started process (PID=885) to work on /home/airflow/.local/lib/python3.12/site-packages/airflow/example_dags/example_nested_branch_dag.py
[2024-05-10T23:34:24.120+0000] {processor.py:830} INFO - Processing file /home/airflow/.local/lib/python3.12/site-packages/airflow/example_dags/example_nested_branch_dag.py for tasks to queue
[2024-05-10T23:34:24.122+0000] {logging_mixin.py:188} INFO - [2024-05-10T23:34:24.121+0000] {dagbag.py:540} INFO - Filling up the DagBag from /home/airflow/.local/lib/python3.12/site-packages/airflow/example_dags/example_nested_branch_dag.py
[2024-05-10T23:34:24.132+0000] {processor.py:840} INFO - DAG(s) 'example_nested_branch_dag' retrieved from /home/airflow/.local/lib/python3.12/site-packages/airflow/example_dags/example_nested_branch_dag.py
[2024-05-10T23:34:24.156+0000] {logging_mixin.py:188} INFO - [2024-05-10T23:34:24.156+0000] {dag.py:3096} INFO - Sync 1 DAGs
[2024-05-10T23:34:24.182+0000] {logging_mixin.py:188} INFO - [2024-05-10T23:34:24.182+0000] {dag.py:3954} INFO - Setting next_dagrun for example_nested_branch_dag to 2024-05-09 00:00:00+00:00, run_after=2024-05-10 00:00:00+00:00
[2024-05-10T23:34:24.203+0000] {processor.py:183} INFO - Processing /home/airflow/.local/lib/python3.12/site-packages/airflow/example_dags/example_nested_branch_dag.py took 0.090 seconds
[2024-05-10T23:34:54.315+0000] {processor.py:161} INFO - Started process (PID=944) to work on /home/airflow/.local/lib/python3.12/site-packages/airflow/example_dags/example_nested_branch_dag.py
[2024-05-10T23:34:54.316+0000] {processor.py:830} INFO - Processing file /home/airflow/.local/lib/python3.12/site-packages/airflow/example_dags/example_nested_branch_dag.py for tasks to queue
[2024-05-10T23:34:54.318+0000] {logging_mixin.py:188} INFO - [2024-05-10T23:34:54.318+0000] {dagbag.py:540} INFO - Filling up the DagBag from /home/airflow/.local/lib/python3.12/site-packages/airflow/example_dags/example_nested_branch_dag.py
[2024-05-10T23:34:54.328+0000] {processor.py:840} INFO - DAG(s) 'example_nested_branch_dag' retrieved from /home/airflow/.local/lib/python3.12/site-packages/airflow/example_dags/example_nested_branch_dag.py
[2024-05-10T23:34:54.351+0000] {logging_mixin.py:188} INFO - [2024-05-10T23:34:54.351+0000] {dag.py:3096} INFO - Sync 1 DAGs
[2024-05-10T23:34:54.378+0000] {logging_mixin.py:188} INFO - [2024-05-10T23:34:54.378+0000] {dag.py:3954} INFO - Setting next_dagrun for example_nested_branch_dag to 2024-05-09 00:00:00+00:00, run_after=2024-05-10 00:00:00+00:00
[2024-05-10T23:34:54.400+0000] {processor.py:183} INFO - Processing /home/airflow/.local/lib/python3.12/site-packages/airflow/example_dags/example_nested_branch_dag.py took 0.090 seconds
[2024-05-10T23:35:25.034+0000] {processor.py:161} INFO - Started process (PID=1003) to work on /home/airflow/.local/lib/python3.12/site-packages/airflow/example_dags/example_nested_branch_dag.py
[2024-05-10T23:35:25.035+0000] {processor.py:830} INFO - Processing file /home/airflow/.local/lib/python3.12/site-packages/airflow/example_dags/example_nested_branch_dag.py for tasks to queue
[2024-05-10T23:35:25.037+0000] {logging_mixin.py:188} INFO - [2024-05-10T23:35:25.037+0000] {dagbag.py:540} INFO - Filling up the DagBag from /home/airflow/.local/lib/python3.12/site-packages/airflow/example_dags/example_nested_branch_dag.py
[2024-05-10T23:35:25.048+0000] {processor.py:840} INFO - DAG(s) 'example_nested_branch_dag' retrieved from /home/airflow/.local/lib/python3.12/site-packages/airflow/example_dags/example_nested_branch_dag.py
[2024-05-10T23:35:25.069+0000] {logging_mixin.py:188} INFO - [2024-05-10T23:35:25.069+0000] {dag.py:3096} INFO - Sync 1 DAGs
[2024-05-10T23:35:25.096+0000] {logging_mixin.py:188} INFO - [2024-05-10T23:35:25.095+0000] {dag.py:3954} INFO - Setting next_dagrun for example_nested_branch_dag to 2024-05-09 00:00:00+00:00, run_after=2024-05-10 00:00:00+00:00
[2024-05-10T23:35:25.118+0000] {processor.py:183} INFO - Processing /home/airflow/.local/lib/python3.12/site-packages/airflow/example_dags/example_nested_branch_dag.py took 0.090 seconds
[2024-05-10T23:35:56.073+0000] {processor.py:161} INFO - Started process (PID=1062) to work on /home/airflow/.local/lib/python3.12/site-packages/airflow/example_dags/example_nested_branch_dag.py
[2024-05-10T23:35:56.074+0000] {processor.py:830} INFO - Processing file /home/airflow/.local/lib/python3.12/site-packages/airflow/example_dags/example_nested_branch_dag.py for tasks to queue
[2024-05-10T23:35:56.076+0000] {logging_mixin.py:188} INFO - [2024-05-10T23:35:56.076+0000] {dagbag.py:540} INFO - Filling up the DagBag from /home/airflow/.local/lib/python3.12/site-packages/airflow/example_dags/example_nested_branch_dag.py
[2024-05-10T23:35:56.088+0000] {processor.py:840} INFO - DAG(s) 'example_nested_branch_dag' retrieved from /home/airflow/.local/lib/python3.12/site-packages/airflow/example_dags/example_nested_branch_dag.py
[2024-05-10T23:35:56.248+0000] {logging_mixin.py:188} INFO - [2024-05-10T23:35:56.248+0000] {dag.py:3096} INFO - Sync 1 DAGs
[2024-05-10T23:35:56.277+0000] {logging_mixin.py:188} INFO - [2024-05-10T23:35:56.276+0000] {dag.py:3954} INFO - Setting next_dagrun for example_nested_branch_dag to 2024-05-09 00:00:00+00:00, run_after=2024-05-10 00:00:00+00:00
[2024-05-10T23:35:56.309+0000] {processor.py:183} INFO - Processing /home/airflow/.local/lib/python3.12/site-packages/airflow/example_dags/example_nested_branch_dag.py took 0.242 seconds
[2024-05-10T23:36:26.389+0000] {processor.py:161} INFO - Started process (PID=1121) to work on /home/airflow/.local/lib/python3.12/site-packages/airflow/example_dags/example_nested_branch_dag.py
[2024-05-10T23:36:26.390+0000] {processor.py:830} INFO - Processing file /home/airflow/.local/lib/python3.12/site-packages/airflow/example_dags/example_nested_branch_dag.py for tasks to queue
[2024-05-10T23:36:26.392+0000] {logging_mixin.py:188} INFO - [2024-05-10T23:36:26.392+0000] {dagbag.py:540} INFO - Filling up the DagBag from /home/airflow/.local/lib/python3.12/site-packages/airflow/example_dags/example_nested_branch_dag.py
[2024-05-10T23:36:26.401+0000] {processor.py:840} INFO - DAG(s) 'example_nested_branch_dag' retrieved from /home/airflow/.local/lib/python3.12/site-packages/airflow/example_dags/example_nested_branch_dag.py
[2024-05-10T23:36:26.424+0000] {logging_mixin.py:188} INFO - [2024-05-10T23:36:26.424+0000] {dag.py:3096} INFO - Sync 1 DAGs
[2024-05-10T23:36:26.566+0000] {logging_mixin.py:188} INFO - [2024-05-10T23:36:26.566+0000] {dag.py:3954} INFO - Setting next_dagrun for example_nested_branch_dag to 2024-05-09 00:00:00+00:00, run_after=2024-05-10 00:00:00+00:00
[2024-05-10T23:36:26.598+0000] {processor.py:183} INFO - Processing /home/airflow/.local/lib/python3.12/site-packages/airflow/example_dags/example_nested_branch_dag.py took 0.214 seconds
[2024-05-10T23:36:57.328+0000] {processor.py:161} INFO - Started process (PID=1180) to work on /home/airflow/.local/lib/python3.12/site-packages/airflow/example_dags/example_nested_branch_dag.py
[2024-05-10T23:36:57.329+0000] {processor.py:830} INFO - Processing file /home/airflow/.local/lib/python3.12/site-packages/airflow/example_dags/example_nested_branch_dag.py for tasks to queue
[2024-05-10T23:36:57.331+0000] {logging_mixin.py:188} INFO - [2024-05-10T23:36:57.331+0000] {dagbag.py:540} INFO - Filling up the DagBag from /home/airflow/.local/lib/python3.12/site-packages/airflow/example_dags/example_nested_branch_dag.py
[2024-05-10T23:36:57.341+0000] {processor.py:840} INFO - DAG(s) 'example_nested_branch_dag' retrieved from /home/airflow/.local/lib/python3.12/site-packages/airflow/example_dags/example_nested_branch_dag.py
[2024-05-10T23:36:57.364+0000] {logging_mixin.py:188} INFO - [2024-05-10T23:36:57.364+0000] {dag.py:3096} INFO - Sync 1 DAGs
[2024-05-10T23:36:57.391+0000] {logging_mixin.py:188} INFO - [2024-05-10T23:36:57.390+0000] {dag.py:3954} INFO - Setting next_dagrun for example_nested_branch_dag to 2024-05-09 00:00:00+00:00, run_after=2024-05-10 00:00:00+00:00
[2024-05-10T23:36:57.415+0000] {processor.py:183} INFO - Processing /home/airflow/.local/lib/python3.12/site-packages/airflow/example_dags/example_nested_branch_dag.py took 0.092 seconds
[2024-05-10T23:37:27.510+0000] {processor.py:161} INFO - Started process (PID=1239) to work on /home/airflow/.local/lib/python3.12/site-packages/airflow/example_dags/example_nested_branch_dag.py
[2024-05-10T23:37:27.512+0000] {processor.py:830} INFO - Processing file /home/airflow/.local/lib/python3.12/site-packages/airflow/example_dags/example_nested_branch_dag.py for tasks to queue
[2024-05-10T23:37:27.514+0000] {logging_mixin.py:188} INFO - [2024-05-10T23:37:27.514+0000] {dagbag.py:540} INFO - Filling up the DagBag from /home/airflow/.local/lib/python3.12/site-packages/airflow/example_dags/example_nested_branch_dag.py
[2024-05-10T23:37:27.523+0000] {processor.py:840} INFO - DAG(s) 'example_nested_branch_dag' retrieved from /home/airflow/.local/lib/python3.12/site-packages/airflow/example_dags/example_nested_branch_dag.py
[2024-05-10T23:37:27.545+0000] {logging_mixin.py:188} INFO - [2024-05-10T23:37:27.544+0000] {dag.py:3096} INFO - Sync 1 DAGs
[2024-05-10T23:37:27.573+0000] {logging_mixin.py:188} INFO - [2024-05-10T23:37:27.572+0000] {dag.py:3954} INFO - Setting next_dagrun for example_nested_branch_dag to 2024-05-09 00:00:00+00:00, run_after=2024-05-10 00:00:00+00:00
[2024-05-10T23:37:27.594+0000] {processor.py:183} INFO - Processing /home/airflow/.local/lib/python3.12/site-packages/airflow/example_dags/example_nested_branch_dag.py took 0.089 seconds
[2024-05-10T23:37:57.658+0000] {processor.py:161} INFO - Started process (PID=1298) to work on /home/airflow/.local/lib/python3.12/site-packages/airflow/example_dags/example_nested_branch_dag.py
[2024-05-10T23:37:57.659+0000] {processor.py:830} INFO - Processing file /home/airflow/.local/lib/python3.12/site-packages/airflow/example_dags/example_nested_branch_dag.py for tasks to queue
[2024-05-10T23:37:57.661+0000] {logging_mixin.py:188} INFO - [2024-05-10T23:37:57.661+0000] {dagbag.py:540} INFO - Filling up the DagBag from /home/airflow/.local/lib/python3.12/site-packages/airflow/example_dags/example_nested_branch_dag.py
[2024-05-10T23:37:57.671+0000] {processor.py:840} INFO - DAG(s) 'example_nested_branch_dag' retrieved from /home/airflow/.local/lib/python3.12/site-packages/airflow/example_dags/example_nested_branch_dag.py
[2024-05-10T23:37:57.695+0000] {logging_mixin.py:188} INFO - [2024-05-10T23:37:57.694+0000] {dag.py:3096} INFO - Sync 1 DAGs
[2024-05-10T23:37:57.719+0000] {logging_mixin.py:188} INFO - [2024-05-10T23:37:57.719+0000] {dag.py:3954} INFO - Setting next_dagrun for example_nested_branch_dag to 2024-05-09 00:00:00+00:00, run_after=2024-05-10 00:00:00+00:00
[2024-05-10T23:37:57.741+0000] {processor.py:183} INFO - Processing /home/airflow/.local/lib/python3.12/site-packages/airflow/example_dags/example_nested_branch_dag.py took 0.089 seconds
[2024-05-10T23:38:28.408+0000] {processor.py:161} INFO - Started process (PID=1357) to work on /home/airflow/.local/lib/python3.12/site-packages/airflow/example_dags/example_nested_branch_dag.py
[2024-05-10T23:38:28.409+0000] {processor.py:830} INFO - Processing file /home/airflow/.local/lib/python3.12/site-packages/airflow/example_dags/example_nested_branch_dag.py for tasks to queue
[2024-05-10T23:38:28.411+0000] {logging_mixin.py:188} INFO - [2024-05-10T23:38:28.411+0000] {dagbag.py:540} INFO - Filling up the DagBag from /home/airflow/.local/lib/python3.12/site-packages/airflow/example_dags/example_nested_branch_dag.py
[2024-05-10T23:38:28.421+0000] {processor.py:840} INFO - DAG(s) 'example_nested_branch_dag' retrieved from /home/airflow/.local/lib/python3.12/site-packages/airflow/example_dags/example_nested_branch_dag.py
[2024-05-10T23:38:28.445+0000] {logging_mixin.py:188} INFO - [2024-05-10T23:38:28.444+0000] {dag.py:3096} INFO - Sync 1 DAGs
[2024-05-10T23:38:28.471+0000] {logging_mixin.py:188} INFO - [2024-05-10T23:38:28.470+0000] {dag.py:3954} INFO - Setting next_dagrun for example_nested_branch_dag to 2024-05-09 00:00:00+00:00, run_after=2024-05-10 00:00:00+00:00
[2024-05-10T23:38:28.494+0000] {processor.py:183} INFO - Processing /home/airflow/.local/lib/python3.12/site-packages/airflow/example_dags/example_nested_branch_dag.py took 0.091 seconds
[2024-05-10T23:38:58.952+0000] {processor.py:161} INFO - Started process (PID=1416) to work on /home/airflow/.local/lib/python3.12/site-packages/airflow/example_dags/example_nested_branch_dag.py
[2024-05-10T23:38:58.953+0000] {processor.py:830} INFO - Processing file /home/airflow/.local/lib/python3.12/site-packages/airflow/example_dags/example_nested_branch_dag.py for tasks to queue
[2024-05-10T23:38:58.955+0000] {logging_mixin.py:188} INFO - [2024-05-10T23:38:58.954+0000] {dagbag.py:540} INFO - Filling up the DagBag from /home/airflow/.local/lib/python3.12/site-packages/airflow/example_dags/example_nested_branch_dag.py
[2024-05-10T23:38:58.964+0000] {processor.py:840} INFO - DAG(s) 'example_nested_branch_dag' retrieved from /home/airflow/.local/lib/python3.12/site-packages/airflow/example_dags/example_nested_branch_dag.py
[2024-05-10T23:38:58.988+0000] {logging_mixin.py:188} INFO - [2024-05-10T23:38:58.988+0000] {dag.py:3096} INFO - Sync 1 DAGs
[2024-05-10T23:38:59.017+0000] {logging_mixin.py:188} INFO - [2024-05-10T23:38:59.017+0000] {dag.py:3954} INFO - Setting next_dagrun for example_nested_branch_dag to 2024-05-09 00:00:00+00:00, run_after=2024-05-10 00:00:00+00:00
[2024-05-10T23:38:59.040+0000] {processor.py:183} INFO - Processing /home/airflow/.local/lib/python3.12/site-packages/airflow/example_dags/example_nested_branch_dag.py took 0.093 seconds
[2024-05-10T23:39:29.793+0000] {processor.py:161} INFO - Started process (PID=1475) to work on /home/airflow/.local/lib/python3.12/site-packages/airflow/example_dags/example_nested_branch_dag.py
[2024-05-10T23:39:29.794+0000] {processor.py:830} INFO - Processing file /home/airflow/.local/lib/python3.12/site-packages/airflow/example_dags/example_nested_branch_dag.py for tasks to queue
[2024-05-10T23:39:29.796+0000] {logging_mixin.py:188} INFO - [2024-05-10T23:39:29.796+0000] {dagbag.py:540} INFO - Filling up the DagBag from /home/airflow/.local/lib/python3.12/site-packages/airflow/example_dags/example_nested_branch_dag.py
[2024-05-10T23:39:29.808+0000] {processor.py:840} INFO - DAG(s) 'example_nested_branch_dag' retrieved from /home/airflow/.local/lib/python3.12/site-packages/airflow/example_dags/example_nested_branch_dag.py
[2024-05-10T23:39:29.833+0000] {logging_mixin.py:188} INFO - [2024-05-10T23:39:29.833+0000] {dag.py:3096} INFO - Sync 1 DAGs
[2024-05-10T23:39:29.861+0000] {logging_mixin.py:188} INFO - [2024-05-10T23:39:29.860+0000] {dag.py:3954} INFO - Setting next_dagrun for example_nested_branch_dag to 2024-05-09 00:00:00+00:00, run_after=2024-05-10 00:00:00+00:00
[2024-05-10T23:39:29.886+0000] {processor.py:183} INFO - Processing /home/airflow/.local/lib/python3.12/site-packages/airflow/example_dags/example_nested_branch_dag.py took 0.098 seconds
[2024-05-10T23:40:00.575+0000] {processor.py:161} INFO - Started process (PID=1534) to work on /home/airflow/.local/lib/python3.12/site-packages/airflow/example_dags/example_nested_branch_dag.py
[2024-05-10T23:40:00.576+0000] {processor.py:830} INFO - Processing file /home/airflow/.local/lib/python3.12/site-packages/airflow/example_dags/example_nested_branch_dag.py for tasks to queue
[2024-05-10T23:40:00.580+0000] {logging_mixin.py:188} INFO - [2024-05-10T23:40:00.578+0000] {dagbag.py:540} INFO - Filling up the DagBag from /home/airflow/.local/lib/python3.12/site-packages/airflow/example_dags/example_nested_branch_dag.py
[2024-05-10T23:40:00.591+0000] {processor.py:840} INFO - DAG(s) 'example_nested_branch_dag' retrieved from /home/airflow/.local/lib/python3.12/site-packages/airflow/example_dags/example_nested_branch_dag.py
[2024-05-10T23:40:00.615+0000] {logging_mixin.py:188} INFO - [2024-05-10T23:40:00.614+0000] {dag.py:3096} INFO - Sync 1 DAGs
[2024-05-10T23:40:00.637+0000] {logging_mixin.py:188} INFO - [2024-05-10T23:40:00.637+0000] {dag.py:3954} INFO - Setting next_dagrun for example_nested_branch_dag to 2024-05-09 00:00:00+00:00, run_after=2024-05-10 00:00:00+00:00
[2024-05-10T23:40:00.660+0000] {processor.py:183} INFO - Processing /home/airflow/.local/lib/python3.12/site-packages/airflow/example_dags/example_nested_branch_dag.py took 0.091 seconds
[2024-05-10T23:40:31.257+0000] {processor.py:161} INFO - Started process (PID=1593) to work on /home/airflow/.local/lib/python3.12/site-packages/airflow/example_dags/example_nested_branch_dag.py
[2024-05-10T23:40:31.258+0000] {processor.py:830} INFO - Processing file /home/airflow/.local/lib/python3.12/site-packages/airflow/example_dags/example_nested_branch_dag.py for tasks to queue
[2024-05-10T23:40:31.260+0000] {logging_mixin.py:188} INFO - [2024-05-10T23:40:31.260+0000] {dagbag.py:540} INFO - Filling up the DagBag from /home/airflow/.local/lib/python3.12/site-packages/airflow/example_dags/example_nested_branch_dag.py
[2024-05-10T23:40:31.269+0000] {processor.py:840} INFO - DAG(s) 'example_nested_branch_dag' retrieved from /home/airflow/.local/lib/python3.12/site-packages/airflow/example_dags/example_nested_branch_dag.py
[2024-05-10T23:40:31.291+0000] {logging_mixin.py:188} INFO - [2024-05-10T23:40:31.290+0000] {dag.py:3096} INFO - Sync 1 DAGs
[2024-05-10T23:40:31.315+0000] {logging_mixin.py:188} INFO - [2024-05-10T23:40:31.315+0000] {dag.py:3954} INFO - Setting next_dagrun for example_nested_branch_dag to 2024-05-09 00:00:00+00:00, run_after=2024-05-10 00:00:00+00:00
[2024-05-10T23:40:31.336+0000] {processor.py:183} INFO - Processing /home/airflow/.local/lib/python3.12/site-packages/airflow/example_dags/example_nested_branch_dag.py took 0.085 seconds
