[2024-05-10T23:27:18.380+0000] {processor.py:161} INFO - Started process (PID=70) to work on /home/airflow/.local/lib/python3.12/site-packages/airflow/example_dags/example_display_name.py
[2024-05-10T23:27:18.381+0000] {processor.py:830} INFO - Processing file /home/airflow/.local/lib/python3.12/site-packages/airflow/example_dags/example_display_name.py for tasks to queue
[2024-05-10T23:27:18.384+0000] {logging_mixin.py:188} INFO - [2024-05-10T23:27:18.383+0000] {dagbag.py:540} INFO - Filling up the DagBag from /home/airflow/.local/lib/python3.12/site-packages/airflow/example_dags/example_display_name.py
[2024-05-10T23:27:18.390+0000] {processor.py:840} INFO - DAG(s) 'example_display_name' retrieved from /home/airflow/.local/lib/python3.12/site-packages/airflow/example_dags/example_display_name.py
[2024-05-10T23:27:18.500+0000] {logging_mixin.py:188} INFO - [2024-05-10T23:27:18.500+0000] {dag.py:3096} INFO - Sync 1 DAGs
[2024-05-10T23:27:18.513+0000] {logging_mixin.py:188} INFO - [2024-05-10T23:27:18.513+0000] {dag.py:3954} INFO - Setting next_dagrun for example_display_name to None, run_after=None
[2024-05-10T23:27:18.537+0000] {processor.py:183} INFO - Processing /home/airflow/.local/lib/python3.12/site-packages/airflow/example_dags/example_display_name.py took 0.163 seconds
[2024-05-10T23:27:49.269+0000] {processor.py:161} INFO - Started process (PID=129) to work on /home/airflow/.local/lib/python3.12/site-packages/airflow/example_dags/example_display_name.py
[2024-05-10T23:27:49.270+0000] {processor.py:830} INFO - Processing file /home/airflow/.local/lib/python3.12/site-packages/airflow/example_dags/example_display_name.py for tasks to queue
[2024-05-10T23:27:49.272+0000] {logging_mixin.py:188} INFO - [2024-05-10T23:27:49.271+0000] {dagbag.py:540} INFO - Filling up the DagBag from /home/airflow/.local/lib/python3.12/site-packages/airflow/example_dags/example_display_name.py
[2024-05-10T23:27:49.278+0000] {processor.py:840} INFO - DAG(s) 'example_display_name' retrieved from /home/airflow/.local/lib/python3.12/site-packages/airflow/example_dags/example_display_name.py
[2024-05-10T23:27:49.300+0000] {logging_mixin.py:188} INFO - [2024-05-10T23:27:49.300+0000] {dag.py:3096} INFO - Sync 1 DAGs
[2024-05-10T23:27:49.316+0000] {logging_mixin.py:188} INFO - [2024-05-10T23:27:49.316+0000] {dag.py:3954} INFO - Setting next_dagrun for example_display_name to None, run_after=None
[2024-05-10T23:27:49.338+0000] {processor.py:183} INFO - Processing /home/airflow/.local/lib/python3.12/site-packages/airflow/example_dags/example_display_name.py took 0.074 seconds
[2024-05-10T23:28:21.551+0000] {processor.py:161} INFO - Started process (PID=194) to work on /home/airflow/.local/lib/python3.12/site-packages/airflow/example_dags/example_display_name.py
[2024-05-10T23:28:21.552+0000] {processor.py:830} INFO - Processing file /home/airflow/.local/lib/python3.12/site-packages/airflow/example_dags/example_display_name.py for tasks to queue
[2024-05-10T23:28:21.554+0000] {logging_mixin.py:188} INFO - [2024-05-10T23:28:21.554+0000] {dagbag.py:540} INFO - Filling up the DagBag from /home/airflow/.local/lib/python3.12/site-packages/airflow/example_dags/example_display_name.py
[2024-05-10T23:28:21.560+0000] {processor.py:840} INFO - DAG(s) 'example_display_name' retrieved from /home/airflow/.local/lib/python3.12/site-packages/airflow/example_dags/example_display_name.py
[2024-05-10T23:28:21.582+0000] {logging_mixin.py:188} INFO - [2024-05-10T23:28:21.582+0000] {dag.py:3096} INFO - Sync 1 DAGs
[2024-05-10T23:28:21.600+0000] {logging_mixin.py:188} INFO - [2024-05-10T23:28:21.600+0000] {dag.py:3954} INFO - Setting next_dagrun for example_display_name to None, run_after=None
[2024-05-10T23:28:21.632+0000] {processor.py:183} INFO - Processing /home/airflow/.local/lib/python3.12/site-packages/airflow/example_dags/example_display_name.py took 0.087 seconds
[2024-05-10T23:28:52.068+0000] {processor.py:161} INFO - Started process (PID=253) to work on /home/airflow/.local/lib/python3.12/site-packages/airflow/example_dags/example_display_name.py
[2024-05-10T23:28:52.070+0000] {processor.py:830} INFO - Processing file /home/airflow/.local/lib/python3.12/site-packages/airflow/example_dags/example_display_name.py for tasks to queue
[2024-05-10T23:28:52.072+0000] {logging_mixin.py:188} INFO - [2024-05-10T23:28:52.072+0000] {dagbag.py:540} INFO - Filling up the DagBag from /home/airflow/.local/lib/python3.12/site-packages/airflow/example_dags/example_display_name.py
[2024-05-10T23:28:52.078+0000] {processor.py:840} INFO - DAG(s) 'example_display_name' retrieved from /home/airflow/.local/lib/python3.12/site-packages/airflow/example_dags/example_display_name.py
[2024-05-10T23:28:52.100+0000] {logging_mixin.py:188} INFO - [2024-05-10T23:28:52.100+0000] {dag.py:3096} INFO - Sync 1 DAGs
[2024-05-10T23:28:52.116+0000] {logging_mixin.py:188} INFO - [2024-05-10T23:28:52.116+0000] {dag.py:3954} INFO - Setting next_dagrun for example_display_name to None, run_after=None
[2024-05-10T23:28:52.141+0000] {processor.py:183} INFO - Processing /home/airflow/.local/lib/python3.12/site-packages/airflow/example_dags/example_display_name.py took 0.080 seconds
[2024-05-10T23:29:23.170+0000] {processor.py:161} INFO - Started process (PID=312) to work on /home/airflow/.local/lib/python3.12/site-packages/airflow/example_dags/example_display_name.py
[2024-05-10T23:29:23.171+0000] {processor.py:830} INFO - Processing file /home/airflow/.local/lib/python3.12/site-packages/airflow/example_dags/example_display_name.py for tasks to queue
[2024-05-10T23:29:23.173+0000] {logging_mixin.py:188} INFO - [2024-05-10T23:29:23.173+0000] {dagbag.py:540} INFO - Filling up the DagBag from /home/airflow/.local/lib/python3.12/site-packages/airflow/example_dags/example_display_name.py
[2024-05-10T23:29:23.179+0000] {processor.py:840} INFO - DAG(s) 'example_display_name' retrieved from /home/airflow/.local/lib/python3.12/site-packages/airflow/example_dags/example_display_name.py
[2024-05-10T23:29:23.201+0000] {logging_mixin.py:188} INFO - [2024-05-10T23:29:23.201+0000] {dag.py:3096} INFO - Sync 1 DAGs
[2024-05-10T23:29:23.218+0000] {logging_mixin.py:188} INFO - [2024-05-10T23:29:23.218+0000] {dag.py:3954} INFO - Setting next_dagrun for example_display_name to None, run_after=None
[2024-05-10T23:29:23.243+0000] {processor.py:183} INFO - Processing /home/airflow/.local/lib/python3.12/site-packages/airflow/example_dags/example_display_name.py took 0.086 seconds
[2024-05-10T23:29:54.232+0000] {processor.py:161} INFO - Started process (PID=371) to work on /home/airflow/.local/lib/python3.12/site-packages/airflow/example_dags/example_display_name.py
[2024-05-10T23:29:54.233+0000] {processor.py:830} INFO - Processing file /home/airflow/.local/lib/python3.12/site-packages/airflow/example_dags/example_display_name.py for tasks to queue
[2024-05-10T23:29:54.236+0000] {logging_mixin.py:188} INFO - [2024-05-10T23:29:54.235+0000] {dagbag.py:540} INFO - Filling up the DagBag from /home/airflow/.local/lib/python3.12/site-packages/airflow/example_dags/example_display_name.py
[2024-05-10T23:29:54.241+0000] {processor.py:840} INFO - DAG(s) 'example_display_name' retrieved from /home/airflow/.local/lib/python3.12/site-packages/airflow/example_dags/example_display_name.py
[2024-05-10T23:29:54.261+0000] {logging_mixin.py:188} INFO - [2024-05-10T23:29:54.260+0000] {dag.py:3096} INFO - Sync 1 DAGs
[2024-05-10T23:29:54.274+0000] {logging_mixin.py:188} INFO - [2024-05-10T23:29:54.273+0000] {dag.py:3954} INFO - Setting next_dagrun for example_display_name to None, run_after=None
[2024-05-10T23:29:54.295+0000] {processor.py:183} INFO - Processing /home/airflow/.local/lib/python3.12/site-packages/airflow/example_dags/example_display_name.py took 0.070 seconds
[2024-05-10T23:30:24.662+0000] {processor.py:161} INFO - Started process (PID=429) to work on /home/airflow/.local/lib/python3.12/site-packages/airflow/example_dags/example_display_name.py
[2024-05-10T23:30:24.664+0000] {processor.py:830} INFO - Processing file /home/airflow/.local/lib/python3.12/site-packages/airflow/example_dags/example_display_name.py for tasks to queue
[2024-05-10T23:30:24.666+0000] {logging_mixin.py:188} INFO - [2024-05-10T23:30:24.666+0000] {dagbag.py:540} INFO - Filling up the DagBag from /home/airflow/.local/lib/python3.12/site-packages/airflow/example_dags/example_display_name.py
[2024-05-10T23:30:24.674+0000] {processor.py:840} INFO - DAG(s) 'example_display_name' retrieved from /home/airflow/.local/lib/python3.12/site-packages/airflow/example_dags/example_display_name.py
[2024-05-10T23:30:24.704+0000] {logging_mixin.py:188} INFO - [2024-05-10T23:30:24.704+0000] {dag.py:3096} INFO - Sync 1 DAGs
[2024-05-10T23:30:24.723+0000] {logging_mixin.py:188} INFO - [2024-05-10T23:30:24.723+0000] {dag.py:3954} INFO - Setting next_dagrun for example_display_name to None, run_after=None
[2024-05-10T23:30:24.754+0000] {processor.py:183} INFO - Processing /home/airflow/.local/lib/python3.12/site-packages/airflow/example_dags/example_display_name.py took 0.100 seconds
[2024-05-10T23:30:55.315+0000] {processor.py:161} INFO - Started process (PID=488) to work on /home/airflow/.local/lib/python3.12/site-packages/airflow/example_dags/example_display_name.py
[2024-05-10T23:30:55.316+0000] {processor.py:830} INFO - Processing file /home/airflow/.local/lib/python3.12/site-packages/airflow/example_dags/example_display_name.py for tasks to queue
[2024-05-10T23:30:55.318+0000] {logging_mixin.py:188} INFO - [2024-05-10T23:30:55.318+0000] {dagbag.py:540} INFO - Filling up the DagBag from /home/airflow/.local/lib/python3.12/site-packages/airflow/example_dags/example_display_name.py
[2024-05-10T23:30:55.324+0000] {processor.py:840} INFO - DAG(s) 'example_display_name' retrieved from /home/airflow/.local/lib/python3.12/site-packages/airflow/example_dags/example_display_name.py
[2024-05-10T23:30:55.346+0000] {logging_mixin.py:188} INFO - [2024-05-10T23:30:55.345+0000] {dag.py:3096} INFO - Sync 1 DAGs
[2024-05-10T23:30:55.361+0000] {logging_mixin.py:188} INFO - [2024-05-10T23:30:55.361+0000] {dag.py:3954} INFO - Setting next_dagrun for example_display_name to None, run_after=None
[2024-05-10T23:30:55.393+0000] {processor.py:183} INFO - Processing /home/airflow/.local/lib/python3.12/site-packages/airflow/example_dags/example_display_name.py took 0.083 seconds
[2024-05-10T23:31:25.783+0000] {processor.py:161} INFO - Started process (PID=547) to work on /home/airflow/.local/lib/python3.12/site-packages/airflow/example_dags/example_display_name.py
[2024-05-10T23:31:25.784+0000] {processor.py:830} INFO - Processing file /home/airflow/.local/lib/python3.12/site-packages/airflow/example_dags/example_display_name.py for tasks to queue
[2024-05-10T23:31:25.786+0000] {logging_mixin.py:188} INFO - [2024-05-10T23:31:25.785+0000] {dagbag.py:540} INFO - Filling up the DagBag from /home/airflow/.local/lib/python3.12/site-packages/airflow/example_dags/example_display_name.py
[2024-05-10T23:31:25.791+0000] {processor.py:840} INFO - DAG(s) 'example_display_name' retrieved from /home/airflow/.local/lib/python3.12/site-packages/airflow/example_dags/example_display_name.py
[2024-05-10T23:31:25.815+0000] {logging_mixin.py:188} INFO - [2024-05-10T23:31:25.815+0000] {dag.py:3096} INFO - Sync 1 DAGs
[2024-05-10T23:31:25.830+0000] {logging_mixin.py:188} INFO - [2024-05-10T23:31:25.830+0000] {dag.py:3954} INFO - Setting next_dagrun for example_display_name to None, run_after=None
[2024-05-10T23:31:25.864+0000] {processor.py:183} INFO - Processing /home/airflow/.local/lib/python3.12/site-packages/airflow/example_dags/example_display_name.py took 0.087 seconds
[2024-05-10T23:31:56.496+0000] {processor.py:161} INFO - Started process (PID=606) to work on /home/airflow/.local/lib/python3.12/site-packages/airflow/example_dags/example_display_name.py
[2024-05-10T23:31:56.497+0000] {processor.py:830} INFO - Processing file /home/airflow/.local/lib/python3.12/site-packages/airflow/example_dags/example_display_name.py for tasks to queue
[2024-05-10T23:31:56.499+0000] {logging_mixin.py:188} INFO - [2024-05-10T23:31:56.499+0000] {dagbag.py:540} INFO - Filling up the DagBag from /home/airflow/.local/lib/python3.12/site-packages/airflow/example_dags/example_display_name.py
[2024-05-10T23:31:56.506+0000] {processor.py:840} INFO - DAG(s) 'example_display_name' retrieved from /home/airflow/.local/lib/python3.12/site-packages/airflow/example_dags/example_display_name.py
[2024-05-10T23:31:56.528+0000] {logging_mixin.py:188} INFO - [2024-05-10T23:31:56.528+0000] {dag.py:3096} INFO - Sync 1 DAGs
[2024-05-10T23:31:56.544+0000] {logging_mixin.py:188} INFO - [2024-05-10T23:31:56.544+0000] {dag.py:3954} INFO - Setting next_dagrun for example_display_name to None, run_after=None
[2024-05-10T23:31:56.572+0000] {processor.py:183} INFO - Processing /home/airflow/.local/lib/python3.12/site-packages/airflow/example_dags/example_display_name.py took 0.083 seconds
[2024-05-10T23:32:27.116+0000] {processor.py:161} INFO - Started process (PID=665) to work on /home/airflow/.local/lib/python3.12/site-packages/airflow/example_dags/example_display_name.py
[2024-05-10T23:32:27.117+0000] {processor.py:830} INFO - Processing file /home/airflow/.local/lib/python3.12/site-packages/airflow/example_dags/example_display_name.py for tasks to queue
[2024-05-10T23:32:27.119+0000] {logging_mixin.py:188} INFO - [2024-05-10T23:32:27.118+0000] {dagbag.py:540} INFO - Filling up the DagBag from /home/airflow/.local/lib/python3.12/site-packages/airflow/example_dags/example_display_name.py
[2024-05-10T23:32:27.124+0000] {processor.py:840} INFO - DAG(s) 'example_display_name' retrieved from /home/airflow/.local/lib/python3.12/site-packages/airflow/example_dags/example_display_name.py
[2024-05-10T23:32:27.155+0000] {logging_mixin.py:188} INFO - [2024-05-10T23:32:27.155+0000] {dag.py:3096} INFO - Sync 1 DAGs
[2024-05-10T23:32:27.170+0000] {logging_mixin.py:188} INFO - [2024-05-10T23:32:27.169+0000] {dag.py:3954} INFO - Setting next_dagrun for example_display_name to None, run_after=None
[2024-05-10T23:32:27.191+0000] {processor.py:183} INFO - Processing /home/airflow/.local/lib/python3.12/site-packages/airflow/example_dags/example_display_name.py took 0.081 seconds
[2024-05-10T23:32:57.624+0000] {processor.py:161} INFO - Started process (PID=724) to work on /home/airflow/.local/lib/python3.12/site-packages/airflow/example_dags/example_display_name.py
[2024-05-10T23:32:57.625+0000] {processor.py:830} INFO - Processing file /home/airflow/.local/lib/python3.12/site-packages/airflow/example_dags/example_display_name.py for tasks to queue
[2024-05-10T23:32:57.627+0000] {logging_mixin.py:188} INFO - [2024-05-10T23:32:57.627+0000] {dagbag.py:540} INFO - Filling up the DagBag from /home/airflow/.local/lib/python3.12/site-packages/airflow/example_dags/example_display_name.py
[2024-05-10T23:32:57.633+0000] {processor.py:840} INFO - DAG(s) 'example_display_name' retrieved from /home/airflow/.local/lib/python3.12/site-packages/airflow/example_dags/example_display_name.py
[2024-05-10T23:32:57.658+0000] {logging_mixin.py:188} INFO - [2024-05-10T23:32:57.657+0000] {dag.py:3096} INFO - Sync 1 DAGs
[2024-05-10T23:32:57.673+0000] {logging_mixin.py:188} INFO - [2024-05-10T23:32:57.673+0000] {dag.py:3954} INFO - Setting next_dagrun for example_display_name to None, run_after=None
[2024-05-10T23:32:57.708+0000] {processor.py:183} INFO - Processing /home/airflow/.local/lib/python3.12/site-packages/airflow/example_dags/example_display_name.py took 0.091 seconds
[2024-05-10T23:33:28.198+0000] {processor.py:161} INFO - Started process (PID=783) to work on /home/airflow/.local/lib/python3.12/site-packages/airflow/example_dags/example_display_name.py
[2024-05-10T23:33:28.199+0000] {processor.py:830} INFO - Processing file /home/airflow/.local/lib/python3.12/site-packages/airflow/example_dags/example_display_name.py for tasks to queue
[2024-05-10T23:33:28.202+0000] {logging_mixin.py:188} INFO - [2024-05-10T23:33:28.201+0000] {dagbag.py:540} INFO - Filling up the DagBag from /home/airflow/.local/lib/python3.12/site-packages/airflow/example_dags/example_display_name.py
[2024-05-10T23:33:28.210+0000] {processor.py:840} INFO - DAG(s) 'example_display_name' retrieved from /home/airflow/.local/lib/python3.12/site-packages/airflow/example_dags/example_display_name.py
[2024-05-10T23:33:28.241+0000] {logging_mixin.py:188} INFO - [2024-05-10T23:33:28.240+0000] {dag.py:3096} INFO - Sync 1 DAGs
[2024-05-10T23:33:28.256+0000] {logging_mixin.py:188} INFO - [2024-05-10T23:33:28.256+0000] {dag.py:3954} INFO - Setting next_dagrun for example_display_name to None, run_after=None
[2024-05-10T23:33:28.277+0000] {processor.py:183} INFO - Processing /home/airflow/.local/lib/python3.12/site-packages/airflow/example_dags/example_display_name.py took 0.095 seconds
[2024-05-10T23:33:58.485+0000] {processor.py:161} INFO - Started process (PID=842) to work on /home/airflow/.local/lib/python3.12/site-packages/airflow/example_dags/example_display_name.py
[2024-05-10T23:33:58.486+0000] {processor.py:830} INFO - Processing file /home/airflow/.local/lib/python3.12/site-packages/airflow/example_dags/example_display_name.py for tasks to queue
[2024-05-10T23:33:58.488+0000] {logging_mixin.py:188} INFO - [2024-05-10T23:33:58.487+0000] {dagbag.py:540} INFO - Filling up the DagBag from /home/airflow/.local/lib/python3.12/site-packages/airflow/example_dags/example_display_name.py
[2024-05-10T23:33:58.493+0000] {processor.py:840} INFO - DAG(s) 'example_display_name' retrieved from /home/airflow/.local/lib/python3.12/site-packages/airflow/example_dags/example_display_name.py
[2024-05-10T23:33:58.518+0000] {logging_mixin.py:188} INFO - [2024-05-10T23:33:58.518+0000] {dag.py:3096} INFO - Sync 1 DAGs
[2024-05-10T23:33:58.537+0000] {logging_mixin.py:188} INFO - [2024-05-10T23:33:58.536+0000] {dag.py:3954} INFO - Setting next_dagrun for example_display_name to None, run_after=None
[2024-05-10T23:33:58.563+0000] {processor.py:183} INFO - Processing /home/airflow/.local/lib/python3.12/site-packages/airflow/example_dags/example_display_name.py took 0.084 seconds
[2024-05-10T23:34:28.602+0000] {processor.py:161} INFO - Started process (PID=901) to work on /home/airflow/.local/lib/python3.12/site-packages/airflow/example_dags/example_display_name.py
[2024-05-10T23:34:28.603+0000] {processor.py:830} INFO - Processing file /home/airflow/.local/lib/python3.12/site-packages/airflow/example_dags/example_display_name.py for tasks to queue
[2024-05-10T23:34:28.605+0000] {logging_mixin.py:188} INFO - [2024-05-10T23:34:28.604+0000] {dagbag.py:540} INFO - Filling up the DagBag from /home/airflow/.local/lib/python3.12/site-packages/airflow/example_dags/example_display_name.py
[2024-05-10T23:34:28.611+0000] {processor.py:840} INFO - DAG(s) 'example_display_name' retrieved from /home/airflow/.local/lib/python3.12/site-packages/airflow/example_dags/example_display_name.py
[2024-05-10T23:34:28.632+0000] {logging_mixin.py:188} INFO - [2024-05-10T23:34:28.632+0000] {dag.py:3096} INFO - Sync 1 DAGs
[2024-05-10T23:34:28.646+0000] {logging_mixin.py:188} INFO - [2024-05-10T23:34:28.646+0000] {dag.py:3954} INFO - Setting next_dagrun for example_display_name to None, run_after=None
[2024-05-10T23:34:28.667+0000] {processor.py:183} INFO - Processing /home/airflow/.local/lib/python3.12/site-packages/airflow/example_dags/example_display_name.py took 0.071 seconds
[2024-05-10T23:34:58.944+0000] {processor.py:161} INFO - Started process (PID=960) to work on /home/airflow/.local/lib/python3.12/site-packages/airflow/example_dags/example_display_name.py
[2024-05-10T23:34:58.945+0000] {processor.py:830} INFO - Processing file /home/airflow/.local/lib/python3.12/site-packages/airflow/example_dags/example_display_name.py for tasks to queue
[2024-05-10T23:34:58.947+0000] {logging_mixin.py:188} INFO - [2024-05-10T23:34:58.947+0000] {dagbag.py:540} INFO - Filling up the DagBag from /home/airflow/.local/lib/python3.12/site-packages/airflow/example_dags/example_display_name.py
[2024-05-10T23:34:58.952+0000] {processor.py:840} INFO - DAG(s) 'example_display_name' retrieved from /home/airflow/.local/lib/python3.12/site-packages/airflow/example_dags/example_display_name.py
[2024-05-10T23:34:58.974+0000] {logging_mixin.py:188} INFO - [2024-05-10T23:34:58.974+0000] {dag.py:3096} INFO - Sync 1 DAGs
[2024-05-10T23:34:58.989+0000] {logging_mixin.py:188} INFO - [2024-05-10T23:34:58.988+0000] {dag.py:3954} INFO - Setting next_dagrun for example_display_name to None, run_after=None
[2024-05-10T23:34:59.009+0000] {processor.py:183} INFO - Processing /home/airflow/.local/lib/python3.12/site-packages/airflow/example_dags/example_display_name.py took 0.070 seconds
[2024-05-10T23:35:29.214+0000] {processor.py:161} INFO - Started process (PID=1019) to work on /home/airflow/.local/lib/python3.12/site-packages/airflow/example_dags/example_display_name.py
[2024-05-10T23:35:29.215+0000] {processor.py:830} INFO - Processing file /home/airflow/.local/lib/python3.12/site-packages/airflow/example_dags/example_display_name.py for tasks to queue
[2024-05-10T23:35:29.218+0000] {logging_mixin.py:188} INFO - [2024-05-10T23:35:29.217+0000] {dagbag.py:540} INFO - Filling up the DagBag from /home/airflow/.local/lib/python3.12/site-packages/airflow/example_dags/example_display_name.py
[2024-05-10T23:35:29.224+0000] {processor.py:840} INFO - DAG(s) 'example_display_name' retrieved from /home/airflow/.local/lib/python3.12/site-packages/airflow/example_dags/example_display_name.py
[2024-05-10T23:35:29.246+0000] {logging_mixin.py:188} INFO - [2024-05-10T23:35:29.245+0000] {dag.py:3096} INFO - Sync 1 DAGs
[2024-05-10T23:35:29.264+0000] {logging_mixin.py:188} INFO - [2024-05-10T23:35:29.263+0000] {dag.py:3954} INFO - Setting next_dagrun for example_display_name to None, run_after=None
[2024-05-10T23:35:29.289+0000] {processor.py:183} INFO - Processing /home/airflow/.local/lib/python3.12/site-packages/airflow/example_dags/example_display_name.py took 0.080 seconds
[2024-05-10T23:35:59.477+0000] {processor.py:161} INFO - Started process (PID=1078) to work on /home/airflow/.local/lib/python3.12/site-packages/airflow/example_dags/example_display_name.py
[2024-05-10T23:35:59.478+0000] {processor.py:830} INFO - Processing file /home/airflow/.local/lib/python3.12/site-packages/airflow/example_dags/example_display_name.py for tasks to queue
[2024-05-10T23:35:59.480+0000] {logging_mixin.py:188} INFO - [2024-05-10T23:35:59.480+0000] {dagbag.py:540} INFO - Filling up the DagBag from /home/airflow/.local/lib/python3.12/site-packages/airflow/example_dags/example_display_name.py
[2024-05-10T23:35:59.486+0000] {processor.py:840} INFO - DAG(s) 'example_display_name' retrieved from /home/airflow/.local/lib/python3.12/site-packages/airflow/example_dags/example_display_name.py
[2024-05-10T23:35:59.505+0000] {logging_mixin.py:188} INFO - [2024-05-10T23:35:59.505+0000] {dag.py:3096} INFO - Sync 1 DAGs
[2024-05-10T23:35:59.523+0000] {logging_mixin.py:188} INFO - [2024-05-10T23:35:59.523+0000] {dag.py:3954} INFO - Setting next_dagrun for example_display_name to None, run_after=None
[2024-05-10T23:35:59.547+0000] {processor.py:183} INFO - Processing /home/airflow/.local/lib/python3.12/site-packages/airflow/example_dags/example_display_name.py took 0.076 seconds
[2024-05-10T23:36:29.796+0000] {processor.py:161} INFO - Started process (PID=1137) to work on /home/airflow/.local/lib/python3.12/site-packages/airflow/example_dags/example_display_name.py
[2024-05-10T23:36:29.797+0000] {processor.py:830} INFO - Processing file /home/airflow/.local/lib/python3.12/site-packages/airflow/example_dags/example_display_name.py for tasks to queue
[2024-05-10T23:36:29.801+0000] {logging_mixin.py:188} INFO - [2024-05-10T23:36:29.800+0000] {dagbag.py:540} INFO - Filling up the DagBag from /home/airflow/.local/lib/python3.12/site-packages/airflow/example_dags/example_display_name.py
[2024-05-10T23:36:29.806+0000] {processor.py:840} INFO - DAG(s) 'example_display_name' retrieved from /home/airflow/.local/lib/python3.12/site-packages/airflow/example_dags/example_display_name.py
[2024-05-10T23:36:29.942+0000] {logging_mixin.py:188} INFO - [2024-05-10T23:36:29.942+0000] {dag.py:3096} INFO - Sync 1 DAGs
[2024-05-10T23:36:29.955+0000] {logging_mixin.py:188} INFO - [2024-05-10T23:36:29.954+0000] {dag.py:3954} INFO - Setting next_dagrun for example_display_name to None, run_after=None
[2024-05-10T23:36:29.979+0000] {processor.py:183} INFO - Processing /home/airflow/.local/lib/python3.12/site-packages/airflow/example_dags/example_display_name.py took 0.188 seconds
[2024-05-10T23:37:00.731+0000] {processor.py:161} INFO - Started process (PID=1196) to work on /home/airflow/.local/lib/python3.12/site-packages/airflow/example_dags/example_display_name.py
[2024-05-10T23:37:00.732+0000] {processor.py:830} INFO - Processing file /home/airflow/.local/lib/python3.12/site-packages/airflow/example_dags/example_display_name.py for tasks to queue
[2024-05-10T23:37:00.734+0000] {logging_mixin.py:188} INFO - [2024-05-10T23:37:00.733+0000] {dagbag.py:540} INFO - Filling up the DagBag from /home/airflow/.local/lib/python3.12/site-packages/airflow/example_dags/example_display_name.py
[2024-05-10T23:37:00.739+0000] {processor.py:840} INFO - DAG(s) 'example_display_name' retrieved from /home/airflow/.local/lib/python3.12/site-packages/airflow/example_dags/example_display_name.py
[2024-05-10T23:37:00.761+0000] {logging_mixin.py:188} INFO - [2024-05-10T23:37:00.760+0000] {dag.py:3096} INFO - Sync 1 DAGs
[2024-05-10T23:37:00.774+0000] {logging_mixin.py:188} INFO - [2024-05-10T23:37:00.774+0000] {dag.py:3954} INFO - Setting next_dagrun for example_display_name to None, run_after=None
[2024-05-10T23:37:00.797+0000] {processor.py:183} INFO - Processing /home/airflow/.local/lib/python3.12/site-packages/airflow/example_dags/example_display_name.py took 0.072 seconds
[2024-05-10T23:37:30.874+0000] {processor.py:161} INFO - Started process (PID=1255) to work on /home/airflow/.local/lib/python3.12/site-packages/airflow/example_dags/example_display_name.py
[2024-05-10T23:37:30.875+0000] {processor.py:830} INFO - Processing file /home/airflow/.local/lib/python3.12/site-packages/airflow/example_dags/example_display_name.py for tasks to queue
[2024-05-10T23:37:30.877+0000] {logging_mixin.py:188} INFO - [2024-05-10T23:37:30.877+0000] {dagbag.py:540} INFO - Filling up the DagBag from /home/airflow/.local/lib/python3.12/site-packages/airflow/example_dags/example_display_name.py
[2024-05-10T23:37:30.882+0000] {processor.py:840} INFO - DAG(s) 'example_display_name' retrieved from /home/airflow/.local/lib/python3.12/site-packages/airflow/example_dags/example_display_name.py
[2024-05-10T23:37:30.901+0000] {logging_mixin.py:188} INFO - [2024-05-10T23:37:30.901+0000] {dag.py:3096} INFO - Sync 1 DAGs
[2024-05-10T23:37:30.914+0000] {logging_mixin.py:188} INFO - [2024-05-10T23:37:30.914+0000] {dag.py:3954} INFO - Setting next_dagrun for example_display_name to None, run_after=None
[2024-05-10T23:37:30.937+0000] {processor.py:183} INFO - Processing /home/airflow/.local/lib/python3.12/site-packages/airflow/example_dags/example_display_name.py took 0.069 seconds
[2024-05-10T23:38:01.854+0000] {processor.py:161} INFO - Started process (PID=1314) to work on /home/airflow/.local/lib/python3.12/site-packages/airflow/example_dags/example_display_name.py
[2024-05-10T23:38:01.856+0000] {processor.py:830} INFO - Processing file /home/airflow/.local/lib/python3.12/site-packages/airflow/example_dags/example_display_name.py for tasks to queue
[2024-05-10T23:38:01.858+0000] {logging_mixin.py:188} INFO - [2024-05-10T23:38:01.857+0000] {dagbag.py:540} INFO - Filling up the DagBag from /home/airflow/.local/lib/python3.12/site-packages/airflow/example_dags/example_display_name.py
[2024-05-10T23:38:01.862+0000] {processor.py:840} INFO - DAG(s) 'example_display_name' retrieved from /home/airflow/.local/lib/python3.12/site-packages/airflow/example_dags/example_display_name.py
[2024-05-10T23:38:01.884+0000] {logging_mixin.py:188} INFO - [2024-05-10T23:38:01.883+0000] {dag.py:3096} INFO - Sync 1 DAGs
[2024-05-10T23:38:01.899+0000] {logging_mixin.py:188} INFO - [2024-05-10T23:38:01.899+0000] {dag.py:3954} INFO - Setting next_dagrun for example_display_name to None, run_after=None
[2024-05-10T23:38:01.921+0000] {processor.py:183} INFO - Processing /home/airflow/.local/lib/python3.12/site-packages/airflow/example_dags/example_display_name.py took 0.071 seconds
[2024-05-10T23:38:32.594+0000] {processor.py:161} INFO - Started process (PID=1373) to work on /home/airflow/.local/lib/python3.12/site-packages/airflow/example_dags/example_display_name.py
[2024-05-10T23:38:32.595+0000] {processor.py:830} INFO - Processing file /home/airflow/.local/lib/python3.12/site-packages/airflow/example_dags/example_display_name.py for tasks to queue
[2024-05-10T23:38:32.598+0000] {logging_mixin.py:188} INFO - [2024-05-10T23:38:32.597+0000] {dagbag.py:540} INFO - Filling up the DagBag from /home/airflow/.local/lib/python3.12/site-packages/airflow/example_dags/example_display_name.py
[2024-05-10T23:38:32.604+0000] {processor.py:840} INFO - DAG(s) 'example_display_name' retrieved from /home/airflow/.local/lib/python3.12/site-packages/airflow/example_dags/example_display_name.py
[2024-05-10T23:38:32.626+0000] {logging_mixin.py:188} INFO - [2024-05-10T23:38:32.626+0000] {dag.py:3096} INFO - Sync 1 DAGs
[2024-05-10T23:38:32.642+0000] {logging_mixin.py:188} INFO - [2024-05-10T23:38:32.642+0000] {dag.py:3954} INFO - Setting next_dagrun for example_display_name to None, run_after=None
[2024-05-10T23:38:32.668+0000] {processor.py:183} INFO - Processing /home/airflow/.local/lib/python3.12/site-packages/airflow/example_dags/example_display_name.py took 0.080 seconds
[2024-05-10T23:39:03.268+0000] {processor.py:161} INFO - Started process (PID=1432) to work on /home/airflow/.local/lib/python3.12/site-packages/airflow/example_dags/example_display_name.py
[2024-05-10T23:39:03.269+0000] {processor.py:830} INFO - Processing file /home/airflow/.local/lib/python3.12/site-packages/airflow/example_dags/example_display_name.py for tasks to queue
[2024-05-10T23:39:03.272+0000] {logging_mixin.py:188} INFO - [2024-05-10T23:39:03.271+0000] {dagbag.py:540} INFO - Filling up the DagBag from /home/airflow/.local/lib/python3.12/site-packages/airflow/example_dags/example_display_name.py
[2024-05-10T23:39:03.278+0000] {processor.py:840} INFO - DAG(s) 'example_display_name' retrieved from /home/airflow/.local/lib/python3.12/site-packages/airflow/example_dags/example_display_name.py
[2024-05-10T23:39:03.305+0000] {logging_mixin.py:188} INFO - [2024-05-10T23:39:03.305+0000] {dag.py:3096} INFO - Sync 1 DAGs
[2024-05-10T23:39:03.320+0000] {logging_mixin.py:188} INFO - [2024-05-10T23:39:03.319+0000] {dag.py:3954} INFO - Setting next_dagrun for example_display_name to None, run_after=None
[2024-05-10T23:39:03.347+0000] {processor.py:183} INFO - Processing /home/airflow/.local/lib/python3.12/site-packages/airflow/example_dags/example_display_name.py took 0.086 seconds
[2024-05-10T23:39:34.022+0000] {processor.py:161} INFO - Started process (PID=1491) to work on /home/airflow/.local/lib/python3.12/site-packages/airflow/example_dags/example_display_name.py
[2024-05-10T23:39:34.023+0000] {processor.py:830} INFO - Processing file /home/airflow/.local/lib/python3.12/site-packages/airflow/example_dags/example_display_name.py for tasks to queue
[2024-05-10T23:39:34.025+0000] {logging_mixin.py:188} INFO - [2024-05-10T23:39:34.024+0000] {dagbag.py:540} INFO - Filling up the DagBag from /home/airflow/.local/lib/python3.12/site-packages/airflow/example_dags/example_display_name.py
[2024-05-10T23:39:34.031+0000] {processor.py:840} INFO - DAG(s) 'example_display_name' retrieved from /home/airflow/.local/lib/python3.12/site-packages/airflow/example_dags/example_display_name.py
[2024-05-10T23:39:34.052+0000] {logging_mixin.py:188} INFO - [2024-05-10T23:39:34.052+0000] {dag.py:3096} INFO - Sync 1 DAGs
[2024-05-10T23:39:34.067+0000] {logging_mixin.py:188} INFO - [2024-05-10T23:39:34.067+0000] {dag.py:3954} INFO - Setting next_dagrun for example_display_name to None, run_after=None
[2024-05-10T23:39:34.089+0000] {processor.py:183} INFO - Processing /home/airflow/.local/lib/python3.12/site-packages/airflow/example_dags/example_display_name.py took 0.075 seconds
[2024-05-10T23:40:04.768+0000] {processor.py:161} INFO - Started process (PID=1550) to work on /home/airflow/.local/lib/python3.12/site-packages/airflow/example_dags/example_display_name.py
[2024-05-10T23:40:04.770+0000] {processor.py:830} INFO - Processing file /home/airflow/.local/lib/python3.12/site-packages/airflow/example_dags/example_display_name.py for tasks to queue
[2024-05-10T23:40:04.772+0000] {logging_mixin.py:188} INFO - [2024-05-10T23:40:04.772+0000] {dagbag.py:540} INFO - Filling up the DagBag from /home/airflow/.local/lib/python3.12/site-packages/airflow/example_dags/example_display_name.py
[2024-05-10T23:40:04.779+0000] {processor.py:840} INFO - DAG(s) 'example_display_name' retrieved from /home/airflow/.local/lib/python3.12/site-packages/airflow/example_dags/example_display_name.py
[2024-05-10T23:40:04.802+0000] {logging_mixin.py:188} INFO - [2024-05-10T23:40:04.802+0000] {dag.py:3096} INFO - Sync 1 DAGs
[2024-05-10T23:40:04.820+0000] {logging_mixin.py:188} INFO - [2024-05-10T23:40:04.819+0000] {dag.py:3954} INFO - Setting next_dagrun for example_display_name to None, run_after=None
[2024-05-10T23:40:04.844+0000] {processor.py:183} INFO - Processing /home/airflow/.local/lib/python3.12/site-packages/airflow/example_dags/example_display_name.py took 0.081 seconds
[2024-05-10T23:40:35.573+0000] {processor.py:161} INFO - Started process (PID=1609) to work on /home/airflow/.local/lib/python3.12/site-packages/airflow/example_dags/example_display_name.py
[2024-05-10T23:40:35.574+0000] {processor.py:830} INFO - Processing file /home/airflow/.local/lib/python3.12/site-packages/airflow/example_dags/example_display_name.py for tasks to queue
[2024-05-10T23:40:35.576+0000] {logging_mixin.py:188} INFO - [2024-05-10T23:40:35.576+0000] {dagbag.py:540} INFO - Filling up the DagBag from /home/airflow/.local/lib/python3.12/site-packages/airflow/example_dags/example_display_name.py
[2024-05-10T23:40:35.581+0000] {processor.py:840} INFO - DAG(s) 'example_display_name' retrieved from /home/airflow/.local/lib/python3.12/site-packages/airflow/example_dags/example_display_name.py
[2024-05-10T23:40:35.601+0000] {logging_mixin.py:188} INFO - [2024-05-10T23:40:35.600+0000] {dag.py:3096} INFO - Sync 1 DAGs
[2024-05-10T23:40:35.614+0000] {logging_mixin.py:188} INFO - [2024-05-10T23:40:35.614+0000] {dag.py:3954} INFO - Setting next_dagrun for example_display_name to None, run_after=None
[2024-05-10T23:40:35.636+0000] {processor.py:183} INFO - Processing /home/airflow/.local/lib/python3.12/site-packages/airflow/example_dags/example_display_name.py took 0.068 seconds
