[2024-05-10T23:27:11.737+0000] {processor.py:161} INFO - Started process (PID=36) to work on /home/airflow/.local/lib/python3.12/site-packages/airflow/example_dags/example_branch_python_dop_operator_3.py
[2024-05-10T23:27:11.738+0000] {processor.py:830} INFO - Processing file /home/airflow/.local/lib/python3.12/site-packages/airflow/example_dags/example_branch_python_dop_operator_3.py for tasks to queue
[2024-05-10T23:27:11.741+0000] {logging_mixin.py:188} INFO - [2024-05-10T23:27:11.741+0000] {dagbag.py:540} INFO - Filling up the DagBag from /home/airflow/.local/lib/python3.12/site-packages/airflow/example_dags/example_branch_python_dop_operator_3.py
[2024-05-10T23:27:11.755+0000] {processor.py:840} INFO - DAG(s) 'example_branch_dop_operator_v3' retrieved from /home/airflow/.local/lib/python3.12/site-packages/airflow/example_dags/example_branch_python_dop_operator_3.py
[2024-05-10T23:27:11.910+0000] {logging_mixin.py:188} INFO - [2024-05-10T23:27:11.910+0000] {dag.py:3096} INFO - Sync 1 DAGs
[2024-05-10T23:27:11.946+0000] {logging_mixin.py:188} INFO - [2024-05-10T23:27:11.946+0000] {dag.py:3954} INFO - Setting next_dagrun for example_branch_dop_operator_v3 to 2024-05-10 23:26:00+00:00, run_after=2024-05-10 23:27:00+00:00
[2024-05-10T23:27:11.978+0000] {processor.py:183} INFO - Processing /home/airflow/.local/lib/python3.12/site-packages/airflow/example_dags/example_branch_python_dop_operator_3.py took 0.251 seconds
[2024-05-10T23:27:42.982+0000] {processor.py:161} INFO - Started process (PID=95) to work on /home/airflow/.local/lib/python3.12/site-packages/airflow/example_dags/example_branch_python_dop_operator_3.py
[2024-05-10T23:27:42.994+0000] {processor.py:830} INFO - Processing file /home/airflow/.local/lib/python3.12/site-packages/airflow/example_dags/example_branch_python_dop_operator_3.py for tasks to queue
[2024-05-10T23:27:42.996+0000] {logging_mixin.py:188} INFO - [2024-05-10T23:27:42.996+0000] {dagbag.py:540} INFO - Filling up the DagBag from /home/airflow/.local/lib/python3.12/site-packages/airflow/example_dags/example_branch_python_dop_operator_3.py
[2024-05-10T23:27:43.005+0000] {processor.py:840} INFO - DAG(s) 'example_branch_dop_operator_v3' retrieved from /home/airflow/.local/lib/python3.12/site-packages/airflow/example_dags/example_branch_python_dop_operator_3.py
[2024-05-10T23:27:43.027+0000] {logging_mixin.py:188} INFO - [2024-05-10T23:27:43.027+0000] {dag.py:3096} INFO - Sync 1 DAGs
[2024-05-10T23:27:43.058+0000] {logging_mixin.py:188} INFO - [2024-05-10T23:27:43.058+0000] {dag.py:3954} INFO - Setting next_dagrun for example_branch_dop_operator_v3 to 2024-05-10 23:26:00+00:00, run_after=2024-05-10 23:27:00+00:00
[2024-05-10T23:27:43.082+0000] {processor.py:183} INFO - Processing /home/airflow/.local/lib/python3.12/site-packages/airflow/example_dags/example_branch_python_dop_operator_3.py took 0.106 seconds
[2024-05-10T23:28:13.732+0000] {processor.py:161} INFO - Started process (PID=154) to work on /home/airflow/.local/lib/python3.12/site-packages/airflow/example_dags/example_branch_python_dop_operator_3.py
[2024-05-10T23:28:13.736+0000] {processor.py:830} INFO - Processing file /home/airflow/.local/lib/python3.12/site-packages/airflow/example_dags/example_branch_python_dop_operator_3.py for tasks to queue
[2024-05-10T23:28:13.739+0000] {logging_mixin.py:188} INFO - [2024-05-10T23:28:13.738+0000] {dagbag.py:540} INFO - Filling up the DagBag from /home/airflow/.local/lib/python3.12/site-packages/airflow/example_dags/example_branch_python_dop_operator_3.py
[2024-05-10T23:28:13.751+0000] {processor.py:840} INFO - DAG(s) 'example_branch_dop_operator_v3' retrieved from /home/airflow/.local/lib/python3.12/site-packages/airflow/example_dags/example_branch_python_dop_operator_3.py
[2024-05-10T23:28:13.794+0000] {logging_mixin.py:188} INFO - [2024-05-10T23:28:13.793+0000] {dag.py:3096} INFO - Sync 1 DAGs
[2024-05-10T23:28:13.832+0000] {logging_mixin.py:188} INFO - [2024-05-10T23:28:13.831+0000] {dag.py:3954} INFO - Setting next_dagrun for example_branch_dop_operator_v3 to 2024-05-10 23:27:00+00:00, run_after=2024-05-10 23:28:00+00:00
[2024-05-10T23:28:13.857+0000] {processor.py:183} INFO - Processing /home/airflow/.local/lib/python3.12/site-packages/airflow/example_dags/example_branch_python_dop_operator_3.py took 0.131 seconds
[2024-05-10T23:28:44.441+0000] {processor.py:161} INFO - Started process (PID=213) to work on /home/airflow/.local/lib/python3.12/site-packages/airflow/example_dags/example_branch_python_dop_operator_3.py
[2024-05-10T23:28:44.442+0000] {processor.py:830} INFO - Processing file /home/airflow/.local/lib/python3.12/site-packages/airflow/example_dags/example_branch_python_dop_operator_3.py for tasks to queue
[2024-05-10T23:28:44.444+0000] {logging_mixin.py:188} INFO - [2024-05-10T23:28:44.444+0000] {dagbag.py:540} INFO - Filling up the DagBag from /home/airflow/.local/lib/python3.12/site-packages/airflow/example_dags/example_branch_python_dop_operator_3.py
[2024-05-10T23:28:44.454+0000] {processor.py:840} INFO - DAG(s) 'example_branch_dop_operator_v3' retrieved from /home/airflow/.local/lib/python3.12/site-packages/airflow/example_dags/example_branch_python_dop_operator_3.py
[2024-05-10T23:28:44.475+0000] {logging_mixin.py:188} INFO - [2024-05-10T23:28:44.475+0000] {dag.py:3096} INFO - Sync 1 DAGs
[2024-05-10T23:28:44.504+0000] {logging_mixin.py:188} INFO - [2024-05-10T23:28:44.503+0000] {dag.py:3954} INFO - Setting next_dagrun for example_branch_dop_operator_v3 to 2024-05-10 23:27:00+00:00, run_after=2024-05-10 23:28:00+00:00
[2024-05-10T23:28:44.527+0000] {processor.py:183} INFO - Processing /home/airflow/.local/lib/python3.12/site-packages/airflow/example_dags/example_branch_python_dop_operator_3.py took 0.092 seconds
[2024-05-10T23:29:14.651+0000] {processor.py:161} INFO - Started process (PID=272) to work on /home/airflow/.local/lib/python3.12/site-packages/airflow/example_dags/example_branch_python_dop_operator_3.py
[2024-05-10T23:29:14.652+0000] {processor.py:830} INFO - Processing file /home/airflow/.local/lib/python3.12/site-packages/airflow/example_dags/example_branch_python_dop_operator_3.py for tasks to queue
[2024-05-10T23:29:14.655+0000] {logging_mixin.py:188} INFO - [2024-05-10T23:29:14.654+0000] {dagbag.py:540} INFO - Filling up the DagBag from /home/airflow/.local/lib/python3.12/site-packages/airflow/example_dags/example_branch_python_dop_operator_3.py
[2024-05-10T23:29:14.667+0000] {processor.py:840} INFO - DAG(s) 'example_branch_dop_operator_v3' retrieved from /home/airflow/.local/lib/python3.12/site-packages/airflow/example_dags/example_branch_python_dop_operator_3.py
[2024-05-10T23:29:14.705+0000] {logging_mixin.py:188} INFO - [2024-05-10T23:29:14.705+0000] {dag.py:3096} INFO - Sync 1 DAGs
[2024-05-10T23:29:14.738+0000] {logging_mixin.py:188} INFO - [2024-05-10T23:29:14.738+0000] {dag.py:3954} INFO - Setting next_dagrun for example_branch_dop_operator_v3 to 2024-05-10 23:28:00+00:00, run_after=2024-05-10 23:29:00+00:00
[2024-05-10T23:29:14.761+0000] {processor.py:183} INFO - Processing /home/airflow/.local/lib/python3.12/site-packages/airflow/example_dags/example_branch_python_dop_operator_3.py took 0.118 seconds
[2024-05-10T23:29:44.840+0000] {processor.py:161} INFO - Started process (PID=331) to work on /home/airflow/.local/lib/python3.12/site-packages/airflow/example_dags/example_branch_python_dop_operator_3.py
[2024-05-10T23:29:44.841+0000] {processor.py:830} INFO - Processing file /home/airflow/.local/lib/python3.12/site-packages/airflow/example_dags/example_branch_python_dop_operator_3.py for tasks to queue
[2024-05-10T23:29:44.843+0000] {logging_mixin.py:188} INFO - [2024-05-10T23:29:44.842+0000] {dagbag.py:540} INFO - Filling up the DagBag from /home/airflow/.local/lib/python3.12/site-packages/airflow/example_dags/example_branch_python_dop_operator_3.py
[2024-05-10T23:29:44.852+0000] {processor.py:840} INFO - DAG(s) 'example_branch_dop_operator_v3' retrieved from /home/airflow/.local/lib/python3.12/site-packages/airflow/example_dags/example_branch_python_dop_operator_3.py
[2024-05-10T23:29:44.876+0000] {logging_mixin.py:188} INFO - [2024-05-10T23:29:44.876+0000] {dag.py:3096} INFO - Sync 1 DAGs
[2024-05-10T23:29:44.904+0000] {logging_mixin.py:188} INFO - [2024-05-10T23:29:44.904+0000] {dag.py:3954} INFO - Setting next_dagrun for example_branch_dop_operator_v3 to 2024-05-10 23:28:00+00:00, run_after=2024-05-10 23:29:00+00:00
[2024-05-10T23:29:44.927+0000] {processor.py:183} INFO - Processing /home/airflow/.local/lib/python3.12/site-packages/airflow/example_dags/example_branch_python_dop_operator_3.py took 0.092 seconds
[2024-05-10T23:30:15.494+0000] {processor.py:161} INFO - Started process (PID=390) to work on /home/airflow/.local/lib/python3.12/site-packages/airflow/example_dags/example_branch_python_dop_operator_3.py
[2024-05-10T23:30:15.495+0000] {processor.py:830} INFO - Processing file /home/airflow/.local/lib/python3.12/site-packages/airflow/example_dags/example_branch_python_dop_operator_3.py for tasks to queue
[2024-05-10T23:30:15.498+0000] {logging_mixin.py:188} INFO - [2024-05-10T23:30:15.497+0000] {dagbag.py:540} INFO - Filling up the DagBag from /home/airflow/.local/lib/python3.12/site-packages/airflow/example_dags/example_branch_python_dop_operator_3.py
[2024-05-10T23:30:15.507+0000] {processor.py:840} INFO - DAG(s) 'example_branch_dop_operator_v3' retrieved from /home/airflow/.local/lib/python3.12/site-packages/airflow/example_dags/example_branch_python_dop_operator_3.py
[2024-05-10T23:30:15.528+0000] {logging_mixin.py:188} INFO - [2024-05-10T23:30:15.528+0000] {dag.py:3096} INFO - Sync 1 DAGs
[2024-05-10T23:30:15.557+0000] {logging_mixin.py:188} INFO - [2024-05-10T23:30:15.557+0000] {dag.py:3954} INFO - Setting next_dagrun for example_branch_dop_operator_v3 to 2024-05-10 23:29:00+00:00, run_after=2024-05-10 23:30:00+00:00
[2024-05-10T23:30:15.585+0000] {processor.py:183} INFO - Processing /home/airflow/.local/lib/python3.12/site-packages/airflow/example_dags/example_branch_python_dop_operator_3.py took 0.098 seconds
[2024-05-10T23:30:46.078+0000] {processor.py:161} INFO - Started process (PID=449) to work on /home/airflow/.local/lib/python3.12/site-packages/airflow/example_dags/example_branch_python_dop_operator_3.py
[2024-05-10T23:30:46.080+0000] {processor.py:830} INFO - Processing file /home/airflow/.local/lib/python3.12/site-packages/airflow/example_dags/example_branch_python_dop_operator_3.py for tasks to queue
[2024-05-10T23:30:46.082+0000] {logging_mixin.py:188} INFO - [2024-05-10T23:30:46.082+0000] {dagbag.py:540} INFO - Filling up the DagBag from /home/airflow/.local/lib/python3.12/site-packages/airflow/example_dags/example_branch_python_dop_operator_3.py
[2024-05-10T23:30:46.093+0000] {processor.py:840} INFO - DAG(s) 'example_branch_dop_operator_v3' retrieved from /home/airflow/.local/lib/python3.12/site-packages/airflow/example_dags/example_branch_python_dop_operator_3.py
[2024-05-10T23:30:46.119+0000] {logging_mixin.py:188} INFO - [2024-05-10T23:30:46.118+0000] {dag.py:3096} INFO - Sync 1 DAGs
[2024-05-10T23:30:46.151+0000] {logging_mixin.py:188} INFO - [2024-05-10T23:30:46.151+0000] {dag.py:3954} INFO - Setting next_dagrun for example_branch_dop_operator_v3 to 2024-05-10 23:29:00+00:00, run_after=2024-05-10 23:30:00+00:00
[2024-05-10T23:30:46.176+0000] {processor.py:183} INFO - Processing /home/airflow/.local/lib/python3.12/site-packages/airflow/example_dags/example_branch_python_dop_operator_3.py took 0.105 seconds
[2024-05-10T23:31:16.567+0000] {processor.py:161} INFO - Started process (PID=508) to work on /home/airflow/.local/lib/python3.12/site-packages/airflow/example_dags/example_branch_python_dop_operator_3.py
[2024-05-10T23:31:16.569+0000] {processor.py:830} INFO - Processing file /home/airflow/.local/lib/python3.12/site-packages/airflow/example_dags/example_branch_python_dop_operator_3.py for tasks to queue
[2024-05-10T23:31:16.571+0000] {logging_mixin.py:188} INFO - [2024-05-10T23:31:16.570+0000] {dagbag.py:540} INFO - Filling up the DagBag from /home/airflow/.local/lib/python3.12/site-packages/airflow/example_dags/example_branch_python_dop_operator_3.py
[2024-05-10T23:31:16.579+0000] {processor.py:840} INFO - DAG(s) 'example_branch_dop_operator_v3' retrieved from /home/airflow/.local/lib/python3.12/site-packages/airflow/example_dags/example_branch_python_dop_operator_3.py
[2024-05-10T23:31:16.602+0000] {logging_mixin.py:188} INFO - [2024-05-10T23:31:16.602+0000] {dag.py:3096} INFO - Sync 1 DAGs
[2024-05-10T23:31:16.629+0000] {logging_mixin.py:188} INFO - [2024-05-10T23:31:16.629+0000] {dag.py:3954} INFO - Setting next_dagrun for example_branch_dop_operator_v3 to 2024-05-10 23:30:00+00:00, run_after=2024-05-10 23:31:00+00:00
[2024-05-10T23:31:16.654+0000] {processor.py:183} INFO - Processing /home/airflow/.local/lib/python3.12/site-packages/airflow/example_dags/example_branch_python_dop_operator_3.py took 0.093 seconds
[2024-05-10T23:31:47.095+0000] {processor.py:161} INFO - Started process (PID=567) to work on /home/airflow/.local/lib/python3.12/site-packages/airflow/example_dags/example_branch_python_dop_operator_3.py
[2024-05-10T23:31:47.096+0000] {processor.py:830} INFO - Processing file /home/airflow/.local/lib/python3.12/site-packages/airflow/example_dags/example_branch_python_dop_operator_3.py for tasks to queue
[2024-05-10T23:31:47.099+0000] {logging_mixin.py:188} INFO - [2024-05-10T23:31:47.099+0000] {dagbag.py:540} INFO - Filling up the DagBag from /home/airflow/.local/lib/python3.12/site-packages/airflow/example_dags/example_branch_python_dop_operator_3.py
[2024-05-10T23:31:47.110+0000] {processor.py:840} INFO - DAG(s) 'example_branch_dop_operator_v3' retrieved from /home/airflow/.local/lib/python3.12/site-packages/airflow/example_dags/example_branch_python_dop_operator_3.py
[2024-05-10T23:31:47.137+0000] {logging_mixin.py:188} INFO - [2024-05-10T23:31:47.137+0000] {dag.py:3096} INFO - Sync 1 DAGs
[2024-05-10T23:31:47.169+0000] {logging_mixin.py:188} INFO - [2024-05-10T23:31:47.168+0000] {dag.py:3954} INFO - Setting next_dagrun for example_branch_dop_operator_v3 to 2024-05-10 23:30:00+00:00, run_after=2024-05-10 23:31:00+00:00
[2024-05-10T23:31:47.195+0000] {processor.py:183} INFO - Processing /home/airflow/.local/lib/python3.12/site-packages/airflow/example_dags/example_branch_python_dop_operator_3.py took 0.107 seconds
[2024-05-10T23:32:17.813+0000] {processor.py:161} INFO - Started process (PID=626) to work on /home/airflow/.local/lib/python3.12/site-packages/airflow/example_dags/example_branch_python_dop_operator_3.py
[2024-05-10T23:32:17.814+0000] {processor.py:830} INFO - Processing file /home/airflow/.local/lib/python3.12/site-packages/airflow/example_dags/example_branch_python_dop_operator_3.py for tasks to queue
[2024-05-10T23:32:17.816+0000] {logging_mixin.py:188} INFO - [2024-05-10T23:32:17.815+0000] {dagbag.py:540} INFO - Filling up the DagBag from /home/airflow/.local/lib/python3.12/site-packages/airflow/example_dags/example_branch_python_dop_operator_3.py
[2024-05-10T23:32:17.824+0000] {processor.py:840} INFO - DAG(s) 'example_branch_dop_operator_v3' retrieved from /home/airflow/.local/lib/python3.12/site-packages/airflow/example_dags/example_branch_python_dop_operator_3.py
[2024-05-10T23:32:17.846+0000] {logging_mixin.py:188} INFO - [2024-05-10T23:32:17.845+0000] {dag.py:3096} INFO - Sync 1 DAGs
[2024-05-10T23:32:17.874+0000] {logging_mixin.py:188} INFO - [2024-05-10T23:32:17.874+0000] {dag.py:3954} INFO - Setting next_dagrun for example_branch_dop_operator_v3 to 2024-05-10 23:31:00+00:00, run_after=2024-05-10 23:32:00+00:00
[2024-05-10T23:32:17.901+0000] {processor.py:183} INFO - Processing /home/airflow/.local/lib/python3.12/site-packages/airflow/example_dags/example_branch_python_dop_operator_3.py took 0.094 seconds
[2024-05-10T23:32:48.378+0000] {processor.py:161} INFO - Started process (PID=685) to work on /home/airflow/.local/lib/python3.12/site-packages/airflow/example_dags/example_branch_python_dop_operator_3.py
[2024-05-10T23:32:48.379+0000] {processor.py:830} INFO - Processing file /home/airflow/.local/lib/python3.12/site-packages/airflow/example_dags/example_branch_python_dop_operator_3.py for tasks to queue
[2024-05-10T23:32:48.381+0000] {logging_mixin.py:188} INFO - [2024-05-10T23:32:48.380+0000] {dagbag.py:540} INFO - Filling up the DagBag from /home/airflow/.local/lib/python3.12/site-packages/airflow/example_dags/example_branch_python_dop_operator_3.py
[2024-05-10T23:32:48.389+0000] {processor.py:840} INFO - DAG(s) 'example_branch_dop_operator_v3' retrieved from /home/airflow/.local/lib/python3.12/site-packages/airflow/example_dags/example_branch_python_dop_operator_3.py
[2024-05-10T23:32:48.408+0000] {logging_mixin.py:188} INFO - [2024-05-10T23:32:48.408+0000] {dag.py:3096} INFO - Sync 1 DAGs
[2024-05-10T23:32:48.437+0000] {logging_mixin.py:188} INFO - [2024-05-10T23:32:48.437+0000] {dag.py:3954} INFO - Setting next_dagrun for example_branch_dop_operator_v3 to 2024-05-10 23:31:00+00:00, run_after=2024-05-10 23:32:00+00:00
[2024-05-10T23:32:48.466+0000] {processor.py:183} INFO - Processing /home/airflow/.local/lib/python3.12/site-packages/airflow/example_dags/example_branch_python_dop_operator_3.py took 0.094 seconds
[2024-05-10T23:33:19.101+0000] {processor.py:161} INFO - Started process (PID=744) to work on /home/airflow/.local/lib/python3.12/site-packages/airflow/example_dags/example_branch_python_dop_operator_3.py
[2024-05-10T23:33:19.102+0000] {processor.py:830} INFO - Processing file /home/airflow/.local/lib/python3.12/site-packages/airflow/example_dags/example_branch_python_dop_operator_3.py for tasks to queue
[2024-05-10T23:33:19.104+0000] {logging_mixin.py:188} INFO - [2024-05-10T23:33:19.104+0000] {dagbag.py:540} INFO - Filling up the DagBag from /home/airflow/.local/lib/python3.12/site-packages/airflow/example_dags/example_branch_python_dop_operator_3.py
[2024-05-10T23:33:19.112+0000] {processor.py:840} INFO - DAG(s) 'example_branch_dop_operator_v3' retrieved from /home/airflow/.local/lib/python3.12/site-packages/airflow/example_dags/example_branch_python_dop_operator_3.py
[2024-05-10T23:33:19.134+0000] {logging_mixin.py:188} INFO - [2024-05-10T23:33:19.133+0000] {dag.py:3096} INFO - Sync 1 DAGs
[2024-05-10T23:33:19.162+0000] {logging_mixin.py:188} INFO - [2024-05-10T23:33:19.162+0000] {dag.py:3954} INFO - Setting next_dagrun for example_branch_dop_operator_v3 to 2024-05-10 23:32:00+00:00, run_after=2024-05-10 23:33:00+00:00
[2024-05-10T23:33:19.190+0000] {processor.py:183} INFO - Processing /home/airflow/.local/lib/python3.12/site-packages/airflow/example_dags/example_branch_python_dop_operator_3.py took 0.096 seconds
[2024-05-10T23:33:49.926+0000] {processor.py:161} INFO - Started process (PID=803) to work on /home/airflow/.local/lib/python3.12/site-packages/airflow/example_dags/example_branch_python_dop_operator_3.py
[2024-05-10T23:33:49.927+0000] {processor.py:830} INFO - Processing file /home/airflow/.local/lib/python3.12/site-packages/airflow/example_dags/example_branch_python_dop_operator_3.py for tasks to queue
[2024-05-10T23:33:49.930+0000] {logging_mixin.py:188} INFO - [2024-05-10T23:33:49.929+0000] {dagbag.py:540} INFO - Filling up the DagBag from /home/airflow/.local/lib/python3.12/site-packages/airflow/example_dags/example_branch_python_dop_operator_3.py
[2024-05-10T23:33:49.939+0000] {processor.py:840} INFO - DAG(s) 'example_branch_dop_operator_v3' retrieved from /home/airflow/.local/lib/python3.12/site-packages/airflow/example_dags/example_branch_python_dop_operator_3.py
[2024-05-10T23:33:49.963+0000] {logging_mixin.py:188} INFO - [2024-05-10T23:33:49.963+0000] {dag.py:3096} INFO - Sync 1 DAGs
[2024-05-10T23:33:49.996+0000] {logging_mixin.py:188} INFO - [2024-05-10T23:33:49.995+0000] {dag.py:3954} INFO - Setting next_dagrun for example_branch_dop_operator_v3 to 2024-05-10 23:32:00+00:00, run_after=2024-05-10 23:33:00+00:00
[2024-05-10T23:33:50.022+0000] {processor.py:183} INFO - Processing /home/airflow/.local/lib/python3.12/site-packages/airflow/example_dags/example_branch_python_dop_operator_3.py took 0.102 seconds
[2024-05-10T23:34:20.179+0000] {processor.py:161} INFO - Started process (PID=862) to work on /home/airflow/.local/lib/python3.12/site-packages/airflow/example_dags/example_branch_python_dop_operator_3.py
[2024-05-10T23:34:20.180+0000] {processor.py:830} INFO - Processing file /home/airflow/.local/lib/python3.12/site-packages/airflow/example_dags/example_branch_python_dop_operator_3.py for tasks to queue
[2024-05-10T23:34:20.182+0000] {logging_mixin.py:188} INFO - [2024-05-10T23:34:20.181+0000] {dagbag.py:540} INFO - Filling up the DagBag from /home/airflow/.local/lib/python3.12/site-packages/airflow/example_dags/example_branch_python_dop_operator_3.py
[2024-05-10T23:34:20.194+0000] {processor.py:840} INFO - DAG(s) 'example_branch_dop_operator_v3' retrieved from /home/airflow/.local/lib/python3.12/site-packages/airflow/example_dags/example_branch_python_dop_operator_3.py
[2024-05-10T23:34:20.214+0000] {logging_mixin.py:188} INFO - [2024-05-10T23:34:20.214+0000] {dag.py:3096} INFO - Sync 1 DAGs
[2024-05-10T23:34:20.241+0000] {logging_mixin.py:188} INFO - [2024-05-10T23:34:20.240+0000] {dag.py:3954} INFO - Setting next_dagrun for example_branch_dop_operator_v3 to 2024-05-10 23:33:00+00:00, run_after=2024-05-10 23:34:00+00:00
[2024-05-10T23:34:20.263+0000] {processor.py:183} INFO - Processing /home/airflow/.local/lib/python3.12/site-packages/airflow/example_dags/example_branch_python_dop_operator_3.py took 0.089 seconds
[2024-05-10T23:34:50.369+0000] {processor.py:161} INFO - Started process (PID=921) to work on /home/airflow/.local/lib/python3.12/site-packages/airflow/example_dags/example_branch_python_dop_operator_3.py
[2024-05-10T23:34:50.371+0000] {processor.py:830} INFO - Processing file /home/airflow/.local/lib/python3.12/site-packages/airflow/example_dags/example_branch_python_dop_operator_3.py for tasks to queue
[2024-05-10T23:34:50.374+0000] {logging_mixin.py:188} INFO - [2024-05-10T23:34:50.373+0000] {dagbag.py:540} INFO - Filling up the DagBag from /home/airflow/.local/lib/python3.12/site-packages/airflow/example_dags/example_branch_python_dop_operator_3.py
[2024-05-10T23:34:50.383+0000] {processor.py:840} INFO - DAG(s) 'example_branch_dop_operator_v3' retrieved from /home/airflow/.local/lib/python3.12/site-packages/airflow/example_dags/example_branch_python_dop_operator_3.py
[2024-05-10T23:34:50.411+0000] {logging_mixin.py:188} INFO - [2024-05-10T23:34:50.410+0000] {dag.py:3096} INFO - Sync 1 DAGs
[2024-05-10T23:34:50.436+0000] {logging_mixin.py:188} INFO - [2024-05-10T23:34:50.436+0000] {dag.py:3954} INFO - Setting next_dagrun for example_branch_dop_operator_v3 to 2024-05-10 23:33:00+00:00, run_after=2024-05-10 23:34:00+00:00
[2024-05-10T23:34:50.457+0000] {processor.py:183} INFO - Processing /home/airflow/.local/lib/python3.12/site-packages/airflow/example_dags/example_branch_python_dop_operator_3.py took 0.094 seconds
[2024-05-10T23:35:21.071+0000] {processor.py:161} INFO - Started process (PID=980) to work on /home/airflow/.local/lib/python3.12/site-packages/airflow/example_dags/example_branch_python_dop_operator_3.py
[2024-05-10T23:35:21.072+0000] {processor.py:830} INFO - Processing file /home/airflow/.local/lib/python3.12/site-packages/airflow/example_dags/example_branch_python_dop_operator_3.py for tasks to queue
[2024-05-10T23:35:21.074+0000] {logging_mixin.py:188} INFO - [2024-05-10T23:35:21.074+0000] {dagbag.py:540} INFO - Filling up the DagBag from /home/airflow/.local/lib/python3.12/site-packages/airflow/example_dags/example_branch_python_dop_operator_3.py
[2024-05-10T23:35:21.083+0000] {processor.py:840} INFO - DAG(s) 'example_branch_dop_operator_v3' retrieved from /home/airflow/.local/lib/python3.12/site-packages/airflow/example_dags/example_branch_python_dop_operator_3.py
[2024-05-10T23:35:21.108+0000] {logging_mixin.py:188} INFO - [2024-05-10T23:35:21.108+0000] {dag.py:3096} INFO - Sync 1 DAGs
[2024-05-10T23:35:21.138+0000] {logging_mixin.py:188} INFO - [2024-05-10T23:35:21.138+0000] {dag.py:3954} INFO - Setting next_dagrun for example_branch_dop_operator_v3 to 2024-05-10 23:34:00+00:00, run_after=2024-05-10 23:35:00+00:00
[2024-05-10T23:35:21.167+0000] {processor.py:183} INFO - Processing /home/airflow/.local/lib/python3.12/site-packages/airflow/example_dags/example_branch_python_dop_operator_3.py took 0.102 seconds
[2024-05-10T23:35:51.784+0000] {processor.py:161} INFO - Started process (PID=1045) to work on /home/airflow/.local/lib/python3.12/site-packages/airflow/example_dags/example_branch_python_dop_operator_3.py
[2024-05-10T23:35:51.785+0000] {processor.py:830} INFO - Processing file /home/airflow/.local/lib/python3.12/site-packages/airflow/example_dags/example_branch_python_dop_operator_3.py for tasks to queue
[2024-05-10T23:35:51.788+0000] {logging_mixin.py:188} INFO - [2024-05-10T23:35:51.787+0000] {dagbag.py:540} INFO - Filling up the DagBag from /home/airflow/.local/lib/python3.12/site-packages/airflow/example_dags/example_branch_python_dop_operator_3.py
[2024-05-10T23:35:51.798+0000] {processor.py:840} INFO - DAG(s) 'example_branch_dop_operator_v3' retrieved from /home/airflow/.local/lib/python3.12/site-packages/airflow/example_dags/example_branch_python_dop_operator_3.py
[2024-05-10T23:35:51.826+0000] {logging_mixin.py:188} INFO - [2024-05-10T23:35:51.825+0000] {dag.py:3096} INFO - Sync 1 DAGs
[2024-05-10T23:35:52.000+0000] {logging_mixin.py:188} INFO - [2024-05-10T23:35:51.999+0000] {dag.py:3954} INFO - Setting next_dagrun for example_branch_dop_operator_v3 to 2024-05-10 23:34:00+00:00, run_after=2024-05-10 23:35:00+00:00
[2024-05-10T23:35:52.019+0000] {processor.py:183} INFO - Processing /home/airflow/.local/lib/python3.12/site-packages/airflow/example_dags/example_branch_python_dop_operator_3.py took 0.240 seconds
[2024-05-10T23:36:22.470+0000] {processor.py:161} INFO - Started process (PID=1104) to work on /home/airflow/.local/lib/python3.12/site-packages/airflow/example_dags/example_branch_python_dop_operator_3.py
[2024-05-10T23:36:22.471+0000] {processor.py:830} INFO - Processing file /home/airflow/.local/lib/python3.12/site-packages/airflow/example_dags/example_branch_python_dop_operator_3.py for tasks to queue
[2024-05-10T23:36:22.473+0000] {logging_mixin.py:188} INFO - [2024-05-10T23:36:22.473+0000] {dagbag.py:540} INFO - Filling up the DagBag from /home/airflow/.local/lib/python3.12/site-packages/airflow/example_dags/example_branch_python_dop_operator_3.py
[2024-05-10T23:36:22.484+0000] {processor.py:840} INFO - DAG(s) 'example_branch_dop_operator_v3' retrieved from /home/airflow/.local/lib/python3.12/site-packages/airflow/example_dags/example_branch_python_dop_operator_3.py
[2024-05-10T23:36:22.507+0000] {logging_mixin.py:188} INFO - [2024-05-10T23:36:22.507+0000] {dag.py:3096} INFO - Sync 1 DAGs
[2024-05-10T23:36:22.537+0000] {logging_mixin.py:188} INFO - [2024-05-10T23:36:22.537+0000] {dag.py:3954} INFO - Setting next_dagrun for example_branch_dop_operator_v3 to 2024-05-10 23:35:00+00:00, run_after=2024-05-10 23:36:00+00:00
[2024-05-10T23:36:22.700+0000] {processor.py:183} INFO - Processing /home/airflow/.local/lib/python3.12/site-packages/airflow/example_dags/example_branch_python_dop_operator_3.py took 0.236 seconds
[2024-05-10T23:36:53.071+0000] {processor.py:161} INFO - Started process (PID=1163) to work on /home/airflow/.local/lib/python3.12/site-packages/airflow/example_dags/example_branch_python_dop_operator_3.py
[2024-05-10T23:36:53.072+0000] {processor.py:830} INFO - Processing file /home/airflow/.local/lib/python3.12/site-packages/airflow/example_dags/example_branch_python_dop_operator_3.py for tasks to queue
[2024-05-10T23:36:53.074+0000] {logging_mixin.py:188} INFO - [2024-05-10T23:36:53.074+0000] {dagbag.py:540} INFO - Filling up the DagBag from /home/airflow/.local/lib/python3.12/site-packages/airflow/example_dags/example_branch_python_dop_operator_3.py
[2024-05-10T23:36:53.084+0000] {processor.py:840} INFO - DAG(s) 'example_branch_dop_operator_v3' retrieved from /home/airflow/.local/lib/python3.12/site-packages/airflow/example_dags/example_branch_python_dop_operator_3.py
[2024-05-10T23:36:53.109+0000] {logging_mixin.py:188} INFO - [2024-05-10T23:36:53.109+0000] {dag.py:3096} INFO - Sync 1 DAGs
[2024-05-10T23:36:53.138+0000] {logging_mixin.py:188} INFO - [2024-05-10T23:36:53.137+0000] {dag.py:3954} INFO - Setting next_dagrun for example_branch_dop_operator_v3 to 2024-05-10 23:35:00+00:00, run_after=2024-05-10 23:36:00+00:00
[2024-05-10T23:36:53.169+0000] {processor.py:183} INFO - Processing /home/airflow/.local/lib/python3.12/site-packages/airflow/example_dags/example_branch_python_dop_operator_3.py took 0.104 seconds
[2024-05-10T23:37:23.304+0000] {processor.py:161} INFO - Started process (PID=1222) to work on /home/airflow/.local/lib/python3.12/site-packages/airflow/example_dags/example_branch_python_dop_operator_3.py
[2024-05-10T23:37:23.306+0000] {processor.py:830} INFO - Processing file /home/airflow/.local/lib/python3.12/site-packages/airflow/example_dags/example_branch_python_dop_operator_3.py for tasks to queue
[2024-05-10T23:37:23.308+0000] {logging_mixin.py:188} INFO - [2024-05-10T23:37:23.308+0000] {dagbag.py:540} INFO - Filling up the DagBag from /home/airflow/.local/lib/python3.12/site-packages/airflow/example_dags/example_branch_python_dop_operator_3.py
[2024-05-10T23:37:23.316+0000] {processor.py:840} INFO - DAG(s) 'example_branch_dop_operator_v3' retrieved from /home/airflow/.local/lib/python3.12/site-packages/airflow/example_dags/example_branch_python_dop_operator_3.py
[2024-05-10T23:37:23.338+0000] {logging_mixin.py:188} INFO - [2024-05-10T23:37:23.338+0000] {dag.py:3096} INFO - Sync 1 DAGs
[2024-05-10T23:37:23.379+0000] {logging_mixin.py:188} INFO - [2024-05-10T23:37:23.378+0000] {dag.py:3954} INFO - Setting next_dagrun for example_branch_dop_operator_v3 to 2024-05-10 23:36:00+00:00, run_after=2024-05-10 23:37:00+00:00
[2024-05-10T23:37:23.409+0000] {processor.py:183} INFO - Processing /home/airflow/.local/lib/python3.12/site-packages/airflow/example_dags/example_branch_python_dop_operator_3.py took 0.111 seconds
[2024-05-10T23:37:53.541+0000] {processor.py:161} INFO - Started process (PID=1281) to work on /home/airflow/.local/lib/python3.12/site-packages/airflow/example_dags/example_branch_python_dop_operator_3.py
[2024-05-10T23:37:53.542+0000] {processor.py:830} INFO - Processing file /home/airflow/.local/lib/python3.12/site-packages/airflow/example_dags/example_branch_python_dop_operator_3.py for tasks to queue
[2024-05-10T23:37:53.545+0000] {logging_mixin.py:188} INFO - [2024-05-10T23:37:53.545+0000] {dagbag.py:540} INFO - Filling up the DagBag from /home/airflow/.local/lib/python3.12/site-packages/airflow/example_dags/example_branch_python_dop_operator_3.py
[2024-05-10T23:37:53.556+0000] {processor.py:840} INFO - DAG(s) 'example_branch_dop_operator_v3' retrieved from /home/airflow/.local/lib/python3.12/site-packages/airflow/example_dags/example_branch_python_dop_operator_3.py
[2024-05-10T23:37:53.582+0000] {logging_mixin.py:188} INFO - [2024-05-10T23:37:53.582+0000] {dag.py:3096} INFO - Sync 1 DAGs
[2024-05-10T23:37:53.611+0000] {logging_mixin.py:188} INFO - [2024-05-10T23:37:53.611+0000] {dag.py:3954} INFO - Setting next_dagrun for example_branch_dop_operator_v3 to 2024-05-10 23:36:00+00:00, run_after=2024-05-10 23:37:00+00:00
[2024-05-10T23:37:53.636+0000] {processor.py:183} INFO - Processing /home/airflow/.local/lib/python3.12/site-packages/airflow/example_dags/example_branch_python_dop_operator_3.py took 0.102 seconds
[2024-05-10T23:38:24.472+0000] {processor.py:161} INFO - Started process (PID=1340) to work on /home/airflow/.local/lib/python3.12/site-packages/airflow/example_dags/example_branch_python_dop_operator_3.py
[2024-05-10T23:38:24.474+0000] {processor.py:830} INFO - Processing file /home/airflow/.local/lib/python3.12/site-packages/airflow/example_dags/example_branch_python_dop_operator_3.py for tasks to queue
[2024-05-10T23:38:24.476+0000] {logging_mixin.py:188} INFO - [2024-05-10T23:38:24.475+0000] {dagbag.py:540} INFO - Filling up the DagBag from /home/airflow/.local/lib/python3.12/site-packages/airflow/example_dags/example_branch_python_dop_operator_3.py
[2024-05-10T23:38:24.484+0000] {processor.py:840} INFO - DAG(s) 'example_branch_dop_operator_v3' retrieved from /home/airflow/.local/lib/python3.12/site-packages/airflow/example_dags/example_branch_python_dop_operator_3.py
[2024-05-10T23:38:24.504+0000] {logging_mixin.py:188} INFO - [2024-05-10T23:38:24.503+0000] {dag.py:3096} INFO - Sync 1 DAGs
[2024-05-10T23:38:24.531+0000] {logging_mixin.py:188} INFO - [2024-05-10T23:38:24.531+0000] {dag.py:3954} INFO - Setting next_dagrun for example_branch_dop_operator_v3 to 2024-05-10 23:37:00+00:00, run_after=2024-05-10 23:38:00+00:00
[2024-05-10T23:38:24.553+0000] {processor.py:183} INFO - Processing /home/airflow/.local/lib/python3.12/site-packages/airflow/example_dags/example_branch_python_dop_operator_3.py took 0.086 seconds
[2024-05-10T23:38:55.072+0000] {processor.py:161} INFO - Started process (PID=1399) to work on /home/airflow/.local/lib/python3.12/site-packages/airflow/example_dags/example_branch_python_dop_operator_3.py
[2024-05-10T23:38:55.073+0000] {processor.py:830} INFO - Processing file /home/airflow/.local/lib/python3.12/site-packages/airflow/example_dags/example_branch_python_dop_operator_3.py for tasks to queue
[2024-05-10T23:38:55.075+0000] {logging_mixin.py:188} INFO - [2024-05-10T23:38:55.074+0000] {dagbag.py:540} INFO - Filling up the DagBag from /home/airflow/.local/lib/python3.12/site-packages/airflow/example_dags/example_branch_python_dop_operator_3.py
[2024-05-10T23:38:55.083+0000] {processor.py:840} INFO - DAG(s) 'example_branch_dop_operator_v3' retrieved from /home/airflow/.local/lib/python3.12/site-packages/airflow/example_dags/example_branch_python_dop_operator_3.py
[2024-05-10T23:38:55.119+0000] {logging_mixin.py:188} INFO - [2024-05-10T23:38:55.118+0000] {dag.py:3096} INFO - Sync 1 DAGs
[2024-05-10T23:38:55.158+0000] {logging_mixin.py:188} INFO - [2024-05-10T23:38:55.157+0000] {dag.py:3954} INFO - Setting next_dagrun for example_branch_dop_operator_v3 to 2024-05-10 23:37:00+00:00, run_after=2024-05-10 23:38:00+00:00
[2024-05-10T23:38:55.188+0000] {processor.py:183} INFO - Processing /home/airflow/.local/lib/python3.12/site-packages/airflow/example_dags/example_branch_python_dop_operator_3.py took 0.122 seconds
[2024-05-10T23:39:25.858+0000] {processor.py:161} INFO - Started process (PID=1458) to work on /home/airflow/.local/lib/python3.12/site-packages/airflow/example_dags/example_branch_python_dop_operator_3.py
[2024-05-10T23:39:25.860+0000] {processor.py:830} INFO - Processing file /home/airflow/.local/lib/python3.12/site-packages/airflow/example_dags/example_branch_python_dop_operator_3.py for tasks to queue
[2024-05-10T23:39:25.862+0000] {logging_mixin.py:188} INFO - [2024-05-10T23:39:25.862+0000] {dagbag.py:540} INFO - Filling up the DagBag from /home/airflow/.local/lib/python3.12/site-packages/airflow/example_dags/example_branch_python_dop_operator_3.py
[2024-05-10T23:39:25.872+0000] {processor.py:840} INFO - DAG(s) 'example_branch_dop_operator_v3' retrieved from /home/airflow/.local/lib/python3.12/site-packages/airflow/example_dags/example_branch_python_dop_operator_3.py
[2024-05-10T23:39:25.894+0000] {logging_mixin.py:188} INFO - [2024-05-10T23:39:25.893+0000] {dag.py:3096} INFO - Sync 1 DAGs
[2024-05-10T23:39:25.924+0000] {logging_mixin.py:188} INFO - [2024-05-10T23:39:25.924+0000] {dag.py:3954} INFO - Setting next_dagrun for example_branch_dop_operator_v3 to 2024-05-10 23:38:00+00:00, run_after=2024-05-10 23:39:00+00:00
[2024-05-10T23:39:25.951+0000] {processor.py:183} INFO - Processing /home/airflow/.local/lib/python3.12/site-packages/airflow/example_dags/example_branch_python_dop_operator_3.py took 0.099 seconds
[2024-05-10T23:39:56.616+0000] {processor.py:161} INFO - Started process (PID=1517) to work on /home/airflow/.local/lib/python3.12/site-packages/airflow/example_dags/example_branch_python_dop_operator_3.py
[2024-05-10T23:39:56.617+0000] {processor.py:830} INFO - Processing file /home/airflow/.local/lib/python3.12/site-packages/airflow/example_dags/example_branch_python_dop_operator_3.py for tasks to queue
[2024-05-10T23:39:56.619+0000] {logging_mixin.py:188} INFO - [2024-05-10T23:39:56.619+0000] {dagbag.py:540} INFO - Filling up the DagBag from /home/airflow/.local/lib/python3.12/site-packages/airflow/example_dags/example_branch_python_dop_operator_3.py
[2024-05-10T23:39:56.628+0000] {processor.py:840} INFO - DAG(s) 'example_branch_dop_operator_v3' retrieved from /home/airflow/.local/lib/python3.12/site-packages/airflow/example_dags/example_branch_python_dop_operator_3.py
[2024-05-10T23:39:56.654+0000] {logging_mixin.py:188} INFO - [2024-05-10T23:39:56.653+0000] {dag.py:3096} INFO - Sync 1 DAGs
[2024-05-10T23:39:56.685+0000] {logging_mixin.py:188} INFO - [2024-05-10T23:39:56.685+0000] {dag.py:3954} INFO - Setting next_dagrun for example_branch_dop_operator_v3 to 2024-05-10 23:38:00+00:00, run_after=2024-05-10 23:39:00+00:00
[2024-05-10T23:39:56.707+0000] {processor.py:183} INFO - Processing /home/airflow/.local/lib/python3.12/site-packages/airflow/example_dags/example_branch_python_dop_operator_3.py took 0.098 seconds
[2024-05-10T23:40:27.359+0000] {processor.py:161} INFO - Started process (PID=1576) to work on /home/airflow/.local/lib/python3.12/site-packages/airflow/example_dags/example_branch_python_dop_operator_3.py
[2024-05-10T23:40:27.360+0000] {processor.py:830} INFO - Processing file /home/airflow/.local/lib/python3.12/site-packages/airflow/example_dags/example_branch_python_dop_operator_3.py for tasks to queue
[2024-05-10T23:40:27.361+0000] {logging_mixin.py:188} INFO - [2024-05-10T23:40:27.361+0000] {dagbag.py:540} INFO - Filling up the DagBag from /home/airflow/.local/lib/python3.12/site-packages/airflow/example_dags/example_branch_python_dop_operator_3.py
[2024-05-10T23:40:27.371+0000] {processor.py:840} INFO - DAG(s) 'example_branch_dop_operator_v3' retrieved from /home/airflow/.local/lib/python3.12/site-packages/airflow/example_dags/example_branch_python_dop_operator_3.py
[2024-05-10T23:40:27.394+0000] {logging_mixin.py:188} INFO - [2024-05-10T23:40:27.394+0000] {dag.py:3096} INFO - Sync 1 DAGs
[2024-05-10T23:40:27.422+0000] {logging_mixin.py:188} INFO - [2024-05-10T23:40:27.422+0000] {dag.py:3954} INFO - Setting next_dagrun for example_branch_dop_operator_v3 to 2024-05-10 23:39:00+00:00, run_after=2024-05-10 23:40:00+00:00
[2024-05-10T23:40:27.446+0000] {processor.py:183} INFO - Processing /home/airflow/.local/lib/python3.12/site-packages/airflow/example_dags/example_branch_python_dop_operator_3.py took 0.093 seconds
