[2024-05-10T23:27:13.030+0000] {processor.py:161} INFO - Started process (PID=45) to work on /home/airflow/.local/lib/python3.12/site-packages/airflow/example_dags/example_latest_only_with_trigger.py
[2024-05-10T23:27:13.031+0000] {processor.py:830} INFO - Processing file /home/airflow/.local/lib/python3.12/site-packages/airflow/example_dags/example_latest_only_with_trigger.py for tasks to queue
[2024-05-10T23:27:13.033+0000] {logging_mixin.py:188} INFO - [2024-05-10T23:27:13.033+0000] {dagbag.py:540} INFO - Filling up the DagBag from /home/airflow/.local/lib/python3.12/site-packages/airflow/example_dags/example_latest_only_with_trigger.py
[2024-05-10T23:27:13.043+0000] {processor.py:840} INFO - DAG(s) 'latest_only_with_trigger' retrieved from /home/airflow/.local/lib/python3.12/site-packages/airflow/example_dags/example_latest_only_with_trigger.py
[2024-05-10T23:27:13.180+0000] {logging_mixin.py:188} INFO - [2024-05-10T23:27:13.179+0000] {dag.py:3096} INFO - Sync 1 DAGs
[2024-05-10T23:27:13.210+0000] {logging_mixin.py:188} INFO - [2024-05-10T23:27:13.210+0000] {dag.py:3954} INFO - Setting next_dagrun for latest_only_with_trigger to 2024-05-10 16:00:00+00:00, run_after=2024-05-10 20:00:00+00:00
[2024-05-10T23:27:13.238+0000] {processor.py:183} INFO - Processing /home/airflow/.local/lib/python3.12/site-packages/airflow/example_dags/example_latest_only_with_trigger.py took 0.214 seconds
[2024-05-10T23:27:43.480+0000] {processor.py:161} INFO - Started process (PID=104) to work on /home/airflow/.local/lib/python3.12/site-packages/airflow/example_dags/example_latest_only_with_trigger.py
[2024-05-10T23:27:43.481+0000] {processor.py:830} INFO - Processing file /home/airflow/.local/lib/python3.12/site-packages/airflow/example_dags/example_latest_only_with_trigger.py for tasks to queue
[2024-05-10T23:27:43.483+0000] {logging_mixin.py:188} INFO - [2024-05-10T23:27:43.482+0000] {dagbag.py:540} INFO - Filling up the DagBag from /home/airflow/.local/lib/python3.12/site-packages/airflow/example_dags/example_latest_only_with_trigger.py
[2024-05-10T23:27:43.488+0000] {processor.py:840} INFO - DAG(s) 'latest_only_with_trigger' retrieved from /home/airflow/.local/lib/python3.12/site-packages/airflow/example_dags/example_latest_only_with_trigger.py
[2024-05-10T23:27:43.515+0000] {logging_mixin.py:188} INFO - [2024-05-10T23:27:43.514+0000] {dag.py:3096} INFO - Sync 1 DAGs
[2024-05-10T23:27:43.542+0000] {logging_mixin.py:188} INFO - [2024-05-10T23:27:43.542+0000] {dag.py:3954} INFO - Setting next_dagrun for latest_only_with_trigger to 2024-05-10 16:00:00+00:00, run_after=2024-05-10 20:00:00+00:00
[2024-05-10T23:27:43.565+0000] {processor.py:183} INFO - Processing /home/airflow/.local/lib/python3.12/site-packages/airflow/example_dags/example_latest_only_with_trigger.py took 0.090 seconds
[2024-05-10T23:28:14.375+0000] {processor.py:161} INFO - Started process (PID=163) to work on /home/airflow/.local/lib/python3.12/site-packages/airflow/example_dags/example_latest_only_with_trigger.py
[2024-05-10T23:28:14.376+0000] {processor.py:830} INFO - Processing file /home/airflow/.local/lib/python3.12/site-packages/airflow/example_dags/example_latest_only_with_trigger.py for tasks to queue
[2024-05-10T23:28:14.379+0000] {logging_mixin.py:188} INFO - [2024-05-10T23:28:14.378+0000] {dagbag.py:540} INFO - Filling up the DagBag from /home/airflow/.local/lib/python3.12/site-packages/airflow/example_dags/example_latest_only_with_trigger.py
[2024-05-10T23:28:14.385+0000] {processor.py:840} INFO - DAG(s) 'latest_only_with_trigger' retrieved from /home/airflow/.local/lib/python3.12/site-packages/airflow/example_dags/example_latest_only_with_trigger.py
[2024-05-10T23:28:14.409+0000] {logging_mixin.py:188} INFO - [2024-05-10T23:28:14.409+0000] {dag.py:3096} INFO - Sync 1 DAGs
[2024-05-10T23:28:14.431+0000] {logging_mixin.py:188} INFO - [2024-05-10T23:28:14.431+0000] {dag.py:3954} INFO - Setting next_dagrun for latest_only_with_trigger to 2024-05-10 16:00:00+00:00, run_after=2024-05-10 20:00:00+00:00
[2024-05-10T23:28:14.452+0000] {processor.py:183} INFO - Processing /home/airflow/.local/lib/python3.12/site-packages/airflow/example_dags/example_latest_only_with_trigger.py took 0.083 seconds
[2024-05-10T23:28:45.047+0000] {processor.py:161} INFO - Started process (PID=222) to work on /home/airflow/.local/lib/python3.12/site-packages/airflow/example_dags/example_latest_only_with_trigger.py
[2024-05-10T23:28:45.048+0000] {processor.py:830} INFO - Processing file /home/airflow/.local/lib/python3.12/site-packages/airflow/example_dags/example_latest_only_with_trigger.py for tasks to queue
[2024-05-10T23:28:45.051+0000] {logging_mixin.py:188} INFO - [2024-05-10T23:28:45.050+0000] {dagbag.py:540} INFO - Filling up the DagBag from /home/airflow/.local/lib/python3.12/site-packages/airflow/example_dags/example_latest_only_with_trigger.py
[2024-05-10T23:28:45.056+0000] {processor.py:840} INFO - DAG(s) 'latest_only_with_trigger' retrieved from /home/airflow/.local/lib/python3.12/site-packages/airflow/example_dags/example_latest_only_with_trigger.py
[2024-05-10T23:28:45.079+0000] {logging_mixin.py:188} INFO - [2024-05-10T23:28:45.079+0000] {dag.py:3096} INFO - Sync 1 DAGs
[2024-05-10T23:28:45.102+0000] {logging_mixin.py:188} INFO - [2024-05-10T23:28:45.102+0000] {dag.py:3954} INFO - Setting next_dagrun for latest_only_with_trigger to 2024-05-10 16:00:00+00:00, run_after=2024-05-10 20:00:00+00:00
[2024-05-10T23:28:45.125+0000] {processor.py:183} INFO - Processing /home/airflow/.local/lib/python3.12/site-packages/airflow/example_dags/example_latest_only_with_trigger.py took 0.084 seconds
[2024-05-10T23:29:15.299+0000] {processor.py:161} INFO - Started process (PID=281) to work on /home/airflow/.local/lib/python3.12/site-packages/airflow/example_dags/example_latest_only_with_trigger.py
[2024-05-10T23:29:15.300+0000] {processor.py:830} INFO - Processing file /home/airflow/.local/lib/python3.12/site-packages/airflow/example_dags/example_latest_only_with_trigger.py for tasks to queue
[2024-05-10T23:29:15.303+0000] {logging_mixin.py:188} INFO - [2024-05-10T23:29:15.302+0000] {dagbag.py:540} INFO - Filling up the DagBag from /home/airflow/.local/lib/python3.12/site-packages/airflow/example_dags/example_latest_only_with_trigger.py
[2024-05-10T23:29:15.307+0000] {processor.py:840} INFO - DAG(s) 'latest_only_with_trigger' retrieved from /home/airflow/.local/lib/python3.12/site-packages/airflow/example_dags/example_latest_only_with_trigger.py
[2024-05-10T23:29:15.328+0000] {logging_mixin.py:188} INFO - [2024-05-10T23:29:15.327+0000] {dag.py:3096} INFO - Sync 1 DAGs
[2024-05-10T23:29:15.349+0000] {logging_mixin.py:188} INFO - [2024-05-10T23:29:15.349+0000] {dag.py:3954} INFO - Setting next_dagrun for latest_only_with_trigger to 2024-05-10 16:00:00+00:00, run_after=2024-05-10 20:00:00+00:00
[2024-05-10T23:29:15.369+0000] {processor.py:183} INFO - Processing /home/airflow/.local/lib/python3.12/site-packages/airflow/example_dags/example_latest_only_with_trigger.py took 0.075 seconds
[2024-05-10T23:29:45.468+0000] {processor.py:161} INFO - Started process (PID=340) to work on /home/airflow/.local/lib/python3.12/site-packages/airflow/example_dags/example_latest_only_with_trigger.py
[2024-05-10T23:29:45.469+0000] {processor.py:830} INFO - Processing file /home/airflow/.local/lib/python3.12/site-packages/airflow/example_dags/example_latest_only_with_trigger.py for tasks to queue
[2024-05-10T23:29:45.471+0000] {logging_mixin.py:188} INFO - [2024-05-10T23:29:45.471+0000] {dagbag.py:540} INFO - Filling up the DagBag from /home/airflow/.local/lib/python3.12/site-packages/airflow/example_dags/example_latest_only_with_trigger.py
[2024-05-10T23:29:45.477+0000] {processor.py:840} INFO - DAG(s) 'latest_only_with_trigger' retrieved from /home/airflow/.local/lib/python3.12/site-packages/airflow/example_dags/example_latest_only_with_trigger.py
[2024-05-10T23:29:45.499+0000] {logging_mixin.py:188} INFO - [2024-05-10T23:29:45.498+0000] {dag.py:3096} INFO - Sync 1 DAGs
[2024-05-10T23:29:45.526+0000] {logging_mixin.py:188} INFO - [2024-05-10T23:29:45.525+0000] {dag.py:3954} INFO - Setting next_dagrun for latest_only_with_trigger to 2024-05-10 16:00:00+00:00, run_after=2024-05-10 20:00:00+00:00
[2024-05-10T23:29:45.552+0000] {processor.py:183} INFO - Processing /home/airflow/.local/lib/python3.12/site-packages/airflow/example_dags/example_latest_only_with_trigger.py took 0.090 seconds
[2024-05-10T23:30:16.162+0000] {processor.py:161} INFO - Started process (PID=399) to work on /home/airflow/.local/lib/python3.12/site-packages/airflow/example_dags/example_latest_only_with_trigger.py
[2024-05-10T23:30:16.163+0000] {processor.py:830} INFO - Processing file /home/airflow/.local/lib/python3.12/site-packages/airflow/example_dags/example_latest_only_with_trigger.py for tasks to queue
[2024-05-10T23:30:16.165+0000] {logging_mixin.py:188} INFO - [2024-05-10T23:30:16.165+0000] {dagbag.py:540} INFO - Filling up the DagBag from /home/airflow/.local/lib/python3.12/site-packages/airflow/example_dags/example_latest_only_with_trigger.py
[2024-05-10T23:30:16.174+0000] {processor.py:840} INFO - DAG(s) 'latest_only_with_trigger' retrieved from /home/airflow/.local/lib/python3.12/site-packages/airflow/example_dags/example_latest_only_with_trigger.py
[2024-05-10T23:30:16.204+0000] {logging_mixin.py:188} INFO - [2024-05-10T23:30:16.204+0000] {dag.py:3096} INFO - Sync 1 DAGs
[2024-05-10T23:30:16.241+0000] {logging_mixin.py:188} INFO - [2024-05-10T23:30:16.240+0000] {dag.py:3954} INFO - Setting next_dagrun for latest_only_with_trigger to 2024-05-10 16:00:00+00:00, run_after=2024-05-10 20:00:00+00:00
[2024-05-10T23:30:16.265+0000] {processor.py:183} INFO - Processing /home/airflow/.local/lib/python3.12/site-packages/airflow/example_dags/example_latest_only_with_trigger.py took 0.109 seconds
[2024-05-10T23:30:46.880+0000] {processor.py:161} INFO - Started process (PID=458) to work on /home/airflow/.local/lib/python3.12/site-packages/airflow/example_dags/example_latest_only_with_trigger.py
[2024-05-10T23:30:46.881+0000] {processor.py:830} INFO - Processing file /home/airflow/.local/lib/python3.12/site-packages/airflow/example_dags/example_latest_only_with_trigger.py for tasks to queue
[2024-05-10T23:30:46.883+0000] {logging_mixin.py:188} INFO - [2024-05-10T23:30:46.883+0000] {dagbag.py:540} INFO - Filling up the DagBag from /home/airflow/.local/lib/python3.12/site-packages/airflow/example_dags/example_latest_only_with_trigger.py
[2024-05-10T23:30:46.890+0000] {processor.py:840} INFO - DAG(s) 'latest_only_with_trigger' retrieved from /home/airflow/.local/lib/python3.12/site-packages/airflow/example_dags/example_latest_only_with_trigger.py
[2024-05-10T23:30:46.914+0000] {logging_mixin.py:188} INFO - [2024-05-10T23:30:46.914+0000] {dag.py:3096} INFO - Sync 1 DAGs
[2024-05-10T23:30:46.942+0000] {logging_mixin.py:188} INFO - [2024-05-10T23:30:46.941+0000] {dag.py:3954} INFO - Setting next_dagrun for latest_only_with_trigger to 2024-05-10 16:00:00+00:00, run_after=2024-05-10 20:00:00+00:00
[2024-05-10T23:30:46.967+0000] {processor.py:183} INFO - Processing /home/airflow/.local/lib/python3.12/site-packages/airflow/example_dags/example_latest_only_with_trigger.py took 0.093 seconds
[2024-05-10T23:31:17.183+0000] {processor.py:161} INFO - Started process (PID=517) to work on /home/airflow/.local/lib/python3.12/site-packages/airflow/example_dags/example_latest_only_with_trigger.py
[2024-05-10T23:31:17.184+0000] {processor.py:830} INFO - Processing file /home/airflow/.local/lib/python3.12/site-packages/airflow/example_dags/example_latest_only_with_trigger.py for tasks to queue
[2024-05-10T23:31:17.186+0000] {logging_mixin.py:188} INFO - [2024-05-10T23:31:17.185+0000] {dagbag.py:540} INFO - Filling up the DagBag from /home/airflow/.local/lib/python3.12/site-packages/airflow/example_dags/example_latest_only_with_trigger.py
[2024-05-10T23:31:17.192+0000] {processor.py:840} INFO - DAG(s) 'latest_only_with_trigger' retrieved from /home/airflow/.local/lib/python3.12/site-packages/airflow/example_dags/example_latest_only_with_trigger.py
[2024-05-10T23:31:17.216+0000] {logging_mixin.py:188} INFO - [2024-05-10T23:31:17.215+0000] {dag.py:3096} INFO - Sync 1 DAGs
[2024-05-10T23:31:17.239+0000] {logging_mixin.py:188} INFO - [2024-05-10T23:31:17.239+0000] {dag.py:3954} INFO - Setting next_dagrun for latest_only_with_trigger to 2024-05-10 16:00:00+00:00, run_after=2024-05-10 20:00:00+00:00
[2024-05-10T23:31:17.262+0000] {processor.py:183} INFO - Processing /home/airflow/.local/lib/python3.12/site-packages/airflow/example_dags/example_latest_only_with_trigger.py took 0.085 seconds
[2024-05-10T23:31:48.782+0000] {processor.py:161} INFO - Started process (PID=576) to work on /home/airflow/.local/lib/python3.12/site-packages/airflow/example_dags/example_latest_only_with_trigger.py
[2024-05-10T23:31:48.782+0000] {processor.py:830} INFO - Processing file /home/airflow/.local/lib/python3.12/site-packages/airflow/example_dags/example_latest_only_with_trigger.py for tasks to queue
[2024-05-10T23:31:48.784+0000] {logging_mixin.py:188} INFO - [2024-05-10T23:31:48.784+0000] {dagbag.py:540} INFO - Filling up the DagBag from /home/airflow/.local/lib/python3.12/site-packages/airflow/example_dags/example_latest_only_with_trigger.py
[2024-05-10T23:31:48.789+0000] {processor.py:840} INFO - DAG(s) 'latest_only_with_trigger' retrieved from /home/airflow/.local/lib/python3.12/site-packages/airflow/example_dags/example_latest_only_with_trigger.py
[2024-05-10T23:31:48.812+0000] {logging_mixin.py:188} INFO - [2024-05-10T23:31:48.812+0000] {dag.py:3096} INFO - Sync 1 DAGs
[2024-05-10T23:31:48.835+0000] {logging_mixin.py:188} INFO - [2024-05-10T23:31:48.835+0000] {dag.py:3954} INFO - Setting next_dagrun for latest_only_with_trigger to 2024-05-10 16:00:00+00:00, run_after=2024-05-10 20:00:00+00:00
[2024-05-10T23:31:48.857+0000] {processor.py:183} INFO - Processing /home/airflow/.local/lib/python3.12/site-packages/airflow/example_dags/example_latest_only_with_trigger.py took 0.080 seconds
[2024-05-10T23:32:19.367+0000] {processor.py:161} INFO - Started process (PID=635) to work on /home/airflow/.local/lib/python3.12/site-packages/airflow/example_dags/example_latest_only_with_trigger.py
[2024-05-10T23:32:19.368+0000] {processor.py:830} INFO - Processing file /home/airflow/.local/lib/python3.12/site-packages/airflow/example_dags/example_latest_only_with_trigger.py for tasks to queue
[2024-05-10T23:32:19.370+0000] {logging_mixin.py:188} INFO - [2024-05-10T23:32:19.370+0000] {dagbag.py:540} INFO - Filling up the DagBag from /home/airflow/.local/lib/python3.12/site-packages/airflow/example_dags/example_latest_only_with_trigger.py
[2024-05-10T23:32:19.378+0000] {processor.py:840} INFO - DAG(s) 'latest_only_with_trigger' retrieved from /home/airflow/.local/lib/python3.12/site-packages/airflow/example_dags/example_latest_only_with_trigger.py
[2024-05-10T23:32:19.404+0000] {logging_mixin.py:188} INFO - [2024-05-10T23:32:19.404+0000] {dag.py:3096} INFO - Sync 1 DAGs
[2024-05-10T23:32:19.432+0000] {logging_mixin.py:188} INFO - [2024-05-10T23:32:19.432+0000] {dag.py:3954} INFO - Setting next_dagrun for latest_only_with_trigger to 2024-05-10 16:00:00+00:00, run_after=2024-05-10 20:00:00+00:00
[2024-05-10T23:32:19.455+0000] {processor.py:183} INFO - Processing /home/airflow/.local/lib/python3.12/site-packages/airflow/example_dags/example_latest_only_with_trigger.py took 0.095 seconds
[2024-05-10T23:32:49.792+0000] {processor.py:161} INFO - Started process (PID=694) to work on /home/airflow/.local/lib/python3.12/site-packages/airflow/example_dags/example_latest_only_with_trigger.py
[2024-05-10T23:32:49.794+0000] {processor.py:830} INFO - Processing file /home/airflow/.local/lib/python3.12/site-packages/airflow/example_dags/example_latest_only_with_trigger.py for tasks to queue
[2024-05-10T23:32:49.796+0000] {logging_mixin.py:188} INFO - [2024-05-10T23:32:49.795+0000] {dagbag.py:540} INFO - Filling up the DagBag from /home/airflow/.local/lib/python3.12/site-packages/airflow/example_dags/example_latest_only_with_trigger.py
[2024-05-10T23:32:49.801+0000] {processor.py:840} INFO - DAG(s) 'latest_only_with_trigger' retrieved from /home/airflow/.local/lib/python3.12/site-packages/airflow/example_dags/example_latest_only_with_trigger.py
[2024-05-10T23:32:49.821+0000] {logging_mixin.py:188} INFO - [2024-05-10T23:32:49.821+0000] {dag.py:3096} INFO - Sync 1 DAGs
[2024-05-10T23:32:49.847+0000] {logging_mixin.py:188} INFO - [2024-05-10T23:32:49.847+0000] {dag.py:3954} INFO - Setting next_dagrun for latest_only_with_trigger to 2024-05-10 16:00:00+00:00, run_after=2024-05-10 20:00:00+00:00
[2024-05-10T23:32:49.869+0000] {processor.py:183} INFO - Processing /home/airflow/.local/lib/python3.12/site-packages/airflow/example_dags/example_latest_only_with_trigger.py took 0.082 seconds
[2024-05-10T23:33:20.656+0000] {processor.py:161} INFO - Started process (PID=753) to work on /home/airflow/.local/lib/python3.12/site-packages/airflow/example_dags/example_latest_only_with_trigger.py
[2024-05-10T23:33:20.657+0000] {processor.py:830} INFO - Processing file /home/airflow/.local/lib/python3.12/site-packages/airflow/example_dags/example_latest_only_with_trigger.py for tasks to queue
[2024-05-10T23:33:20.659+0000] {logging_mixin.py:188} INFO - [2024-05-10T23:33:20.659+0000] {dagbag.py:540} INFO - Filling up the DagBag from /home/airflow/.local/lib/python3.12/site-packages/airflow/example_dags/example_latest_only_with_trigger.py
[2024-05-10T23:33:20.665+0000] {processor.py:840} INFO - DAG(s) 'latest_only_with_trigger' retrieved from /home/airflow/.local/lib/python3.12/site-packages/airflow/example_dags/example_latest_only_with_trigger.py
[2024-05-10T23:33:20.693+0000] {logging_mixin.py:188} INFO - [2024-05-10T23:33:20.693+0000] {dag.py:3096} INFO - Sync 1 DAGs
[2024-05-10T23:33:20.720+0000] {logging_mixin.py:188} INFO - [2024-05-10T23:33:20.720+0000] {dag.py:3954} INFO - Setting next_dagrun for latest_only_with_trigger to 2024-05-10 16:00:00+00:00, run_after=2024-05-10 20:00:00+00:00
[2024-05-10T23:33:20.745+0000] {processor.py:183} INFO - Processing /home/airflow/.local/lib/python3.12/site-packages/airflow/example_dags/example_latest_only_with_trigger.py took 0.096 seconds
[2024-05-10T23:33:51.440+0000] {processor.py:161} INFO - Started process (PID=812) to work on /home/airflow/.local/lib/python3.12/site-packages/airflow/example_dags/example_latest_only_with_trigger.py
[2024-05-10T23:33:51.441+0000] {processor.py:830} INFO - Processing file /home/airflow/.local/lib/python3.12/site-packages/airflow/example_dags/example_latest_only_with_trigger.py for tasks to queue
[2024-05-10T23:33:51.443+0000] {logging_mixin.py:188} INFO - [2024-05-10T23:33:51.442+0000] {dagbag.py:540} INFO - Filling up the DagBag from /home/airflow/.local/lib/python3.12/site-packages/airflow/example_dags/example_latest_only_with_trigger.py
[2024-05-10T23:33:51.448+0000] {processor.py:840} INFO - DAG(s) 'latest_only_with_trigger' retrieved from /home/airflow/.local/lib/python3.12/site-packages/airflow/example_dags/example_latest_only_with_trigger.py
[2024-05-10T23:33:51.473+0000] {logging_mixin.py:188} INFO - [2024-05-10T23:33:51.472+0000] {dag.py:3096} INFO - Sync 1 DAGs
[2024-05-10T23:33:51.504+0000] {logging_mixin.py:188} INFO - [2024-05-10T23:33:51.504+0000] {dag.py:3954} INFO - Setting next_dagrun for latest_only_with_trigger to 2024-05-10 16:00:00+00:00, run_after=2024-05-10 20:00:00+00:00
[2024-05-10T23:33:51.530+0000] {processor.py:183} INFO - Processing /home/airflow/.local/lib/python3.12/site-packages/airflow/example_dags/example_latest_only_with_trigger.py took 0.095 seconds
[2024-05-10T23:34:21.667+0000] {processor.py:161} INFO - Started process (PID=877) to work on /home/airflow/.local/lib/python3.12/site-packages/airflow/example_dags/example_latest_only_with_trigger.py
[2024-05-10T23:34:21.668+0000] {processor.py:830} INFO - Processing file /home/airflow/.local/lib/python3.12/site-packages/airflow/example_dags/example_latest_only_with_trigger.py for tasks to queue
[2024-05-10T23:34:21.670+0000] {logging_mixin.py:188} INFO - [2024-05-10T23:34:21.670+0000] {dagbag.py:540} INFO - Filling up the DagBag from /home/airflow/.local/lib/python3.12/site-packages/airflow/example_dags/example_latest_only_with_trigger.py
[2024-05-10T23:34:21.675+0000] {processor.py:840} INFO - DAG(s) 'latest_only_with_trigger' retrieved from /home/airflow/.local/lib/python3.12/site-packages/airflow/example_dags/example_latest_only_with_trigger.py
[2024-05-10T23:34:21.696+0000] {logging_mixin.py:188} INFO - [2024-05-10T23:34:21.696+0000] {dag.py:3096} INFO - Sync 1 DAGs
[2024-05-10T23:34:21.722+0000] {logging_mixin.py:188} INFO - [2024-05-10T23:34:21.721+0000] {dag.py:3954} INFO - Setting next_dagrun for latest_only_with_trigger to 2024-05-10 16:00:00+00:00, run_after=2024-05-10 20:00:00+00:00
[2024-05-10T23:34:21.751+0000] {processor.py:183} INFO - Processing /home/airflow/.local/lib/python3.12/site-packages/airflow/example_dags/example_latest_only_with_trigger.py took 0.088 seconds
[2024-05-10T23:34:51.866+0000] {processor.py:161} INFO - Started process (PID=936) to work on /home/airflow/.local/lib/python3.12/site-packages/airflow/example_dags/example_latest_only_with_trigger.py
[2024-05-10T23:34:51.867+0000] {processor.py:830} INFO - Processing file /home/airflow/.local/lib/python3.12/site-packages/airflow/example_dags/example_latest_only_with_trigger.py for tasks to queue
[2024-05-10T23:34:51.869+0000] {logging_mixin.py:188} INFO - [2024-05-10T23:34:51.869+0000] {dagbag.py:540} INFO - Filling up the DagBag from /home/airflow/.local/lib/python3.12/site-packages/airflow/example_dags/example_latest_only_with_trigger.py
[2024-05-10T23:34:51.875+0000] {processor.py:840} INFO - DAG(s) 'latest_only_with_trigger' retrieved from /home/airflow/.local/lib/python3.12/site-packages/airflow/example_dags/example_latest_only_with_trigger.py
[2024-05-10T23:34:51.900+0000] {logging_mixin.py:188} INFO - [2024-05-10T23:34:51.900+0000] {dag.py:3096} INFO - Sync 1 DAGs
[2024-05-10T23:34:51.922+0000] {logging_mixin.py:188} INFO - [2024-05-10T23:34:51.922+0000] {dag.py:3954} INFO - Setting next_dagrun for latest_only_with_trigger to 2024-05-10 16:00:00+00:00, run_after=2024-05-10 20:00:00+00:00
[2024-05-10T23:34:51.943+0000] {processor.py:183} INFO - Processing /home/airflow/.local/lib/python3.12/site-packages/airflow/example_dags/example_latest_only_with_trigger.py took 0.083 seconds
[2024-05-10T23:35:22.540+0000] {processor.py:161} INFO - Started process (PID=995) to work on /home/airflow/.local/lib/python3.12/site-packages/airflow/example_dags/example_latest_only_with_trigger.py
[2024-05-10T23:35:22.541+0000] {processor.py:830} INFO - Processing file /home/airflow/.local/lib/python3.12/site-packages/airflow/example_dags/example_latest_only_with_trigger.py for tasks to queue
[2024-05-10T23:35:22.545+0000] {logging_mixin.py:188} INFO - [2024-05-10T23:35:22.544+0000] {dagbag.py:540} INFO - Filling up the DagBag from /home/airflow/.local/lib/python3.12/site-packages/airflow/example_dags/example_latest_only_with_trigger.py
[2024-05-10T23:35:22.551+0000] {processor.py:840} INFO - DAG(s) 'latest_only_with_trigger' retrieved from /home/airflow/.local/lib/python3.12/site-packages/airflow/example_dags/example_latest_only_with_trigger.py
[2024-05-10T23:35:22.574+0000] {logging_mixin.py:188} INFO - [2024-05-10T23:35:22.574+0000] {dag.py:3096} INFO - Sync 1 DAGs
[2024-05-10T23:35:22.600+0000] {logging_mixin.py:188} INFO - [2024-05-10T23:35:22.599+0000] {dag.py:3954} INFO - Setting next_dagrun for latest_only_with_trigger to 2024-05-10 16:00:00+00:00, run_after=2024-05-10 20:00:00+00:00
[2024-05-10T23:35:22.627+0000] {processor.py:183} INFO - Processing /home/airflow/.local/lib/python3.12/site-packages/airflow/example_dags/example_latest_only_with_trigger.py took 0.093 seconds
[2024-05-10T23:35:53.999+0000] {processor.py:161} INFO - Started process (PID=1054) to work on /home/airflow/.local/lib/python3.12/site-packages/airflow/example_dags/example_latest_only_with_trigger.py
[2024-05-10T23:35:54.000+0000] {processor.py:830} INFO - Processing file /home/airflow/.local/lib/python3.12/site-packages/airflow/example_dags/example_latest_only_with_trigger.py for tasks to queue
[2024-05-10T23:35:54.002+0000] {logging_mixin.py:188} INFO - [2024-05-10T23:35:54.002+0000] {dagbag.py:540} INFO - Filling up the DagBag from /home/airflow/.local/lib/python3.12/site-packages/airflow/example_dags/example_latest_only_with_trigger.py
[2024-05-10T23:35:54.008+0000] {processor.py:840} INFO - DAG(s) 'latest_only_with_trigger' retrieved from /home/airflow/.local/lib/python3.12/site-packages/airflow/example_dags/example_latest_only_with_trigger.py
[2024-05-10T23:35:54.168+0000] {logging_mixin.py:188} INFO - [2024-05-10T23:35:54.168+0000] {dag.py:3096} INFO - Sync 1 DAGs
[2024-05-10T23:35:54.194+0000] {logging_mixin.py:188} INFO - [2024-05-10T23:35:54.194+0000] {dag.py:3954} INFO - Setting next_dagrun for latest_only_with_trigger to 2024-05-10 16:00:00+00:00, run_after=2024-05-10 20:00:00+00:00
[2024-05-10T23:35:54.215+0000] {processor.py:183} INFO - Processing /home/airflow/.local/lib/python3.12/site-packages/airflow/example_dags/example_latest_only_with_trigger.py took 0.223 seconds
[2024-05-10T23:36:25.047+0000] {processor.py:161} INFO - Started process (PID=1113) to work on /home/airflow/.local/lib/python3.12/site-packages/airflow/example_dags/example_latest_only_with_trigger.py
[2024-05-10T23:36:25.048+0000] {processor.py:830} INFO - Processing file /home/airflow/.local/lib/python3.12/site-packages/airflow/example_dags/example_latest_only_with_trigger.py for tasks to queue
[2024-05-10T23:36:25.050+0000] {logging_mixin.py:188} INFO - [2024-05-10T23:36:25.049+0000] {dagbag.py:540} INFO - Filling up the DagBag from /home/airflow/.local/lib/python3.12/site-packages/airflow/example_dags/example_latest_only_with_trigger.py
[2024-05-10T23:36:25.056+0000] {processor.py:840} INFO - DAG(s) 'latest_only_with_trigger' retrieved from /home/airflow/.local/lib/python3.12/site-packages/airflow/example_dags/example_latest_only_with_trigger.py
[2024-05-10T23:36:25.076+0000] {logging_mixin.py:188} INFO - [2024-05-10T23:36:25.076+0000] {dag.py:3096} INFO - Sync 1 DAGs
[2024-05-10T23:36:25.104+0000] {logging_mixin.py:188} INFO - [2024-05-10T23:36:25.104+0000] {dag.py:3954} INFO - Setting next_dagrun for latest_only_with_trigger to 2024-05-10 16:00:00+00:00, run_after=2024-05-10 20:00:00+00:00
[2024-05-10T23:36:25.318+0000] {processor.py:183} INFO - Processing /home/airflow/.local/lib/python3.12/site-packages/airflow/example_dags/example_latest_only_with_trigger.py took 0.277 seconds
[2024-05-10T23:36:55.708+0000] {processor.py:161} INFO - Started process (PID=1172) to work on /home/airflow/.local/lib/python3.12/site-packages/airflow/example_dags/example_latest_only_with_trigger.py
[2024-05-10T23:36:55.715+0000] {processor.py:830} INFO - Processing file /home/airflow/.local/lib/python3.12/site-packages/airflow/example_dags/example_latest_only_with_trigger.py for tasks to queue
[2024-05-10T23:36:55.721+0000] {logging_mixin.py:188} INFO - [2024-05-10T23:36:55.717+0000] {dagbag.py:540} INFO - Filling up the DagBag from /home/airflow/.local/lib/python3.12/site-packages/airflow/example_dags/example_latest_only_with_trigger.py
[2024-05-10T23:36:55.737+0000] {processor.py:840} INFO - DAG(s) 'latest_only_with_trigger' retrieved from /home/airflow/.local/lib/python3.12/site-packages/airflow/example_dags/example_latest_only_with_trigger.py
[2024-05-10T23:36:55.797+0000] {logging_mixin.py:188} INFO - [2024-05-10T23:36:55.796+0000] {dag.py:3096} INFO - Sync 1 DAGs
[2024-05-10T23:36:55.839+0000] {logging_mixin.py:188} INFO - [2024-05-10T23:36:55.838+0000] {dag.py:3954} INFO - Setting next_dagrun for latest_only_with_trigger to 2024-05-10 16:00:00+00:00, run_after=2024-05-10 20:00:00+00:00
[2024-05-10T23:36:55.869+0000] {processor.py:183} INFO - Processing /home/airflow/.local/lib/python3.12/site-packages/airflow/example_dags/example_latest_only_with_trigger.py took 0.169 seconds
[2024-05-10T23:37:25.941+0000] {processor.py:161} INFO - Started process (PID=1231) to work on /home/airflow/.local/lib/python3.12/site-packages/airflow/example_dags/example_latest_only_with_trigger.py
[2024-05-10T23:37:25.942+0000] {processor.py:830} INFO - Processing file /home/airflow/.local/lib/python3.12/site-packages/airflow/example_dags/example_latest_only_with_trigger.py for tasks to queue
[2024-05-10T23:37:25.944+0000] {logging_mixin.py:188} INFO - [2024-05-10T23:37:25.943+0000] {dagbag.py:540} INFO - Filling up the DagBag from /home/airflow/.local/lib/python3.12/site-packages/airflow/example_dags/example_latest_only_with_trigger.py
[2024-05-10T23:37:25.949+0000] {processor.py:840} INFO - DAG(s) 'latest_only_with_trigger' retrieved from /home/airflow/.local/lib/python3.12/site-packages/airflow/example_dags/example_latest_only_with_trigger.py
[2024-05-10T23:37:25.970+0000] {logging_mixin.py:188} INFO - [2024-05-10T23:37:25.970+0000] {dag.py:3096} INFO - Sync 1 DAGs
[2024-05-10T23:37:25.994+0000] {logging_mixin.py:188} INFO - [2024-05-10T23:37:25.994+0000] {dag.py:3954} INFO - Setting next_dagrun for latest_only_with_trigger to 2024-05-10 16:00:00+00:00, run_after=2024-05-10 20:00:00+00:00
[2024-05-10T23:37:26.014+0000] {processor.py:183} INFO - Processing /home/airflow/.local/lib/python3.12/site-packages/airflow/example_dags/example_latest_only_with_trigger.py took 0.078 seconds
[2024-05-10T23:37:56.050+0000] {processor.py:161} INFO - Started process (PID=1290) to work on /home/airflow/.local/lib/python3.12/site-packages/airflow/example_dags/example_latest_only_with_trigger.py
[2024-05-10T23:37:56.051+0000] {processor.py:830} INFO - Processing file /home/airflow/.local/lib/python3.12/site-packages/airflow/example_dags/example_latest_only_with_trigger.py for tasks to queue
[2024-05-10T23:37:56.054+0000] {logging_mixin.py:188} INFO - [2024-05-10T23:37:56.053+0000] {dagbag.py:540} INFO - Filling up the DagBag from /home/airflow/.local/lib/python3.12/site-packages/airflow/example_dags/example_latest_only_with_trigger.py
[2024-05-10T23:37:56.059+0000] {processor.py:840} INFO - DAG(s) 'latest_only_with_trigger' retrieved from /home/airflow/.local/lib/python3.12/site-packages/airflow/example_dags/example_latest_only_with_trigger.py
[2024-05-10T23:37:56.079+0000] {logging_mixin.py:188} INFO - [2024-05-10T23:37:56.079+0000] {dag.py:3096} INFO - Sync 1 DAGs
[2024-05-10T23:37:56.105+0000] {logging_mixin.py:188} INFO - [2024-05-10T23:37:56.105+0000] {dag.py:3954} INFO - Setting next_dagrun for latest_only_with_trigger to 2024-05-10 16:00:00+00:00, run_after=2024-05-10 20:00:00+00:00
[2024-05-10T23:37:56.127+0000] {processor.py:183} INFO - Processing /home/airflow/.local/lib/python3.12/site-packages/airflow/example_dags/example_latest_only_with_trigger.py took 0.082 seconds
[2024-05-10T23:38:26.919+0000] {processor.py:161} INFO - Started process (PID=1349) to work on /home/airflow/.local/lib/python3.12/site-packages/airflow/example_dags/example_latest_only_with_trigger.py
[2024-05-10T23:38:26.921+0000] {processor.py:830} INFO - Processing file /home/airflow/.local/lib/python3.12/site-packages/airflow/example_dags/example_latest_only_with_trigger.py for tasks to queue
[2024-05-10T23:38:26.924+0000] {logging_mixin.py:188} INFO - [2024-05-10T23:38:26.923+0000] {dagbag.py:540} INFO - Filling up the DagBag from /home/airflow/.local/lib/python3.12/site-packages/airflow/example_dags/example_latest_only_with_trigger.py
[2024-05-10T23:38:26.930+0000] {processor.py:840} INFO - DAG(s) 'latest_only_with_trigger' retrieved from /home/airflow/.local/lib/python3.12/site-packages/airflow/example_dags/example_latest_only_with_trigger.py
[2024-05-10T23:38:26.955+0000] {logging_mixin.py:188} INFO - [2024-05-10T23:38:26.954+0000] {dag.py:3096} INFO - Sync 1 DAGs
[2024-05-10T23:38:26.980+0000] {logging_mixin.py:188} INFO - [2024-05-10T23:38:26.980+0000] {dag.py:3954} INFO - Setting next_dagrun for latest_only_with_trigger to 2024-05-10 16:00:00+00:00, run_after=2024-05-10 20:00:00+00:00
[2024-05-10T23:38:27.002+0000] {processor.py:183} INFO - Processing /home/airflow/.local/lib/python3.12/site-packages/airflow/example_dags/example_latest_only_with_trigger.py took 0.089 seconds
[2024-05-10T23:38:57.505+0000] {processor.py:161} INFO - Started process (PID=1408) to work on /home/airflow/.local/lib/python3.12/site-packages/airflow/example_dags/example_latest_only_with_trigger.py
[2024-05-10T23:38:57.506+0000] {processor.py:830} INFO - Processing file /home/airflow/.local/lib/python3.12/site-packages/airflow/example_dags/example_latest_only_with_trigger.py for tasks to queue
[2024-05-10T23:38:57.508+0000] {logging_mixin.py:188} INFO - [2024-05-10T23:38:57.508+0000] {dagbag.py:540} INFO - Filling up the DagBag from /home/airflow/.local/lib/python3.12/site-packages/airflow/example_dags/example_latest_only_with_trigger.py
[2024-05-10T23:38:57.514+0000] {processor.py:840} INFO - DAG(s) 'latest_only_with_trigger' retrieved from /home/airflow/.local/lib/python3.12/site-packages/airflow/example_dags/example_latest_only_with_trigger.py
[2024-05-10T23:38:57.534+0000] {logging_mixin.py:188} INFO - [2024-05-10T23:38:57.534+0000] {dag.py:3096} INFO - Sync 1 DAGs
[2024-05-10T23:38:57.558+0000] {logging_mixin.py:188} INFO - [2024-05-10T23:38:57.558+0000] {dag.py:3954} INFO - Setting next_dagrun for latest_only_with_trigger to 2024-05-10 16:00:00+00:00, run_after=2024-05-10 20:00:00+00:00
[2024-05-10T23:38:57.581+0000] {processor.py:183} INFO - Processing /home/airflow/.local/lib/python3.12/site-packages/airflow/example_dags/example_latest_only_with_trigger.py took 0.082 seconds
[2024-05-10T23:39:28.299+0000] {processor.py:161} INFO - Started process (PID=1467) to work on /home/airflow/.local/lib/python3.12/site-packages/airflow/example_dags/example_latest_only_with_trigger.py
[2024-05-10T23:39:28.301+0000] {processor.py:830} INFO - Processing file /home/airflow/.local/lib/python3.12/site-packages/airflow/example_dags/example_latest_only_with_trigger.py for tasks to queue
[2024-05-10T23:39:28.303+0000] {logging_mixin.py:188} INFO - [2024-05-10T23:39:28.302+0000] {dagbag.py:540} INFO - Filling up the DagBag from /home/airflow/.local/lib/python3.12/site-packages/airflow/example_dags/example_latest_only_with_trigger.py
[2024-05-10T23:39:28.309+0000] {processor.py:840} INFO - DAG(s) 'latest_only_with_trigger' retrieved from /home/airflow/.local/lib/python3.12/site-packages/airflow/example_dags/example_latest_only_with_trigger.py
[2024-05-10T23:39:28.335+0000] {logging_mixin.py:188} INFO - [2024-05-10T23:39:28.335+0000] {dag.py:3096} INFO - Sync 1 DAGs
[2024-05-10T23:39:28.366+0000] {logging_mixin.py:188} INFO - [2024-05-10T23:39:28.366+0000] {dag.py:3954} INFO - Setting next_dagrun for latest_only_with_trigger to 2024-05-10 16:00:00+00:00, run_after=2024-05-10 20:00:00+00:00
[2024-05-10T23:39:28.394+0000] {processor.py:183} INFO - Processing /home/airflow/.local/lib/python3.12/site-packages/airflow/example_dags/example_latest_only_with_trigger.py took 0.102 seconds
[2024-05-10T23:39:59.052+0000] {processor.py:161} INFO - Started process (PID=1526) to work on /home/airflow/.local/lib/python3.12/site-packages/airflow/example_dags/example_latest_only_with_trigger.py
[2024-05-10T23:39:59.054+0000] {processor.py:830} INFO - Processing file /home/airflow/.local/lib/python3.12/site-packages/airflow/example_dags/example_latest_only_with_trigger.py for tasks to queue
[2024-05-10T23:39:59.056+0000] {logging_mixin.py:188} INFO - [2024-05-10T23:39:59.056+0000] {dagbag.py:540} INFO - Filling up the DagBag from /home/airflow/.local/lib/python3.12/site-packages/airflow/example_dags/example_latest_only_with_trigger.py
[2024-05-10T23:39:59.061+0000] {processor.py:840} INFO - DAG(s) 'latest_only_with_trigger' retrieved from /home/airflow/.local/lib/python3.12/site-packages/airflow/example_dags/example_latest_only_with_trigger.py
[2024-05-10T23:39:59.082+0000] {logging_mixin.py:188} INFO - [2024-05-10T23:39:59.081+0000] {dag.py:3096} INFO - Sync 1 DAGs
[2024-05-10T23:39:59.108+0000] {logging_mixin.py:188} INFO - [2024-05-10T23:39:59.107+0000] {dag.py:3954} INFO - Setting next_dagrun for latest_only_with_trigger to 2024-05-10 16:00:00+00:00, run_after=2024-05-10 20:00:00+00:00
[2024-05-10T23:39:59.131+0000] {processor.py:183} INFO - Processing /home/airflow/.local/lib/python3.12/site-packages/airflow/example_dags/example_latest_only_with_trigger.py took 0.085 seconds
[2024-05-10T23:40:29.756+0000] {processor.py:161} INFO - Started process (PID=1585) to work on /home/airflow/.local/lib/python3.12/site-packages/airflow/example_dags/example_latest_only_with_trigger.py
[2024-05-10T23:40:29.757+0000] {processor.py:830} INFO - Processing file /home/airflow/.local/lib/python3.12/site-packages/airflow/example_dags/example_latest_only_with_trigger.py for tasks to queue
[2024-05-10T23:40:29.759+0000] {logging_mixin.py:188} INFO - [2024-05-10T23:40:29.759+0000] {dagbag.py:540} INFO - Filling up the DagBag from /home/airflow/.local/lib/python3.12/site-packages/airflow/example_dags/example_latest_only_with_trigger.py
[2024-05-10T23:40:29.764+0000] {processor.py:840} INFO - DAG(s) 'latest_only_with_trigger' retrieved from /home/airflow/.local/lib/python3.12/site-packages/airflow/example_dags/example_latest_only_with_trigger.py
[2024-05-10T23:40:29.785+0000] {logging_mixin.py:188} INFO - [2024-05-10T23:40:29.785+0000] {dag.py:3096} INFO - Sync 1 DAGs
[2024-05-10T23:40:29.812+0000] {logging_mixin.py:188} INFO - [2024-05-10T23:40:29.812+0000] {dag.py:3954} INFO - Setting next_dagrun for latest_only_with_trigger to 2024-05-10 16:00:00+00:00, run_after=2024-05-10 20:00:00+00:00
[2024-05-10T23:40:29.835+0000] {processor.py:183} INFO - Processing /home/airflow/.local/lib/python3.12/site-packages/airflow/example_dags/example_latest_only_with_trigger.py took 0.085 seconds
