[2024-05-10T23:27:19.061+0000] {processor.py:161} INFO - Started process (PID=76) to work on /home/airflow/.local/lib/python3.12/site-packages/airflow/example_dags/example_external_task_marker_dag.py
[2024-05-10T23:27:19.062+0000] {processor.py:830} INFO - Processing file /home/airflow/.local/lib/python3.12/site-packages/airflow/example_dags/example_external_task_marker_dag.py for tasks to queue
[2024-05-10T23:27:19.064+0000] {logging_mixin.py:188} INFO - [2024-05-10T23:27:19.064+0000] {dagbag.py:540} INFO - Filling up the DagBag from /home/airflow/.local/lib/python3.12/site-packages/airflow/example_dags/example_external_task_marker_dag.py
[2024-05-10T23:27:19.071+0000] {processor.py:840} INFO - DAG(s) 'example_external_task_marker_child', 'example_external_task_marker_parent' retrieved from /home/airflow/.local/lib/python3.12/site-packages/airflow/example_dags/example_external_task_marker_dag.py
[2024-05-10T23:27:19.203+0000] {logging_mixin.py:188} INFO - [2024-05-10T23:27:19.202+0000] {dag.py:3096} INFO - Sync 2 DAGs
[2024-05-10T23:27:19.217+0000] {logging_mixin.py:188} INFO - [2024-05-10T23:27:19.217+0000] {dag.py:3954} INFO - Setting next_dagrun for example_external_task_marker_child to None, run_after=None
[2024-05-10T23:27:19.221+0000] {logging_mixin.py:188} INFO - [2024-05-10T23:27:19.221+0000] {dag.py:3954} INFO - Setting next_dagrun for example_external_task_marker_parent to None, run_after=None
[2024-05-10T23:27:19.242+0000] {processor.py:183} INFO - Processing /home/airflow/.local/lib/python3.12/site-packages/airflow/example_dags/example_external_task_marker_dag.py took 0.186 seconds
[2024-05-10T23:27:49.686+0000] {processor.py:161} INFO - Started process (PID=135) to work on /home/airflow/.local/lib/python3.12/site-packages/airflow/example_dags/example_external_task_marker_dag.py
[2024-05-10T23:27:49.686+0000] {processor.py:830} INFO - Processing file /home/airflow/.local/lib/python3.12/site-packages/airflow/example_dags/example_external_task_marker_dag.py for tasks to queue
[2024-05-10T23:27:49.689+0000] {logging_mixin.py:188} INFO - [2024-05-10T23:27:49.688+0000] {dagbag.py:540} INFO - Filling up the DagBag from /home/airflow/.local/lib/python3.12/site-packages/airflow/example_dags/example_external_task_marker_dag.py
[2024-05-10T23:27:49.693+0000] {processor.py:840} INFO - DAG(s) 'example_external_task_marker_child', 'example_external_task_marker_parent' retrieved from /home/airflow/.local/lib/python3.12/site-packages/airflow/example_dags/example_external_task_marker_dag.py
[2024-05-10T23:27:49.716+0000] {logging_mixin.py:188} INFO - [2024-05-10T23:27:49.716+0000] {dag.py:3096} INFO - Sync 2 DAGs
[2024-05-10T23:27:49.730+0000] {logging_mixin.py:188} INFO - [2024-05-10T23:27:49.730+0000] {dag.py:3954} INFO - Setting next_dagrun for example_external_task_marker_child to None, run_after=None
[2024-05-10T23:27:49.736+0000] {logging_mixin.py:188} INFO - [2024-05-10T23:27:49.735+0000] {dag.py:3954} INFO - Setting next_dagrun for example_external_task_marker_parent to None, run_after=None
[2024-05-10T23:27:49.753+0000] {processor.py:183} INFO - Processing /home/airflow/.local/lib/python3.12/site-packages/airflow/example_dags/example_external_task_marker_dag.py took 0.074 seconds
[2024-05-10T23:28:21.885+0000] {processor.py:161} INFO - Started process (PID=200) to work on /home/airflow/.local/lib/python3.12/site-packages/airflow/example_dags/example_external_task_marker_dag.py
[2024-05-10T23:28:21.887+0000] {processor.py:830} INFO - Processing file /home/airflow/.local/lib/python3.12/site-packages/airflow/example_dags/example_external_task_marker_dag.py for tasks to queue
[2024-05-10T23:28:21.889+0000] {logging_mixin.py:188} INFO - [2024-05-10T23:28:21.889+0000] {dagbag.py:540} INFO - Filling up the DagBag from /home/airflow/.local/lib/python3.12/site-packages/airflow/example_dags/example_external_task_marker_dag.py
[2024-05-10T23:28:21.898+0000] {processor.py:840} INFO - DAG(s) 'example_external_task_marker_child', 'example_external_task_marker_parent' retrieved from /home/airflow/.local/lib/python3.12/site-packages/airflow/example_dags/example_external_task_marker_dag.py
[2024-05-10T23:28:21.928+0000] {logging_mixin.py:188} INFO - [2024-05-10T23:28:21.928+0000] {dag.py:3096} INFO - Sync 2 DAGs
[2024-05-10T23:28:21.943+0000] {logging_mixin.py:188} INFO - [2024-05-10T23:28:21.943+0000] {dag.py:3954} INFO - Setting next_dagrun for example_external_task_marker_child to None, run_after=None
[2024-05-10T23:28:21.949+0000] {logging_mixin.py:188} INFO - [2024-05-10T23:28:21.949+0000] {dag.py:3954} INFO - Setting next_dagrun for example_external_task_marker_parent to None, run_after=None
[2024-05-10T23:28:21.969+0000] {processor.py:183} INFO - Processing /home/airflow/.local/lib/python3.12/site-packages/airflow/example_dags/example_external_task_marker_dag.py took 0.091 seconds
[2024-05-10T23:28:52.366+0000] {processor.py:161} INFO - Started process (PID=259) to work on /home/airflow/.local/lib/python3.12/site-packages/airflow/example_dags/example_external_task_marker_dag.py
[2024-05-10T23:28:52.367+0000] {processor.py:830} INFO - Processing file /home/airflow/.local/lib/python3.12/site-packages/airflow/example_dags/example_external_task_marker_dag.py for tasks to queue
[2024-05-10T23:28:52.369+0000] {logging_mixin.py:188} INFO - [2024-05-10T23:28:52.368+0000] {dagbag.py:540} INFO - Filling up the DagBag from /home/airflow/.local/lib/python3.12/site-packages/airflow/example_dags/example_external_task_marker_dag.py
[2024-05-10T23:28:52.373+0000] {processor.py:840} INFO - DAG(s) 'example_external_task_marker_parent', 'example_external_task_marker_child' retrieved from /home/airflow/.local/lib/python3.12/site-packages/airflow/example_dags/example_external_task_marker_dag.py
[2024-05-10T23:28:52.399+0000] {logging_mixin.py:188} INFO - [2024-05-10T23:28:52.399+0000] {dag.py:3096} INFO - Sync 2 DAGs
[2024-05-10T23:28:52.414+0000] {logging_mixin.py:188} INFO - [2024-05-10T23:28:52.414+0000] {dag.py:3954} INFO - Setting next_dagrun for example_external_task_marker_child to None, run_after=None
[2024-05-10T23:28:52.418+0000] {logging_mixin.py:188} INFO - [2024-05-10T23:28:52.418+0000] {dag.py:3954} INFO - Setting next_dagrun for example_external_task_marker_parent to None, run_after=None
[2024-05-10T23:28:52.439+0000] {processor.py:183} INFO - Processing /home/airflow/.local/lib/python3.12/site-packages/airflow/example_dags/example_external_task_marker_dag.py took 0.077 seconds
[2024-05-10T23:29:23.601+0000] {processor.py:161} INFO - Started process (PID=318) to work on /home/airflow/.local/lib/python3.12/site-packages/airflow/example_dags/example_external_task_marker_dag.py
[2024-05-10T23:29:23.602+0000] {processor.py:830} INFO - Processing file /home/airflow/.local/lib/python3.12/site-packages/airflow/example_dags/example_external_task_marker_dag.py for tasks to queue
[2024-05-10T23:29:23.604+0000] {logging_mixin.py:188} INFO - [2024-05-10T23:29:23.604+0000] {dagbag.py:540} INFO - Filling up the DagBag from /home/airflow/.local/lib/python3.12/site-packages/airflow/example_dags/example_external_task_marker_dag.py
[2024-05-10T23:29:23.610+0000] {processor.py:840} INFO - DAG(s) 'example_external_task_marker_parent', 'example_external_task_marker_child' retrieved from /home/airflow/.local/lib/python3.12/site-packages/airflow/example_dags/example_external_task_marker_dag.py
[2024-05-10T23:29:23.632+0000] {logging_mixin.py:188} INFO - [2024-05-10T23:29:23.632+0000] {dag.py:3096} INFO - Sync 2 DAGs
[2024-05-10T23:29:23.646+0000] {logging_mixin.py:188} INFO - [2024-05-10T23:29:23.646+0000] {dag.py:3954} INFO - Setting next_dagrun for example_external_task_marker_child to None, run_after=None
[2024-05-10T23:29:23.650+0000] {logging_mixin.py:188} INFO - [2024-05-10T23:29:23.650+0000] {dag.py:3954} INFO - Setting next_dagrun for example_external_task_marker_parent to None, run_after=None
[2024-05-10T23:29:23.671+0000] {processor.py:183} INFO - Processing /home/airflow/.local/lib/python3.12/site-packages/airflow/example_dags/example_external_task_marker_dag.py took 0.075 seconds
[2024-05-10T23:29:54.784+0000] {processor.py:161} INFO - Started process (PID=377) to work on /home/airflow/.local/lib/python3.12/site-packages/airflow/example_dags/example_external_task_marker_dag.py
[2024-05-10T23:29:54.785+0000] {processor.py:830} INFO - Processing file /home/airflow/.local/lib/python3.12/site-packages/airflow/example_dags/example_external_task_marker_dag.py for tasks to queue
[2024-05-10T23:29:54.788+0000] {logging_mixin.py:188} INFO - [2024-05-10T23:29:54.787+0000] {dagbag.py:540} INFO - Filling up the DagBag from /home/airflow/.local/lib/python3.12/site-packages/airflow/example_dags/example_external_task_marker_dag.py
[2024-05-10T23:29:54.794+0000] {processor.py:840} INFO - DAG(s) 'example_external_task_marker_parent', 'example_external_task_marker_child' retrieved from /home/airflow/.local/lib/python3.12/site-packages/airflow/example_dags/example_external_task_marker_dag.py
[2024-05-10T23:29:54.822+0000] {logging_mixin.py:188} INFO - [2024-05-10T23:29:54.822+0000] {dag.py:3096} INFO - Sync 2 DAGs
[2024-05-10T23:29:54.837+0000] {logging_mixin.py:188} INFO - [2024-05-10T23:29:54.837+0000] {dag.py:3954} INFO - Setting next_dagrun for example_external_task_marker_child to None, run_after=None
[2024-05-10T23:29:54.842+0000] {logging_mixin.py:188} INFO - [2024-05-10T23:29:54.841+0000] {dag.py:3954} INFO - Setting next_dagrun for example_external_task_marker_parent to None, run_after=None
[2024-05-10T23:29:54.863+0000] {processor.py:183} INFO - Processing /home/airflow/.local/lib/python3.12/site-packages/airflow/example_dags/example_external_task_marker_dag.py took 0.084 seconds
[2024-05-10T23:30:25.274+0000] {processor.py:161} INFO - Started process (PID=436) to work on /home/airflow/.local/lib/python3.12/site-packages/airflow/example_dags/example_external_task_marker_dag.py
[2024-05-10T23:30:25.275+0000] {processor.py:830} INFO - Processing file /home/airflow/.local/lib/python3.12/site-packages/airflow/example_dags/example_external_task_marker_dag.py for tasks to queue
[2024-05-10T23:30:25.277+0000] {logging_mixin.py:188} INFO - [2024-05-10T23:30:25.277+0000] {dagbag.py:540} INFO - Filling up the DagBag from /home/airflow/.local/lib/python3.12/site-packages/airflow/example_dags/example_external_task_marker_dag.py
[2024-05-10T23:30:25.284+0000] {processor.py:840} INFO - DAG(s) 'example_external_task_marker_parent', 'example_external_task_marker_child' retrieved from /home/airflow/.local/lib/python3.12/site-packages/airflow/example_dags/example_external_task_marker_dag.py
[2024-05-10T23:30:25.309+0000] {logging_mixin.py:188} INFO - [2024-05-10T23:30:25.309+0000] {dag.py:3096} INFO - Sync 2 DAGs
[2024-05-10T23:30:25.326+0000] {logging_mixin.py:188} INFO - [2024-05-10T23:30:25.325+0000] {dag.py:3954} INFO - Setting next_dagrun for example_external_task_marker_child to None, run_after=None
[2024-05-10T23:30:25.330+0000] {logging_mixin.py:188} INFO - [2024-05-10T23:30:25.330+0000] {dag.py:3954} INFO - Setting next_dagrun for example_external_task_marker_parent to None, run_after=None
[2024-05-10T23:30:25.351+0000] {processor.py:183} INFO - Processing /home/airflow/.local/lib/python3.12/site-packages/airflow/example_dags/example_external_task_marker_dag.py took 0.082 seconds
[2024-05-10T23:30:55.657+0000] {processor.py:161} INFO - Started process (PID=495) to work on /home/airflow/.local/lib/python3.12/site-packages/airflow/example_dags/example_external_task_marker_dag.py
[2024-05-10T23:30:55.658+0000] {processor.py:830} INFO - Processing file /home/airflow/.local/lib/python3.12/site-packages/airflow/example_dags/example_external_task_marker_dag.py for tasks to queue
[2024-05-10T23:30:55.660+0000] {logging_mixin.py:188} INFO - [2024-05-10T23:30:55.660+0000] {dagbag.py:540} INFO - Filling up the DagBag from /home/airflow/.local/lib/python3.12/site-packages/airflow/example_dags/example_external_task_marker_dag.py
[2024-05-10T23:30:55.666+0000] {processor.py:840} INFO - DAG(s) 'example_external_task_marker_child', 'example_external_task_marker_parent' retrieved from /home/airflow/.local/lib/python3.12/site-packages/airflow/example_dags/example_external_task_marker_dag.py
[2024-05-10T23:30:55.693+0000] {logging_mixin.py:188} INFO - [2024-05-10T23:30:55.693+0000] {dag.py:3096} INFO - Sync 2 DAGs
[2024-05-10T23:30:55.710+0000] {logging_mixin.py:188} INFO - [2024-05-10T23:30:55.709+0000] {dag.py:3954} INFO - Setting next_dagrun for example_external_task_marker_child to None, run_after=None
[2024-05-10T23:30:55.714+0000] {logging_mixin.py:188} INFO - [2024-05-10T23:30:55.714+0000] {dag.py:3954} INFO - Setting next_dagrun for example_external_task_marker_parent to None, run_after=None
[2024-05-10T23:30:55.731+0000] {processor.py:183} INFO - Processing /home/airflow/.local/lib/python3.12/site-packages/airflow/example_dags/example_external_task_marker_dag.py took 0.080 seconds
[2024-05-10T23:31:26.114+0000] {processor.py:161} INFO - Started process (PID=553) to work on /home/airflow/.local/lib/python3.12/site-packages/airflow/example_dags/example_external_task_marker_dag.py
[2024-05-10T23:31:26.115+0000] {processor.py:830} INFO - Processing file /home/airflow/.local/lib/python3.12/site-packages/airflow/example_dags/example_external_task_marker_dag.py for tasks to queue
[2024-05-10T23:31:26.117+0000] {logging_mixin.py:188} INFO - [2024-05-10T23:31:26.117+0000] {dagbag.py:540} INFO - Filling up the DagBag from /home/airflow/.local/lib/python3.12/site-packages/airflow/example_dags/example_external_task_marker_dag.py
[2024-05-10T23:31:26.124+0000] {processor.py:840} INFO - DAG(s) 'example_external_task_marker_parent', 'example_external_task_marker_child' retrieved from /home/airflow/.local/lib/python3.12/site-packages/airflow/example_dags/example_external_task_marker_dag.py
[2024-05-10T23:31:26.148+0000] {logging_mixin.py:188} INFO - [2024-05-10T23:31:26.148+0000] {dag.py:3096} INFO - Sync 2 DAGs
[2024-05-10T23:31:26.162+0000] {logging_mixin.py:188} INFO - [2024-05-10T23:31:26.162+0000] {dag.py:3954} INFO - Setting next_dagrun for example_external_task_marker_child to None, run_after=None
[2024-05-10T23:31:26.167+0000] {logging_mixin.py:188} INFO - [2024-05-10T23:31:26.167+0000] {dag.py:3954} INFO - Setting next_dagrun for example_external_task_marker_parent to None, run_after=None
[2024-05-10T23:31:26.188+0000] {processor.py:183} INFO - Processing /home/airflow/.local/lib/python3.12/site-packages/airflow/example_dags/example_external_task_marker_dag.py took 0.080 seconds
[2024-05-10T23:31:56.822+0000] {processor.py:161} INFO - Started process (PID=612) to work on /home/airflow/.local/lib/python3.12/site-packages/airflow/example_dags/example_external_task_marker_dag.py
[2024-05-10T23:31:56.823+0000] {processor.py:830} INFO - Processing file /home/airflow/.local/lib/python3.12/site-packages/airflow/example_dags/example_external_task_marker_dag.py for tasks to queue
[2024-05-10T23:31:56.826+0000] {logging_mixin.py:188} INFO - [2024-05-10T23:31:56.825+0000] {dagbag.py:540} INFO - Filling up the DagBag from /home/airflow/.local/lib/python3.12/site-packages/airflow/example_dags/example_external_task_marker_dag.py
[2024-05-10T23:31:56.832+0000] {processor.py:840} INFO - DAG(s) 'example_external_task_marker_child', 'example_external_task_marker_parent' retrieved from /home/airflow/.local/lib/python3.12/site-packages/airflow/example_dags/example_external_task_marker_dag.py
[2024-05-10T23:31:56.858+0000] {logging_mixin.py:188} INFO - [2024-05-10T23:31:56.858+0000] {dag.py:3096} INFO - Sync 2 DAGs
[2024-05-10T23:31:56.876+0000] {logging_mixin.py:188} INFO - [2024-05-10T23:31:56.876+0000] {dag.py:3954} INFO - Setting next_dagrun for example_external_task_marker_child to None, run_after=None
[2024-05-10T23:31:56.882+0000] {logging_mixin.py:188} INFO - [2024-05-10T23:31:56.882+0000] {dag.py:3954} INFO - Setting next_dagrun for example_external_task_marker_parent to None, run_after=None
[2024-05-10T23:31:56.903+0000] {processor.py:183} INFO - Processing /home/airflow/.local/lib/python3.12/site-packages/airflow/example_dags/example_external_task_marker_dag.py took 0.087 seconds
[2024-05-10T23:32:27.470+0000] {processor.py:161} INFO - Started process (PID=671) to work on /home/airflow/.local/lib/python3.12/site-packages/airflow/example_dags/example_external_task_marker_dag.py
[2024-05-10T23:32:27.471+0000] {processor.py:830} INFO - Processing file /home/airflow/.local/lib/python3.12/site-packages/airflow/example_dags/example_external_task_marker_dag.py for tasks to queue
[2024-05-10T23:32:27.472+0000] {logging_mixin.py:188} INFO - [2024-05-10T23:32:27.472+0000] {dagbag.py:540} INFO - Filling up the DagBag from /home/airflow/.local/lib/python3.12/site-packages/airflow/example_dags/example_external_task_marker_dag.py
[2024-05-10T23:32:27.479+0000] {processor.py:840} INFO - DAG(s) 'example_external_task_marker_child', 'example_external_task_marker_parent' retrieved from /home/airflow/.local/lib/python3.12/site-packages/airflow/example_dags/example_external_task_marker_dag.py
[2024-05-10T23:32:27.508+0000] {logging_mixin.py:188} INFO - [2024-05-10T23:32:27.508+0000] {dag.py:3096} INFO - Sync 2 DAGs
[2024-05-10T23:32:27.523+0000] {logging_mixin.py:188} INFO - [2024-05-10T23:32:27.523+0000] {dag.py:3954} INFO - Setting next_dagrun for example_external_task_marker_child to None, run_after=None
[2024-05-10T23:32:27.529+0000] {logging_mixin.py:188} INFO - [2024-05-10T23:32:27.528+0000] {dag.py:3954} INFO - Setting next_dagrun for example_external_task_marker_parent to None, run_after=None
[2024-05-10T23:32:27.550+0000] {processor.py:183} INFO - Processing /home/airflow/.local/lib/python3.12/site-packages/airflow/example_dags/example_external_task_marker_dag.py took 0.084 seconds
[2024-05-10T23:32:57.949+0000] {processor.py:161} INFO - Started process (PID=730) to work on /home/airflow/.local/lib/python3.12/site-packages/airflow/example_dags/example_external_task_marker_dag.py
[2024-05-10T23:32:57.949+0000] {processor.py:830} INFO - Processing file /home/airflow/.local/lib/python3.12/site-packages/airflow/example_dags/example_external_task_marker_dag.py for tasks to queue
[2024-05-10T23:32:57.951+0000] {logging_mixin.py:188} INFO - [2024-05-10T23:32:57.951+0000] {dagbag.py:540} INFO - Filling up the DagBag from /home/airflow/.local/lib/python3.12/site-packages/airflow/example_dags/example_external_task_marker_dag.py
[2024-05-10T23:32:57.957+0000] {processor.py:840} INFO - DAG(s) 'example_external_task_marker_child', 'example_external_task_marker_parent' retrieved from /home/airflow/.local/lib/python3.12/site-packages/airflow/example_dags/example_external_task_marker_dag.py
[2024-05-10T23:32:57.970+0000] {logging_mixin.py:188} INFO - [2024-05-10T23:32:57.969+0000] {dag.py:3096} INFO - Sync 2 DAGs
[2024-05-10T23:32:57.984+0000] {logging_mixin.py:188} INFO - [2024-05-10T23:32:57.984+0000] {dag.py:3954} INFO - Setting next_dagrun for example_external_task_marker_child to None, run_after=None
[2024-05-10T23:32:57.990+0000] {logging_mixin.py:188} INFO - [2024-05-10T23:32:57.990+0000] {dag.py:3954} INFO - Setting next_dagrun for example_external_task_marker_parent to None, run_after=None
[2024-05-10T23:32:58.012+0000] {processor.py:183} INFO - Processing /home/airflow/.local/lib/python3.12/site-packages/airflow/example_dags/example_external_task_marker_dag.py took 0.085 seconds
[2024-05-10T23:33:28.519+0000] {processor.py:161} INFO - Started process (PID=789) to work on /home/airflow/.local/lib/python3.12/site-packages/airflow/example_dags/example_external_task_marker_dag.py
[2024-05-10T23:33:28.520+0000] {processor.py:830} INFO - Processing file /home/airflow/.local/lib/python3.12/site-packages/airflow/example_dags/example_external_task_marker_dag.py for tasks to queue
[2024-05-10T23:33:28.523+0000] {logging_mixin.py:188} INFO - [2024-05-10T23:33:28.522+0000] {dagbag.py:540} INFO - Filling up the DagBag from /home/airflow/.local/lib/python3.12/site-packages/airflow/example_dags/example_external_task_marker_dag.py
[2024-05-10T23:33:28.528+0000] {processor.py:840} INFO - DAG(s) 'example_external_task_marker_parent', 'example_external_task_marker_child' retrieved from /home/airflow/.local/lib/python3.12/site-packages/airflow/example_dags/example_external_task_marker_dag.py
[2024-05-10T23:33:28.555+0000] {logging_mixin.py:188} INFO - [2024-05-10T23:33:28.555+0000] {dag.py:3096} INFO - Sync 2 DAGs
[2024-05-10T23:33:28.575+0000] {logging_mixin.py:188} INFO - [2024-05-10T23:33:28.574+0000] {dag.py:3954} INFO - Setting next_dagrun for example_external_task_marker_child to None, run_after=None
[2024-05-10T23:33:28.579+0000] {logging_mixin.py:188} INFO - [2024-05-10T23:33:28.579+0000] {dag.py:3954} INFO - Setting next_dagrun for example_external_task_marker_parent to None, run_after=None
[2024-05-10T23:33:28.600+0000] {processor.py:183} INFO - Processing /home/airflow/.local/lib/python3.12/site-packages/airflow/example_dags/example_external_task_marker_dag.py took 0.086 seconds
[2024-05-10T23:33:58.800+0000] {processor.py:161} INFO - Started process (PID=848) to work on /home/airflow/.local/lib/python3.12/site-packages/airflow/example_dags/example_external_task_marker_dag.py
[2024-05-10T23:33:58.801+0000] {processor.py:830} INFO - Processing file /home/airflow/.local/lib/python3.12/site-packages/airflow/example_dags/example_external_task_marker_dag.py for tasks to queue
[2024-05-10T23:33:58.803+0000] {logging_mixin.py:188} INFO - [2024-05-10T23:33:58.803+0000] {dagbag.py:540} INFO - Filling up the DagBag from /home/airflow/.local/lib/python3.12/site-packages/airflow/example_dags/example_external_task_marker_dag.py
[2024-05-10T23:33:58.809+0000] {processor.py:840} INFO - DAG(s) 'example_external_task_marker_child', 'example_external_task_marker_parent' retrieved from /home/airflow/.local/lib/python3.12/site-packages/airflow/example_dags/example_external_task_marker_dag.py
[2024-05-10T23:33:58.836+0000] {logging_mixin.py:188} INFO - [2024-05-10T23:33:58.836+0000] {dag.py:3096} INFO - Sync 2 DAGs
[2024-05-10T23:33:58.850+0000] {logging_mixin.py:188} INFO - [2024-05-10T23:33:58.850+0000] {dag.py:3954} INFO - Setting next_dagrun for example_external_task_marker_child to None, run_after=None
[2024-05-10T23:33:58.855+0000] {logging_mixin.py:188} INFO - [2024-05-10T23:33:58.855+0000] {dag.py:3954} INFO - Setting next_dagrun for example_external_task_marker_parent to None, run_after=None
[2024-05-10T23:33:58.875+0000] {processor.py:183} INFO - Processing /home/airflow/.local/lib/python3.12/site-packages/airflow/example_dags/example_external_task_marker_dag.py took 0.080 seconds
[2024-05-10T23:34:28.998+0000] {processor.py:161} INFO - Started process (PID=907) to work on /home/airflow/.local/lib/python3.12/site-packages/airflow/example_dags/example_external_task_marker_dag.py
[2024-05-10T23:34:29.000+0000] {processor.py:830} INFO - Processing file /home/airflow/.local/lib/python3.12/site-packages/airflow/example_dags/example_external_task_marker_dag.py for tasks to queue
[2024-05-10T23:34:29.002+0000] {logging_mixin.py:188} INFO - [2024-05-10T23:34:29.002+0000] {dagbag.py:540} INFO - Filling up the DagBag from /home/airflow/.local/lib/python3.12/site-packages/airflow/example_dags/example_external_task_marker_dag.py
[2024-05-10T23:34:29.011+0000] {processor.py:840} INFO - DAG(s) 'example_external_task_marker_child', 'example_external_task_marker_parent' retrieved from /home/airflow/.local/lib/python3.12/site-packages/airflow/example_dags/example_external_task_marker_dag.py
[2024-05-10T23:34:29.040+0000] {logging_mixin.py:188} INFO - [2024-05-10T23:34:29.040+0000] {dag.py:3096} INFO - Sync 2 DAGs
[2024-05-10T23:34:29.056+0000] {logging_mixin.py:188} INFO - [2024-05-10T23:34:29.055+0000] {dag.py:3954} INFO - Setting next_dagrun for example_external_task_marker_child to None, run_after=None
[2024-05-10T23:34:29.060+0000] {logging_mixin.py:188} INFO - [2024-05-10T23:34:29.060+0000] {dag.py:3954} INFO - Setting next_dagrun for example_external_task_marker_parent to None, run_after=None
[2024-05-10T23:34:29.080+0000] {processor.py:183} INFO - Processing /home/airflow/.local/lib/python3.12/site-packages/airflow/example_dags/example_external_task_marker_dag.py took 0.088 seconds
[2024-05-10T23:34:59.327+0000] {processor.py:161} INFO - Started process (PID=966) to work on /home/airflow/.local/lib/python3.12/site-packages/airflow/example_dags/example_external_task_marker_dag.py
[2024-05-10T23:34:59.328+0000] {processor.py:830} INFO - Processing file /home/airflow/.local/lib/python3.12/site-packages/airflow/example_dags/example_external_task_marker_dag.py for tasks to queue
[2024-05-10T23:34:59.330+0000] {logging_mixin.py:188} INFO - [2024-05-10T23:34:59.330+0000] {dagbag.py:540} INFO - Filling up the DagBag from /home/airflow/.local/lib/python3.12/site-packages/airflow/example_dags/example_external_task_marker_dag.py
[2024-05-10T23:34:59.336+0000] {processor.py:840} INFO - DAG(s) 'example_external_task_marker_child', 'example_external_task_marker_parent' retrieved from /home/airflow/.local/lib/python3.12/site-packages/airflow/example_dags/example_external_task_marker_dag.py
[2024-05-10T23:34:59.371+0000] {logging_mixin.py:188} INFO - [2024-05-10T23:34:59.370+0000] {dag.py:3096} INFO - Sync 2 DAGs
[2024-05-10T23:34:59.389+0000] {logging_mixin.py:188} INFO - [2024-05-10T23:34:59.389+0000] {dag.py:3954} INFO - Setting next_dagrun for example_external_task_marker_child to None, run_after=None
[2024-05-10T23:34:59.395+0000] {logging_mixin.py:188} INFO - [2024-05-10T23:34:59.395+0000] {dag.py:3954} INFO - Setting next_dagrun for example_external_task_marker_parent to None, run_after=None
[2024-05-10T23:34:59.416+0000] {processor.py:183} INFO - Processing /home/airflow/.local/lib/python3.12/site-packages/airflow/example_dags/example_external_task_marker_dag.py took 0.094 seconds
[2024-05-10T23:35:29.543+0000] {processor.py:161} INFO - Started process (PID=1025) to work on /home/airflow/.local/lib/python3.12/site-packages/airflow/example_dags/example_external_task_marker_dag.py
[2024-05-10T23:35:29.544+0000] {processor.py:830} INFO - Processing file /home/airflow/.local/lib/python3.12/site-packages/airflow/example_dags/example_external_task_marker_dag.py for tasks to queue
[2024-05-10T23:35:29.546+0000] {logging_mixin.py:188} INFO - [2024-05-10T23:35:29.546+0000] {dagbag.py:540} INFO - Filling up the DagBag from /home/airflow/.local/lib/python3.12/site-packages/airflow/example_dags/example_external_task_marker_dag.py
[2024-05-10T23:35:29.552+0000] {processor.py:840} INFO - DAG(s) 'example_external_task_marker_parent', 'example_external_task_marker_child' retrieved from /home/airflow/.local/lib/python3.12/site-packages/airflow/example_dags/example_external_task_marker_dag.py
[2024-05-10T23:35:29.577+0000] {logging_mixin.py:188} INFO - [2024-05-10T23:35:29.576+0000] {dag.py:3096} INFO - Sync 2 DAGs
[2024-05-10T23:35:29.592+0000] {logging_mixin.py:188} INFO - [2024-05-10T23:35:29.592+0000] {dag.py:3954} INFO - Setting next_dagrun for example_external_task_marker_child to None, run_after=None
[2024-05-10T23:35:29.596+0000] {logging_mixin.py:188} INFO - [2024-05-10T23:35:29.596+0000] {dag.py:3954} INFO - Setting next_dagrun for example_external_task_marker_parent to None, run_after=None
[2024-05-10T23:35:29.615+0000] {processor.py:183} INFO - Processing /home/airflow/.local/lib/python3.12/site-packages/airflow/example_dags/example_external_task_marker_dag.py took 0.079 seconds
[2024-05-10T23:35:59.796+0000] {processor.py:161} INFO - Started process (PID=1084) to work on /home/airflow/.local/lib/python3.12/site-packages/airflow/example_dags/example_external_task_marker_dag.py
[2024-05-10T23:35:59.797+0000] {processor.py:830} INFO - Processing file /home/airflow/.local/lib/python3.12/site-packages/airflow/example_dags/example_external_task_marker_dag.py for tasks to queue
[2024-05-10T23:35:59.799+0000] {logging_mixin.py:188} INFO - [2024-05-10T23:35:59.799+0000] {dagbag.py:540} INFO - Filling up the DagBag from /home/airflow/.local/lib/python3.12/site-packages/airflow/example_dags/example_external_task_marker_dag.py
[2024-05-10T23:35:59.805+0000] {processor.py:840} INFO - DAG(s) 'example_external_task_marker_child', 'example_external_task_marker_parent' retrieved from /home/airflow/.local/lib/python3.12/site-packages/airflow/example_dags/example_external_task_marker_dag.py
[2024-05-10T23:35:59.829+0000] {logging_mixin.py:188} INFO - [2024-05-10T23:35:59.829+0000] {dag.py:3096} INFO - Sync 2 DAGs
[2024-05-10T23:35:59.848+0000] {logging_mixin.py:188} INFO - [2024-05-10T23:35:59.848+0000] {dag.py:3954} INFO - Setting next_dagrun for example_external_task_marker_child to None, run_after=None
[2024-05-10T23:35:59.856+0000] {logging_mixin.py:188} INFO - [2024-05-10T23:35:59.856+0000] {dag.py:3954} INFO - Setting next_dagrun for example_external_task_marker_parent to None, run_after=None
[2024-05-10T23:35:59.883+0000] {processor.py:183} INFO - Processing /home/airflow/.local/lib/python3.12/site-packages/airflow/example_dags/example_external_task_marker_dag.py took 0.092 seconds
[2024-05-10T23:36:30.534+0000] {processor.py:161} INFO - Started process (PID=1143) to work on /home/airflow/.local/lib/python3.12/site-packages/airflow/example_dags/example_external_task_marker_dag.py
[2024-05-10T23:36:30.535+0000] {processor.py:830} INFO - Processing file /home/airflow/.local/lib/python3.12/site-packages/airflow/example_dags/example_external_task_marker_dag.py for tasks to queue
[2024-05-10T23:36:30.537+0000] {logging_mixin.py:188} INFO - [2024-05-10T23:36:30.537+0000] {dagbag.py:540} INFO - Filling up the DagBag from /home/airflow/.local/lib/python3.12/site-packages/airflow/example_dags/example_external_task_marker_dag.py
[2024-05-10T23:36:30.677+0000] {processor.py:840} INFO - DAG(s) 'example_external_task_marker_child', 'example_external_task_marker_parent' retrieved from /home/airflow/.local/lib/python3.12/site-packages/airflow/example_dags/example_external_task_marker_dag.py
[2024-05-10T23:36:30.704+0000] {logging_mixin.py:188} INFO - [2024-05-10T23:36:30.704+0000] {dag.py:3096} INFO - Sync 2 DAGs
[2024-05-10T23:36:30.725+0000] {logging_mixin.py:188} INFO - [2024-05-10T23:36:30.724+0000] {dag.py:3954} INFO - Setting next_dagrun for example_external_task_marker_child to None, run_after=None
[2024-05-10T23:36:30.729+0000] {logging_mixin.py:188} INFO - [2024-05-10T23:36:30.729+0000] {dag.py:3954} INFO - Setting next_dagrun for example_external_task_marker_parent to None, run_after=None
[2024-05-10T23:36:30.750+0000] {processor.py:183} INFO - Processing /home/airflow/.local/lib/python3.12/site-packages/airflow/example_dags/example_external_task_marker_dag.py took 0.222 seconds
[2024-05-10T23:37:01.200+0000] {processor.py:161} INFO - Started process (PID=1202) to work on /home/airflow/.local/lib/python3.12/site-packages/airflow/example_dags/example_external_task_marker_dag.py
[2024-05-10T23:37:01.201+0000] {processor.py:830} INFO - Processing file /home/airflow/.local/lib/python3.12/site-packages/airflow/example_dags/example_external_task_marker_dag.py for tasks to queue
[2024-05-10T23:37:01.203+0000] {logging_mixin.py:188} INFO - [2024-05-10T23:37:01.202+0000] {dagbag.py:540} INFO - Filling up the DagBag from /home/airflow/.local/lib/python3.12/site-packages/airflow/example_dags/example_external_task_marker_dag.py
[2024-05-10T23:37:01.208+0000] {processor.py:840} INFO - DAG(s) 'example_external_task_marker_child', 'example_external_task_marker_parent' retrieved from /home/airflow/.local/lib/python3.12/site-packages/airflow/example_dags/example_external_task_marker_dag.py
[2024-05-10T23:37:01.239+0000] {logging_mixin.py:188} INFO - [2024-05-10T23:37:01.239+0000] {dag.py:3096} INFO - Sync 2 DAGs
[2024-05-10T23:37:01.253+0000] {logging_mixin.py:188} INFO - [2024-05-10T23:37:01.252+0000] {dag.py:3954} INFO - Setting next_dagrun for example_external_task_marker_child to None, run_after=None
[2024-05-10T23:37:01.258+0000] {logging_mixin.py:188} INFO - [2024-05-10T23:37:01.258+0000] {dag.py:3954} INFO - Setting next_dagrun for example_external_task_marker_parent to None, run_after=None
[2024-05-10T23:37:01.277+0000] {processor.py:183} INFO - Processing /home/airflow/.local/lib/python3.12/site-packages/airflow/example_dags/example_external_task_marker_dag.py took 0.082 seconds
[2024-05-10T23:37:31.402+0000] {processor.py:161} INFO - Started process (PID=1261) to work on /home/airflow/.local/lib/python3.12/site-packages/airflow/example_dags/example_external_task_marker_dag.py
[2024-05-10T23:37:31.403+0000] {processor.py:830} INFO - Processing file /home/airflow/.local/lib/python3.12/site-packages/airflow/example_dags/example_external_task_marker_dag.py for tasks to queue
[2024-05-10T23:37:31.405+0000] {logging_mixin.py:188} INFO - [2024-05-10T23:37:31.405+0000] {dagbag.py:540} INFO - Filling up the DagBag from /home/airflow/.local/lib/python3.12/site-packages/airflow/example_dags/example_external_task_marker_dag.py
[2024-05-10T23:37:31.411+0000] {processor.py:840} INFO - DAG(s) 'example_external_task_marker_child', 'example_external_task_marker_parent' retrieved from /home/airflow/.local/lib/python3.12/site-packages/airflow/example_dags/example_external_task_marker_dag.py
[2024-05-10T23:37:31.434+0000] {logging_mixin.py:188} INFO - [2024-05-10T23:37:31.434+0000] {dag.py:3096} INFO - Sync 2 DAGs
[2024-05-10T23:37:31.449+0000] {logging_mixin.py:188} INFO - [2024-05-10T23:37:31.449+0000] {dag.py:3954} INFO - Setting next_dagrun for example_external_task_marker_child to None, run_after=None
[2024-05-10T23:37:31.453+0000] {logging_mixin.py:188} INFO - [2024-05-10T23:37:31.453+0000] {dag.py:3954} INFO - Setting next_dagrun for example_external_task_marker_parent to None, run_after=None
[2024-05-10T23:37:31.471+0000] {processor.py:183} INFO - Processing /home/airflow/.local/lib/python3.12/site-packages/airflow/example_dags/example_external_task_marker_dag.py took 0.074 seconds
[2024-05-10T23:38:02.287+0000] {processor.py:161} INFO - Started process (PID=1320) to work on /home/airflow/.local/lib/python3.12/site-packages/airflow/example_dags/example_external_task_marker_dag.py
[2024-05-10T23:38:02.288+0000] {processor.py:830} INFO - Processing file /home/airflow/.local/lib/python3.12/site-packages/airflow/example_dags/example_external_task_marker_dag.py for tasks to queue
[2024-05-10T23:38:02.290+0000] {logging_mixin.py:188} INFO - [2024-05-10T23:38:02.290+0000] {dagbag.py:540} INFO - Filling up the DagBag from /home/airflow/.local/lib/python3.12/site-packages/airflow/example_dags/example_external_task_marker_dag.py
[2024-05-10T23:38:02.295+0000] {processor.py:840} INFO - DAG(s) 'example_external_task_marker_child', 'example_external_task_marker_parent' retrieved from /home/airflow/.local/lib/python3.12/site-packages/airflow/example_dags/example_external_task_marker_dag.py
[2024-05-10T23:38:02.319+0000] {logging_mixin.py:188} INFO - [2024-05-10T23:38:02.319+0000] {dag.py:3096} INFO - Sync 2 DAGs
[2024-05-10T23:38:02.333+0000] {logging_mixin.py:188} INFO - [2024-05-10T23:38:02.333+0000] {dag.py:3954} INFO - Setting next_dagrun for example_external_task_marker_child to None, run_after=None
[2024-05-10T23:38:02.338+0000] {logging_mixin.py:188} INFO - [2024-05-10T23:38:02.338+0000] {dag.py:3954} INFO - Setting next_dagrun for example_external_task_marker_parent to None, run_after=None
[2024-05-10T23:38:02.360+0000] {processor.py:183} INFO - Processing /home/airflow/.local/lib/python3.12/site-packages/airflow/example_dags/example_external_task_marker_dag.py took 0.078 seconds
[2024-05-10T23:38:32.931+0000] {processor.py:161} INFO - Started process (PID=1379) to work on /home/airflow/.local/lib/python3.12/site-packages/airflow/example_dags/example_external_task_marker_dag.py
[2024-05-10T23:38:32.931+0000] {processor.py:830} INFO - Processing file /home/airflow/.local/lib/python3.12/site-packages/airflow/example_dags/example_external_task_marker_dag.py for tasks to queue
[2024-05-10T23:38:32.933+0000] {logging_mixin.py:188} INFO - [2024-05-10T23:38:32.933+0000] {dagbag.py:540} INFO - Filling up the DagBag from /home/airflow/.local/lib/python3.12/site-packages/airflow/example_dags/example_external_task_marker_dag.py
[2024-05-10T23:38:32.940+0000] {processor.py:840} INFO - DAG(s) 'example_external_task_marker_child', 'example_external_task_marker_parent' retrieved from /home/airflow/.local/lib/python3.12/site-packages/airflow/example_dags/example_external_task_marker_dag.py
[2024-05-10T23:38:32.968+0000] {logging_mixin.py:188} INFO - [2024-05-10T23:38:32.968+0000] {dag.py:3096} INFO - Sync 2 DAGs
[2024-05-10T23:38:32.989+0000] {logging_mixin.py:188} INFO - [2024-05-10T23:38:32.988+0000] {dag.py:3954} INFO - Setting next_dagrun for example_external_task_marker_child to None, run_after=None
[2024-05-10T23:38:32.995+0000] {logging_mixin.py:188} INFO - [2024-05-10T23:38:32.994+0000] {dag.py:3954} INFO - Setting next_dagrun for example_external_task_marker_parent to None, run_after=None
[2024-05-10T23:38:33.016+0000] {processor.py:183} INFO - Processing /home/airflow/.local/lib/python3.12/site-packages/airflow/example_dags/example_external_task_marker_dag.py took 0.091 seconds
[2024-05-10T23:39:03.633+0000] {processor.py:161} INFO - Started process (PID=1438) to work on /home/airflow/.local/lib/python3.12/site-packages/airflow/example_dags/example_external_task_marker_dag.py
[2024-05-10T23:39:03.634+0000] {processor.py:830} INFO - Processing file /home/airflow/.local/lib/python3.12/site-packages/airflow/example_dags/example_external_task_marker_dag.py for tasks to queue
[2024-05-10T23:39:03.636+0000] {logging_mixin.py:188} INFO - [2024-05-10T23:39:03.636+0000] {dagbag.py:540} INFO - Filling up the DagBag from /home/airflow/.local/lib/python3.12/site-packages/airflow/example_dags/example_external_task_marker_dag.py
[2024-05-10T23:39:03.641+0000] {processor.py:840} INFO - DAG(s) 'example_external_task_marker_parent', 'example_external_task_marker_child' retrieved from /home/airflow/.local/lib/python3.12/site-packages/airflow/example_dags/example_external_task_marker_dag.py
[2024-05-10T23:39:03.665+0000] {logging_mixin.py:188} INFO - [2024-05-10T23:39:03.664+0000] {dag.py:3096} INFO - Sync 2 DAGs
[2024-05-10T23:39:03.682+0000] {logging_mixin.py:188} INFO - [2024-05-10T23:39:03.681+0000] {dag.py:3954} INFO - Setting next_dagrun for example_external_task_marker_child to None, run_after=None
[2024-05-10T23:39:03.686+0000] {logging_mixin.py:188} INFO - [2024-05-10T23:39:03.686+0000] {dag.py:3954} INFO - Setting next_dagrun for example_external_task_marker_parent to None, run_after=None
[2024-05-10T23:39:03.704+0000] {processor.py:183} INFO - Processing /home/airflow/.local/lib/python3.12/site-packages/airflow/example_dags/example_external_task_marker_dag.py took 0.076 seconds
[2024-05-10T23:39:34.468+0000] {processor.py:161} INFO - Started process (PID=1497) to work on /home/airflow/.local/lib/python3.12/site-packages/airflow/example_dags/example_external_task_marker_dag.py
[2024-05-10T23:39:34.469+0000] {processor.py:830} INFO - Processing file /home/airflow/.local/lib/python3.12/site-packages/airflow/example_dags/example_external_task_marker_dag.py for tasks to queue
[2024-05-10T23:39:34.471+0000] {logging_mixin.py:188} INFO - [2024-05-10T23:39:34.471+0000] {dagbag.py:540} INFO - Filling up the DagBag from /home/airflow/.local/lib/python3.12/site-packages/airflow/example_dags/example_external_task_marker_dag.py
[2024-05-10T23:39:34.476+0000] {processor.py:840} INFO - DAG(s) 'example_external_task_marker_child', 'example_external_task_marker_parent' retrieved from /home/airflow/.local/lib/python3.12/site-packages/airflow/example_dags/example_external_task_marker_dag.py
[2024-05-10T23:39:34.500+0000] {logging_mixin.py:188} INFO - [2024-05-10T23:39:34.500+0000] {dag.py:3096} INFO - Sync 2 DAGs
[2024-05-10T23:39:34.514+0000] {logging_mixin.py:188} INFO - [2024-05-10T23:39:34.514+0000] {dag.py:3954} INFO - Setting next_dagrun for example_external_task_marker_child to None, run_after=None
[2024-05-10T23:39:34.518+0000] {logging_mixin.py:188} INFO - [2024-05-10T23:39:34.518+0000] {dag.py:3954} INFO - Setting next_dagrun for example_external_task_marker_parent to None, run_after=None
[2024-05-10T23:39:34.538+0000] {processor.py:183} INFO - Processing /home/airflow/.local/lib/python3.12/site-packages/airflow/example_dags/example_external_task_marker_dag.py took 0.075 seconds
[2024-05-10T23:40:05.232+0000] {processor.py:161} INFO - Started process (PID=1556) to work on /home/airflow/.local/lib/python3.12/site-packages/airflow/example_dags/example_external_task_marker_dag.py
[2024-05-10T23:40:05.233+0000] {processor.py:830} INFO - Processing file /home/airflow/.local/lib/python3.12/site-packages/airflow/example_dags/example_external_task_marker_dag.py for tasks to queue
[2024-05-10T23:40:05.234+0000] {logging_mixin.py:188} INFO - [2024-05-10T23:40:05.234+0000] {dagbag.py:540} INFO - Filling up the DagBag from /home/airflow/.local/lib/python3.12/site-packages/airflow/example_dags/example_external_task_marker_dag.py
[2024-05-10T23:40:05.240+0000] {processor.py:840} INFO - DAG(s) 'example_external_task_marker_parent', 'example_external_task_marker_child' retrieved from /home/airflow/.local/lib/python3.12/site-packages/airflow/example_dags/example_external_task_marker_dag.py
[2024-05-10T23:40:05.264+0000] {logging_mixin.py:188} INFO - [2024-05-10T23:40:05.263+0000] {dag.py:3096} INFO - Sync 2 DAGs
[2024-05-10T23:40:05.278+0000] {logging_mixin.py:188} INFO - [2024-05-10T23:40:05.278+0000] {dag.py:3954} INFO - Setting next_dagrun for example_external_task_marker_child to None, run_after=None
[2024-05-10T23:40:05.283+0000] {logging_mixin.py:188} INFO - [2024-05-10T23:40:05.283+0000] {dag.py:3954} INFO - Setting next_dagrun for example_external_task_marker_parent to None, run_after=None
[2024-05-10T23:40:05.302+0000] {processor.py:183} INFO - Processing /home/airflow/.local/lib/python3.12/site-packages/airflow/example_dags/example_external_task_marker_dag.py took 0.075 seconds
[2024-05-10T23:40:36.004+0000] {processor.py:161} INFO - Started process (PID=1615) to work on /home/airflow/.local/lib/python3.12/site-packages/airflow/example_dags/example_external_task_marker_dag.py
[2024-05-10T23:40:36.005+0000] {processor.py:830} INFO - Processing file /home/airflow/.local/lib/python3.12/site-packages/airflow/example_dags/example_external_task_marker_dag.py for tasks to queue
[2024-05-10T23:40:36.007+0000] {logging_mixin.py:188} INFO - [2024-05-10T23:40:36.007+0000] {dagbag.py:540} INFO - Filling up the DagBag from /home/airflow/.local/lib/python3.12/site-packages/airflow/example_dags/example_external_task_marker_dag.py
[2024-05-10T23:40:36.012+0000] {processor.py:840} INFO - DAG(s) 'example_external_task_marker_parent', 'example_external_task_marker_child' retrieved from /home/airflow/.local/lib/python3.12/site-packages/airflow/example_dags/example_external_task_marker_dag.py
[2024-05-10T23:40:36.036+0000] {logging_mixin.py:188} INFO - [2024-05-10T23:40:36.035+0000] {dag.py:3096} INFO - Sync 2 DAGs
[2024-05-10T23:40:36.049+0000] {logging_mixin.py:188} INFO - [2024-05-10T23:40:36.049+0000] {dag.py:3954} INFO - Setting next_dagrun for example_external_task_marker_child to None, run_after=None
[2024-05-10T23:40:36.054+0000] {logging_mixin.py:188} INFO - [2024-05-10T23:40:36.054+0000] {dag.py:3954} INFO - Setting next_dagrun for example_external_task_marker_parent to None, run_after=None
[2024-05-10T23:40:36.073+0000] {processor.py:183} INFO - Processing /home/airflow/.local/lib/python3.12/site-packages/airflow/example_dags/example_external_task_marker_dag.py took 0.074 seconds
