[2024-05-10T23:27:18.827+0000] {processor.py:161} INFO - Started process (PID=74) to work on /home/airflow/.local/lib/python3.12/site-packages/airflow/example_dags/example_latest_only.py
[2024-05-10T23:27:18.828+0000] {processor.py:830} INFO - Processing file /home/airflow/.local/lib/python3.12/site-packages/airflow/example_dags/example_latest_only.py for tasks to queue
[2024-05-10T23:27:18.830+0000] {logging_mixin.py:188} INFO - [2024-05-10T23:27:18.830+0000] {dagbag.py:540} INFO - Filling up the DagBag from /home/airflow/.local/lib/python3.12/site-packages/airflow/example_dags/example_latest_only.py
[2024-05-10T23:27:18.838+0000] {processor.py:840} INFO - DAG(s) 'latest_only' retrieved from /home/airflow/.local/lib/python3.12/site-packages/airflow/example_dags/example_latest_only.py
[2024-05-10T23:27:18.988+0000] {logging_mixin.py:188} INFO - [2024-05-10T23:27:18.988+0000] {dag.py:3096} INFO - Sync 1 DAGs
[2024-05-10T23:27:19.010+0000] {logging_mixin.py:188} INFO - [2024-05-10T23:27:19.010+0000] {dag.py:3954} INFO - Setting next_dagrun for latest_only to 2024-05-10 16:00:00+00:00, run_after=2024-05-10 20:00:00+00:00
[2024-05-10T23:27:19.032+0000] {processor.py:183} INFO - Processing /home/airflow/.local/lib/python3.12/site-packages/airflow/example_dags/example_latest_only.py took 0.210 seconds
[2024-05-10T23:27:49.587+0000] {processor.py:161} INFO - Started process (PID=133) to work on /home/airflow/.local/lib/python3.12/site-packages/airflow/example_dags/example_latest_only.py
[2024-05-10T23:27:49.588+0000] {processor.py:830} INFO - Processing file /home/airflow/.local/lib/python3.12/site-packages/airflow/example_dags/example_latest_only.py for tasks to queue
[2024-05-10T23:27:49.590+0000] {logging_mixin.py:188} INFO - [2024-05-10T23:27:49.590+0000] {dagbag.py:540} INFO - Filling up the DagBag from /home/airflow/.local/lib/python3.12/site-packages/airflow/example_dags/example_latest_only.py
[2024-05-10T23:27:49.594+0000] {processor.py:840} INFO - DAG(s) 'latest_only' retrieved from /home/airflow/.local/lib/python3.12/site-packages/airflow/example_dags/example_latest_only.py
[2024-05-10T23:27:49.619+0000] {logging_mixin.py:188} INFO - [2024-05-10T23:27:49.619+0000] {dag.py:3096} INFO - Sync 1 DAGs
[2024-05-10T23:27:49.647+0000] {logging_mixin.py:188} INFO - [2024-05-10T23:27:49.647+0000] {dag.py:3954} INFO - Setting next_dagrun for latest_only to 2024-05-10 16:00:00+00:00, run_after=2024-05-10 20:00:00+00:00
[2024-05-10T23:27:49.677+0000] {processor.py:183} INFO - Processing /home/airflow/.local/lib/python3.12/site-packages/airflow/example_dags/example_latest_only.py took 0.095 seconds
[2024-05-10T23:28:21.771+0000] {processor.py:161} INFO - Started process (PID=198) to work on /home/airflow/.local/lib/python3.12/site-packages/airflow/example_dags/example_latest_only.py
[2024-05-10T23:28:21.773+0000] {processor.py:830} INFO - Processing file /home/airflow/.local/lib/python3.12/site-packages/airflow/example_dags/example_latest_only.py for tasks to queue
[2024-05-10T23:28:21.775+0000] {logging_mixin.py:188} INFO - [2024-05-10T23:28:21.774+0000] {dagbag.py:540} INFO - Filling up the DagBag from /home/airflow/.local/lib/python3.12/site-packages/airflow/example_dags/example_latest_only.py
[2024-05-10T23:28:21.779+0000] {processor.py:840} INFO - DAG(s) 'latest_only' retrieved from /home/airflow/.local/lib/python3.12/site-packages/airflow/example_dags/example_latest_only.py
[2024-05-10T23:28:21.799+0000] {logging_mixin.py:188} INFO - [2024-05-10T23:28:21.798+0000] {dag.py:3096} INFO - Sync 1 DAGs
[2024-05-10T23:28:21.824+0000] {logging_mixin.py:188} INFO - [2024-05-10T23:28:21.824+0000] {dag.py:3954} INFO - Setting next_dagrun for latest_only to 2024-05-10 16:00:00+00:00, run_after=2024-05-10 20:00:00+00:00
[2024-05-10T23:28:21.849+0000] {processor.py:183} INFO - Processing /home/airflow/.local/lib/python3.12/site-packages/airflow/example_dags/example_latest_only.py took 0.084 seconds
[2024-05-10T23:28:52.263+0000] {processor.py:161} INFO - Started process (PID=257) to work on /home/airflow/.local/lib/python3.12/site-packages/airflow/example_dags/example_latest_only.py
[2024-05-10T23:28:52.264+0000] {processor.py:830} INFO - Processing file /home/airflow/.local/lib/python3.12/site-packages/airflow/example_dags/example_latest_only.py for tasks to queue
[2024-05-10T23:28:52.266+0000] {logging_mixin.py:188} INFO - [2024-05-10T23:28:52.265+0000] {dagbag.py:540} INFO - Filling up the DagBag from /home/airflow/.local/lib/python3.12/site-packages/airflow/example_dags/example_latest_only.py
[2024-05-10T23:28:52.270+0000] {processor.py:840} INFO - DAG(s) 'latest_only' retrieved from /home/airflow/.local/lib/python3.12/site-packages/airflow/example_dags/example_latest_only.py
[2024-05-10T23:28:52.289+0000] {logging_mixin.py:188} INFO - [2024-05-10T23:28:52.289+0000] {dag.py:3096} INFO - Sync 1 DAGs
[2024-05-10T23:28:52.312+0000] {logging_mixin.py:188} INFO - [2024-05-10T23:28:52.312+0000] {dag.py:3954} INFO - Setting next_dagrun for latest_only to 2024-05-10 16:00:00+00:00, run_after=2024-05-10 20:00:00+00:00
[2024-05-10T23:28:52.336+0000] {processor.py:183} INFO - Processing /home/airflow/.local/lib/python3.12/site-packages/airflow/example_dags/example_latest_only.py took 0.078 seconds
[2024-05-10T23:29:23.493+0000] {processor.py:161} INFO - Started process (PID=316) to work on /home/airflow/.local/lib/python3.12/site-packages/airflow/example_dags/example_latest_only.py
[2024-05-10T23:29:23.493+0000] {processor.py:830} INFO - Processing file /home/airflow/.local/lib/python3.12/site-packages/airflow/example_dags/example_latest_only.py for tasks to queue
[2024-05-10T23:29:23.496+0000] {logging_mixin.py:188} INFO - [2024-05-10T23:29:23.496+0000] {dagbag.py:540} INFO - Filling up the DagBag from /home/airflow/.local/lib/python3.12/site-packages/airflow/example_dags/example_latest_only.py
[2024-05-10T23:29:23.501+0000] {processor.py:840} INFO - DAG(s) 'latest_only' retrieved from /home/airflow/.local/lib/python3.12/site-packages/airflow/example_dags/example_latest_only.py
[2024-05-10T23:29:23.523+0000] {logging_mixin.py:188} INFO - [2024-05-10T23:29:23.522+0000] {dag.py:3096} INFO - Sync 1 DAGs
[2024-05-10T23:29:23.546+0000] {logging_mixin.py:188} INFO - [2024-05-10T23:29:23.546+0000] {dag.py:3954} INFO - Setting next_dagrun for latest_only to 2024-05-10 16:00:00+00:00, run_after=2024-05-10 20:00:00+00:00
[2024-05-10T23:29:23.568+0000] {processor.py:183} INFO - Processing /home/airflow/.local/lib/python3.12/site-packages/airflow/example_dags/example_latest_only.py took 0.081 seconds
[2024-05-10T23:29:54.675+0000] {processor.py:161} INFO - Started process (PID=375) to work on /home/airflow/.local/lib/python3.12/site-packages/airflow/example_dags/example_latest_only.py
[2024-05-10T23:29:54.676+0000] {processor.py:830} INFO - Processing file /home/airflow/.local/lib/python3.12/site-packages/airflow/example_dags/example_latest_only.py for tasks to queue
[2024-05-10T23:29:54.679+0000] {logging_mixin.py:188} INFO - [2024-05-10T23:29:54.678+0000] {dagbag.py:540} INFO - Filling up the DagBag from /home/airflow/.local/lib/python3.12/site-packages/airflow/example_dags/example_latest_only.py
[2024-05-10T23:29:54.684+0000] {processor.py:840} INFO - DAG(s) 'latest_only' retrieved from /home/airflow/.local/lib/python3.12/site-packages/airflow/example_dags/example_latest_only.py
[2024-05-10T23:29:54.707+0000] {logging_mixin.py:188} INFO - [2024-05-10T23:29:54.706+0000] {dag.py:3096} INFO - Sync 1 DAGs
[2024-05-10T23:29:54.734+0000] {logging_mixin.py:188} INFO - [2024-05-10T23:29:54.734+0000] {dag.py:3954} INFO - Setting next_dagrun for latest_only to 2024-05-10 16:00:00+00:00, run_after=2024-05-10 20:00:00+00:00
[2024-05-10T23:29:54.756+0000] {processor.py:183} INFO - Processing /home/airflow/.local/lib/python3.12/site-packages/airflow/example_dags/example_latest_only.py took 0.087 seconds
[2024-05-10T23:30:25.047+0000] {processor.py:161} INFO - Started process (PID=434) to work on /home/airflow/.local/lib/python3.12/site-packages/airflow/example_dags/example_latest_only.py
[2024-05-10T23:30:25.049+0000] {processor.py:830} INFO - Processing file /home/airflow/.local/lib/python3.12/site-packages/airflow/example_dags/example_latest_only.py for tasks to queue
[2024-05-10T23:30:25.051+0000] {logging_mixin.py:188} INFO - [2024-05-10T23:30:25.051+0000] {dagbag.py:540} INFO - Filling up the DagBag from /home/airflow/.local/lib/python3.12/site-packages/airflow/example_dags/example_latest_only.py
[2024-05-10T23:30:25.057+0000] {processor.py:840} INFO - DAG(s) 'latest_only' retrieved from /home/airflow/.local/lib/python3.12/site-packages/airflow/example_dags/example_latest_only.py
[2024-05-10T23:30:25.082+0000] {logging_mixin.py:188} INFO - [2024-05-10T23:30:25.081+0000] {dag.py:3096} INFO - Sync 1 DAGs
[2024-05-10T23:30:25.114+0000] {logging_mixin.py:188} INFO - [2024-05-10T23:30:25.113+0000] {dag.py:3954} INFO - Setting next_dagrun for latest_only to 2024-05-10 16:00:00+00:00, run_after=2024-05-10 20:00:00+00:00
[2024-05-10T23:30:25.141+0000] {processor.py:183} INFO - Processing /home/airflow/.local/lib/python3.12/site-packages/airflow/example_dags/example_latest_only.py took 0.100 seconds
[2024-05-10T23:30:55.525+0000] {processor.py:161} INFO - Started process (PID=492) to work on /home/airflow/.local/lib/python3.12/site-packages/airflow/example_dags/example_latest_only.py
[2024-05-10T23:30:55.526+0000] {processor.py:830} INFO - Processing file /home/airflow/.local/lib/python3.12/site-packages/airflow/example_dags/example_latest_only.py for tasks to queue
[2024-05-10T23:30:55.528+0000] {logging_mixin.py:188} INFO - [2024-05-10T23:30:55.528+0000] {dagbag.py:540} INFO - Filling up the DagBag from /home/airflow/.local/lib/python3.12/site-packages/airflow/example_dags/example_latest_only.py
[2024-05-10T23:30:55.533+0000] {processor.py:840} INFO - DAG(s) 'latest_only' retrieved from /home/airflow/.local/lib/python3.12/site-packages/airflow/example_dags/example_latest_only.py
[2024-05-10T23:30:55.554+0000] {logging_mixin.py:188} INFO - [2024-05-10T23:30:55.554+0000] {dag.py:3096} INFO - Sync 1 DAGs
[2024-05-10T23:30:55.580+0000] {logging_mixin.py:188} INFO - [2024-05-10T23:30:55.579+0000] {dag.py:3954} INFO - Setting next_dagrun for latest_only to 2024-05-10 16:00:00+00:00, run_after=2024-05-10 20:00:00+00:00
[2024-05-10T23:30:55.607+0000] {processor.py:183} INFO - Processing /home/airflow/.local/lib/python3.12/site-packages/airflow/example_dags/example_latest_only.py took 0.088 seconds
[2024-05-10T23:31:25.995+0000] {processor.py:161} INFO - Started process (PID=551) to work on /home/airflow/.local/lib/python3.12/site-packages/airflow/example_dags/example_latest_only.py
[2024-05-10T23:31:25.996+0000] {processor.py:830} INFO - Processing file /home/airflow/.local/lib/python3.12/site-packages/airflow/example_dags/example_latest_only.py for tasks to queue
[2024-05-10T23:31:25.998+0000] {logging_mixin.py:188} INFO - [2024-05-10T23:31:25.998+0000] {dagbag.py:540} INFO - Filling up the DagBag from /home/airflow/.local/lib/python3.12/site-packages/airflow/example_dags/example_latest_only.py
[2024-05-10T23:31:26.003+0000] {processor.py:840} INFO - DAG(s) 'latest_only' retrieved from /home/airflow/.local/lib/python3.12/site-packages/airflow/example_dags/example_latest_only.py
[2024-05-10T23:31:26.025+0000] {logging_mixin.py:188} INFO - [2024-05-10T23:31:26.024+0000] {dag.py:3096} INFO - Sync 1 DAGs
[2024-05-10T23:31:26.051+0000] {logging_mixin.py:188} INFO - [2024-05-10T23:31:26.051+0000] {dag.py:3954} INFO - Setting next_dagrun for latest_only to 2024-05-10 16:00:00+00:00, run_after=2024-05-10 20:00:00+00:00
[2024-05-10T23:31:26.076+0000] {processor.py:183} INFO - Processing /home/airflow/.local/lib/python3.12/site-packages/airflow/example_dags/example_latest_only.py took 0.087 seconds
[2024-05-10T23:31:56.706+0000] {processor.py:161} INFO - Started process (PID=610) to work on /home/airflow/.local/lib/python3.12/site-packages/airflow/example_dags/example_latest_only.py
[2024-05-10T23:31:56.708+0000] {processor.py:830} INFO - Processing file /home/airflow/.local/lib/python3.12/site-packages/airflow/example_dags/example_latest_only.py for tasks to queue
[2024-05-10T23:31:56.710+0000] {logging_mixin.py:188} INFO - [2024-05-10T23:31:56.709+0000] {dagbag.py:540} INFO - Filling up the DagBag from /home/airflow/.local/lib/python3.12/site-packages/airflow/example_dags/example_latest_only.py
[2024-05-10T23:31:56.716+0000] {processor.py:840} INFO - DAG(s) 'latest_only' retrieved from /home/airflow/.local/lib/python3.12/site-packages/airflow/example_dags/example_latest_only.py
[2024-05-10T23:31:56.743+0000] {logging_mixin.py:188} INFO - [2024-05-10T23:31:56.743+0000] {dag.py:3096} INFO - Sync 1 DAGs
[2024-05-10T23:31:56.769+0000] {logging_mixin.py:188} INFO - [2024-05-10T23:31:56.769+0000] {dag.py:3954} INFO - Setting next_dagrun for latest_only to 2024-05-10 16:00:00+00:00, run_after=2024-05-10 20:00:00+00:00
[2024-05-10T23:31:56.792+0000] {processor.py:183} INFO - Processing /home/airflow/.local/lib/python3.12/site-packages/airflow/example_dags/example_latest_only.py took 0.092 seconds
[2024-05-10T23:32:27.346+0000] {processor.py:161} INFO - Started process (PID=669) to work on /home/airflow/.local/lib/python3.12/site-packages/airflow/example_dags/example_latest_only.py
[2024-05-10T23:32:27.347+0000] {processor.py:830} INFO - Processing file /home/airflow/.local/lib/python3.12/site-packages/airflow/example_dags/example_latest_only.py for tasks to queue
[2024-05-10T23:32:27.350+0000] {logging_mixin.py:188} INFO - [2024-05-10T23:32:27.350+0000] {dagbag.py:540} INFO - Filling up the DagBag from /home/airflow/.local/lib/python3.12/site-packages/airflow/example_dags/example_latest_only.py
[2024-05-10T23:32:27.356+0000] {processor.py:840} INFO - DAG(s) 'latest_only' retrieved from /home/airflow/.local/lib/python3.12/site-packages/airflow/example_dags/example_latest_only.py
[2024-05-10T23:32:27.379+0000] {logging_mixin.py:188} INFO - [2024-05-10T23:32:27.378+0000] {dag.py:3096} INFO - Sync 1 DAGs
[2024-05-10T23:32:27.407+0000] {logging_mixin.py:188} INFO - [2024-05-10T23:32:27.407+0000] {dag.py:3954} INFO - Setting next_dagrun for latest_only to 2024-05-10 16:00:00+00:00, run_after=2024-05-10 20:00:00+00:00
[2024-05-10T23:32:27.436+0000] {processor.py:183} INFO - Processing /home/airflow/.local/lib/python3.12/site-packages/airflow/example_dags/example_latest_only.py took 0.095 seconds
[2024-05-10T23:32:57.833+0000] {processor.py:161} INFO - Started process (PID=728) to work on /home/airflow/.local/lib/python3.12/site-packages/airflow/example_dags/example_latest_only.py
[2024-05-10T23:32:57.834+0000] {processor.py:830} INFO - Processing file /home/airflow/.local/lib/python3.12/site-packages/airflow/example_dags/example_latest_only.py for tasks to queue
[2024-05-10T23:32:57.836+0000] {logging_mixin.py:188} INFO - [2024-05-10T23:32:57.835+0000] {dagbag.py:540} INFO - Filling up the DagBag from /home/airflow/.local/lib/python3.12/site-packages/airflow/example_dags/example_latest_only.py
[2024-05-10T23:32:57.841+0000] {processor.py:840} INFO - DAG(s) 'latest_only' retrieved from /home/airflow/.local/lib/python3.12/site-packages/airflow/example_dags/example_latest_only.py
[2024-05-10T23:32:57.862+0000] {logging_mixin.py:188} INFO - [2024-05-10T23:32:57.861+0000] {dag.py:3096} INFO - Sync 1 DAGs
[2024-05-10T23:32:57.887+0000] {logging_mixin.py:188} INFO - [2024-05-10T23:32:57.887+0000] {dag.py:3954} INFO - Setting next_dagrun for latest_only to 2024-05-10 16:00:00+00:00, run_after=2024-05-10 20:00:00+00:00
[2024-05-10T23:32:57.912+0000] {processor.py:183} INFO - Processing /home/airflow/.local/lib/python3.12/site-packages/airflow/example_dags/example_latest_only.py took 0.085 seconds
[2024-05-10T23:33:28.408+0000] {processor.py:161} INFO - Started process (PID=787) to work on /home/airflow/.local/lib/python3.12/site-packages/airflow/example_dags/example_latest_only.py
[2024-05-10T23:33:28.409+0000] {processor.py:830} INFO - Processing file /home/airflow/.local/lib/python3.12/site-packages/airflow/example_dags/example_latest_only.py for tasks to queue
[2024-05-10T23:33:28.412+0000] {logging_mixin.py:188} INFO - [2024-05-10T23:33:28.412+0000] {dagbag.py:540} INFO - Filling up the DagBag from /home/airflow/.local/lib/python3.12/site-packages/airflow/example_dags/example_latest_only.py
[2024-05-10T23:33:28.417+0000] {processor.py:840} INFO - DAG(s) 'latest_only' retrieved from /home/airflow/.local/lib/python3.12/site-packages/airflow/example_dags/example_latest_only.py
[2024-05-10T23:33:28.438+0000] {logging_mixin.py:188} INFO - [2024-05-10T23:33:28.437+0000] {dag.py:3096} INFO - Sync 1 DAGs
[2024-05-10T23:33:28.464+0000] {logging_mixin.py:188} INFO - [2024-05-10T23:33:28.464+0000] {dag.py:3954} INFO - Setting next_dagrun for latest_only to 2024-05-10 16:00:00+00:00, run_after=2024-05-10 20:00:00+00:00
[2024-05-10T23:33:28.488+0000] {processor.py:183} INFO - Processing /home/airflow/.local/lib/python3.12/site-packages/airflow/example_dags/example_latest_only.py took 0.087 seconds
[2024-05-10T23:33:58.695+0000] {processor.py:161} INFO - Started process (PID=846) to work on /home/airflow/.local/lib/python3.12/site-packages/airflow/example_dags/example_latest_only.py
[2024-05-10T23:33:58.696+0000] {processor.py:830} INFO - Processing file /home/airflow/.local/lib/python3.12/site-packages/airflow/example_dags/example_latest_only.py for tasks to queue
[2024-05-10T23:33:58.698+0000] {logging_mixin.py:188} INFO - [2024-05-10T23:33:58.697+0000] {dagbag.py:540} INFO - Filling up the DagBag from /home/airflow/.local/lib/python3.12/site-packages/airflow/example_dags/example_latest_only.py
[2024-05-10T23:33:58.703+0000] {processor.py:840} INFO - DAG(s) 'latest_only' retrieved from /home/airflow/.local/lib/python3.12/site-packages/airflow/example_dags/example_latest_only.py
[2024-05-10T23:33:58.723+0000] {logging_mixin.py:188} INFO - [2024-05-10T23:33:58.722+0000] {dag.py:3096} INFO - Sync 1 DAGs
[2024-05-10T23:33:58.750+0000] {logging_mixin.py:188} INFO - [2024-05-10T23:33:58.749+0000] {dag.py:3954} INFO - Setting next_dagrun for latest_only to 2024-05-10 16:00:00+00:00, run_after=2024-05-10 20:00:00+00:00
[2024-05-10T23:33:58.772+0000] {processor.py:183} INFO - Processing /home/airflow/.local/lib/python3.12/site-packages/airflow/example_dags/example_latest_only.py took 0.084 seconds
[2024-05-10T23:34:28.869+0000] {processor.py:161} INFO - Started process (PID=905) to work on /home/airflow/.local/lib/python3.12/site-packages/airflow/example_dags/example_latest_only.py
[2024-05-10T23:34:28.870+0000] {processor.py:830} INFO - Processing file /home/airflow/.local/lib/python3.12/site-packages/airflow/example_dags/example_latest_only.py for tasks to queue
[2024-05-10T23:34:28.872+0000] {logging_mixin.py:188} INFO - [2024-05-10T23:34:28.872+0000] {dagbag.py:540} INFO - Filling up the DagBag from /home/airflow/.local/lib/python3.12/site-packages/airflow/example_dags/example_latest_only.py
[2024-05-10T23:34:28.877+0000] {processor.py:840} INFO - DAG(s) 'latest_only' retrieved from /home/airflow/.local/lib/python3.12/site-packages/airflow/example_dags/example_latest_only.py
[2024-05-10T23:34:28.898+0000] {logging_mixin.py:188} INFO - [2024-05-10T23:34:28.897+0000] {dag.py:3096} INFO - Sync 1 DAGs
[2024-05-10T23:34:28.922+0000] {logging_mixin.py:188} INFO - [2024-05-10T23:34:28.922+0000] {dag.py:3954} INFO - Setting next_dagrun for latest_only to 2024-05-10 16:00:00+00:00, run_after=2024-05-10 20:00:00+00:00
[2024-05-10T23:34:29.078+0000] {processor.py:183} INFO - Processing /home/airflow/.local/lib/python3.12/site-packages/airflow/example_dags/example_latest_only.py took 0.215 seconds
[2024-05-10T23:34:59.214+0000] {processor.py:161} INFO - Started process (PID=964) to work on /home/airflow/.local/lib/python3.12/site-packages/airflow/example_dags/example_latest_only.py
[2024-05-10T23:34:59.215+0000] {processor.py:830} INFO - Processing file /home/airflow/.local/lib/python3.12/site-packages/airflow/example_dags/example_latest_only.py for tasks to queue
[2024-05-10T23:34:59.217+0000] {logging_mixin.py:188} INFO - [2024-05-10T23:34:59.217+0000] {dagbag.py:540} INFO - Filling up the DagBag from /home/airflow/.local/lib/python3.12/site-packages/airflow/example_dags/example_latest_only.py
[2024-05-10T23:34:59.222+0000] {processor.py:840} INFO - DAG(s) 'latest_only' retrieved from /home/airflow/.local/lib/python3.12/site-packages/airflow/example_dags/example_latest_only.py
[2024-05-10T23:34:59.241+0000] {logging_mixin.py:188} INFO - [2024-05-10T23:34:59.241+0000] {dag.py:3096} INFO - Sync 1 DAGs
[2024-05-10T23:34:59.266+0000] {logging_mixin.py:188} INFO - [2024-05-10T23:34:59.266+0000] {dag.py:3954} INFO - Setting next_dagrun for latest_only to 2024-05-10 16:00:00+00:00, run_after=2024-05-10 20:00:00+00:00
[2024-05-10T23:34:59.423+0000] {processor.py:183} INFO - Processing /home/airflow/.local/lib/python3.12/site-packages/airflow/example_dags/example_latest_only.py took 0.214 seconds
[2024-05-10T23:35:29.475+0000] {processor.py:161} INFO - Started process (PID=1024) to work on /home/airflow/.local/lib/python3.12/site-packages/airflow/example_dags/example_latest_only.py
[2024-05-10T23:35:29.476+0000] {processor.py:830} INFO - Processing file /home/airflow/.local/lib/python3.12/site-packages/airflow/example_dags/example_latest_only.py for tasks to queue
[2024-05-10T23:35:29.478+0000] {logging_mixin.py:188} INFO - [2024-05-10T23:35:29.477+0000] {dagbag.py:540} INFO - Filling up the DagBag from /home/airflow/.local/lib/python3.12/site-packages/airflow/example_dags/example_latest_only.py
[2024-05-10T23:35:29.482+0000] {processor.py:840} INFO - DAG(s) 'latest_only' retrieved from /home/airflow/.local/lib/python3.12/site-packages/airflow/example_dags/example_latest_only.py
[2024-05-10T23:35:29.511+0000] {logging_mixin.py:188} INFO - [2024-05-10T23:35:29.510+0000] {dag.py:3096} INFO - Sync 1 DAGs
[2024-05-10T23:35:29.540+0000] {logging_mixin.py:188} INFO - [2024-05-10T23:35:29.540+0000] {dag.py:3954} INFO - Setting next_dagrun for latest_only to 2024-05-10 16:00:00+00:00, run_after=2024-05-10 20:00:00+00:00
[2024-05-10T23:35:29.560+0000] {processor.py:183} INFO - Processing /home/airflow/.local/lib/python3.12/site-packages/airflow/example_dags/example_latest_only.py took 0.091 seconds
[2024-05-10T23:35:59.698+0000] {processor.py:161} INFO - Started process (PID=1082) to work on /home/airflow/.local/lib/python3.12/site-packages/airflow/example_dags/example_latest_only.py
[2024-05-10T23:35:59.699+0000] {processor.py:830} INFO - Processing file /home/airflow/.local/lib/python3.12/site-packages/airflow/example_dags/example_latest_only.py for tasks to queue
[2024-05-10T23:35:59.701+0000] {logging_mixin.py:188} INFO - [2024-05-10T23:35:59.701+0000] {dagbag.py:540} INFO - Filling up the DagBag from /home/airflow/.local/lib/python3.12/site-packages/airflow/example_dags/example_latest_only.py
[2024-05-10T23:35:59.707+0000] {processor.py:840} INFO - DAG(s) 'latest_only' retrieved from /home/airflow/.local/lib/python3.12/site-packages/airflow/example_dags/example_latest_only.py
[2024-05-10T23:35:59.726+0000] {logging_mixin.py:188} INFO - [2024-05-10T23:35:59.726+0000] {dag.py:3096} INFO - Sync 1 DAGs
[2024-05-10T23:35:59.749+0000] {logging_mixin.py:188} INFO - [2024-05-10T23:35:59.749+0000] {dag.py:3954} INFO - Setting next_dagrun for latest_only to 2024-05-10 16:00:00+00:00, run_after=2024-05-10 20:00:00+00:00
[2024-05-10T23:35:59.768+0000] {processor.py:183} INFO - Processing /home/airflow/.local/lib/python3.12/site-packages/airflow/example_dags/example_latest_only.py took 0.075 seconds
[2024-05-10T23:36:30.297+0000] {processor.py:161} INFO - Started process (PID=1141) to work on /home/airflow/.local/lib/python3.12/site-packages/airflow/example_dags/example_latest_only.py
[2024-05-10T23:36:30.298+0000] {processor.py:830} INFO - Processing file /home/airflow/.local/lib/python3.12/site-packages/airflow/example_dags/example_latest_only.py for tasks to queue
[2024-05-10T23:36:30.300+0000] {logging_mixin.py:188} INFO - [2024-05-10T23:36:30.299+0000] {dagbag.py:540} INFO - Filling up the DagBag from /home/airflow/.local/lib/python3.12/site-packages/airflow/example_dags/example_latest_only.py
[2024-05-10T23:36:30.430+0000] {processor.py:840} INFO - DAG(s) 'latest_only' retrieved from /home/airflow/.local/lib/python3.12/site-packages/airflow/example_dags/example_latest_only.py
[2024-05-10T23:36:30.449+0000] {logging_mixin.py:188} INFO - [2024-05-10T23:36:30.448+0000] {dag.py:3096} INFO - Sync 1 DAGs
[2024-05-10T23:36:30.476+0000] {logging_mixin.py:188} INFO - [2024-05-10T23:36:30.476+0000] {dag.py:3954} INFO - Setting next_dagrun for latest_only to 2024-05-10 16:00:00+00:00, run_after=2024-05-10 20:00:00+00:00
[2024-05-10T23:36:30.499+0000] {processor.py:183} INFO - Processing /home/airflow/.local/lib/python3.12/site-packages/airflow/example_dags/example_latest_only.py took 0.208 seconds
[2024-05-10T23:37:01.082+0000] {processor.py:161} INFO - Started process (PID=1200) to work on /home/airflow/.local/lib/python3.12/site-packages/airflow/example_dags/example_latest_only.py
[2024-05-10T23:37:01.083+0000] {processor.py:830} INFO - Processing file /home/airflow/.local/lib/python3.12/site-packages/airflow/example_dags/example_latest_only.py for tasks to queue
[2024-05-10T23:37:01.085+0000] {logging_mixin.py:188} INFO - [2024-05-10T23:37:01.085+0000] {dagbag.py:540} INFO - Filling up the DagBag from /home/airflow/.local/lib/python3.12/site-packages/airflow/example_dags/example_latest_only.py
[2024-05-10T23:37:01.091+0000] {processor.py:840} INFO - DAG(s) 'latest_only' retrieved from /home/airflow/.local/lib/python3.12/site-packages/airflow/example_dags/example_latest_only.py
[2024-05-10T23:37:01.117+0000] {logging_mixin.py:188} INFO - [2024-05-10T23:37:01.117+0000] {dag.py:3096} INFO - Sync 1 DAGs
[2024-05-10T23:37:01.148+0000] {logging_mixin.py:188} INFO - [2024-05-10T23:37:01.148+0000] {dag.py:3954} INFO - Setting next_dagrun for latest_only to 2024-05-10 16:00:00+00:00, run_after=2024-05-10 20:00:00+00:00
[2024-05-10T23:37:01.171+0000] {processor.py:183} INFO - Processing /home/airflow/.local/lib/python3.12/site-packages/airflow/example_dags/example_latest_only.py took 0.096 seconds
[2024-05-10T23:37:31.295+0000] {processor.py:161} INFO - Started process (PID=1260) to work on /home/airflow/.local/lib/python3.12/site-packages/airflow/example_dags/example_latest_only.py
[2024-05-10T23:37:31.296+0000] {processor.py:830} INFO - Processing file /home/airflow/.local/lib/python3.12/site-packages/airflow/example_dags/example_latest_only.py for tasks to queue
[2024-05-10T23:37:31.298+0000] {logging_mixin.py:188} INFO - [2024-05-10T23:37:31.297+0000] {dagbag.py:540} INFO - Filling up the DagBag from /home/airflow/.local/lib/python3.12/site-packages/airflow/example_dags/example_latest_only.py
[2024-05-10T23:37:31.302+0000] {processor.py:840} INFO - DAG(s) 'latest_only' retrieved from /home/airflow/.local/lib/python3.12/site-packages/airflow/example_dags/example_latest_only.py
[2024-05-10T23:37:31.320+0000] {logging_mixin.py:188} INFO - [2024-05-10T23:37:31.320+0000] {dag.py:3096} INFO - Sync 1 DAGs
[2024-05-10T23:37:31.345+0000] {logging_mixin.py:188} INFO - [2024-05-10T23:37:31.345+0000] {dag.py:3954} INFO - Setting next_dagrun for latest_only to 2024-05-10 16:00:00+00:00, run_after=2024-05-10 20:00:00+00:00
[2024-05-10T23:37:31.365+0000] {processor.py:183} INFO - Processing /home/airflow/.local/lib/python3.12/site-packages/airflow/example_dags/example_latest_only.py took 0.075 seconds
[2024-05-10T23:38:02.186+0000] {processor.py:161} INFO - Started process (PID=1318) to work on /home/airflow/.local/lib/python3.12/site-packages/airflow/example_dags/example_latest_only.py
[2024-05-10T23:38:02.187+0000] {processor.py:830} INFO - Processing file /home/airflow/.local/lib/python3.12/site-packages/airflow/example_dags/example_latest_only.py for tasks to queue
[2024-05-10T23:38:02.189+0000] {logging_mixin.py:188} INFO - [2024-05-10T23:38:02.189+0000] {dagbag.py:540} INFO - Filling up the DagBag from /home/airflow/.local/lib/python3.12/site-packages/airflow/example_dags/example_latest_only.py
[2024-05-10T23:38:02.194+0000] {processor.py:840} INFO - DAG(s) 'latest_only' retrieved from /home/airflow/.local/lib/python3.12/site-packages/airflow/example_dags/example_latest_only.py
[2024-05-10T23:38:02.217+0000] {logging_mixin.py:188} INFO - [2024-05-10T23:38:02.217+0000] {dag.py:3096} INFO - Sync 1 DAGs
[2024-05-10T23:38:02.241+0000] {logging_mixin.py:188} INFO - [2024-05-10T23:38:02.241+0000] {dag.py:3954} INFO - Setting next_dagrun for latest_only to 2024-05-10 16:00:00+00:00, run_after=2024-05-10 20:00:00+00:00
[2024-05-10T23:38:02.265+0000] {processor.py:183} INFO - Processing /home/airflow/.local/lib/python3.12/site-packages/airflow/example_dags/example_latest_only.py took 0.085 seconds
[2024-05-10T23:38:32.831+0000] {processor.py:161} INFO - Started process (PID=1377) to work on /home/airflow/.local/lib/python3.12/site-packages/airflow/example_dags/example_latest_only.py
[2024-05-10T23:38:32.832+0000] {processor.py:830} INFO - Processing file /home/airflow/.local/lib/python3.12/site-packages/airflow/example_dags/example_latest_only.py for tasks to queue
[2024-05-10T23:38:32.834+0000] {logging_mixin.py:188} INFO - [2024-05-10T23:38:32.834+0000] {dagbag.py:540} INFO - Filling up the DagBag from /home/airflow/.local/lib/python3.12/site-packages/airflow/example_dags/example_latest_only.py
[2024-05-10T23:38:32.838+0000] {processor.py:840} INFO - DAG(s) 'latest_only' retrieved from /home/airflow/.local/lib/python3.12/site-packages/airflow/example_dags/example_latest_only.py
[2024-05-10T23:38:32.856+0000] {logging_mixin.py:188} INFO - [2024-05-10T23:38:32.856+0000] {dag.py:3096} INFO - Sync 1 DAGs
[2024-05-10T23:38:32.880+0000] {logging_mixin.py:188} INFO - [2024-05-10T23:38:32.880+0000] {dag.py:3954} INFO - Setting next_dagrun for latest_only to 2024-05-10 16:00:00+00:00, run_after=2024-05-10 20:00:00+00:00
[2024-05-10T23:38:32.900+0000] {processor.py:183} INFO - Processing /home/airflow/.local/lib/python3.12/site-packages/airflow/example_dags/example_latest_only.py took 0.074 seconds
[2024-05-10T23:39:03.525+0000] {processor.py:161} INFO - Started process (PID=1436) to work on /home/airflow/.local/lib/python3.12/site-packages/airflow/example_dags/example_latest_only.py
[2024-05-10T23:39:03.526+0000] {processor.py:830} INFO - Processing file /home/airflow/.local/lib/python3.12/site-packages/airflow/example_dags/example_latest_only.py for tasks to queue
[2024-05-10T23:39:03.528+0000] {logging_mixin.py:188} INFO - [2024-05-10T23:39:03.527+0000] {dagbag.py:540} INFO - Filling up the DagBag from /home/airflow/.local/lib/python3.12/site-packages/airflow/example_dags/example_latest_only.py
[2024-05-10T23:39:03.533+0000] {processor.py:840} INFO - DAG(s) 'latest_only' retrieved from /home/airflow/.local/lib/python3.12/site-packages/airflow/example_dags/example_latest_only.py
[2024-05-10T23:39:03.556+0000] {logging_mixin.py:188} INFO - [2024-05-10T23:39:03.556+0000] {dag.py:3096} INFO - Sync 1 DAGs
[2024-05-10T23:39:03.586+0000] {logging_mixin.py:188} INFO - [2024-05-10T23:39:03.585+0000] {dag.py:3954} INFO - Setting next_dagrun for latest_only to 2024-05-10 16:00:00+00:00, run_after=2024-05-10 20:00:00+00:00
[2024-05-10T23:39:03.605+0000] {processor.py:183} INFO - Processing /home/airflow/.local/lib/python3.12/site-packages/airflow/example_dags/example_latest_only.py took 0.087 seconds
[2024-05-10T23:39:34.364+0000] {processor.py:161} INFO - Started process (PID=1495) to work on /home/airflow/.local/lib/python3.12/site-packages/airflow/example_dags/example_latest_only.py
[2024-05-10T23:39:34.365+0000] {processor.py:830} INFO - Processing file /home/airflow/.local/lib/python3.12/site-packages/airflow/example_dags/example_latest_only.py for tasks to queue
[2024-05-10T23:39:34.368+0000] {logging_mixin.py:188} INFO - [2024-05-10T23:39:34.368+0000] {dagbag.py:540} INFO - Filling up the DagBag from /home/airflow/.local/lib/python3.12/site-packages/airflow/example_dags/example_latest_only.py
[2024-05-10T23:39:34.374+0000] {processor.py:840} INFO - DAG(s) 'latest_only' retrieved from /home/airflow/.local/lib/python3.12/site-packages/airflow/example_dags/example_latest_only.py
[2024-05-10T23:39:34.394+0000] {logging_mixin.py:188} INFO - [2024-05-10T23:39:34.393+0000] {dag.py:3096} INFO - Sync 1 DAGs
[2024-05-10T23:39:34.421+0000] {logging_mixin.py:188} INFO - [2024-05-10T23:39:34.420+0000] {dag.py:3954} INFO - Setting next_dagrun for latest_only to 2024-05-10 16:00:00+00:00, run_after=2024-05-10 20:00:00+00:00
[2024-05-10T23:39:34.442+0000] {processor.py:183} INFO - Processing /home/airflow/.local/lib/python3.12/site-packages/airflow/example_dags/example_latest_only.py took 0.085 seconds
[2024-05-10T23:40:05.124+0000] {processor.py:161} INFO - Started process (PID=1554) to work on /home/airflow/.local/lib/python3.12/site-packages/airflow/example_dags/example_latest_only.py
[2024-05-10T23:40:05.125+0000] {processor.py:830} INFO - Processing file /home/airflow/.local/lib/python3.12/site-packages/airflow/example_dags/example_latest_only.py for tasks to queue
[2024-05-10T23:40:05.127+0000] {logging_mixin.py:188} INFO - [2024-05-10T23:40:05.127+0000] {dagbag.py:540} INFO - Filling up the DagBag from /home/airflow/.local/lib/python3.12/site-packages/airflow/example_dags/example_latest_only.py
[2024-05-10T23:40:05.133+0000] {processor.py:840} INFO - DAG(s) 'latest_only' retrieved from /home/airflow/.local/lib/python3.12/site-packages/airflow/example_dags/example_latest_only.py
[2024-05-10T23:40:05.153+0000] {logging_mixin.py:188} INFO - [2024-05-10T23:40:05.153+0000] {dag.py:3096} INFO - Sync 1 DAGs
[2024-05-10T23:40:05.184+0000] {logging_mixin.py:188} INFO - [2024-05-10T23:40:05.184+0000] {dag.py:3954} INFO - Setting next_dagrun for latest_only to 2024-05-10 16:00:00+00:00, run_after=2024-05-10 20:00:00+00:00
[2024-05-10T23:40:05.210+0000] {processor.py:183} INFO - Processing /home/airflow/.local/lib/python3.12/site-packages/airflow/example_dags/example_latest_only.py took 0.093 seconds
[2024-05-10T23:40:35.905+0000] {processor.py:161} INFO - Started process (PID=1613) to work on /home/airflow/.local/lib/python3.12/site-packages/airflow/example_dags/example_latest_only.py
[2024-05-10T23:40:35.907+0000] {processor.py:830} INFO - Processing file /home/airflow/.local/lib/python3.12/site-packages/airflow/example_dags/example_latest_only.py for tasks to queue
[2024-05-10T23:40:35.909+0000] {logging_mixin.py:188} INFO - [2024-05-10T23:40:35.908+0000] {dagbag.py:540} INFO - Filling up the DagBag from /home/airflow/.local/lib/python3.12/site-packages/airflow/example_dags/example_latest_only.py
[2024-05-10T23:40:35.913+0000] {processor.py:840} INFO - DAG(s) 'latest_only' retrieved from /home/airflow/.local/lib/python3.12/site-packages/airflow/example_dags/example_latest_only.py
[2024-05-10T23:40:35.933+0000] {logging_mixin.py:188} INFO - [2024-05-10T23:40:35.933+0000] {dag.py:3096} INFO - Sync 1 DAGs
[2024-05-10T23:40:35.957+0000] {logging_mixin.py:188} INFO - [2024-05-10T23:40:35.957+0000] {dag.py:3954} INFO - Setting next_dagrun for latest_only to 2024-05-10 16:00:00+00:00, run_after=2024-05-10 20:00:00+00:00
[2024-05-10T23:40:35.980+0000] {processor.py:183} INFO - Processing /home/airflow/.local/lib/python3.12/site-packages/airflow/example_dags/example_latest_only.py took 0.081 seconds
