[2024-05-10T23:27:16.524+0000] {processor.py:161} INFO - Started process (PID=58) to work on /home/airflow/.local/lib/python3.12/site-packages/airflow/example_dags/example_datasets.py
[2024-05-10T23:27:16.526+0000] {processor.py:830} INFO - Processing file /home/airflow/.local/lib/python3.12/site-packages/airflow/example_dags/example_datasets.py for tasks to queue
[2024-05-10T23:27:16.529+0000] {logging_mixin.py:188} INFO - [2024-05-10T23:27:16.528+0000] {dagbag.py:540} INFO - Filling up the DagBag from /home/airflow/.local/lib/python3.12/site-packages/airflow/example_dags/example_datasets.py
[2024-05-10T23:27:16.550+0000] {processor.py:840} INFO - DAG(s) 'dataset_produces_2', 'dataset_consumes_1', 'dataset_consumes_unknown_never_scheduled', 'conditional_dataset_and_time_based_timetable', 'dataset_consumes_1_never_scheduled', 'dataset_consumes_1_and_2', 'consume_1_or_both_2_and_3_with_dataset_expressions', 'consume_1_or_2_with_dataset_expressions', 'consume_1_and_2_with_dataset_expressions', 'dataset_produces_1' retrieved from /home/airflow/.local/lib/python3.12/site-packages/airflow/example_dags/example_datasets.py
[2024-05-10T23:27:16.806+0000] {logging_mixin.py:188} INFO - [2024-05-10T23:27:16.805+0000] {dag.py:3096} INFO - Sync 10 DAGs
[2024-05-10T23:27:16.828+0000] {logging_mixin.py:188} INFO - [2024-05-10T23:27:16.828+0000] {dag.py:3954} INFO - Setting next_dagrun for conditional_dataset_and_time_based_timetable to 2024-05-08 01:00:00+00:00, run_after=2024-05-08 01:00:00+00:00
[2024-05-10T23:27:16.832+0000] {logging_mixin.py:188} INFO - [2024-05-10T23:27:16.832+0000] {dag.py:3954} INFO - Setting next_dagrun for consume_1_and_2_with_dataset_expressions to None, run_after=None
[2024-05-10T23:27:16.835+0000] {logging_mixin.py:188} INFO - [2024-05-10T23:27:16.834+0000] {dag.py:3954} INFO - Setting next_dagrun for consume_1_or_2_with_dataset_expressions to None, run_after=None
[2024-05-10T23:27:16.837+0000] {logging_mixin.py:188} INFO - [2024-05-10T23:27:16.837+0000] {dag.py:3954} INFO - Setting next_dagrun for consume_1_or_both_2_and_3_with_dataset_expressions to None, run_after=None
[2024-05-10T23:27:16.840+0000] {logging_mixin.py:188} INFO - [2024-05-10T23:27:16.839+0000] {dag.py:3954} INFO - Setting next_dagrun for dataset_consumes_1 to None, run_after=None
[2024-05-10T23:27:16.842+0000] {logging_mixin.py:188} INFO - [2024-05-10T23:27:16.841+0000] {dag.py:3954} INFO - Setting next_dagrun for dataset_consumes_1_and_2 to None, run_after=None
[2024-05-10T23:27:16.844+0000] {logging_mixin.py:188} INFO - [2024-05-10T23:27:16.843+0000] {dag.py:3954} INFO - Setting next_dagrun for dataset_consumes_1_never_scheduled to None, run_after=None
[2024-05-10T23:27:16.846+0000] {logging_mixin.py:188} INFO - [2024-05-10T23:27:16.846+0000] {dag.py:3954} INFO - Setting next_dagrun for dataset_consumes_unknown_never_scheduled to None, run_after=None
[2024-05-10T23:27:16.849+0000] {logging_mixin.py:188} INFO - [2024-05-10T23:27:16.849+0000] {dag.py:3954} INFO - Setting next_dagrun for dataset_produces_1 to 2024-05-09 00:00:00+00:00, run_after=2024-05-10 00:00:00+00:00
[2024-05-10T23:27:16.851+0000] {logging_mixin.py:188} INFO - [2024-05-10T23:27:16.851+0000] {dag.py:3954} INFO - Setting next_dagrun for dataset_produces_2 to None, run_after=None
[2024-05-10T23:27:16.914+0000] {processor.py:183} INFO - Processing /home/airflow/.local/lib/python3.12/site-packages/airflow/example_dags/example_datasets.py took 0.397 seconds
[2024-05-10T23:27:47.361+0000] {processor.py:161} INFO - Started process (PID=118) to work on /home/airflow/.local/lib/python3.12/site-packages/airflow/example_dags/example_datasets.py
[2024-05-10T23:27:47.362+0000] {processor.py:830} INFO - Processing file /home/airflow/.local/lib/python3.12/site-packages/airflow/example_dags/example_datasets.py for tasks to queue
[2024-05-10T23:27:47.364+0000] {logging_mixin.py:188} INFO - [2024-05-10T23:27:47.364+0000] {dagbag.py:540} INFO - Filling up the DagBag from /home/airflow/.local/lib/python3.12/site-packages/airflow/example_dags/example_datasets.py
[2024-05-10T23:27:47.380+0000] {processor.py:840} INFO - DAG(s) 'dataset_produces_1', 'conditional_dataset_and_time_based_timetable', 'consume_1_or_2_with_dataset_expressions', 'dataset_consumes_1_and_2', 'consume_1_and_2_with_dataset_expressions', 'dataset_consumes_1', 'dataset_produces_2', 'consume_1_or_both_2_and_3_with_dataset_expressions', 'dataset_consumes_1_never_scheduled', 'dataset_consumes_unknown_never_scheduled' retrieved from /home/airflow/.local/lib/python3.12/site-packages/airflow/example_dags/example_datasets.py
[2024-05-10T23:27:47.447+0000] {logging_mixin.py:188} INFO - [2024-05-10T23:27:47.447+0000] {dag.py:3096} INFO - Sync 10 DAGs
[2024-05-10T23:27:47.478+0000] {logging_mixin.py:188} INFO - [2024-05-10T23:27:47.477+0000] {dag.py:3954} INFO - Setting next_dagrun for conditional_dataset_and_time_based_timetable to 2024-05-08 01:00:00+00:00, run_after=2024-05-08 01:00:00+00:00
[2024-05-10T23:27:47.482+0000] {logging_mixin.py:188} INFO - [2024-05-10T23:27:47.482+0000] {dag.py:3954} INFO - Setting next_dagrun for consume_1_and_2_with_dataset_expressions to None, run_after=None
[2024-05-10T23:27:47.485+0000] {logging_mixin.py:188} INFO - [2024-05-10T23:27:47.484+0000] {dag.py:3954} INFO - Setting next_dagrun for consume_1_or_2_with_dataset_expressions to None, run_after=None
[2024-05-10T23:27:47.486+0000] {logging_mixin.py:188} INFO - [2024-05-10T23:27:47.486+0000] {dag.py:3954} INFO - Setting next_dagrun for consume_1_or_both_2_and_3_with_dataset_expressions to None, run_after=None
[2024-05-10T23:27:47.488+0000] {logging_mixin.py:188} INFO - [2024-05-10T23:27:47.488+0000] {dag.py:3954} INFO - Setting next_dagrun for dataset_consumes_1 to None, run_after=None
[2024-05-10T23:27:47.490+0000] {logging_mixin.py:188} INFO - [2024-05-10T23:27:47.490+0000] {dag.py:3954} INFO - Setting next_dagrun for dataset_consumes_1_and_2 to None, run_after=None
[2024-05-10T23:27:47.492+0000] {logging_mixin.py:188} INFO - [2024-05-10T23:27:47.492+0000] {dag.py:3954} INFO - Setting next_dagrun for dataset_consumes_1_never_scheduled to None, run_after=None
[2024-05-10T23:27:47.494+0000] {logging_mixin.py:188} INFO - [2024-05-10T23:27:47.494+0000] {dag.py:3954} INFO - Setting next_dagrun for dataset_consumes_unknown_never_scheduled to None, run_after=None
[2024-05-10T23:27:47.498+0000] {logging_mixin.py:188} INFO - [2024-05-10T23:27:47.498+0000] {dag.py:3954} INFO - Setting next_dagrun for dataset_produces_1 to 2024-05-09 00:00:00+00:00, run_after=2024-05-10 00:00:00+00:00
[2024-05-10T23:27:47.501+0000] {logging_mixin.py:188} INFO - [2024-05-10T23:27:47.501+0000] {dag.py:3954} INFO - Setting next_dagrun for dataset_produces_2 to None, run_after=None
[2024-05-10T23:27:47.547+0000] {processor.py:183} INFO - Processing /home/airflow/.local/lib/python3.12/site-packages/airflow/example_dags/example_datasets.py took 0.191 seconds
[2024-05-10T23:28:18.109+0000] {processor.py:161} INFO - Started process (PID=176) to work on /home/airflow/.local/lib/python3.12/site-packages/airflow/example_dags/example_datasets.py
[2024-05-10T23:28:18.111+0000] {processor.py:830} INFO - Processing file /home/airflow/.local/lib/python3.12/site-packages/airflow/example_dags/example_datasets.py for tasks to queue
[2024-05-10T23:28:18.113+0000] {logging_mixin.py:188} INFO - [2024-05-10T23:28:18.113+0000] {dagbag.py:540} INFO - Filling up the DagBag from /home/airflow/.local/lib/python3.12/site-packages/airflow/example_dags/example_datasets.py
[2024-05-10T23:28:18.128+0000] {processor.py:840} INFO - DAG(s) 'dataset_consumes_1_and_2', 'consume_1_and_2_with_dataset_expressions', 'consume_1_or_both_2_and_3_with_dataset_expressions', 'dataset_produces_2', 'consume_1_or_2_with_dataset_expressions', 'dataset_consumes_1', 'dataset_consumes_1_never_scheduled', 'dataset_produces_1', 'dataset_consumes_unknown_never_scheduled', 'conditional_dataset_and_time_based_timetable' retrieved from /home/airflow/.local/lib/python3.12/site-packages/airflow/example_dags/example_datasets.py
[2024-05-10T23:28:18.189+0000] {logging_mixin.py:188} INFO - [2024-05-10T23:28:18.189+0000] {dag.py:3096} INFO - Sync 10 DAGs
[2024-05-10T23:28:18.219+0000] {logging_mixin.py:188} INFO - [2024-05-10T23:28:18.219+0000] {dag.py:3954} INFO - Setting next_dagrun for conditional_dataset_and_time_based_timetable to 2024-05-08 01:00:00+00:00, run_after=2024-05-08 01:00:00+00:00
[2024-05-10T23:28:18.224+0000] {logging_mixin.py:188} INFO - [2024-05-10T23:28:18.224+0000] {dag.py:3954} INFO - Setting next_dagrun for consume_1_and_2_with_dataset_expressions to None, run_after=None
[2024-05-10T23:28:18.226+0000] {logging_mixin.py:188} INFO - [2024-05-10T23:28:18.226+0000] {dag.py:3954} INFO - Setting next_dagrun for consume_1_or_2_with_dataset_expressions to None, run_after=None
[2024-05-10T23:28:18.229+0000] {logging_mixin.py:188} INFO - [2024-05-10T23:28:18.228+0000] {dag.py:3954} INFO - Setting next_dagrun for consume_1_or_both_2_and_3_with_dataset_expressions to None, run_after=None
[2024-05-10T23:28:18.231+0000] {logging_mixin.py:188} INFO - [2024-05-10T23:28:18.231+0000] {dag.py:3954} INFO - Setting next_dagrun for dataset_consumes_1 to None, run_after=None
[2024-05-10T23:28:18.233+0000] {logging_mixin.py:188} INFO - [2024-05-10T23:28:18.233+0000] {dag.py:3954} INFO - Setting next_dagrun for dataset_consumes_1_and_2 to None, run_after=None
[2024-05-10T23:28:18.235+0000] {logging_mixin.py:188} INFO - [2024-05-10T23:28:18.234+0000] {dag.py:3954} INFO - Setting next_dagrun for dataset_consumes_1_never_scheduled to None, run_after=None
[2024-05-10T23:28:18.237+0000] {logging_mixin.py:188} INFO - [2024-05-10T23:28:18.237+0000] {dag.py:3954} INFO - Setting next_dagrun for dataset_consumes_unknown_never_scheduled to None, run_after=None
[2024-05-10T23:28:18.240+0000] {logging_mixin.py:188} INFO - [2024-05-10T23:28:18.240+0000] {dag.py:3954} INFO - Setting next_dagrun for dataset_produces_1 to 2024-05-09 00:00:00+00:00, run_after=2024-05-10 00:00:00+00:00
[2024-05-10T23:28:18.243+0000] {logging_mixin.py:188} INFO - [2024-05-10T23:28:18.242+0000] {dag.py:3954} INFO - Setting next_dagrun for dataset_produces_2 to None, run_after=None
[2024-05-10T23:28:18.287+0000] {processor.py:183} INFO - Processing /home/airflow/.local/lib/python3.12/site-packages/airflow/example_dags/example_datasets.py took 0.183 seconds
[2024-05-10T23:28:48.903+0000] {processor.py:161} INFO - Started process (PID=235) to work on /home/airflow/.local/lib/python3.12/site-packages/airflow/example_dags/example_datasets.py
[2024-05-10T23:28:48.904+0000] {processor.py:830} INFO - Processing file /home/airflow/.local/lib/python3.12/site-packages/airflow/example_dags/example_datasets.py for tasks to queue
[2024-05-10T23:28:48.906+0000] {logging_mixin.py:188} INFO - [2024-05-10T23:28:48.906+0000] {dagbag.py:540} INFO - Filling up the DagBag from /home/airflow/.local/lib/python3.12/site-packages/airflow/example_dags/example_datasets.py
[2024-05-10T23:28:48.920+0000] {processor.py:840} INFO - DAG(s) 'dataset_produces_2', 'consume_1_and_2_with_dataset_expressions', 'dataset_consumes_unknown_never_scheduled', 'consume_1_or_both_2_and_3_with_dataset_expressions', 'dataset_consumes_1_and_2', 'conditional_dataset_and_time_based_timetable', 'dataset_produces_1', 'consume_1_or_2_with_dataset_expressions', 'dataset_consumes_1_never_scheduled', 'dataset_consumes_1' retrieved from /home/airflow/.local/lib/python3.12/site-packages/airflow/example_dags/example_datasets.py
[2024-05-10T23:28:48.978+0000] {logging_mixin.py:188} INFO - [2024-05-10T23:28:48.977+0000] {dag.py:3096} INFO - Sync 10 DAGs
[2024-05-10T23:28:49.006+0000] {logging_mixin.py:188} INFO - [2024-05-10T23:28:49.006+0000] {dag.py:3954} INFO - Setting next_dagrun for conditional_dataset_and_time_based_timetable to 2024-05-08 01:00:00+00:00, run_after=2024-05-08 01:00:00+00:00
[2024-05-10T23:28:49.011+0000] {logging_mixin.py:188} INFO - [2024-05-10T23:28:49.010+0000] {dag.py:3954} INFO - Setting next_dagrun for consume_1_and_2_with_dataset_expressions to None, run_after=None
[2024-05-10T23:28:49.013+0000] {logging_mixin.py:188} INFO - [2024-05-10T23:28:49.013+0000] {dag.py:3954} INFO - Setting next_dagrun for consume_1_or_2_with_dataset_expressions to None, run_after=None
[2024-05-10T23:28:49.015+0000] {logging_mixin.py:188} INFO - [2024-05-10T23:28:49.014+0000] {dag.py:3954} INFO - Setting next_dagrun for consume_1_or_both_2_and_3_with_dataset_expressions to None, run_after=None
[2024-05-10T23:28:49.017+0000] {logging_mixin.py:188} INFO - [2024-05-10T23:28:49.017+0000] {dag.py:3954} INFO - Setting next_dagrun for dataset_consumes_1 to None, run_after=None
[2024-05-10T23:28:49.019+0000] {logging_mixin.py:188} INFO - [2024-05-10T23:28:49.019+0000] {dag.py:3954} INFO - Setting next_dagrun for dataset_consumes_1_and_2 to None, run_after=None
[2024-05-10T23:28:49.021+0000] {logging_mixin.py:188} INFO - [2024-05-10T23:28:49.021+0000] {dag.py:3954} INFO - Setting next_dagrun for dataset_consumes_1_never_scheduled to None, run_after=None
[2024-05-10T23:28:49.023+0000] {logging_mixin.py:188} INFO - [2024-05-10T23:28:49.022+0000] {dag.py:3954} INFO - Setting next_dagrun for dataset_consumes_unknown_never_scheduled to None, run_after=None
[2024-05-10T23:28:49.026+0000] {logging_mixin.py:188} INFO - [2024-05-10T23:28:49.025+0000] {dag.py:3954} INFO - Setting next_dagrun for dataset_produces_1 to 2024-05-09 00:00:00+00:00, run_after=2024-05-10 00:00:00+00:00
[2024-05-10T23:28:49.028+0000] {logging_mixin.py:188} INFO - [2024-05-10T23:28:49.027+0000] {dag.py:3954} INFO - Setting next_dagrun for dataset_produces_2 to None, run_after=None
[2024-05-10T23:28:49.066+0000] {processor.py:183} INFO - Processing /home/airflow/.local/lib/python3.12/site-packages/airflow/example_dags/example_datasets.py took 0.168 seconds
[2024-05-10T23:29:19.135+0000] {processor.py:161} INFO - Started process (PID=294) to work on /home/airflow/.local/lib/python3.12/site-packages/airflow/example_dags/example_datasets.py
[2024-05-10T23:29:19.136+0000] {processor.py:830} INFO - Processing file /home/airflow/.local/lib/python3.12/site-packages/airflow/example_dags/example_datasets.py for tasks to queue
[2024-05-10T23:29:19.137+0000] {logging_mixin.py:188} INFO - [2024-05-10T23:29:19.137+0000] {dagbag.py:540} INFO - Filling up the DagBag from /home/airflow/.local/lib/python3.12/site-packages/airflow/example_dags/example_datasets.py
[2024-05-10T23:29:19.151+0000] {processor.py:840} INFO - DAG(s) 'dataset_consumes_1', 'consume_1_and_2_with_dataset_expressions', 'dataset_produces_2', 'dataset_consumes_1_and_2', 'consume_1_or_both_2_and_3_with_dataset_expressions', 'dataset_produces_1', 'dataset_consumes_unknown_never_scheduled', 'dataset_consumes_1_never_scheduled', 'conditional_dataset_and_time_based_timetable', 'consume_1_or_2_with_dataset_expressions' retrieved from /home/airflow/.local/lib/python3.12/site-packages/airflow/example_dags/example_datasets.py
[2024-05-10T23:29:19.217+0000] {logging_mixin.py:188} INFO - [2024-05-10T23:29:19.217+0000] {dag.py:3096} INFO - Sync 10 DAGs
[2024-05-10T23:29:19.248+0000] {logging_mixin.py:188} INFO - [2024-05-10T23:29:19.248+0000] {dag.py:3954} INFO - Setting next_dagrun for conditional_dataset_and_time_based_timetable to 2024-05-08 01:00:00+00:00, run_after=2024-05-08 01:00:00+00:00
[2024-05-10T23:29:19.255+0000] {logging_mixin.py:188} INFO - [2024-05-10T23:29:19.255+0000] {dag.py:3954} INFO - Setting next_dagrun for consume_1_and_2_with_dataset_expressions to None, run_after=None
[2024-05-10T23:29:19.258+0000] {logging_mixin.py:188} INFO - [2024-05-10T23:29:19.257+0000] {dag.py:3954} INFO - Setting next_dagrun for consume_1_or_2_with_dataset_expressions to None, run_after=None
[2024-05-10T23:29:19.260+0000] {logging_mixin.py:188} INFO - [2024-05-10T23:29:19.260+0000] {dag.py:3954} INFO - Setting next_dagrun for consume_1_or_both_2_and_3_with_dataset_expressions to None, run_after=None
[2024-05-10T23:29:19.262+0000] {logging_mixin.py:188} INFO - [2024-05-10T23:29:19.262+0000] {dag.py:3954} INFO - Setting next_dagrun for dataset_consumes_1 to None, run_after=None
[2024-05-10T23:29:19.266+0000] {logging_mixin.py:188} INFO - [2024-05-10T23:29:19.265+0000] {dag.py:3954} INFO - Setting next_dagrun for dataset_consumes_1_and_2 to None, run_after=None
[2024-05-10T23:29:19.268+0000] {logging_mixin.py:188} INFO - [2024-05-10T23:29:19.268+0000] {dag.py:3954} INFO - Setting next_dagrun for dataset_consumes_1_never_scheduled to None, run_after=None
[2024-05-10T23:29:19.270+0000] {logging_mixin.py:188} INFO - [2024-05-10T23:29:19.270+0000] {dag.py:3954} INFO - Setting next_dagrun for dataset_consumes_unknown_never_scheduled to None, run_after=None
[2024-05-10T23:29:19.275+0000] {logging_mixin.py:188} INFO - [2024-05-10T23:29:19.274+0000] {dag.py:3954} INFO - Setting next_dagrun for dataset_produces_1 to 2024-05-09 00:00:00+00:00, run_after=2024-05-10 00:00:00+00:00
[2024-05-10T23:29:19.278+0000] {logging_mixin.py:188} INFO - [2024-05-10T23:29:19.277+0000] {dag.py:3954} INFO - Setting next_dagrun for dataset_produces_2 to None, run_after=None
[2024-05-10T23:29:19.334+0000] {processor.py:183} INFO - Processing /home/airflow/.local/lib/python3.12/site-packages/airflow/example_dags/example_datasets.py took 0.205 seconds
[2024-05-10T23:29:49.494+0000] {processor.py:161} INFO - Started process (PID=353) to work on /home/airflow/.local/lib/python3.12/site-packages/airflow/example_dags/example_datasets.py
[2024-05-10T23:29:49.495+0000] {processor.py:830} INFO - Processing file /home/airflow/.local/lib/python3.12/site-packages/airflow/example_dags/example_datasets.py for tasks to queue
[2024-05-10T23:29:49.497+0000] {logging_mixin.py:188} INFO - [2024-05-10T23:29:49.497+0000] {dagbag.py:540} INFO - Filling up the DagBag from /home/airflow/.local/lib/python3.12/site-packages/airflow/example_dags/example_datasets.py
[2024-05-10T23:29:49.513+0000] {processor.py:840} INFO - DAG(s) 'dataset_consumes_1_never_scheduled', 'consume_1_and_2_with_dataset_expressions', 'consume_1_or_2_with_dataset_expressions', 'dataset_produces_1', 'dataset_produces_2', 'dataset_consumes_1_and_2', 'conditional_dataset_and_time_based_timetable', 'dataset_consumes_1', 'dataset_consumes_unknown_never_scheduled', 'consume_1_or_both_2_and_3_with_dataset_expressions' retrieved from /home/airflow/.local/lib/python3.12/site-packages/airflow/example_dags/example_datasets.py
[2024-05-10T23:29:49.573+0000] {logging_mixin.py:188} INFO - [2024-05-10T23:29:49.572+0000] {dag.py:3096} INFO - Sync 10 DAGs
[2024-05-10T23:29:49.608+0000] {logging_mixin.py:188} INFO - [2024-05-10T23:29:49.608+0000] {dag.py:3954} INFO - Setting next_dagrun for conditional_dataset_and_time_based_timetable to 2024-05-08 01:00:00+00:00, run_after=2024-05-08 01:00:00+00:00
[2024-05-10T23:29:49.614+0000] {logging_mixin.py:188} INFO - [2024-05-10T23:29:49.613+0000] {dag.py:3954} INFO - Setting next_dagrun for consume_1_and_2_with_dataset_expressions to None, run_after=None
[2024-05-10T23:29:49.617+0000] {logging_mixin.py:188} INFO - [2024-05-10T23:29:49.616+0000] {dag.py:3954} INFO - Setting next_dagrun for consume_1_or_2_with_dataset_expressions to None, run_after=None
[2024-05-10T23:29:49.619+0000] {logging_mixin.py:188} INFO - [2024-05-10T23:29:49.618+0000] {dag.py:3954} INFO - Setting next_dagrun for consume_1_or_both_2_and_3_with_dataset_expressions to None, run_after=None
[2024-05-10T23:29:49.621+0000] {logging_mixin.py:188} INFO - [2024-05-10T23:29:49.621+0000] {dag.py:3954} INFO - Setting next_dagrun for dataset_consumes_1 to None, run_after=None
[2024-05-10T23:29:49.623+0000] {logging_mixin.py:188} INFO - [2024-05-10T23:29:49.623+0000] {dag.py:3954} INFO - Setting next_dagrun for dataset_consumes_1_and_2 to None, run_after=None
[2024-05-10T23:29:49.626+0000] {logging_mixin.py:188} INFO - [2024-05-10T23:29:49.625+0000] {dag.py:3954} INFO - Setting next_dagrun for dataset_consumes_1_never_scheduled to None, run_after=None
[2024-05-10T23:29:49.628+0000] {logging_mixin.py:188} INFO - [2024-05-10T23:29:49.628+0000] {dag.py:3954} INFO - Setting next_dagrun for dataset_consumes_unknown_never_scheduled to None, run_after=None
[2024-05-10T23:29:49.632+0000] {logging_mixin.py:188} INFO - [2024-05-10T23:29:49.632+0000] {dag.py:3954} INFO - Setting next_dagrun for dataset_produces_1 to 2024-05-09 00:00:00+00:00, run_after=2024-05-10 00:00:00+00:00
[2024-05-10T23:29:49.634+0000] {logging_mixin.py:188} INFO - [2024-05-10T23:29:49.634+0000] {dag.py:3954} INFO - Setting next_dagrun for dataset_produces_2 to None, run_after=None
[2024-05-10T23:29:49.676+0000] {processor.py:183} INFO - Processing /home/airflow/.local/lib/python3.12/site-packages/airflow/example_dags/example_datasets.py took 0.187 seconds
[2024-05-10T23:30:19.940+0000] {processor.py:161} INFO - Started process (PID=412) to work on /home/airflow/.local/lib/python3.12/site-packages/airflow/example_dags/example_datasets.py
[2024-05-10T23:30:19.941+0000] {processor.py:830} INFO - Processing file /home/airflow/.local/lib/python3.12/site-packages/airflow/example_dags/example_datasets.py for tasks to queue
[2024-05-10T23:30:19.943+0000] {logging_mixin.py:188} INFO - [2024-05-10T23:30:19.943+0000] {dagbag.py:540} INFO - Filling up the DagBag from /home/airflow/.local/lib/python3.12/site-packages/airflow/example_dags/example_datasets.py
[2024-05-10T23:30:19.958+0000] {processor.py:840} INFO - DAG(s) 'dataset_consumes_unknown_never_scheduled', 'consume_1_and_2_with_dataset_expressions', 'dataset_consumes_1', 'consume_1_or_both_2_and_3_with_dataset_expressions', 'dataset_produces_2', 'dataset_consumes_1_never_scheduled', 'consume_1_or_2_with_dataset_expressions', 'dataset_produces_1', 'dataset_consumes_1_and_2', 'conditional_dataset_and_time_based_timetable' retrieved from /home/airflow/.local/lib/python3.12/site-packages/airflow/example_dags/example_datasets.py
[2024-05-10T23:30:20.019+0000] {logging_mixin.py:188} INFO - [2024-05-10T23:30:20.019+0000] {dag.py:3096} INFO - Sync 10 DAGs
[2024-05-10T23:30:20.048+0000] {logging_mixin.py:188} INFO - [2024-05-10T23:30:20.048+0000] {dag.py:3954} INFO - Setting next_dagrun for conditional_dataset_and_time_based_timetable to 2024-05-08 01:00:00+00:00, run_after=2024-05-08 01:00:00+00:00
[2024-05-10T23:30:20.054+0000] {logging_mixin.py:188} INFO - [2024-05-10T23:30:20.054+0000] {dag.py:3954} INFO - Setting next_dagrun for consume_1_and_2_with_dataset_expressions to None, run_after=None
[2024-05-10T23:30:20.056+0000] {logging_mixin.py:188} INFO - [2024-05-10T23:30:20.055+0000] {dag.py:3954} INFO - Setting next_dagrun for consume_1_or_2_with_dataset_expressions to None, run_after=None
[2024-05-10T23:30:20.058+0000] {logging_mixin.py:188} INFO - [2024-05-10T23:30:20.058+0000] {dag.py:3954} INFO - Setting next_dagrun for consume_1_or_both_2_and_3_with_dataset_expressions to None, run_after=None
[2024-05-10T23:30:20.060+0000] {logging_mixin.py:188} INFO - [2024-05-10T23:30:20.060+0000] {dag.py:3954} INFO - Setting next_dagrun for dataset_consumes_1 to None, run_after=None
[2024-05-10T23:30:20.062+0000] {logging_mixin.py:188} INFO - [2024-05-10T23:30:20.062+0000] {dag.py:3954} INFO - Setting next_dagrun for dataset_consumes_1_and_2 to None, run_after=None
[2024-05-10T23:30:20.065+0000] {logging_mixin.py:188} INFO - [2024-05-10T23:30:20.064+0000] {dag.py:3954} INFO - Setting next_dagrun for dataset_consumes_1_never_scheduled to None, run_after=None
[2024-05-10T23:30:20.067+0000] {logging_mixin.py:188} INFO - [2024-05-10T23:30:20.066+0000] {dag.py:3954} INFO - Setting next_dagrun for dataset_consumes_unknown_never_scheduled to None, run_after=None
[2024-05-10T23:30:20.070+0000] {logging_mixin.py:188} INFO - [2024-05-10T23:30:20.069+0000] {dag.py:3954} INFO - Setting next_dagrun for dataset_produces_1 to 2024-05-09 00:00:00+00:00, run_after=2024-05-10 00:00:00+00:00
[2024-05-10T23:30:20.072+0000] {logging_mixin.py:188} INFO - [2024-05-10T23:30:20.072+0000] {dag.py:3954} INFO - Setting next_dagrun for dataset_produces_2 to None, run_after=None
[2024-05-10T23:30:20.118+0000] {processor.py:183} INFO - Processing /home/airflow/.local/lib/python3.12/site-packages/airflow/example_dags/example_datasets.py took 0.183 seconds
[2024-05-10T23:30:50.650+0000] {processor.py:161} INFO - Started process (PID=471) to work on /home/airflow/.local/lib/python3.12/site-packages/airflow/example_dags/example_datasets.py
[2024-05-10T23:30:50.652+0000] {processor.py:830} INFO - Processing file /home/airflow/.local/lib/python3.12/site-packages/airflow/example_dags/example_datasets.py for tasks to queue
[2024-05-10T23:30:50.654+0000] {logging_mixin.py:188} INFO - [2024-05-10T23:30:50.654+0000] {dagbag.py:540} INFO - Filling up the DagBag from /home/airflow/.local/lib/python3.12/site-packages/airflow/example_dags/example_datasets.py
[2024-05-10T23:30:50.670+0000] {processor.py:840} INFO - DAG(s) 'dataset_consumes_1_never_scheduled', 'consume_1_or_2_with_dataset_expressions', 'consume_1_and_2_with_dataset_expressions', 'dataset_produces_2', 'consume_1_or_both_2_and_3_with_dataset_expressions', 'conditional_dataset_and_time_based_timetable', 'dataset_consumes_1', 'dataset_consumes_unknown_never_scheduled', 'dataset_consumes_1_and_2', 'dataset_produces_1' retrieved from /home/airflow/.local/lib/python3.12/site-packages/airflow/example_dags/example_datasets.py
[2024-05-10T23:30:50.727+0000] {logging_mixin.py:188} INFO - [2024-05-10T23:30:50.727+0000] {dag.py:3096} INFO - Sync 10 DAGs
[2024-05-10T23:30:50.753+0000] {logging_mixin.py:188} INFO - [2024-05-10T23:30:50.753+0000] {dag.py:3954} INFO - Setting next_dagrun for conditional_dataset_and_time_based_timetable to 2024-05-08 01:00:00+00:00, run_after=2024-05-08 01:00:00+00:00
[2024-05-10T23:30:50.758+0000] {logging_mixin.py:188} INFO - [2024-05-10T23:30:50.758+0000] {dag.py:3954} INFO - Setting next_dagrun for consume_1_and_2_with_dataset_expressions to None, run_after=None
[2024-05-10T23:30:50.760+0000] {logging_mixin.py:188} INFO - [2024-05-10T23:30:50.760+0000] {dag.py:3954} INFO - Setting next_dagrun for consume_1_or_2_with_dataset_expressions to None, run_after=None
[2024-05-10T23:30:50.762+0000] {logging_mixin.py:188} INFO - [2024-05-10T23:30:50.762+0000] {dag.py:3954} INFO - Setting next_dagrun for consume_1_or_both_2_and_3_with_dataset_expressions to None, run_after=None
[2024-05-10T23:30:50.765+0000] {logging_mixin.py:188} INFO - [2024-05-10T23:30:50.764+0000] {dag.py:3954} INFO - Setting next_dagrun for dataset_consumes_1 to None, run_after=None
[2024-05-10T23:30:50.767+0000] {logging_mixin.py:188} INFO - [2024-05-10T23:30:50.766+0000] {dag.py:3954} INFO - Setting next_dagrun for dataset_consumes_1_and_2 to None, run_after=None
[2024-05-10T23:30:50.769+0000] {logging_mixin.py:188} INFO - [2024-05-10T23:30:50.768+0000] {dag.py:3954} INFO - Setting next_dagrun for dataset_consumes_1_never_scheduled to None, run_after=None
[2024-05-10T23:30:50.771+0000] {logging_mixin.py:188} INFO - [2024-05-10T23:30:50.770+0000] {dag.py:3954} INFO - Setting next_dagrun for dataset_consumes_unknown_never_scheduled to None, run_after=None
[2024-05-10T23:30:50.774+0000] {logging_mixin.py:188} INFO - [2024-05-10T23:30:50.773+0000] {dag.py:3954} INFO - Setting next_dagrun for dataset_produces_1 to 2024-05-09 00:00:00+00:00, run_after=2024-05-10 00:00:00+00:00
[2024-05-10T23:30:50.776+0000] {logging_mixin.py:188} INFO - [2024-05-10T23:30:50.775+0000] {dag.py:3954} INFO - Setting next_dagrun for dataset_produces_2 to None, run_after=None
[2024-05-10T23:30:50.818+0000] {processor.py:183} INFO - Processing /home/airflow/.local/lib/python3.12/site-packages/airflow/example_dags/example_datasets.py took 0.178 seconds
[2024-05-10T23:31:21.022+0000] {processor.py:161} INFO - Started process (PID=530) to work on /home/airflow/.local/lib/python3.12/site-packages/airflow/example_dags/example_datasets.py
[2024-05-10T23:31:21.023+0000] {processor.py:830} INFO - Processing file /home/airflow/.local/lib/python3.12/site-packages/airflow/example_dags/example_datasets.py for tasks to queue
[2024-05-10T23:31:21.025+0000] {logging_mixin.py:188} INFO - [2024-05-10T23:31:21.025+0000] {dagbag.py:540} INFO - Filling up the DagBag from /home/airflow/.local/lib/python3.12/site-packages/airflow/example_dags/example_datasets.py
[2024-05-10T23:31:21.041+0000] {processor.py:840} INFO - DAG(s) 'dataset_consumes_1', 'dataset_consumes_unknown_never_scheduled', 'consume_1_and_2_with_dataset_expressions', 'consume_1_or_both_2_and_3_with_dataset_expressions', 'dataset_produces_2', 'consume_1_or_2_with_dataset_expressions', 'dataset_produces_1', 'conditional_dataset_and_time_based_timetable', 'dataset_consumes_1_and_2', 'dataset_consumes_1_never_scheduled' retrieved from /home/airflow/.local/lib/python3.12/site-packages/airflow/example_dags/example_datasets.py
[2024-05-10T23:31:21.099+0000] {logging_mixin.py:188} INFO - [2024-05-10T23:31:21.099+0000] {dag.py:3096} INFO - Sync 10 DAGs
[2024-05-10T23:31:21.128+0000] {logging_mixin.py:188} INFO - [2024-05-10T23:31:21.128+0000] {dag.py:3954} INFO - Setting next_dagrun for conditional_dataset_and_time_based_timetable to 2024-05-08 01:00:00+00:00, run_after=2024-05-08 01:00:00+00:00
[2024-05-10T23:31:21.136+0000] {logging_mixin.py:188} INFO - [2024-05-10T23:31:21.136+0000] {dag.py:3954} INFO - Setting next_dagrun for consume_1_and_2_with_dataset_expressions to None, run_after=None
[2024-05-10T23:31:21.139+0000] {logging_mixin.py:188} INFO - [2024-05-10T23:31:21.138+0000] {dag.py:3954} INFO - Setting next_dagrun for consume_1_or_2_with_dataset_expressions to None, run_after=None
[2024-05-10T23:31:21.142+0000] {logging_mixin.py:188} INFO - [2024-05-10T23:31:21.141+0000] {dag.py:3954} INFO - Setting next_dagrun for consume_1_or_both_2_and_3_with_dataset_expressions to None, run_after=None
[2024-05-10T23:31:21.147+0000] {logging_mixin.py:188} INFO - [2024-05-10T23:31:21.146+0000] {dag.py:3954} INFO - Setting next_dagrun for dataset_consumes_1 to None, run_after=None
[2024-05-10T23:31:21.150+0000] {logging_mixin.py:188} INFO - [2024-05-10T23:31:21.150+0000] {dag.py:3954} INFO - Setting next_dagrun for dataset_consumes_1_and_2 to None, run_after=None
[2024-05-10T23:31:21.153+0000] {logging_mixin.py:188} INFO - [2024-05-10T23:31:21.153+0000] {dag.py:3954} INFO - Setting next_dagrun for dataset_consumes_1_never_scheduled to None, run_after=None
[2024-05-10T23:31:21.156+0000] {logging_mixin.py:188} INFO - [2024-05-10T23:31:21.156+0000] {dag.py:3954} INFO - Setting next_dagrun for dataset_consumes_unknown_never_scheduled to None, run_after=None
[2024-05-10T23:31:21.161+0000] {logging_mixin.py:188} INFO - [2024-05-10T23:31:21.161+0000] {dag.py:3954} INFO - Setting next_dagrun for dataset_produces_1 to 2024-05-09 00:00:00+00:00, run_after=2024-05-10 00:00:00+00:00
[2024-05-10T23:31:21.164+0000] {logging_mixin.py:188} INFO - [2024-05-10T23:31:21.164+0000] {dag.py:3954} INFO - Setting next_dagrun for dataset_produces_2 to None, run_after=None
[2024-05-10T23:31:21.227+0000] {processor.py:183} INFO - Processing /home/airflow/.local/lib/python3.12/site-packages/airflow/example_dags/example_datasets.py took 0.211 seconds
[2024-05-10T23:31:51.601+0000] {processor.py:161} INFO - Started process (PID=595) to work on /home/airflow/.local/lib/python3.12/site-packages/airflow/example_dags/example_datasets.py
[2024-05-10T23:31:51.602+0000] {processor.py:830} INFO - Processing file /home/airflow/.local/lib/python3.12/site-packages/airflow/example_dags/example_datasets.py for tasks to queue
[2024-05-10T23:31:51.604+0000] {logging_mixin.py:188} INFO - [2024-05-10T23:31:51.604+0000] {dagbag.py:540} INFO - Filling up the DagBag from /home/airflow/.local/lib/python3.12/site-packages/airflow/example_dags/example_datasets.py
[2024-05-10T23:31:51.620+0000] {processor.py:840} INFO - DAG(s) 'dataset_consumes_1_never_scheduled', 'conditional_dataset_and_time_based_timetable', 'dataset_consumes_unknown_never_scheduled', 'consume_1_and_2_with_dataset_expressions', 'dataset_consumes_1_and_2', 'dataset_consumes_1', 'dataset_produces_2', 'consume_1_or_2_with_dataset_expressions', 'consume_1_or_both_2_and_3_with_dataset_expressions', 'dataset_produces_1' retrieved from /home/airflow/.local/lib/python3.12/site-packages/airflow/example_dags/example_datasets.py
[2024-05-10T23:31:51.672+0000] {logging_mixin.py:188} INFO - [2024-05-10T23:31:51.672+0000] {dag.py:3096} INFO - Sync 10 DAGs
[2024-05-10T23:31:51.697+0000] {logging_mixin.py:188} INFO - [2024-05-10T23:31:51.696+0000] {dag.py:3954} INFO - Setting next_dagrun for conditional_dataset_and_time_based_timetable to 2024-05-08 01:00:00+00:00, run_after=2024-05-08 01:00:00+00:00
[2024-05-10T23:31:51.702+0000] {logging_mixin.py:188} INFO - [2024-05-10T23:31:51.702+0000] {dag.py:3954} INFO - Setting next_dagrun for consume_1_and_2_with_dataset_expressions to None, run_after=None
[2024-05-10T23:31:51.704+0000] {logging_mixin.py:188} INFO - [2024-05-10T23:31:51.704+0000] {dag.py:3954} INFO - Setting next_dagrun for consume_1_or_2_with_dataset_expressions to None, run_after=None
[2024-05-10T23:31:51.706+0000] {logging_mixin.py:188} INFO - [2024-05-10T23:31:51.706+0000] {dag.py:3954} INFO - Setting next_dagrun for consume_1_or_both_2_and_3_with_dataset_expressions to None, run_after=None
[2024-05-10T23:31:51.708+0000] {logging_mixin.py:188} INFO - [2024-05-10T23:31:51.708+0000] {dag.py:3954} INFO - Setting next_dagrun for dataset_consumes_1 to None, run_after=None
[2024-05-10T23:31:51.710+0000] {logging_mixin.py:188} INFO - [2024-05-10T23:31:51.710+0000] {dag.py:3954} INFO - Setting next_dagrun for dataset_consumes_1_and_2 to None, run_after=None
[2024-05-10T23:31:51.712+0000] {logging_mixin.py:188} INFO - [2024-05-10T23:31:51.712+0000] {dag.py:3954} INFO - Setting next_dagrun for dataset_consumes_1_never_scheduled to None, run_after=None
[2024-05-10T23:31:51.714+0000] {logging_mixin.py:188} INFO - [2024-05-10T23:31:51.713+0000] {dag.py:3954} INFO - Setting next_dagrun for dataset_consumes_unknown_never_scheduled to None, run_after=None
[2024-05-10T23:31:51.717+0000] {logging_mixin.py:188} INFO - [2024-05-10T23:31:51.716+0000] {dag.py:3954} INFO - Setting next_dagrun for dataset_produces_1 to 2024-05-09 00:00:00+00:00, run_after=2024-05-10 00:00:00+00:00
[2024-05-10T23:31:51.718+0000] {logging_mixin.py:188} INFO - [2024-05-10T23:31:51.718+0000] {dag.py:3954} INFO - Setting next_dagrun for dataset_produces_2 to None, run_after=None
[2024-05-10T23:31:51.765+0000] {processor.py:183} INFO - Processing /home/airflow/.local/lib/python3.12/site-packages/airflow/example_dags/example_datasets.py took 0.171 seconds
[2024-05-10T23:32:22.218+0000] {processor.py:161} INFO - Started process (PID=654) to work on /home/airflow/.local/lib/python3.12/site-packages/airflow/example_dags/example_datasets.py
[2024-05-10T23:32:22.219+0000] {processor.py:830} INFO - Processing file /home/airflow/.local/lib/python3.12/site-packages/airflow/example_dags/example_datasets.py for tasks to queue
[2024-05-10T23:32:22.221+0000] {logging_mixin.py:188} INFO - [2024-05-10T23:32:22.221+0000] {dagbag.py:540} INFO - Filling up the DagBag from /home/airflow/.local/lib/python3.12/site-packages/airflow/example_dags/example_datasets.py
[2024-05-10T23:32:22.239+0000] {processor.py:840} INFO - DAG(s) 'dataset_produces_1', 'conditional_dataset_and_time_based_timetable', 'dataset_consumes_1_never_scheduled', 'dataset_consumes_1', 'consume_1_or_2_with_dataset_expressions', 'dataset_consumes_1_and_2', 'dataset_consumes_unknown_never_scheduled', 'dataset_produces_2', 'consume_1_or_both_2_and_3_with_dataset_expressions', 'consume_1_and_2_with_dataset_expressions' retrieved from /home/airflow/.local/lib/python3.12/site-packages/airflow/example_dags/example_datasets.py
[2024-05-10T23:32:22.317+0000] {logging_mixin.py:188} INFO - [2024-05-10T23:32:22.317+0000] {dag.py:3096} INFO - Sync 10 DAGs
[2024-05-10T23:32:22.355+0000] {logging_mixin.py:188} INFO - [2024-05-10T23:32:22.354+0000] {dag.py:3954} INFO - Setting next_dagrun for conditional_dataset_and_time_based_timetable to 2024-05-08 01:00:00+00:00, run_after=2024-05-08 01:00:00+00:00
[2024-05-10T23:32:22.363+0000] {logging_mixin.py:188} INFO - [2024-05-10T23:32:22.362+0000] {dag.py:3954} INFO - Setting next_dagrun for consume_1_and_2_with_dataset_expressions to None, run_after=None
[2024-05-10T23:32:22.367+0000] {logging_mixin.py:188} INFO - [2024-05-10T23:32:22.366+0000] {dag.py:3954} INFO - Setting next_dagrun for consume_1_or_2_with_dataset_expressions to None, run_after=None
[2024-05-10T23:32:22.370+0000] {logging_mixin.py:188} INFO - [2024-05-10T23:32:22.370+0000] {dag.py:3954} INFO - Setting next_dagrun for consume_1_or_both_2_and_3_with_dataset_expressions to None, run_after=None
[2024-05-10T23:32:22.373+0000] {logging_mixin.py:188} INFO - [2024-05-10T23:32:22.373+0000] {dag.py:3954} INFO - Setting next_dagrun for dataset_consumes_1 to None, run_after=None
[2024-05-10T23:32:22.377+0000] {logging_mixin.py:188} INFO - [2024-05-10T23:32:22.377+0000] {dag.py:3954} INFO - Setting next_dagrun for dataset_consumes_1_and_2 to None, run_after=None
[2024-05-10T23:32:22.380+0000] {logging_mixin.py:188} INFO - [2024-05-10T23:32:22.380+0000] {dag.py:3954} INFO - Setting next_dagrun for dataset_consumes_1_never_scheduled to None, run_after=None
[2024-05-10T23:32:22.383+0000] {logging_mixin.py:188} INFO - [2024-05-10T23:32:22.383+0000] {dag.py:3954} INFO - Setting next_dagrun for dataset_consumes_unknown_never_scheduled to None, run_after=None
[2024-05-10T23:32:22.388+0000] {logging_mixin.py:188} INFO - [2024-05-10T23:32:22.388+0000] {dag.py:3954} INFO - Setting next_dagrun for dataset_produces_1 to 2024-05-09 00:00:00+00:00, run_after=2024-05-10 00:00:00+00:00
[2024-05-10T23:32:22.391+0000] {logging_mixin.py:188} INFO - [2024-05-10T23:32:22.391+0000] {dag.py:3954} INFO - Setting next_dagrun for dataset_produces_2 to None, run_after=None
[2024-05-10T23:32:22.460+0000] {processor.py:183} INFO - Processing /home/airflow/.local/lib/python3.12/site-packages/airflow/example_dags/example_datasets.py took 0.248 seconds
[2024-05-10T23:32:52.711+0000] {processor.py:161} INFO - Started process (PID=713) to work on /home/airflow/.local/lib/python3.12/site-packages/airflow/example_dags/example_datasets.py
[2024-05-10T23:32:52.712+0000] {processor.py:830} INFO - Processing file /home/airflow/.local/lib/python3.12/site-packages/airflow/example_dags/example_datasets.py for tasks to queue
[2024-05-10T23:32:52.714+0000] {logging_mixin.py:188} INFO - [2024-05-10T23:32:52.713+0000] {dagbag.py:540} INFO - Filling up the DagBag from /home/airflow/.local/lib/python3.12/site-packages/airflow/example_dags/example_datasets.py
[2024-05-10T23:32:52.731+0000] {processor.py:840} INFO - DAG(s) 'dataset_consumes_1', 'dataset_produces_2', 'consume_1_and_2_with_dataset_expressions', 'dataset_consumes_unknown_never_scheduled', 'dataset_consumes_1_never_scheduled', 'consume_1_or_2_with_dataset_expressions', 'consume_1_or_both_2_and_3_with_dataset_expressions', 'conditional_dataset_and_time_based_timetable', 'dataset_consumes_1_and_2', 'dataset_produces_1' retrieved from /home/airflow/.local/lib/python3.12/site-packages/airflow/example_dags/example_datasets.py
[2024-05-10T23:32:52.829+0000] {logging_mixin.py:188} INFO - [2024-05-10T23:32:52.829+0000] {dag.py:3096} INFO - Sync 10 DAGs
[2024-05-10T23:32:52.859+0000] {logging_mixin.py:188} INFO - [2024-05-10T23:32:52.858+0000] {dag.py:3954} INFO - Setting next_dagrun for conditional_dataset_and_time_based_timetable to 2024-05-08 01:00:00+00:00, run_after=2024-05-08 01:00:00+00:00
[2024-05-10T23:32:52.864+0000] {logging_mixin.py:188} INFO - [2024-05-10T23:32:52.864+0000] {dag.py:3954} INFO - Setting next_dagrun for consume_1_and_2_with_dataset_expressions to None, run_after=None
[2024-05-10T23:32:52.867+0000] {logging_mixin.py:188} INFO - [2024-05-10T23:32:52.866+0000] {dag.py:3954} INFO - Setting next_dagrun for consume_1_or_2_with_dataset_expressions to None, run_after=None
[2024-05-10T23:32:52.870+0000] {logging_mixin.py:188} INFO - [2024-05-10T23:32:52.870+0000] {dag.py:3954} INFO - Setting next_dagrun for consume_1_or_both_2_and_3_with_dataset_expressions to None, run_after=None
[2024-05-10T23:32:52.872+0000] {logging_mixin.py:188} INFO - [2024-05-10T23:32:52.871+0000] {dag.py:3954} INFO - Setting next_dagrun for dataset_consumes_1 to None, run_after=None
[2024-05-10T23:32:52.874+0000] {logging_mixin.py:188} INFO - [2024-05-10T23:32:52.873+0000] {dag.py:3954} INFO - Setting next_dagrun for dataset_consumes_1_and_2 to None, run_after=None
[2024-05-10T23:32:52.876+0000] {logging_mixin.py:188} INFO - [2024-05-10T23:32:52.876+0000] {dag.py:3954} INFO - Setting next_dagrun for dataset_consumes_1_never_scheduled to None, run_after=None
[2024-05-10T23:32:52.878+0000] {logging_mixin.py:188} INFO - [2024-05-10T23:32:52.878+0000] {dag.py:3954} INFO - Setting next_dagrun for dataset_consumes_unknown_never_scheduled to None, run_after=None
[2024-05-10T23:32:52.881+0000] {logging_mixin.py:188} INFO - [2024-05-10T23:32:52.881+0000] {dag.py:3954} INFO - Setting next_dagrun for dataset_produces_1 to 2024-05-09 00:00:00+00:00, run_after=2024-05-10 00:00:00+00:00
[2024-05-10T23:32:52.883+0000] {logging_mixin.py:188} INFO - [2024-05-10T23:32:52.883+0000] {dag.py:3954} INFO - Setting next_dagrun for dataset_produces_2 to None, run_after=None
[2024-05-10T23:32:52.925+0000] {processor.py:183} INFO - Processing /home/airflow/.local/lib/python3.12/site-packages/airflow/example_dags/example_datasets.py took 0.220 seconds
[2024-05-10T23:33:23.463+0000] {processor.py:161} INFO - Started process (PID=772) to work on /home/airflow/.local/lib/python3.12/site-packages/airflow/example_dags/example_datasets.py
[2024-05-10T23:33:23.464+0000] {processor.py:830} INFO - Processing file /home/airflow/.local/lib/python3.12/site-packages/airflow/example_dags/example_datasets.py for tasks to queue
[2024-05-10T23:33:23.466+0000] {logging_mixin.py:188} INFO - [2024-05-10T23:33:23.466+0000] {dagbag.py:540} INFO - Filling up the DagBag from /home/airflow/.local/lib/python3.12/site-packages/airflow/example_dags/example_datasets.py
[2024-05-10T23:33:23.481+0000] {processor.py:840} INFO - DAG(s) 'dataset_produces_2', 'dataset_consumes_unknown_never_scheduled', 'consume_1_or_both_2_and_3_with_dataset_expressions', 'conditional_dataset_and_time_based_timetable', 'dataset_consumes_1_never_scheduled', 'dataset_produces_1', 'dataset_consumes_1', 'consume_1_or_2_with_dataset_expressions', 'dataset_consumes_1_and_2', 'consume_1_and_2_with_dataset_expressions' retrieved from /home/airflow/.local/lib/python3.12/site-packages/airflow/example_dags/example_datasets.py
[2024-05-10T23:33:23.546+0000] {logging_mixin.py:188} INFO - [2024-05-10T23:33:23.546+0000] {dag.py:3096} INFO - Sync 10 DAGs
[2024-05-10T23:33:23.582+0000] {logging_mixin.py:188} INFO - [2024-05-10T23:33:23.581+0000] {dag.py:3954} INFO - Setting next_dagrun for conditional_dataset_and_time_based_timetable to 2024-05-08 01:00:00+00:00, run_after=2024-05-08 01:00:00+00:00
[2024-05-10T23:33:23.587+0000] {logging_mixin.py:188} INFO - [2024-05-10T23:33:23.586+0000] {dag.py:3954} INFO - Setting next_dagrun for consume_1_and_2_with_dataset_expressions to None, run_after=None
[2024-05-10T23:33:23.589+0000] {logging_mixin.py:188} INFO - [2024-05-10T23:33:23.589+0000] {dag.py:3954} INFO - Setting next_dagrun for consume_1_or_2_with_dataset_expressions to None, run_after=None
[2024-05-10T23:33:23.591+0000] {logging_mixin.py:188} INFO - [2024-05-10T23:33:23.591+0000] {dag.py:3954} INFO - Setting next_dagrun for consume_1_or_both_2_and_3_with_dataset_expressions to None, run_after=None
[2024-05-10T23:33:23.592+0000] {logging_mixin.py:188} INFO - [2024-05-10T23:33:23.592+0000] {dag.py:3954} INFO - Setting next_dagrun for dataset_consumes_1 to None, run_after=None
[2024-05-10T23:33:23.595+0000] {logging_mixin.py:188} INFO - [2024-05-10T23:33:23.594+0000] {dag.py:3954} INFO - Setting next_dagrun for dataset_consumes_1_and_2 to None, run_after=None
[2024-05-10T23:33:23.598+0000] {logging_mixin.py:188} INFO - [2024-05-10T23:33:23.597+0000] {dag.py:3954} INFO - Setting next_dagrun for dataset_consumes_1_never_scheduled to None, run_after=None
[2024-05-10T23:33:23.600+0000] {logging_mixin.py:188} INFO - [2024-05-10T23:33:23.599+0000] {dag.py:3954} INFO - Setting next_dagrun for dataset_consumes_unknown_never_scheduled to None, run_after=None
[2024-05-10T23:33:23.603+0000] {logging_mixin.py:188} INFO - [2024-05-10T23:33:23.602+0000] {dag.py:3954} INFO - Setting next_dagrun for dataset_produces_1 to 2024-05-09 00:00:00+00:00, run_after=2024-05-10 00:00:00+00:00
[2024-05-10T23:33:23.604+0000] {logging_mixin.py:188} INFO - [2024-05-10T23:33:23.604+0000] {dag.py:3954} INFO - Setting next_dagrun for dataset_produces_2 to None, run_after=None
[2024-05-10T23:33:23.651+0000] {processor.py:183} INFO - Processing /home/airflow/.local/lib/python3.12/site-packages/airflow/example_dags/example_datasets.py took 0.193 seconds
[2024-05-10T23:33:54.264+0000] {processor.py:161} INFO - Started process (PID=831) to work on /home/airflow/.local/lib/python3.12/site-packages/airflow/example_dags/example_datasets.py
[2024-05-10T23:33:54.265+0000] {processor.py:830} INFO - Processing file /home/airflow/.local/lib/python3.12/site-packages/airflow/example_dags/example_datasets.py for tasks to queue
[2024-05-10T23:33:54.267+0000] {logging_mixin.py:188} INFO - [2024-05-10T23:33:54.267+0000] {dagbag.py:540} INFO - Filling up the DagBag from /home/airflow/.local/lib/python3.12/site-packages/airflow/example_dags/example_datasets.py
[2024-05-10T23:33:54.284+0000] {processor.py:840} INFO - DAG(s) 'dataset_produces_2', 'dataset_consumes_1_never_scheduled', 'dataset_consumes_1_and_2', 'consume_1_and_2_with_dataset_expressions', 'dataset_consumes_unknown_never_scheduled', 'dataset_produces_1', 'dataset_consumes_1', 'consume_1_or_2_with_dataset_expressions', 'consume_1_or_both_2_and_3_with_dataset_expressions', 'conditional_dataset_and_time_based_timetable' retrieved from /home/airflow/.local/lib/python3.12/site-packages/airflow/example_dags/example_datasets.py
[2024-05-10T23:33:54.345+0000] {logging_mixin.py:188} INFO - [2024-05-10T23:33:54.344+0000] {dag.py:3096} INFO - Sync 10 DAGs
[2024-05-10T23:33:54.384+0000] {logging_mixin.py:188} INFO - [2024-05-10T23:33:54.383+0000] {dag.py:3954} INFO - Setting next_dagrun for conditional_dataset_and_time_based_timetable to 2024-05-08 01:00:00+00:00, run_after=2024-05-08 01:00:00+00:00
[2024-05-10T23:33:54.550+0000] {logging_mixin.py:188} INFO - [2024-05-10T23:33:54.549+0000] {dag.py:3954} INFO - Setting next_dagrun for consume_1_and_2_with_dataset_expressions to None, run_after=None
[2024-05-10T23:33:54.553+0000] {logging_mixin.py:188} INFO - [2024-05-10T23:33:54.553+0000] {dag.py:3954} INFO - Setting next_dagrun for consume_1_or_2_with_dataset_expressions to None, run_after=None
[2024-05-10T23:33:54.557+0000] {logging_mixin.py:188} INFO - [2024-05-10T23:33:54.556+0000] {dag.py:3954} INFO - Setting next_dagrun for consume_1_or_both_2_and_3_with_dataset_expressions to None, run_after=None
[2024-05-10T23:33:54.559+0000] {logging_mixin.py:188} INFO - [2024-05-10T23:33:54.559+0000] {dag.py:3954} INFO - Setting next_dagrun for dataset_consumes_1 to None, run_after=None
[2024-05-10T23:33:54.562+0000] {logging_mixin.py:188} INFO - [2024-05-10T23:33:54.562+0000] {dag.py:3954} INFO - Setting next_dagrun for dataset_consumes_1_and_2 to None, run_after=None
[2024-05-10T23:33:54.565+0000] {logging_mixin.py:188} INFO - [2024-05-10T23:33:54.565+0000] {dag.py:3954} INFO - Setting next_dagrun for dataset_consumes_1_never_scheduled to None, run_after=None
[2024-05-10T23:33:54.567+0000] {logging_mixin.py:188} INFO - [2024-05-10T23:33:54.567+0000] {dag.py:3954} INFO - Setting next_dagrun for dataset_consumes_unknown_never_scheduled to None, run_after=None
[2024-05-10T23:33:54.571+0000] {logging_mixin.py:188} INFO - [2024-05-10T23:33:54.571+0000] {dag.py:3954} INFO - Setting next_dagrun for dataset_produces_1 to 2024-05-09 00:00:00+00:00, run_after=2024-05-10 00:00:00+00:00
[2024-05-10T23:33:54.573+0000] {logging_mixin.py:188} INFO - [2024-05-10T23:33:54.573+0000] {dag.py:3954} INFO - Setting next_dagrun for dataset_produces_2 to None, run_after=None
[2024-05-10T23:33:54.616+0000] {processor.py:183} INFO - Processing /home/airflow/.local/lib/python3.12/site-packages/airflow/example_dags/example_datasets.py took 0.358 seconds
[2024-05-10T23:34:24.667+0000] {processor.py:161} INFO - Started process (PID=890) to work on /home/airflow/.local/lib/python3.12/site-packages/airflow/example_dags/example_datasets.py
[2024-05-10T23:34:24.668+0000] {processor.py:830} INFO - Processing file /home/airflow/.local/lib/python3.12/site-packages/airflow/example_dags/example_datasets.py for tasks to queue
[2024-05-10T23:34:24.670+0000] {logging_mixin.py:188} INFO - [2024-05-10T23:34:24.670+0000] {dagbag.py:540} INFO - Filling up the DagBag from /home/airflow/.local/lib/python3.12/site-packages/airflow/example_dags/example_datasets.py
[2024-05-10T23:34:24.683+0000] {processor.py:840} INFO - DAG(s) 'dataset_consumes_1_and_2', 'consume_1_or_both_2_and_3_with_dataset_expressions', 'consume_1_and_2_with_dataset_expressions', 'dataset_produces_1', 'dataset_consumes_1', 'dataset_produces_2', 'dataset_consumes_1_never_scheduled', 'dataset_consumes_unknown_never_scheduled', 'consume_1_or_2_with_dataset_expressions', 'conditional_dataset_and_time_based_timetable' retrieved from /home/airflow/.local/lib/python3.12/site-packages/airflow/example_dags/example_datasets.py
[2024-05-10T23:34:24.739+0000] {logging_mixin.py:188} INFO - [2024-05-10T23:34:24.739+0000] {dag.py:3096} INFO - Sync 10 DAGs
[2024-05-10T23:34:24.769+0000] {logging_mixin.py:188} INFO - [2024-05-10T23:34:24.769+0000] {dag.py:3954} INFO - Setting next_dagrun for conditional_dataset_and_time_based_timetable to 2024-05-08 01:00:00+00:00, run_after=2024-05-08 01:00:00+00:00
[2024-05-10T23:34:24.774+0000] {logging_mixin.py:188} INFO - [2024-05-10T23:34:24.774+0000] {dag.py:3954} INFO - Setting next_dagrun for consume_1_and_2_with_dataset_expressions to None, run_after=None
[2024-05-10T23:34:24.776+0000] {logging_mixin.py:188} INFO - [2024-05-10T23:34:24.776+0000] {dag.py:3954} INFO - Setting next_dagrun for consume_1_or_2_with_dataset_expressions to None, run_after=None
[2024-05-10T23:34:24.778+0000] {logging_mixin.py:188} INFO - [2024-05-10T23:34:24.778+0000] {dag.py:3954} INFO - Setting next_dagrun for consume_1_or_both_2_and_3_with_dataset_expressions to None, run_after=None
[2024-05-10T23:34:24.780+0000] {logging_mixin.py:188} INFO - [2024-05-10T23:34:24.780+0000] {dag.py:3954} INFO - Setting next_dagrun for dataset_consumes_1 to None, run_after=None
[2024-05-10T23:34:24.782+0000] {logging_mixin.py:188} INFO - [2024-05-10T23:34:24.782+0000] {dag.py:3954} INFO - Setting next_dagrun for dataset_consumes_1_and_2 to None, run_after=None
[2024-05-10T23:34:24.784+0000] {logging_mixin.py:188} INFO - [2024-05-10T23:34:24.784+0000] {dag.py:3954} INFO - Setting next_dagrun for dataset_consumes_1_never_scheduled to None, run_after=None
[2024-05-10T23:34:24.786+0000] {logging_mixin.py:188} INFO - [2024-05-10T23:34:24.786+0000] {dag.py:3954} INFO - Setting next_dagrun for dataset_consumes_unknown_never_scheduled to None, run_after=None
[2024-05-10T23:34:24.790+0000] {logging_mixin.py:188} INFO - [2024-05-10T23:34:24.789+0000] {dag.py:3954} INFO - Setting next_dagrun for dataset_produces_1 to 2024-05-09 00:00:00+00:00, run_after=2024-05-10 00:00:00+00:00
[2024-05-10T23:34:24.791+0000] {logging_mixin.py:188} INFO - [2024-05-10T23:34:24.791+0000] {dag.py:3954} INFO - Setting next_dagrun for dataset_produces_2 to None, run_after=None
[2024-05-10T23:34:24.957+0000] {processor.py:183} INFO - Processing /home/airflow/.local/lib/python3.12/site-packages/airflow/example_dags/example_datasets.py took 0.296 seconds
[2024-05-10T23:34:55.080+0000] {processor.py:161} INFO - Started process (PID=951) to work on /home/airflow/.local/lib/python3.12/site-packages/airflow/example_dags/example_datasets.py
[2024-05-10T23:34:55.081+0000] {processor.py:830} INFO - Processing file /home/airflow/.local/lib/python3.12/site-packages/airflow/example_dags/example_datasets.py for tasks to queue
[2024-05-10T23:34:55.083+0000] {logging_mixin.py:188} INFO - [2024-05-10T23:34:55.083+0000] {dagbag.py:540} INFO - Filling up the DagBag from /home/airflow/.local/lib/python3.12/site-packages/airflow/example_dags/example_datasets.py
[2024-05-10T23:34:55.097+0000] {processor.py:840} INFO - DAG(s) 'dataset_produces_2', 'dataset_consumes_1_and_2', 'dataset_produces_1', 'dataset_consumes_unknown_never_scheduled', 'consume_1_or_both_2_and_3_with_dataset_expressions', 'dataset_consumes_1', 'consume_1_or_2_with_dataset_expressions', 'conditional_dataset_and_time_based_timetable', 'dataset_consumes_1_never_scheduled', 'consume_1_and_2_with_dataset_expressions' retrieved from /home/airflow/.local/lib/python3.12/site-packages/airflow/example_dags/example_datasets.py
[2024-05-10T23:34:55.158+0000] {logging_mixin.py:188} INFO - [2024-05-10T23:34:55.158+0000] {dag.py:3096} INFO - Sync 10 DAGs
[2024-05-10T23:34:55.185+0000] {logging_mixin.py:188} INFO - [2024-05-10T23:34:55.185+0000] {dag.py:3954} INFO - Setting next_dagrun for conditional_dataset_and_time_based_timetable to 2024-05-08 01:00:00+00:00, run_after=2024-05-08 01:00:00+00:00
[2024-05-10T23:34:55.190+0000] {logging_mixin.py:188} INFO - [2024-05-10T23:34:55.190+0000] {dag.py:3954} INFO - Setting next_dagrun for consume_1_and_2_with_dataset_expressions to None, run_after=None
[2024-05-10T23:34:55.192+0000] {logging_mixin.py:188} INFO - [2024-05-10T23:34:55.192+0000] {dag.py:3954} INFO - Setting next_dagrun for consume_1_or_2_with_dataset_expressions to None, run_after=None
[2024-05-10T23:34:55.194+0000] {logging_mixin.py:188} INFO - [2024-05-10T23:34:55.194+0000] {dag.py:3954} INFO - Setting next_dagrun for consume_1_or_both_2_and_3_with_dataset_expressions to None, run_after=None
[2024-05-10T23:34:55.196+0000] {logging_mixin.py:188} INFO - [2024-05-10T23:34:55.196+0000] {dag.py:3954} INFO - Setting next_dagrun for dataset_consumes_1 to None, run_after=None
[2024-05-10T23:34:55.198+0000] {logging_mixin.py:188} INFO - [2024-05-10T23:34:55.198+0000] {dag.py:3954} INFO - Setting next_dagrun for dataset_consumes_1_and_2 to None, run_after=None
[2024-05-10T23:34:55.201+0000] {logging_mixin.py:188} INFO - [2024-05-10T23:34:55.200+0000] {dag.py:3954} INFO - Setting next_dagrun for dataset_consumes_1_never_scheduled to None, run_after=None
[2024-05-10T23:34:55.204+0000] {logging_mixin.py:188} INFO - [2024-05-10T23:34:55.203+0000] {dag.py:3954} INFO - Setting next_dagrun for dataset_consumes_unknown_never_scheduled to None, run_after=None
[2024-05-10T23:34:55.207+0000] {logging_mixin.py:188} INFO - [2024-05-10T23:34:55.206+0000] {dag.py:3954} INFO - Setting next_dagrun for dataset_produces_1 to 2024-05-09 00:00:00+00:00, run_after=2024-05-10 00:00:00+00:00
[2024-05-10T23:34:55.209+0000] {logging_mixin.py:188} INFO - [2024-05-10T23:34:55.209+0000] {dag.py:3954} INFO - Setting next_dagrun for dataset_produces_2 to None, run_after=None
[2024-05-10T23:34:55.366+0000] {processor.py:183} INFO - Processing /home/airflow/.local/lib/python3.12/site-packages/airflow/example_dags/example_datasets.py took 0.291 seconds
[2024-05-10T23:35:25.549+0000] {processor.py:161} INFO - Started process (PID=1008) to work on /home/airflow/.local/lib/python3.12/site-packages/airflow/example_dags/example_datasets.py
[2024-05-10T23:35:25.550+0000] {processor.py:830} INFO - Processing file /home/airflow/.local/lib/python3.12/site-packages/airflow/example_dags/example_datasets.py for tasks to queue
[2024-05-10T23:35:25.553+0000] {logging_mixin.py:188} INFO - [2024-05-10T23:35:25.553+0000] {dagbag.py:540} INFO - Filling up the DagBag from /home/airflow/.local/lib/python3.12/site-packages/airflow/example_dags/example_datasets.py
[2024-05-10T23:35:25.567+0000] {processor.py:840} INFO - DAG(s) 'dataset_consumes_1_never_scheduled', 'consume_1_or_2_with_dataset_expressions', 'conditional_dataset_and_time_based_timetable', 'consume_1_and_2_with_dataset_expressions', 'dataset_produces_1', 'dataset_consumes_unknown_never_scheduled', 'dataset_produces_2', 'dataset_consumes_1_and_2', 'dataset_consumes_1', 'consume_1_or_both_2_and_3_with_dataset_expressions' retrieved from /home/airflow/.local/lib/python3.12/site-packages/airflow/example_dags/example_datasets.py
[2024-05-10T23:35:25.628+0000] {logging_mixin.py:188} INFO - [2024-05-10T23:35:25.628+0000] {dag.py:3096} INFO - Sync 10 DAGs
[2024-05-10T23:35:25.656+0000] {logging_mixin.py:188} INFO - [2024-05-10T23:35:25.655+0000] {dag.py:3954} INFO - Setting next_dagrun for conditional_dataset_and_time_based_timetable to 2024-05-08 01:00:00+00:00, run_after=2024-05-08 01:00:00+00:00
[2024-05-10T23:35:25.660+0000] {logging_mixin.py:188} INFO - [2024-05-10T23:35:25.660+0000] {dag.py:3954} INFO - Setting next_dagrun for consume_1_and_2_with_dataset_expressions to None, run_after=None
[2024-05-10T23:35:25.663+0000] {logging_mixin.py:188} INFO - [2024-05-10T23:35:25.662+0000] {dag.py:3954} INFO - Setting next_dagrun for consume_1_or_2_with_dataset_expressions to None, run_after=None
[2024-05-10T23:35:25.666+0000] {logging_mixin.py:188} INFO - [2024-05-10T23:35:25.665+0000] {dag.py:3954} INFO - Setting next_dagrun for consume_1_or_both_2_and_3_with_dataset_expressions to None, run_after=None
[2024-05-10T23:35:25.668+0000] {logging_mixin.py:188} INFO - [2024-05-10T23:35:25.667+0000] {dag.py:3954} INFO - Setting next_dagrun for dataset_consumes_1 to None, run_after=None
[2024-05-10T23:35:25.670+0000] {logging_mixin.py:188} INFO - [2024-05-10T23:35:25.670+0000] {dag.py:3954} INFO - Setting next_dagrun for dataset_consumes_1_and_2 to None, run_after=None
[2024-05-10T23:35:25.672+0000] {logging_mixin.py:188} INFO - [2024-05-10T23:35:25.672+0000] {dag.py:3954} INFO - Setting next_dagrun for dataset_consumes_1_never_scheduled to None, run_after=None
[2024-05-10T23:35:25.675+0000] {logging_mixin.py:188} INFO - [2024-05-10T23:35:25.674+0000] {dag.py:3954} INFO - Setting next_dagrun for dataset_consumes_unknown_never_scheduled to None, run_after=None
[2024-05-10T23:35:25.679+0000] {logging_mixin.py:188} INFO - [2024-05-10T23:35:25.679+0000] {dag.py:3954} INFO - Setting next_dagrun for dataset_produces_1 to 2024-05-09 00:00:00+00:00, run_after=2024-05-10 00:00:00+00:00
[2024-05-10T23:35:25.681+0000] {logging_mixin.py:188} INFO - [2024-05-10T23:35:25.681+0000] {dag.py:3954} INFO - Setting next_dagrun for dataset_produces_2 to None, run_after=None
[2024-05-10T23:35:25.734+0000] {processor.py:183} INFO - Processing /home/airflow/.local/lib/python3.12/site-packages/airflow/example_dags/example_datasets.py took 0.190 seconds
[2024-05-10T23:35:56.637+0000] {processor.py:161} INFO - Started process (PID=1067) to work on /home/airflow/.local/lib/python3.12/site-packages/airflow/example_dags/example_datasets.py
[2024-05-10T23:35:56.640+0000] {processor.py:830} INFO - Processing file /home/airflow/.local/lib/python3.12/site-packages/airflow/example_dags/example_datasets.py for tasks to queue
[2024-05-10T23:35:56.643+0000] {logging_mixin.py:188} INFO - [2024-05-10T23:35:56.642+0000] {dagbag.py:540} INFO - Filling up the DagBag from /home/airflow/.local/lib/python3.12/site-packages/airflow/example_dags/example_datasets.py
[2024-05-10T23:35:56.664+0000] {processor.py:840} INFO - DAG(s) 'dataset_produces_2', 'consume_1_or_2_with_dataset_expressions', 'dataset_consumes_1_and_2', 'consume_1_and_2_with_dataset_expressions', 'dataset_consumes_1', 'dataset_consumes_unknown_never_scheduled', 'dataset_produces_1', 'conditional_dataset_and_time_based_timetable', 'dataset_consumes_1_never_scheduled', 'consume_1_or_both_2_and_3_with_dataset_expressions' retrieved from /home/airflow/.local/lib/python3.12/site-packages/airflow/example_dags/example_datasets.py
[2024-05-10T23:35:56.734+0000] {logging_mixin.py:188} INFO - [2024-05-10T23:35:56.734+0000] {dag.py:3096} INFO - Sync 10 DAGs
[2024-05-10T23:35:56.768+0000] {logging_mixin.py:188} INFO - [2024-05-10T23:35:56.768+0000] {dag.py:3954} INFO - Setting next_dagrun for conditional_dataset_and_time_based_timetable to 2024-05-08 01:00:00+00:00, run_after=2024-05-08 01:00:00+00:00
[2024-05-10T23:35:56.774+0000] {logging_mixin.py:188} INFO - [2024-05-10T23:35:56.773+0000] {dag.py:3954} INFO - Setting next_dagrun for consume_1_and_2_with_dataset_expressions to None, run_after=None
[2024-05-10T23:35:56.776+0000] {logging_mixin.py:188} INFO - [2024-05-10T23:35:56.776+0000] {dag.py:3954} INFO - Setting next_dagrun for consume_1_or_2_with_dataset_expressions to None, run_after=None
[2024-05-10T23:35:56.778+0000] {logging_mixin.py:188} INFO - [2024-05-10T23:35:56.778+0000] {dag.py:3954} INFO - Setting next_dagrun for consume_1_or_both_2_and_3_with_dataset_expressions to None, run_after=None
[2024-05-10T23:35:56.781+0000] {logging_mixin.py:188} INFO - [2024-05-10T23:35:56.780+0000] {dag.py:3954} INFO - Setting next_dagrun for dataset_consumes_1 to None, run_after=None
[2024-05-10T23:35:56.783+0000] {logging_mixin.py:188} INFO - [2024-05-10T23:35:56.782+0000] {dag.py:3954} INFO - Setting next_dagrun for dataset_consumes_1_and_2 to None, run_after=None
[2024-05-10T23:35:56.785+0000] {logging_mixin.py:188} INFO - [2024-05-10T23:35:56.785+0000] {dag.py:3954} INFO - Setting next_dagrun for dataset_consumes_1_never_scheduled to None, run_after=None
[2024-05-10T23:35:56.788+0000] {logging_mixin.py:188} INFO - [2024-05-10T23:35:56.787+0000] {dag.py:3954} INFO - Setting next_dagrun for dataset_consumes_unknown_never_scheduled to None, run_after=None
[2024-05-10T23:35:56.792+0000] {logging_mixin.py:188} INFO - [2024-05-10T23:35:56.792+0000] {dag.py:3954} INFO - Setting next_dagrun for dataset_produces_1 to 2024-05-09 00:00:00+00:00, run_after=2024-05-10 00:00:00+00:00
[2024-05-10T23:35:56.794+0000] {logging_mixin.py:188} INFO - [2024-05-10T23:35:56.794+0000] {dag.py:3954} INFO - Setting next_dagrun for dataset_produces_2 to None, run_after=None
[2024-05-10T23:35:56.837+0000] {processor.py:183} INFO - Processing /home/airflow/.local/lib/python3.12/site-packages/airflow/example_dags/example_datasets.py took 0.208 seconds
[2024-05-10T23:36:27.152+0000] {processor.py:161} INFO - Started process (PID=1126) to work on /home/airflow/.local/lib/python3.12/site-packages/airflow/example_dags/example_datasets.py
[2024-05-10T23:36:27.153+0000] {processor.py:830} INFO - Processing file /home/airflow/.local/lib/python3.12/site-packages/airflow/example_dags/example_datasets.py for tasks to queue
[2024-05-10T23:36:27.154+0000] {logging_mixin.py:188} INFO - [2024-05-10T23:36:27.154+0000] {dagbag.py:540} INFO - Filling up the DagBag from /home/airflow/.local/lib/python3.12/site-packages/airflow/example_dags/example_datasets.py
[2024-05-10T23:36:27.172+0000] {processor.py:840} INFO - DAG(s) 'dataset_consumes_1_and_2', 'dataset_consumes_1', 'dataset_produces_1', 'conditional_dataset_and_time_based_timetable', 'consume_1_or_2_with_dataset_expressions', 'dataset_consumes_1_never_scheduled', 'dataset_produces_2', 'consume_1_and_2_with_dataset_expressions', 'dataset_consumes_unknown_never_scheduled', 'consume_1_or_both_2_and_3_with_dataset_expressions' retrieved from /home/airflow/.local/lib/python3.12/site-packages/airflow/example_dags/example_datasets.py
[2024-05-10T23:36:27.375+0000] {logging_mixin.py:188} INFO - [2024-05-10T23:36:27.375+0000] {dag.py:3096} INFO - Sync 10 DAGs
[2024-05-10T23:36:27.407+0000] {logging_mixin.py:188} INFO - [2024-05-10T23:36:27.407+0000] {dag.py:3954} INFO - Setting next_dagrun for conditional_dataset_and_time_based_timetable to 2024-05-08 01:00:00+00:00, run_after=2024-05-08 01:00:00+00:00
[2024-05-10T23:36:27.414+0000] {logging_mixin.py:188} INFO - [2024-05-10T23:36:27.414+0000] {dag.py:3954} INFO - Setting next_dagrun for consume_1_and_2_with_dataset_expressions to None, run_after=None
[2024-05-10T23:36:27.417+0000] {logging_mixin.py:188} INFO - [2024-05-10T23:36:27.416+0000] {dag.py:3954} INFO - Setting next_dagrun for consume_1_or_2_with_dataset_expressions to None, run_after=None
[2024-05-10T23:36:27.419+0000] {logging_mixin.py:188} INFO - [2024-05-10T23:36:27.419+0000] {dag.py:3954} INFO - Setting next_dagrun for consume_1_or_both_2_and_3_with_dataset_expressions to None, run_after=None
[2024-05-10T23:36:27.422+0000] {logging_mixin.py:188} INFO - [2024-05-10T23:36:27.421+0000] {dag.py:3954} INFO - Setting next_dagrun for dataset_consumes_1 to None, run_after=None
[2024-05-10T23:36:27.425+0000] {logging_mixin.py:188} INFO - [2024-05-10T23:36:27.424+0000] {dag.py:3954} INFO - Setting next_dagrun for dataset_consumes_1_and_2 to None, run_after=None
[2024-05-10T23:36:27.427+0000] {logging_mixin.py:188} INFO - [2024-05-10T23:36:27.427+0000] {dag.py:3954} INFO - Setting next_dagrun for dataset_consumes_1_never_scheduled to None, run_after=None
[2024-05-10T23:36:27.430+0000] {logging_mixin.py:188} INFO - [2024-05-10T23:36:27.430+0000] {dag.py:3954} INFO - Setting next_dagrun for dataset_consumes_unknown_never_scheduled to None, run_after=None
[2024-05-10T23:36:27.434+0000] {logging_mixin.py:188} INFO - [2024-05-10T23:36:27.434+0000] {dag.py:3954} INFO - Setting next_dagrun for dataset_produces_1 to 2024-05-09 00:00:00+00:00, run_after=2024-05-10 00:00:00+00:00
[2024-05-10T23:36:27.437+0000] {logging_mixin.py:188} INFO - [2024-05-10T23:36:27.437+0000] {dag.py:3954} INFO - Setting next_dagrun for dataset_produces_2 to None, run_after=None
[2024-05-10T23:36:27.480+0000] {processor.py:183} INFO - Processing /home/airflow/.local/lib/python3.12/site-packages/airflow/example_dags/example_datasets.py took 0.335 seconds
[2024-05-10T23:36:57.714+0000] {processor.py:161} INFO - Started process (PID=1185) to work on /home/airflow/.local/lib/python3.12/site-packages/airflow/example_dags/example_datasets.py
[2024-05-10T23:36:57.716+0000] {processor.py:830} INFO - Processing file /home/airflow/.local/lib/python3.12/site-packages/airflow/example_dags/example_datasets.py for tasks to queue
[2024-05-10T23:36:57.717+0000] {logging_mixin.py:188} INFO - [2024-05-10T23:36:57.717+0000] {dagbag.py:540} INFO - Filling up the DagBag from /home/airflow/.local/lib/python3.12/site-packages/airflow/example_dags/example_datasets.py
[2024-05-10T23:36:57.733+0000] {processor.py:840} INFO - DAG(s) 'consume_1_or_both_2_and_3_with_dataset_expressions', 'conditional_dataset_and_time_based_timetable', 'dataset_produces_1', 'dataset_consumes_unknown_never_scheduled', 'dataset_consumes_1_never_scheduled', 'dataset_consumes_1_and_2', 'dataset_consumes_1', 'dataset_produces_2', 'consume_1_or_2_with_dataset_expressions', 'consume_1_and_2_with_dataset_expressions' retrieved from /home/airflow/.local/lib/python3.12/site-packages/airflow/example_dags/example_datasets.py
[2024-05-10T23:36:57.794+0000] {logging_mixin.py:188} INFO - [2024-05-10T23:36:57.794+0000] {dag.py:3096} INFO - Sync 10 DAGs
[2024-05-10T23:36:57.825+0000] {logging_mixin.py:188} INFO - [2024-05-10T23:36:57.825+0000] {dag.py:3954} INFO - Setting next_dagrun for conditional_dataset_and_time_based_timetable to 2024-05-08 01:00:00+00:00, run_after=2024-05-08 01:00:00+00:00
[2024-05-10T23:36:57.831+0000] {logging_mixin.py:188} INFO - [2024-05-10T23:36:57.830+0000] {dag.py:3954} INFO - Setting next_dagrun for consume_1_and_2_with_dataset_expressions to None, run_after=None
[2024-05-10T23:36:57.833+0000] {logging_mixin.py:188} INFO - [2024-05-10T23:36:57.832+0000] {dag.py:3954} INFO - Setting next_dagrun for consume_1_or_2_with_dataset_expressions to None, run_after=None
[2024-05-10T23:36:57.835+0000] {logging_mixin.py:188} INFO - [2024-05-10T23:36:57.834+0000] {dag.py:3954} INFO - Setting next_dagrun for consume_1_or_both_2_and_3_with_dataset_expressions to None, run_after=None
[2024-05-10T23:36:57.837+0000] {logging_mixin.py:188} INFO - [2024-05-10T23:36:57.837+0000] {dag.py:3954} INFO - Setting next_dagrun for dataset_consumes_1 to None, run_after=None
[2024-05-10T23:36:57.839+0000] {logging_mixin.py:188} INFO - [2024-05-10T23:36:57.839+0000] {dag.py:3954} INFO - Setting next_dagrun for dataset_consumes_1_and_2 to None, run_after=None
[2024-05-10T23:36:57.841+0000] {logging_mixin.py:188} INFO - [2024-05-10T23:36:57.841+0000] {dag.py:3954} INFO - Setting next_dagrun for dataset_consumes_1_never_scheduled to None, run_after=None
[2024-05-10T23:36:57.843+0000] {logging_mixin.py:188} INFO - [2024-05-10T23:36:57.843+0000] {dag.py:3954} INFO - Setting next_dagrun for dataset_consumes_unknown_never_scheduled to None, run_after=None
[2024-05-10T23:36:57.846+0000] {logging_mixin.py:188} INFO - [2024-05-10T23:36:57.846+0000] {dag.py:3954} INFO - Setting next_dagrun for dataset_produces_1 to 2024-05-09 00:00:00+00:00, run_after=2024-05-10 00:00:00+00:00
[2024-05-10T23:36:57.848+0000] {logging_mixin.py:188} INFO - [2024-05-10T23:36:57.848+0000] {dag.py:3954} INFO - Setting next_dagrun for dataset_produces_2 to None, run_after=None
[2024-05-10T23:36:57.902+0000] {processor.py:183} INFO - Processing /home/airflow/.local/lib/python3.12/site-packages/airflow/example_dags/example_datasets.py took 0.193 seconds
[2024-05-10T23:37:27.965+0000] {processor.py:161} INFO - Started process (PID=1244) to work on /home/airflow/.local/lib/python3.12/site-packages/airflow/example_dags/example_datasets.py
[2024-05-10T23:37:27.966+0000] {processor.py:830} INFO - Processing file /home/airflow/.local/lib/python3.12/site-packages/airflow/example_dags/example_datasets.py for tasks to queue
[2024-05-10T23:37:27.968+0000] {logging_mixin.py:188} INFO - [2024-05-10T23:37:27.968+0000] {dagbag.py:540} INFO - Filling up the DagBag from /home/airflow/.local/lib/python3.12/site-packages/airflow/example_dags/example_datasets.py
[2024-05-10T23:37:27.982+0000] {processor.py:840} INFO - DAG(s) 'dataset_consumes_unknown_never_scheduled', 'dataset_produces_1', 'dataset_consumes_1_never_scheduled', 'dataset_consumes_1', 'dataset_produces_2', 'consume_1_and_2_with_dataset_expressions', 'consume_1_or_2_with_dataset_expressions', 'consume_1_or_both_2_and_3_with_dataset_expressions', 'dataset_consumes_1_and_2', 'conditional_dataset_and_time_based_timetable' retrieved from /home/airflow/.local/lib/python3.12/site-packages/airflow/example_dags/example_datasets.py
[2024-05-10T23:37:28.041+0000] {logging_mixin.py:188} INFO - [2024-05-10T23:37:28.041+0000] {dag.py:3096} INFO - Sync 10 DAGs
[2024-05-10T23:37:28.070+0000] {logging_mixin.py:188} INFO - [2024-05-10T23:37:28.070+0000] {dag.py:3954} INFO - Setting next_dagrun for conditional_dataset_and_time_based_timetable to 2024-05-08 01:00:00+00:00, run_after=2024-05-08 01:00:00+00:00
[2024-05-10T23:37:28.074+0000] {logging_mixin.py:188} INFO - [2024-05-10T23:37:28.074+0000] {dag.py:3954} INFO - Setting next_dagrun for consume_1_and_2_with_dataset_expressions to None, run_after=None
[2024-05-10T23:37:28.076+0000] {logging_mixin.py:188} INFO - [2024-05-10T23:37:28.076+0000] {dag.py:3954} INFO - Setting next_dagrun for consume_1_or_2_with_dataset_expressions to None, run_after=None
[2024-05-10T23:37:28.078+0000] {logging_mixin.py:188} INFO - [2024-05-10T23:37:28.078+0000] {dag.py:3954} INFO - Setting next_dagrun for consume_1_or_both_2_and_3_with_dataset_expressions to None, run_after=None
[2024-05-10T23:37:28.080+0000] {logging_mixin.py:188} INFO - [2024-05-10T23:37:28.080+0000] {dag.py:3954} INFO - Setting next_dagrun for dataset_consumes_1 to None, run_after=None
[2024-05-10T23:37:28.082+0000] {logging_mixin.py:188} INFO - [2024-05-10T23:37:28.082+0000] {dag.py:3954} INFO - Setting next_dagrun for dataset_consumes_1_and_2 to None, run_after=None
[2024-05-10T23:37:28.084+0000] {logging_mixin.py:188} INFO - [2024-05-10T23:37:28.084+0000] {dag.py:3954} INFO - Setting next_dagrun for dataset_consumes_1_never_scheduled to None, run_after=None
[2024-05-10T23:37:28.086+0000] {logging_mixin.py:188} INFO - [2024-05-10T23:37:28.086+0000] {dag.py:3954} INFO - Setting next_dagrun for dataset_consumes_unknown_never_scheduled to None, run_after=None
[2024-05-10T23:37:28.089+0000] {logging_mixin.py:188} INFO - [2024-05-10T23:37:28.088+0000] {dag.py:3954} INFO - Setting next_dagrun for dataset_produces_1 to 2024-05-09 00:00:00+00:00, run_after=2024-05-10 00:00:00+00:00
[2024-05-10T23:37:28.091+0000] {logging_mixin.py:188} INFO - [2024-05-10T23:37:28.090+0000] {dag.py:3954} INFO - Setting next_dagrun for dataset_produces_2 to None, run_after=None
[2024-05-10T23:37:28.130+0000] {processor.py:183} INFO - Processing /home/airflow/.local/lib/python3.12/site-packages/airflow/example_dags/example_datasets.py took 0.170 seconds
[2024-05-10T23:37:59.041+0000] {processor.py:161} INFO - Started process (PID=1303) to work on /home/airflow/.local/lib/python3.12/site-packages/airflow/example_dags/example_datasets.py
[2024-05-10T23:37:59.042+0000] {processor.py:830} INFO - Processing file /home/airflow/.local/lib/python3.12/site-packages/airflow/example_dags/example_datasets.py for tasks to queue
[2024-05-10T23:37:59.045+0000] {logging_mixin.py:188} INFO - [2024-05-10T23:37:59.044+0000] {dagbag.py:540} INFO - Filling up the DagBag from /home/airflow/.local/lib/python3.12/site-packages/airflow/example_dags/example_datasets.py
[2024-05-10T23:37:59.061+0000] {processor.py:840} INFO - DAG(s) 'conditional_dataset_and_time_based_timetable', 'dataset_consumes_unknown_never_scheduled', 'consume_1_and_2_with_dataset_expressions', 'consume_1_or_2_with_dataset_expressions', 'consume_1_or_both_2_and_3_with_dataset_expressions', 'dataset_consumes_1_never_scheduled', 'dataset_produces_2', 'dataset_consumes_1_and_2', 'dataset_produces_1', 'dataset_consumes_1' retrieved from /home/airflow/.local/lib/python3.12/site-packages/airflow/example_dags/example_datasets.py
[2024-05-10T23:37:59.124+0000] {logging_mixin.py:188} INFO - [2024-05-10T23:37:59.123+0000] {dag.py:3096} INFO - Sync 10 DAGs
[2024-05-10T23:37:59.164+0000] {logging_mixin.py:188} INFO - [2024-05-10T23:37:59.164+0000] {dag.py:3954} INFO - Setting next_dagrun for conditional_dataset_and_time_based_timetable to 2024-05-08 01:00:00+00:00, run_after=2024-05-08 01:00:00+00:00
[2024-05-10T23:37:59.171+0000] {logging_mixin.py:188} INFO - [2024-05-10T23:37:59.171+0000] {dag.py:3954} INFO - Setting next_dagrun for consume_1_and_2_with_dataset_expressions to None, run_after=None
[2024-05-10T23:37:59.173+0000] {logging_mixin.py:188} INFO - [2024-05-10T23:37:59.173+0000] {dag.py:3954} INFO - Setting next_dagrun for consume_1_or_2_with_dataset_expressions to None, run_after=None
[2024-05-10T23:37:59.176+0000] {logging_mixin.py:188} INFO - [2024-05-10T23:37:59.176+0000] {dag.py:3954} INFO - Setting next_dagrun for consume_1_or_both_2_and_3_with_dataset_expressions to None, run_after=None
[2024-05-10T23:37:59.179+0000] {logging_mixin.py:188} INFO - [2024-05-10T23:37:59.179+0000] {dag.py:3954} INFO - Setting next_dagrun for dataset_consumes_1 to None, run_after=None
[2024-05-10T23:37:59.182+0000] {logging_mixin.py:188} INFO - [2024-05-10T23:37:59.182+0000] {dag.py:3954} INFO - Setting next_dagrun for dataset_consumes_1_and_2 to None, run_after=None
[2024-05-10T23:37:59.185+0000] {logging_mixin.py:188} INFO - [2024-05-10T23:37:59.184+0000] {dag.py:3954} INFO - Setting next_dagrun for dataset_consumes_1_never_scheduled to None, run_after=None
[2024-05-10T23:37:59.187+0000] {logging_mixin.py:188} INFO - [2024-05-10T23:37:59.187+0000] {dag.py:3954} INFO - Setting next_dagrun for dataset_consumes_unknown_never_scheduled to None, run_after=None
[2024-05-10T23:37:59.190+0000] {logging_mixin.py:188} INFO - [2024-05-10T23:37:59.190+0000] {dag.py:3954} INFO - Setting next_dagrun for dataset_produces_1 to 2024-05-09 00:00:00+00:00, run_after=2024-05-10 00:00:00+00:00
[2024-05-10T23:37:59.192+0000] {logging_mixin.py:188} INFO - [2024-05-10T23:37:59.192+0000] {dag.py:3954} INFO - Setting next_dagrun for dataset_produces_2 to None, run_after=None
[2024-05-10T23:37:59.242+0000] {processor.py:183} INFO - Processing /home/airflow/.local/lib/python3.12/site-packages/airflow/example_dags/example_datasets.py took 0.208 seconds
[2024-05-10T23:38:29.808+0000] {processor.py:161} INFO - Started process (PID=1362) to work on /home/airflow/.local/lib/python3.12/site-packages/airflow/example_dags/example_datasets.py
[2024-05-10T23:38:29.809+0000] {processor.py:830} INFO - Processing file /home/airflow/.local/lib/python3.12/site-packages/airflow/example_dags/example_datasets.py for tasks to queue
[2024-05-10T23:38:29.811+0000] {logging_mixin.py:188} INFO - [2024-05-10T23:38:29.811+0000] {dagbag.py:540} INFO - Filling up the DagBag from /home/airflow/.local/lib/python3.12/site-packages/airflow/example_dags/example_datasets.py
[2024-05-10T23:38:29.826+0000] {processor.py:840} INFO - DAG(s) 'dataset_consumes_unknown_never_scheduled', 'consume_1_and_2_with_dataset_expressions', 'dataset_consumes_1_never_scheduled', 'dataset_consumes_1', 'conditional_dataset_and_time_based_timetable', 'dataset_produces_1', 'dataset_produces_2', 'consume_1_or_both_2_and_3_with_dataset_expressions', 'dataset_consumes_1_and_2', 'consume_1_or_2_with_dataset_expressions' retrieved from /home/airflow/.local/lib/python3.12/site-packages/airflow/example_dags/example_datasets.py
[2024-05-10T23:38:29.884+0000] {logging_mixin.py:188} INFO - [2024-05-10T23:38:29.884+0000] {dag.py:3096} INFO - Sync 10 DAGs
[2024-05-10T23:38:29.911+0000] {logging_mixin.py:188} INFO - [2024-05-10T23:38:29.911+0000] {dag.py:3954} INFO - Setting next_dagrun for conditional_dataset_and_time_based_timetable to 2024-05-08 01:00:00+00:00, run_after=2024-05-08 01:00:00+00:00
[2024-05-10T23:38:29.916+0000] {logging_mixin.py:188} INFO - [2024-05-10T23:38:29.916+0000] {dag.py:3954} INFO - Setting next_dagrun for consume_1_and_2_with_dataset_expressions to None, run_after=None
[2024-05-10T23:38:29.918+0000] {logging_mixin.py:188} INFO - [2024-05-10T23:38:29.918+0000] {dag.py:3954} INFO - Setting next_dagrun for consume_1_or_2_with_dataset_expressions to None, run_after=None
[2024-05-10T23:38:29.921+0000] {logging_mixin.py:188} INFO - [2024-05-10T23:38:29.920+0000] {dag.py:3954} INFO - Setting next_dagrun for consume_1_or_both_2_and_3_with_dataset_expressions to None, run_after=None
[2024-05-10T23:38:29.923+0000] {logging_mixin.py:188} INFO - [2024-05-10T23:38:29.923+0000] {dag.py:3954} INFO - Setting next_dagrun for dataset_consumes_1 to None, run_after=None
[2024-05-10T23:38:29.925+0000] {logging_mixin.py:188} INFO - [2024-05-10T23:38:29.925+0000] {dag.py:3954} INFO - Setting next_dagrun for dataset_consumes_1_and_2 to None, run_after=None
[2024-05-10T23:38:29.927+0000] {logging_mixin.py:188} INFO - [2024-05-10T23:38:29.927+0000] {dag.py:3954} INFO - Setting next_dagrun for dataset_consumes_1_never_scheduled to None, run_after=None
[2024-05-10T23:38:29.929+0000] {logging_mixin.py:188} INFO - [2024-05-10T23:38:29.929+0000] {dag.py:3954} INFO - Setting next_dagrun for dataset_consumes_unknown_never_scheduled to None, run_after=None
[2024-05-10T23:38:29.933+0000] {logging_mixin.py:188} INFO - [2024-05-10T23:38:29.933+0000] {dag.py:3954} INFO - Setting next_dagrun for dataset_produces_1 to 2024-05-09 00:00:00+00:00, run_after=2024-05-10 00:00:00+00:00
[2024-05-10T23:38:29.935+0000] {logging_mixin.py:188} INFO - [2024-05-10T23:38:29.935+0000] {dag.py:3954} INFO - Setting next_dagrun for dataset_produces_2 to None, run_after=None
[2024-05-10T23:38:29.981+0000] {processor.py:183} INFO - Processing /home/airflow/.local/lib/python3.12/site-packages/airflow/example_dags/example_datasets.py took 0.179 seconds
[2024-05-10T23:39:00.363+0000] {processor.py:161} INFO - Started process (PID=1421) to work on /home/airflow/.local/lib/python3.12/site-packages/airflow/example_dags/example_datasets.py
[2024-05-10T23:39:00.364+0000] {processor.py:830} INFO - Processing file /home/airflow/.local/lib/python3.12/site-packages/airflow/example_dags/example_datasets.py for tasks to queue
[2024-05-10T23:39:00.367+0000] {logging_mixin.py:188} INFO - [2024-05-10T23:39:00.366+0000] {dagbag.py:540} INFO - Filling up the DagBag from /home/airflow/.local/lib/python3.12/site-packages/airflow/example_dags/example_datasets.py
[2024-05-10T23:39:00.382+0000] {processor.py:840} INFO - DAG(s) 'consume_1_or_both_2_and_3_with_dataset_expressions', 'dataset_consumes_unknown_never_scheduled', 'conditional_dataset_and_time_based_timetable', 'dataset_consumes_1', 'dataset_produces_1', 'dataset_consumes_1_never_scheduled', 'consume_1_or_2_with_dataset_expressions', 'dataset_produces_2', 'dataset_consumes_1_and_2', 'consume_1_and_2_with_dataset_expressions' retrieved from /home/airflow/.local/lib/python3.12/site-packages/airflow/example_dags/example_datasets.py
[2024-05-10T23:39:00.455+0000] {logging_mixin.py:188} INFO - [2024-05-10T23:39:00.454+0000] {dag.py:3096} INFO - Sync 10 DAGs
[2024-05-10T23:39:00.488+0000] {logging_mixin.py:188} INFO - [2024-05-10T23:39:00.488+0000] {dag.py:3954} INFO - Setting next_dagrun for conditional_dataset_and_time_based_timetable to 2024-05-08 01:00:00+00:00, run_after=2024-05-08 01:00:00+00:00
[2024-05-10T23:39:00.493+0000] {logging_mixin.py:188} INFO - [2024-05-10T23:39:00.492+0000] {dag.py:3954} INFO - Setting next_dagrun for consume_1_and_2_with_dataset_expressions to None, run_after=None
[2024-05-10T23:39:00.496+0000] {logging_mixin.py:188} INFO - [2024-05-10T23:39:00.495+0000] {dag.py:3954} INFO - Setting next_dagrun for consume_1_or_2_with_dataset_expressions to None, run_after=None
[2024-05-10T23:39:00.499+0000] {logging_mixin.py:188} INFO - [2024-05-10T23:39:00.499+0000] {dag.py:3954} INFO - Setting next_dagrun for consume_1_or_both_2_and_3_with_dataset_expressions to None, run_after=None
[2024-05-10T23:39:00.503+0000] {logging_mixin.py:188} INFO - [2024-05-10T23:39:00.503+0000] {dag.py:3954} INFO - Setting next_dagrun for dataset_consumes_1 to None, run_after=None
[2024-05-10T23:39:00.506+0000] {logging_mixin.py:188} INFO - [2024-05-10T23:39:00.505+0000] {dag.py:3954} INFO - Setting next_dagrun for dataset_consumes_1_and_2 to None, run_after=None
[2024-05-10T23:39:00.508+0000] {logging_mixin.py:188} INFO - [2024-05-10T23:39:00.508+0000] {dag.py:3954} INFO - Setting next_dagrun for dataset_consumes_1_never_scheduled to None, run_after=None
[2024-05-10T23:39:00.512+0000] {logging_mixin.py:188} INFO - [2024-05-10T23:39:00.511+0000] {dag.py:3954} INFO - Setting next_dagrun for dataset_consumes_unknown_never_scheduled to None, run_after=None
[2024-05-10T23:39:00.516+0000] {logging_mixin.py:188} INFO - [2024-05-10T23:39:00.516+0000] {dag.py:3954} INFO - Setting next_dagrun for dataset_produces_1 to 2024-05-09 00:00:00+00:00, run_after=2024-05-10 00:00:00+00:00
[2024-05-10T23:39:00.518+0000] {logging_mixin.py:188} INFO - [2024-05-10T23:39:00.518+0000] {dag.py:3954} INFO - Setting next_dagrun for dataset_produces_2 to None, run_after=None
[2024-05-10T23:39:00.575+0000] {processor.py:183} INFO - Processing /home/airflow/.local/lib/python3.12/site-packages/airflow/example_dags/example_datasets.py took 0.219 seconds
[2024-05-10T23:39:31.176+0000] {processor.py:161} INFO - Started process (PID=1480) to work on /home/airflow/.local/lib/python3.12/site-packages/airflow/example_dags/example_datasets.py
[2024-05-10T23:39:31.177+0000] {processor.py:830} INFO - Processing file /home/airflow/.local/lib/python3.12/site-packages/airflow/example_dags/example_datasets.py for tasks to queue
[2024-05-10T23:39:31.179+0000] {logging_mixin.py:188} INFO - [2024-05-10T23:39:31.179+0000] {dagbag.py:540} INFO - Filling up the DagBag from /home/airflow/.local/lib/python3.12/site-packages/airflow/example_dags/example_datasets.py
[2024-05-10T23:39:31.191+0000] {processor.py:840} INFO - DAG(s) 'dataset_consumes_1_and_2', 'consume_1_and_2_with_dataset_expressions', 'dataset_consumes_unknown_never_scheduled', 'consume_1_or_2_with_dataset_expressions', 'dataset_produces_2', 'consume_1_or_both_2_and_3_with_dataset_expressions', 'dataset_produces_1', 'dataset_consumes_1_never_scheduled', 'conditional_dataset_and_time_based_timetable', 'dataset_consumes_1' retrieved from /home/airflow/.local/lib/python3.12/site-packages/airflow/example_dags/example_datasets.py
[2024-05-10T23:39:31.247+0000] {logging_mixin.py:188} INFO - [2024-05-10T23:39:31.247+0000] {dag.py:3096} INFO - Sync 10 DAGs
[2024-05-10T23:39:31.276+0000] {logging_mixin.py:188} INFO - [2024-05-10T23:39:31.276+0000] {dag.py:3954} INFO - Setting next_dagrun for conditional_dataset_and_time_based_timetable to 2024-05-08 01:00:00+00:00, run_after=2024-05-08 01:00:00+00:00
[2024-05-10T23:39:31.280+0000] {logging_mixin.py:188} INFO - [2024-05-10T23:39:31.280+0000] {dag.py:3954} INFO - Setting next_dagrun for consume_1_and_2_with_dataset_expressions to None, run_after=None
[2024-05-10T23:39:31.283+0000] {logging_mixin.py:188} INFO - [2024-05-10T23:39:31.283+0000] {dag.py:3954} INFO - Setting next_dagrun for consume_1_or_2_with_dataset_expressions to None, run_after=None
[2024-05-10T23:39:31.285+0000] {logging_mixin.py:188} INFO - [2024-05-10T23:39:31.285+0000] {dag.py:3954} INFO - Setting next_dagrun for consume_1_or_both_2_and_3_with_dataset_expressions to None, run_after=None
[2024-05-10T23:39:31.287+0000] {logging_mixin.py:188} INFO - [2024-05-10T23:39:31.286+0000] {dag.py:3954} INFO - Setting next_dagrun for dataset_consumes_1 to None, run_after=None
[2024-05-10T23:39:31.289+0000] {logging_mixin.py:188} INFO - [2024-05-10T23:39:31.289+0000] {dag.py:3954} INFO - Setting next_dagrun for dataset_consumes_1_and_2 to None, run_after=None
[2024-05-10T23:39:31.291+0000] {logging_mixin.py:188} INFO - [2024-05-10T23:39:31.291+0000] {dag.py:3954} INFO - Setting next_dagrun for dataset_consumes_1_never_scheduled to None, run_after=None
[2024-05-10T23:39:31.294+0000] {logging_mixin.py:188} INFO - [2024-05-10T23:39:31.293+0000] {dag.py:3954} INFO - Setting next_dagrun for dataset_consumes_unknown_never_scheduled to None, run_after=None
[2024-05-10T23:39:31.297+0000] {logging_mixin.py:188} INFO - [2024-05-10T23:39:31.297+0000] {dag.py:3954} INFO - Setting next_dagrun for dataset_produces_1 to 2024-05-09 00:00:00+00:00, run_after=2024-05-10 00:00:00+00:00
[2024-05-10T23:39:31.300+0000] {logging_mixin.py:188} INFO - [2024-05-10T23:39:31.299+0000] {dag.py:3954} INFO - Setting next_dagrun for dataset_produces_2 to None, run_after=None
[2024-05-10T23:39:31.347+0000] {processor.py:183} INFO - Processing /home/airflow/.local/lib/python3.12/site-packages/airflow/example_dags/example_datasets.py took 0.179 seconds
[2024-05-10T23:40:02.004+0000] {processor.py:161} INFO - Started process (PID=1539) to work on /home/airflow/.local/lib/python3.12/site-packages/airflow/example_dags/example_datasets.py
[2024-05-10T23:40:02.005+0000] {processor.py:830} INFO - Processing file /home/airflow/.local/lib/python3.12/site-packages/airflow/example_dags/example_datasets.py for tasks to queue
[2024-05-10T23:40:02.007+0000] {logging_mixin.py:188} INFO - [2024-05-10T23:40:02.007+0000] {dagbag.py:540} INFO - Filling up the DagBag from /home/airflow/.local/lib/python3.12/site-packages/airflow/example_dags/example_datasets.py
[2024-05-10T23:40:02.024+0000] {processor.py:840} INFO - DAG(s) 'dataset_consumes_unknown_never_scheduled', 'conditional_dataset_and_time_based_timetable', 'consume_1_or_2_with_dataset_expressions', 'dataset_consumes_1_never_scheduled', 'dataset_produces_2', 'consume_1_and_2_with_dataset_expressions', 'dataset_consumes_1', 'consume_1_or_both_2_and_3_with_dataset_expressions', 'dataset_produces_1', 'dataset_consumes_1_and_2' retrieved from /home/airflow/.local/lib/python3.12/site-packages/airflow/example_dags/example_datasets.py
[2024-05-10T23:40:02.086+0000] {logging_mixin.py:188} INFO - [2024-05-10T23:40:02.085+0000] {dag.py:3096} INFO - Sync 10 DAGs
[2024-05-10T23:40:02.119+0000] {logging_mixin.py:188} INFO - [2024-05-10T23:40:02.119+0000] {dag.py:3954} INFO - Setting next_dagrun for conditional_dataset_and_time_based_timetable to 2024-05-08 01:00:00+00:00, run_after=2024-05-08 01:00:00+00:00
[2024-05-10T23:40:02.124+0000] {logging_mixin.py:188} INFO - [2024-05-10T23:40:02.123+0000] {dag.py:3954} INFO - Setting next_dagrun for consume_1_and_2_with_dataset_expressions to None, run_after=None
[2024-05-10T23:40:02.126+0000] {logging_mixin.py:188} INFO - [2024-05-10T23:40:02.126+0000] {dag.py:3954} INFO - Setting next_dagrun for consume_1_or_2_with_dataset_expressions to None, run_after=None
[2024-05-10T23:40:02.129+0000] {logging_mixin.py:188} INFO - [2024-05-10T23:40:02.129+0000] {dag.py:3954} INFO - Setting next_dagrun for consume_1_or_both_2_and_3_with_dataset_expressions to None, run_after=None
[2024-05-10T23:40:02.132+0000] {logging_mixin.py:188} INFO - [2024-05-10T23:40:02.131+0000] {dag.py:3954} INFO - Setting next_dagrun for dataset_consumes_1 to None, run_after=None
[2024-05-10T23:40:02.134+0000] {logging_mixin.py:188} INFO - [2024-05-10T23:40:02.134+0000] {dag.py:3954} INFO - Setting next_dagrun for dataset_consumes_1_and_2 to None, run_after=None
[2024-05-10T23:40:02.136+0000] {logging_mixin.py:188} INFO - [2024-05-10T23:40:02.136+0000] {dag.py:3954} INFO - Setting next_dagrun for dataset_consumes_1_never_scheduled to None, run_after=None
[2024-05-10T23:40:02.138+0000] {logging_mixin.py:188} INFO - [2024-05-10T23:40:02.138+0000] {dag.py:3954} INFO - Setting next_dagrun for dataset_consumes_unknown_never_scheduled to None, run_after=None
[2024-05-10T23:40:02.142+0000] {logging_mixin.py:188} INFO - [2024-05-10T23:40:02.142+0000] {dag.py:3954} INFO - Setting next_dagrun for dataset_produces_1 to 2024-05-09 00:00:00+00:00, run_after=2024-05-10 00:00:00+00:00
[2024-05-10T23:40:02.145+0000] {logging_mixin.py:188} INFO - [2024-05-10T23:40:02.144+0000] {dag.py:3954} INFO - Setting next_dagrun for dataset_produces_2 to None, run_after=None
[2024-05-10T23:40:02.195+0000] {processor.py:183} INFO - Processing /home/airflow/.local/lib/python3.12/site-packages/airflow/example_dags/example_datasets.py took 0.197 seconds
[2024-05-10T23:40:32.691+0000] {processor.py:161} INFO - Started process (PID=1598) to work on /home/airflow/.local/lib/python3.12/site-packages/airflow/example_dags/example_datasets.py
[2024-05-10T23:40:32.692+0000] {processor.py:830} INFO - Processing file /home/airflow/.local/lib/python3.12/site-packages/airflow/example_dags/example_datasets.py for tasks to queue
[2024-05-10T23:40:32.694+0000] {logging_mixin.py:188} INFO - [2024-05-10T23:40:32.694+0000] {dagbag.py:540} INFO - Filling up the DagBag from /home/airflow/.local/lib/python3.12/site-packages/airflow/example_dags/example_datasets.py
[2024-05-10T23:40:32.715+0000] {processor.py:840} INFO - DAG(s) 'dataset_produces_1', 'consume_1_and_2_with_dataset_expressions', 'dataset_produces_2', 'dataset_consumes_unknown_never_scheduled', 'consume_1_or_2_with_dataset_expressions', 'consume_1_or_both_2_and_3_with_dataset_expressions', 'dataset_consumes_1_and_2', 'conditional_dataset_and_time_based_timetable', 'dataset_consumes_1_never_scheduled', 'dataset_consumes_1' retrieved from /home/airflow/.local/lib/python3.12/site-packages/airflow/example_dags/example_datasets.py
[2024-05-10T23:40:32.787+0000] {logging_mixin.py:188} INFO - [2024-05-10T23:40:32.786+0000] {dag.py:3096} INFO - Sync 10 DAGs
[2024-05-10T23:40:32.820+0000] {logging_mixin.py:188} INFO - [2024-05-10T23:40:32.819+0000] {dag.py:3954} INFO - Setting next_dagrun for conditional_dataset_and_time_based_timetable to 2024-05-08 01:00:00+00:00, run_after=2024-05-08 01:00:00+00:00
[2024-05-10T23:40:32.824+0000] {logging_mixin.py:188} INFO - [2024-05-10T23:40:32.824+0000] {dag.py:3954} INFO - Setting next_dagrun for consume_1_and_2_with_dataset_expressions to None, run_after=None
[2024-05-10T23:40:32.826+0000] {logging_mixin.py:188} INFO - [2024-05-10T23:40:32.826+0000] {dag.py:3954} INFO - Setting next_dagrun for consume_1_or_2_with_dataset_expressions to None, run_after=None
[2024-05-10T23:40:32.828+0000] {logging_mixin.py:188} INFO - [2024-05-10T23:40:32.828+0000] {dag.py:3954} INFO - Setting next_dagrun for consume_1_or_both_2_and_3_with_dataset_expressions to None, run_after=None
[2024-05-10T23:40:32.830+0000] {logging_mixin.py:188} INFO - [2024-05-10T23:40:32.830+0000] {dag.py:3954} INFO - Setting next_dagrun for dataset_consumes_1 to None, run_after=None
[2024-05-10T23:40:32.833+0000] {logging_mixin.py:188} INFO - [2024-05-10T23:40:32.832+0000] {dag.py:3954} INFO - Setting next_dagrun for dataset_consumes_1_and_2 to None, run_after=None
[2024-05-10T23:40:32.835+0000] {logging_mixin.py:188} INFO - [2024-05-10T23:40:32.835+0000] {dag.py:3954} INFO - Setting next_dagrun for dataset_consumes_1_never_scheduled to None, run_after=None
[2024-05-10T23:40:32.837+0000] {logging_mixin.py:188} INFO - [2024-05-10T23:40:32.837+0000] {dag.py:3954} INFO - Setting next_dagrun for dataset_consumes_unknown_never_scheduled to None, run_after=None
[2024-05-10T23:40:32.840+0000] {logging_mixin.py:188} INFO - [2024-05-10T23:40:32.840+0000] {dag.py:3954} INFO - Setting next_dagrun for dataset_produces_1 to 2024-05-09 00:00:00+00:00, run_after=2024-05-10 00:00:00+00:00
[2024-05-10T23:40:32.842+0000] {logging_mixin.py:188} INFO - [2024-05-10T23:40:32.842+0000] {dag.py:3954} INFO - Setting next_dagrun for dataset_produces_2 to None, run_after=None
[2024-05-10T23:40:32.894+0000] {processor.py:183} INFO - Processing /home/airflow/.local/lib/python3.12/site-packages/airflow/example_dags/example_datasets.py took 0.212 seconds
