[2024-05-10T23:27:19.497+0000] {processor.py:161} INFO - Started process (PID=80) to work on /home/airflow/.local/lib/python3.12/site-packages/airflow/example_dags/example_skip_dag.py
[2024-05-10T23:27:19.498+0000] {processor.py:830} INFO - Processing file /home/airflow/.local/lib/python3.12/site-packages/airflow/example_dags/example_skip_dag.py for tasks to queue
[2024-05-10T23:27:19.500+0000] {logging_mixin.py:188} INFO - [2024-05-10T23:27:19.500+0000] {dagbag.py:540} INFO - Filling up the DagBag from /home/airflow/.local/lib/python3.12/site-packages/airflow/example_dags/example_skip_dag.py
[2024-05-10T23:27:19.507+0000] {processor.py:840} INFO - DAG(s) 'example_skip_dag' retrieved from /home/airflow/.local/lib/python3.12/site-packages/airflow/example_dags/example_skip_dag.py
[2024-05-10T23:27:19.639+0000] {logging_mixin.py:188} INFO - [2024-05-10T23:27:19.639+0000] {dag.py:3096} INFO - Sync 1 DAGs
[2024-05-10T23:27:19.667+0000] {logging_mixin.py:188} INFO - [2024-05-10T23:27:19.667+0000] {dag.py:3954} INFO - Setting next_dagrun for example_skip_dag to 2024-05-09 00:00:00+00:00, run_after=2024-05-10 00:00:00+00:00
[2024-05-10T23:27:19.697+0000] {processor.py:183} INFO - Processing /home/airflow/.local/lib/python3.12/site-packages/airflow/example_dags/example_skip_dag.py took 0.207 seconds
[2024-05-10T23:27:49.881+0000] {processor.py:161} INFO - Started process (PID=139) to work on /home/airflow/.local/lib/python3.12/site-packages/airflow/example_dags/example_skip_dag.py
[2024-05-10T23:27:49.882+0000] {processor.py:830} INFO - Processing file /home/airflow/.local/lib/python3.12/site-packages/airflow/example_dags/example_skip_dag.py for tasks to queue
[2024-05-10T23:27:49.884+0000] {logging_mixin.py:188} INFO - [2024-05-10T23:27:49.884+0000] {dagbag.py:540} INFO - Filling up the DagBag from /home/airflow/.local/lib/python3.12/site-packages/airflow/example_dags/example_skip_dag.py
[2024-05-10T23:27:49.890+0000] {processor.py:840} INFO - DAG(s) 'example_skip_dag' retrieved from /home/airflow/.local/lib/python3.12/site-packages/airflow/example_dags/example_skip_dag.py
[2024-05-10T23:27:49.912+0000] {logging_mixin.py:188} INFO - [2024-05-10T23:27:49.912+0000] {dag.py:3096} INFO - Sync 1 DAGs
[2024-05-10T23:27:49.943+0000] {logging_mixin.py:188} INFO - [2024-05-10T23:27:49.943+0000] {dag.py:3954} INFO - Setting next_dagrun for example_skip_dag to 2024-05-09 00:00:00+00:00, run_after=2024-05-10 00:00:00+00:00
[2024-05-10T23:27:49.969+0000] {processor.py:183} INFO - Processing /home/airflow/.local/lib/python3.12/site-packages/airflow/example_dags/example_skip_dag.py took 0.093 seconds
[2024-05-10T23:28:22.102+0000] {processor.py:161} INFO - Started process (PID=204) to work on /home/airflow/.local/lib/python3.12/site-packages/airflow/example_dags/example_skip_dag.py
[2024-05-10T23:28:22.104+0000] {processor.py:830} INFO - Processing file /home/airflow/.local/lib/python3.12/site-packages/airflow/example_dags/example_skip_dag.py for tasks to queue
[2024-05-10T23:28:22.105+0000] {logging_mixin.py:188} INFO - [2024-05-10T23:28:22.105+0000] {dagbag.py:540} INFO - Filling up the DagBag from /home/airflow/.local/lib/python3.12/site-packages/airflow/example_dags/example_skip_dag.py
[2024-05-10T23:28:22.111+0000] {processor.py:840} INFO - DAG(s) 'example_skip_dag' retrieved from /home/airflow/.local/lib/python3.12/site-packages/airflow/example_dags/example_skip_dag.py
[2024-05-10T23:28:22.134+0000] {logging_mixin.py:188} INFO - [2024-05-10T23:28:22.134+0000] {dag.py:3096} INFO - Sync 1 DAGs
[2024-05-10T23:28:22.158+0000] {logging_mixin.py:188} INFO - [2024-05-10T23:28:22.158+0000] {dag.py:3954} INFO - Setting next_dagrun for example_skip_dag to 2024-05-09 00:00:00+00:00, run_after=2024-05-10 00:00:00+00:00
[2024-05-10T23:28:22.189+0000] {processor.py:183} INFO - Processing /home/airflow/.local/lib/python3.12/site-packages/airflow/example_dags/example_skip_dag.py took 0.092 seconds
[2024-05-10T23:28:52.565+0000] {processor.py:161} INFO - Started process (PID=263) to work on /home/airflow/.local/lib/python3.12/site-packages/airflow/example_dags/example_skip_dag.py
[2024-05-10T23:28:52.566+0000] {processor.py:830} INFO - Processing file /home/airflow/.local/lib/python3.12/site-packages/airflow/example_dags/example_skip_dag.py for tasks to queue
[2024-05-10T23:28:52.569+0000] {logging_mixin.py:188} INFO - [2024-05-10T23:28:52.568+0000] {dagbag.py:540} INFO - Filling up the DagBag from /home/airflow/.local/lib/python3.12/site-packages/airflow/example_dags/example_skip_dag.py
[2024-05-10T23:28:52.575+0000] {processor.py:840} INFO - DAG(s) 'example_skip_dag' retrieved from /home/airflow/.local/lib/python3.12/site-packages/airflow/example_dags/example_skip_dag.py
[2024-05-10T23:28:52.600+0000] {logging_mixin.py:188} INFO - [2024-05-10T23:28:52.599+0000] {dag.py:3096} INFO - Sync 1 DAGs
[2024-05-10T23:28:52.633+0000] {logging_mixin.py:188} INFO - [2024-05-10T23:28:52.632+0000] {dag.py:3954} INFO - Setting next_dagrun for example_skip_dag to 2024-05-09 00:00:00+00:00, run_after=2024-05-10 00:00:00+00:00
[2024-05-10T23:28:52.655+0000] {processor.py:183} INFO - Processing /home/airflow/.local/lib/python3.12/site-packages/airflow/example_dags/example_skip_dag.py took 0.096 seconds
[2024-05-10T23:29:23.795+0000] {processor.py:161} INFO - Started process (PID=322) to work on /home/airflow/.local/lib/python3.12/site-packages/airflow/example_dags/example_skip_dag.py
[2024-05-10T23:29:23.796+0000] {processor.py:830} INFO - Processing file /home/airflow/.local/lib/python3.12/site-packages/airflow/example_dags/example_skip_dag.py for tasks to queue
[2024-05-10T23:29:23.798+0000] {logging_mixin.py:188} INFO - [2024-05-10T23:29:23.798+0000] {dagbag.py:540} INFO - Filling up the DagBag from /home/airflow/.local/lib/python3.12/site-packages/airflow/example_dags/example_skip_dag.py
[2024-05-10T23:29:23.804+0000] {processor.py:840} INFO - DAG(s) 'example_skip_dag' retrieved from /home/airflow/.local/lib/python3.12/site-packages/airflow/example_dags/example_skip_dag.py
[2024-05-10T23:29:23.827+0000] {logging_mixin.py:188} INFO - [2024-05-10T23:29:23.826+0000] {dag.py:3096} INFO - Sync 1 DAGs
[2024-05-10T23:29:23.850+0000] {logging_mixin.py:188} INFO - [2024-05-10T23:29:23.850+0000] {dag.py:3954} INFO - Setting next_dagrun for example_skip_dag to 2024-05-09 00:00:00+00:00, run_after=2024-05-10 00:00:00+00:00
[2024-05-10T23:29:23.875+0000] {processor.py:183} INFO - Processing /home/airflow/.local/lib/python3.12/site-packages/airflow/example_dags/example_skip_dag.py took 0.085 seconds
[2024-05-10T23:29:54.994+0000] {processor.py:161} INFO - Started process (PID=381) to work on /home/airflow/.local/lib/python3.12/site-packages/airflow/example_dags/example_skip_dag.py
[2024-05-10T23:29:54.995+0000] {processor.py:830} INFO - Processing file /home/airflow/.local/lib/python3.12/site-packages/airflow/example_dags/example_skip_dag.py for tasks to queue
[2024-05-10T23:29:54.997+0000] {logging_mixin.py:188} INFO - [2024-05-10T23:29:54.997+0000] {dagbag.py:540} INFO - Filling up the DagBag from /home/airflow/.local/lib/python3.12/site-packages/airflow/example_dags/example_skip_dag.py
[2024-05-10T23:29:55.003+0000] {processor.py:840} INFO - DAG(s) 'example_skip_dag' retrieved from /home/airflow/.local/lib/python3.12/site-packages/airflow/example_dags/example_skip_dag.py
[2024-05-10T23:29:55.026+0000] {logging_mixin.py:188} INFO - [2024-05-10T23:29:55.026+0000] {dag.py:3096} INFO - Sync 1 DAGs
[2024-05-10T23:29:55.054+0000] {logging_mixin.py:188} INFO - [2024-05-10T23:29:55.053+0000] {dag.py:3954} INFO - Setting next_dagrun for example_skip_dag to 2024-05-09 00:00:00+00:00, run_after=2024-05-10 00:00:00+00:00
[2024-05-10T23:29:55.076+0000] {processor.py:183} INFO - Processing /home/airflow/.local/lib/python3.12/site-packages/airflow/example_dags/example_skip_dag.py took 0.087 seconds
[2024-05-10T23:30:25.487+0000] {processor.py:161} INFO - Started process (PID=440) to work on /home/airflow/.local/lib/python3.12/site-packages/airflow/example_dags/example_skip_dag.py
[2024-05-10T23:30:25.488+0000] {processor.py:830} INFO - Processing file /home/airflow/.local/lib/python3.12/site-packages/airflow/example_dags/example_skip_dag.py for tasks to queue
[2024-05-10T23:30:25.490+0000] {logging_mixin.py:188} INFO - [2024-05-10T23:30:25.490+0000] {dagbag.py:540} INFO - Filling up the DagBag from /home/airflow/.local/lib/python3.12/site-packages/airflow/example_dags/example_skip_dag.py
[2024-05-10T23:30:25.498+0000] {processor.py:840} INFO - DAG(s) 'example_skip_dag' retrieved from /home/airflow/.local/lib/python3.12/site-packages/airflow/example_dags/example_skip_dag.py
[2024-05-10T23:30:25.521+0000] {logging_mixin.py:188} INFO - [2024-05-10T23:30:25.521+0000] {dag.py:3096} INFO - Sync 1 DAGs
[2024-05-10T23:30:25.548+0000] {logging_mixin.py:188} INFO - [2024-05-10T23:30:25.548+0000] {dag.py:3954} INFO - Setting next_dagrun for example_skip_dag to 2024-05-09 00:00:00+00:00, run_after=2024-05-10 00:00:00+00:00
[2024-05-10T23:30:25.571+0000] {processor.py:183} INFO - Processing /home/airflow/.local/lib/python3.12/site-packages/airflow/example_dags/example_skip_dag.py took 0.089 seconds
[2024-05-10T23:30:56.047+0000] {processor.py:161} INFO - Started process (PID=499) to work on /home/airflow/.local/lib/python3.12/site-packages/airflow/example_dags/example_skip_dag.py
[2024-05-10T23:30:56.048+0000] {processor.py:830} INFO - Processing file /home/airflow/.local/lib/python3.12/site-packages/airflow/example_dags/example_skip_dag.py for tasks to queue
[2024-05-10T23:30:56.049+0000] {logging_mixin.py:188} INFO - [2024-05-10T23:30:56.049+0000] {dagbag.py:540} INFO - Filling up the DagBag from /home/airflow/.local/lib/python3.12/site-packages/airflow/example_dags/example_skip_dag.py
[2024-05-10T23:30:56.056+0000] {processor.py:840} INFO - DAG(s) 'example_skip_dag' retrieved from /home/airflow/.local/lib/python3.12/site-packages/airflow/example_dags/example_skip_dag.py
[2024-05-10T23:30:56.079+0000] {logging_mixin.py:188} INFO - [2024-05-10T23:30:56.078+0000] {dag.py:3096} INFO - Sync 1 DAGs
[2024-05-10T23:30:56.101+0000] {logging_mixin.py:188} INFO - [2024-05-10T23:30:56.101+0000] {dag.py:3954} INFO - Setting next_dagrun for example_skip_dag to 2024-05-09 00:00:00+00:00, run_after=2024-05-10 00:00:00+00:00
[2024-05-10T23:30:56.123+0000] {processor.py:183} INFO - Processing /home/airflow/.local/lib/python3.12/site-packages/airflow/example_dags/example_skip_dag.py took 0.082 seconds
[2024-05-10T23:31:26.597+0000] {processor.py:161} INFO - Started process (PID=558) to work on /home/airflow/.local/lib/python3.12/site-packages/airflow/example_dags/example_skip_dag.py
[2024-05-10T23:31:26.599+0000] {processor.py:830} INFO - Processing file /home/airflow/.local/lib/python3.12/site-packages/airflow/example_dags/example_skip_dag.py for tasks to queue
[2024-05-10T23:31:26.601+0000] {logging_mixin.py:188} INFO - [2024-05-10T23:31:26.601+0000] {dagbag.py:540} INFO - Filling up the DagBag from /home/airflow/.local/lib/python3.12/site-packages/airflow/example_dags/example_skip_dag.py
[2024-05-10T23:31:26.609+0000] {processor.py:840} INFO - DAG(s) 'example_skip_dag' retrieved from /home/airflow/.local/lib/python3.12/site-packages/airflow/example_dags/example_skip_dag.py
[2024-05-10T23:31:26.633+0000] {logging_mixin.py:188} INFO - [2024-05-10T23:31:26.632+0000] {dag.py:3096} INFO - Sync 1 DAGs
[2024-05-10T23:31:26.659+0000] {logging_mixin.py:188} INFO - [2024-05-10T23:31:26.659+0000] {dag.py:3954} INFO - Setting next_dagrun for example_skip_dag to 2024-05-09 00:00:00+00:00, run_after=2024-05-10 00:00:00+00:00
[2024-05-10T23:31:26.686+0000] {processor.py:183} INFO - Processing /home/airflow/.local/lib/python3.12/site-packages/airflow/example_dags/example_skip_dag.py took 0.095 seconds
[2024-05-10T23:31:57.155+0000] {processor.py:161} INFO - Started process (PID=617) to work on /home/airflow/.local/lib/python3.12/site-packages/airflow/example_dags/example_skip_dag.py
[2024-05-10T23:31:57.156+0000] {processor.py:830} INFO - Processing file /home/airflow/.local/lib/python3.12/site-packages/airflow/example_dags/example_skip_dag.py for tasks to queue
[2024-05-10T23:31:57.158+0000] {logging_mixin.py:188} INFO - [2024-05-10T23:31:57.157+0000] {dagbag.py:540} INFO - Filling up the DagBag from /home/airflow/.local/lib/python3.12/site-packages/airflow/example_dags/example_skip_dag.py
[2024-05-10T23:31:57.164+0000] {processor.py:840} INFO - DAG(s) 'example_skip_dag' retrieved from /home/airflow/.local/lib/python3.12/site-packages/airflow/example_dags/example_skip_dag.py
[2024-05-10T23:31:57.189+0000] {logging_mixin.py:188} INFO - [2024-05-10T23:31:57.189+0000] {dag.py:3096} INFO - Sync 1 DAGs
[2024-05-10T23:31:57.216+0000] {logging_mixin.py:188} INFO - [2024-05-10T23:31:57.215+0000] {dag.py:3954} INFO - Setting next_dagrun for example_skip_dag to 2024-05-09 00:00:00+00:00, run_after=2024-05-10 00:00:00+00:00
[2024-05-10T23:31:57.243+0000] {processor.py:183} INFO - Processing /home/airflow/.local/lib/python3.12/site-packages/airflow/example_dags/example_skip_dag.py took 0.093 seconds
[2024-05-10T23:32:27.801+0000] {processor.py:161} INFO - Started process (PID=676) to work on /home/airflow/.local/lib/python3.12/site-packages/airflow/example_dags/example_skip_dag.py
[2024-05-10T23:32:27.802+0000] {processor.py:830} INFO - Processing file /home/airflow/.local/lib/python3.12/site-packages/airflow/example_dags/example_skip_dag.py for tasks to queue
[2024-05-10T23:32:27.804+0000] {logging_mixin.py:188} INFO - [2024-05-10T23:32:27.803+0000] {dagbag.py:540} INFO - Filling up the DagBag from /home/airflow/.local/lib/python3.12/site-packages/airflow/example_dags/example_skip_dag.py
[2024-05-10T23:32:27.809+0000] {processor.py:840} INFO - DAG(s) 'example_skip_dag' retrieved from /home/airflow/.local/lib/python3.12/site-packages/airflow/example_dags/example_skip_dag.py
[2024-05-10T23:32:27.831+0000] {logging_mixin.py:188} INFO - [2024-05-10T23:32:27.831+0000] {dag.py:3096} INFO - Sync 1 DAGs
[2024-05-10T23:32:27.855+0000] {logging_mixin.py:188} INFO - [2024-05-10T23:32:27.855+0000] {dag.py:3954} INFO - Setting next_dagrun for example_skip_dag to 2024-05-09 00:00:00+00:00, run_after=2024-05-10 00:00:00+00:00
[2024-05-10T23:32:27.877+0000] {processor.py:183} INFO - Processing /home/airflow/.local/lib/python3.12/site-packages/airflow/example_dags/example_skip_dag.py took 0.082 seconds
[2024-05-10T23:32:58.436+0000] {processor.py:161} INFO - Started process (PID=735) to work on /home/airflow/.local/lib/python3.12/site-packages/airflow/example_dags/example_skip_dag.py
[2024-05-10T23:32:58.437+0000] {processor.py:830} INFO - Processing file /home/airflow/.local/lib/python3.12/site-packages/airflow/example_dags/example_skip_dag.py for tasks to queue
[2024-05-10T23:32:58.440+0000] {logging_mixin.py:188} INFO - [2024-05-10T23:32:58.440+0000] {dagbag.py:540} INFO - Filling up the DagBag from /home/airflow/.local/lib/python3.12/site-packages/airflow/example_dags/example_skip_dag.py
[2024-05-10T23:32:58.450+0000] {processor.py:840} INFO - DAG(s) 'example_skip_dag' retrieved from /home/airflow/.local/lib/python3.12/site-packages/airflow/example_dags/example_skip_dag.py
[2024-05-10T23:32:58.473+0000] {logging_mixin.py:188} INFO - [2024-05-10T23:32:58.473+0000] {dag.py:3096} INFO - Sync 1 DAGs
[2024-05-10T23:32:58.501+0000] {logging_mixin.py:188} INFO - [2024-05-10T23:32:58.501+0000] {dag.py:3954} INFO - Setting next_dagrun for example_skip_dag to 2024-05-09 00:00:00+00:00, run_after=2024-05-10 00:00:00+00:00
[2024-05-10T23:32:58.527+0000] {processor.py:183} INFO - Processing /home/airflow/.local/lib/python3.12/site-packages/airflow/example_dags/example_skip_dag.py took 0.100 seconds
[2024-05-10T23:33:28.761+0000] {processor.py:161} INFO - Started process (PID=793) to work on /home/airflow/.local/lib/python3.12/site-packages/airflow/example_dags/example_skip_dag.py
[2024-05-10T23:33:28.762+0000] {processor.py:830} INFO - Processing file /home/airflow/.local/lib/python3.12/site-packages/airflow/example_dags/example_skip_dag.py for tasks to queue
[2024-05-10T23:33:28.764+0000] {logging_mixin.py:188} INFO - [2024-05-10T23:33:28.764+0000] {dagbag.py:540} INFO - Filling up the DagBag from /home/airflow/.local/lib/python3.12/site-packages/airflow/example_dags/example_skip_dag.py
[2024-05-10T23:33:28.771+0000] {processor.py:840} INFO - DAG(s) 'example_skip_dag' retrieved from /home/airflow/.local/lib/python3.12/site-packages/airflow/example_dags/example_skip_dag.py
[2024-05-10T23:33:28.792+0000] {logging_mixin.py:188} INFO - [2024-05-10T23:33:28.792+0000] {dag.py:3096} INFO - Sync 1 DAGs
[2024-05-10T23:33:28.817+0000] {logging_mixin.py:188} INFO - [2024-05-10T23:33:28.817+0000] {dag.py:3954} INFO - Setting next_dagrun for example_skip_dag to 2024-05-09 00:00:00+00:00, run_after=2024-05-10 00:00:00+00:00
[2024-05-10T23:33:28.840+0000] {processor.py:183} INFO - Processing /home/airflow/.local/lib/python3.12/site-packages/airflow/example_dags/example_skip_dag.py took 0.084 seconds
[2024-05-10T23:33:59.031+0000] {processor.py:161} INFO - Started process (PID=852) to work on /home/airflow/.local/lib/python3.12/site-packages/airflow/example_dags/example_skip_dag.py
[2024-05-10T23:33:59.032+0000] {processor.py:830} INFO - Processing file /home/airflow/.local/lib/python3.12/site-packages/airflow/example_dags/example_skip_dag.py for tasks to queue
[2024-05-10T23:33:59.035+0000] {logging_mixin.py:188} INFO - [2024-05-10T23:33:59.034+0000] {dagbag.py:540} INFO - Filling up the DagBag from /home/airflow/.local/lib/python3.12/site-packages/airflow/example_dags/example_skip_dag.py
[2024-05-10T23:33:59.044+0000] {processor.py:840} INFO - DAG(s) 'example_skip_dag' retrieved from /home/airflow/.local/lib/python3.12/site-packages/airflow/example_dags/example_skip_dag.py
[2024-05-10T23:33:59.083+0000] {logging_mixin.py:188} INFO - [2024-05-10T23:33:59.083+0000] {dag.py:3096} INFO - Sync 1 DAGs
[2024-05-10T23:33:59.120+0000] {logging_mixin.py:188} INFO - [2024-05-10T23:33:59.120+0000] {dag.py:3954} INFO - Setting next_dagrun for example_skip_dag to 2024-05-09 00:00:00+00:00, run_after=2024-05-10 00:00:00+00:00
[2024-05-10T23:33:59.145+0000] {processor.py:183} INFO - Processing /home/airflow/.local/lib/python3.12/site-packages/airflow/example_dags/example_skip_dag.py took 0.119 seconds
[2024-05-10T23:34:29.601+0000] {processor.py:161} INFO - Started process (PID=911) to work on /home/airflow/.local/lib/python3.12/site-packages/airflow/example_dags/example_skip_dag.py
[2024-05-10T23:34:29.602+0000] {processor.py:830} INFO - Processing file /home/airflow/.local/lib/python3.12/site-packages/airflow/example_dags/example_skip_dag.py for tasks to queue
[2024-05-10T23:34:29.605+0000] {logging_mixin.py:188} INFO - [2024-05-10T23:34:29.604+0000] {dagbag.py:540} INFO - Filling up the DagBag from /home/airflow/.local/lib/python3.12/site-packages/airflow/example_dags/example_skip_dag.py
[2024-05-10T23:34:29.613+0000] {processor.py:840} INFO - DAG(s) 'example_skip_dag' retrieved from /home/airflow/.local/lib/python3.12/site-packages/airflow/example_dags/example_skip_dag.py
[2024-05-10T23:34:29.644+0000] {logging_mixin.py:188} INFO - [2024-05-10T23:34:29.643+0000] {dag.py:3096} INFO - Sync 1 DAGs
[2024-05-10T23:34:29.679+0000] {logging_mixin.py:188} INFO - [2024-05-10T23:34:29.679+0000] {dag.py:3954} INFO - Setting next_dagrun for example_skip_dag to 2024-05-09 00:00:00+00:00, run_after=2024-05-10 00:00:00+00:00
[2024-05-10T23:34:29.862+0000] {processor.py:183} INFO - Processing /home/airflow/.local/lib/python3.12/site-packages/airflow/example_dags/example_skip_dag.py took 0.269 seconds
[2024-05-10T23:35:00.010+0000] {processor.py:161} INFO - Started process (PID=971) to work on /home/airflow/.local/lib/python3.12/site-packages/airflow/example_dags/example_skip_dag.py
[2024-05-10T23:35:00.011+0000] {processor.py:830} INFO - Processing file /home/airflow/.local/lib/python3.12/site-packages/airflow/example_dags/example_skip_dag.py for tasks to queue
[2024-05-10T23:35:00.014+0000] {logging_mixin.py:188} INFO - [2024-05-10T23:35:00.014+0000] {dagbag.py:540} INFO - Filling up the DagBag from /home/airflow/.local/lib/python3.12/site-packages/airflow/example_dags/example_skip_dag.py
[2024-05-10T23:35:00.023+0000] {processor.py:840} INFO - DAG(s) 'example_skip_dag' retrieved from /home/airflow/.local/lib/python3.12/site-packages/airflow/example_dags/example_skip_dag.py
[2024-05-10T23:35:00.047+0000] {logging_mixin.py:188} INFO - [2024-05-10T23:35:00.047+0000] {dag.py:3096} INFO - Sync 1 DAGs
[2024-05-10T23:35:00.072+0000] {logging_mixin.py:188} INFO - [2024-05-10T23:35:00.072+0000] {dag.py:3954} INFO - Setting next_dagrun for example_skip_dag to 2024-05-09 00:00:00+00:00, run_after=2024-05-10 00:00:00+00:00
[2024-05-10T23:35:00.207+0000] {processor.py:183} INFO - Processing /home/airflow/.local/lib/python3.12/site-packages/airflow/example_dags/example_skip_dag.py took 0.208 seconds
[2024-05-10T23:35:30.858+0000] {processor.py:161} INFO - Started process (PID=1029) to work on /home/airflow/.local/lib/python3.12/site-packages/airflow/example_dags/example_skip_dag.py
[2024-05-10T23:35:30.859+0000] {processor.py:830} INFO - Processing file /home/airflow/.local/lib/python3.12/site-packages/airflow/example_dags/example_skip_dag.py for tasks to queue
[2024-05-10T23:35:30.861+0000] {logging_mixin.py:188} INFO - [2024-05-10T23:35:30.861+0000] {dagbag.py:540} INFO - Filling up the DagBag from /home/airflow/.local/lib/python3.12/site-packages/airflow/example_dags/example_skip_dag.py
[2024-05-10T23:35:30.868+0000] {processor.py:840} INFO - DAG(s) 'example_skip_dag' retrieved from /home/airflow/.local/lib/python3.12/site-packages/airflow/example_dags/example_skip_dag.py
[2024-05-10T23:35:30.893+0000] {logging_mixin.py:188} INFO - [2024-05-10T23:35:30.893+0000] {dag.py:3096} INFO - Sync 1 DAGs
[2024-05-10T23:35:30.917+0000] {logging_mixin.py:188} INFO - [2024-05-10T23:35:30.917+0000] {dag.py:3954} INFO - Setting next_dagrun for example_skip_dag to 2024-05-09 00:00:00+00:00, run_after=2024-05-10 00:00:00+00:00
[2024-05-10T23:35:30.941+0000] {processor.py:183} INFO - Processing /home/airflow/.local/lib/python3.12/site-packages/airflow/example_dags/example_skip_dag.py took 0.089 seconds
[2024-05-10T23:36:01.142+0000] {processor.py:161} INFO - Started process (PID=1089) to work on /home/airflow/.local/lib/python3.12/site-packages/airflow/example_dags/example_skip_dag.py
[2024-05-10T23:36:01.143+0000] {processor.py:830} INFO - Processing file /home/airflow/.local/lib/python3.12/site-packages/airflow/example_dags/example_skip_dag.py for tasks to queue
[2024-05-10T23:36:01.145+0000] {logging_mixin.py:188} INFO - [2024-05-10T23:36:01.145+0000] {dagbag.py:540} INFO - Filling up the DagBag from /home/airflow/.local/lib/python3.12/site-packages/airflow/example_dags/example_skip_dag.py
[2024-05-10T23:36:01.152+0000] {processor.py:840} INFO - DAG(s) 'example_skip_dag' retrieved from /home/airflow/.local/lib/python3.12/site-packages/airflow/example_dags/example_skip_dag.py
[2024-05-10T23:36:01.177+0000] {logging_mixin.py:188} INFO - [2024-05-10T23:36:01.177+0000] {dag.py:3096} INFO - Sync 1 DAGs
[2024-05-10T23:36:01.206+0000] {logging_mixin.py:188} INFO - [2024-05-10T23:36:01.205+0000] {dag.py:3954} INFO - Setting next_dagrun for example_skip_dag to 2024-05-09 00:00:00+00:00, run_after=2024-05-10 00:00:00+00:00
[2024-05-10T23:36:01.235+0000] {processor.py:183} INFO - Processing /home/airflow/.local/lib/python3.12/site-packages/airflow/example_dags/example_skip_dag.py took 0.099 seconds
[2024-05-10T23:36:32.034+0000] {processor.py:161} INFO - Started process (PID=1147) to work on /home/airflow/.local/lib/python3.12/site-packages/airflow/example_dags/example_skip_dag.py
[2024-05-10T23:36:32.035+0000] {processor.py:830} INFO - Processing file /home/airflow/.local/lib/python3.12/site-packages/airflow/example_dags/example_skip_dag.py for tasks to queue
[2024-05-10T23:36:32.037+0000] {logging_mixin.py:188} INFO - [2024-05-10T23:36:32.037+0000] {dagbag.py:540} INFO - Filling up the DagBag from /home/airflow/.local/lib/python3.12/site-packages/airflow/example_dags/example_skip_dag.py
[2024-05-10T23:36:32.044+0000] {processor.py:840} INFO - DAG(s) 'example_skip_dag' retrieved from /home/airflow/.local/lib/python3.12/site-packages/airflow/example_dags/example_skip_dag.py
[2024-05-10T23:36:32.064+0000] {logging_mixin.py:188} INFO - [2024-05-10T23:36:32.064+0000] {dag.py:3096} INFO - Sync 1 DAGs
[2024-05-10T23:36:32.089+0000] {logging_mixin.py:188} INFO - [2024-05-10T23:36:32.089+0000] {dag.py:3954} INFO - Setting next_dagrun for example_skip_dag to 2024-05-09 00:00:00+00:00, run_after=2024-05-10 00:00:00+00:00
[2024-05-10T23:36:32.121+0000] {processor.py:183} INFO - Processing /home/airflow/.local/lib/python3.12/site-packages/airflow/example_dags/example_skip_dag.py took 0.093 seconds
[2024-05-10T23:37:02.365+0000] {processor.py:161} INFO - Started process (PID=1206) to work on /home/airflow/.local/lib/python3.12/site-packages/airflow/example_dags/example_skip_dag.py
[2024-05-10T23:37:02.366+0000] {processor.py:830} INFO - Processing file /home/airflow/.local/lib/python3.12/site-packages/airflow/example_dags/example_skip_dag.py for tasks to queue
[2024-05-10T23:37:02.368+0000] {logging_mixin.py:188} INFO - [2024-05-10T23:37:02.368+0000] {dagbag.py:540} INFO - Filling up the DagBag from /home/airflow/.local/lib/python3.12/site-packages/airflow/example_dags/example_skip_dag.py
[2024-05-10T23:37:02.375+0000] {processor.py:840} INFO - DAG(s) 'example_skip_dag' retrieved from /home/airflow/.local/lib/python3.12/site-packages/airflow/example_dags/example_skip_dag.py
[2024-05-10T23:37:02.402+0000] {logging_mixin.py:188} INFO - [2024-05-10T23:37:02.401+0000] {dag.py:3096} INFO - Sync 1 DAGs
[2024-05-10T23:37:02.424+0000] {logging_mixin.py:188} INFO - [2024-05-10T23:37:02.424+0000] {dag.py:3954} INFO - Setting next_dagrun for example_skip_dag to 2024-05-09 00:00:00+00:00, run_after=2024-05-10 00:00:00+00:00
[2024-05-10T23:37:02.445+0000] {processor.py:183} INFO - Processing /home/airflow/.local/lib/python3.12/site-packages/airflow/example_dags/example_skip_dag.py took 0.086 seconds
[2024-05-10T23:37:32.555+0000] {processor.py:161} INFO - Started process (PID=1265) to work on /home/airflow/.local/lib/python3.12/site-packages/airflow/example_dags/example_skip_dag.py
[2024-05-10T23:37:32.557+0000] {processor.py:830} INFO - Processing file /home/airflow/.local/lib/python3.12/site-packages/airflow/example_dags/example_skip_dag.py for tasks to queue
[2024-05-10T23:37:32.559+0000] {logging_mixin.py:188} INFO - [2024-05-10T23:37:32.558+0000] {dagbag.py:540} INFO - Filling up the DagBag from /home/airflow/.local/lib/python3.12/site-packages/airflow/example_dags/example_skip_dag.py
[2024-05-10T23:37:32.566+0000] {processor.py:840} INFO - DAG(s) 'example_skip_dag' retrieved from /home/airflow/.local/lib/python3.12/site-packages/airflow/example_dags/example_skip_dag.py
[2024-05-10T23:37:32.589+0000] {logging_mixin.py:188} INFO - [2024-05-10T23:37:32.588+0000] {dag.py:3096} INFO - Sync 1 DAGs
[2024-05-10T23:37:32.614+0000] {logging_mixin.py:188} INFO - [2024-05-10T23:37:32.614+0000] {dag.py:3954} INFO - Setting next_dagrun for example_skip_dag to 2024-05-09 00:00:00+00:00, run_after=2024-05-10 00:00:00+00:00
[2024-05-10T23:37:32.635+0000] {processor.py:183} INFO - Processing /home/airflow/.local/lib/python3.12/site-packages/airflow/example_dags/example_skip_dag.py took 0.087 seconds
[2024-05-10T23:38:03.478+0000] {processor.py:161} INFO - Started process (PID=1324) to work on /home/airflow/.local/lib/python3.12/site-packages/airflow/example_dags/example_skip_dag.py
[2024-05-10T23:38:03.479+0000] {processor.py:830} INFO - Processing file /home/airflow/.local/lib/python3.12/site-packages/airflow/example_dags/example_skip_dag.py for tasks to queue
[2024-05-10T23:38:03.481+0000] {logging_mixin.py:188} INFO - [2024-05-10T23:38:03.481+0000] {dagbag.py:540} INFO - Filling up the DagBag from /home/airflow/.local/lib/python3.12/site-packages/airflow/example_dags/example_skip_dag.py
[2024-05-10T23:38:03.488+0000] {processor.py:840} INFO - DAG(s) 'example_skip_dag' retrieved from /home/airflow/.local/lib/python3.12/site-packages/airflow/example_dags/example_skip_dag.py
[2024-05-10T23:38:03.514+0000] {logging_mixin.py:188} INFO - [2024-05-10T23:38:03.514+0000] {dag.py:3096} INFO - Sync 1 DAGs
[2024-05-10T23:38:03.542+0000] {logging_mixin.py:188} INFO - [2024-05-10T23:38:03.542+0000] {dag.py:3954} INFO - Setting next_dagrun for example_skip_dag to 2024-05-09 00:00:00+00:00, run_after=2024-05-10 00:00:00+00:00
[2024-05-10T23:38:03.568+0000] {processor.py:183} INFO - Processing /home/airflow/.local/lib/python3.12/site-packages/airflow/example_dags/example_skip_dag.py took 0.096 seconds
[2024-05-10T23:38:34.123+0000] {processor.py:161} INFO - Started process (PID=1383) to work on /home/airflow/.local/lib/python3.12/site-packages/airflow/example_dags/example_skip_dag.py
[2024-05-10T23:38:34.124+0000] {processor.py:830} INFO - Processing file /home/airflow/.local/lib/python3.12/site-packages/airflow/example_dags/example_skip_dag.py for tasks to queue
[2024-05-10T23:38:34.126+0000] {logging_mixin.py:188} INFO - [2024-05-10T23:38:34.125+0000] {dagbag.py:540} INFO - Filling up the DagBag from /home/airflow/.local/lib/python3.12/site-packages/airflow/example_dags/example_skip_dag.py
[2024-05-10T23:38:34.132+0000] {processor.py:840} INFO - DAG(s) 'example_skip_dag' retrieved from /home/airflow/.local/lib/python3.12/site-packages/airflow/example_dags/example_skip_dag.py
[2024-05-10T23:38:34.154+0000] {logging_mixin.py:188} INFO - [2024-05-10T23:38:34.154+0000] {dag.py:3096} INFO - Sync 1 DAGs
[2024-05-10T23:38:34.178+0000] {logging_mixin.py:188} INFO - [2024-05-10T23:38:34.178+0000] {dag.py:3954} INFO - Setting next_dagrun for example_skip_dag to 2024-05-09 00:00:00+00:00, run_after=2024-05-10 00:00:00+00:00
[2024-05-10T23:38:34.200+0000] {processor.py:183} INFO - Processing /home/airflow/.local/lib/python3.12/site-packages/airflow/example_dags/example_skip_dag.py took 0.084 seconds
[2024-05-10T23:39:04.966+0000] {processor.py:161} INFO - Started process (PID=1442) to work on /home/airflow/.local/lib/python3.12/site-packages/airflow/example_dags/example_skip_dag.py
[2024-05-10T23:39:04.967+0000] {processor.py:830} INFO - Processing file /home/airflow/.local/lib/python3.12/site-packages/airflow/example_dags/example_skip_dag.py for tasks to queue
[2024-05-10T23:39:04.970+0000] {logging_mixin.py:188} INFO - [2024-05-10T23:39:04.970+0000] {dagbag.py:540} INFO - Filling up the DagBag from /home/airflow/.local/lib/python3.12/site-packages/airflow/example_dags/example_skip_dag.py
[2024-05-10T23:39:04.978+0000] {processor.py:840} INFO - DAG(s) 'example_skip_dag' retrieved from /home/airflow/.local/lib/python3.12/site-packages/airflow/example_dags/example_skip_dag.py
[2024-05-10T23:39:05.004+0000] {logging_mixin.py:188} INFO - [2024-05-10T23:39:05.004+0000] {dag.py:3096} INFO - Sync 1 DAGs
[2024-05-10T23:39:05.032+0000] {logging_mixin.py:188} INFO - [2024-05-10T23:39:05.032+0000] {dag.py:3954} INFO - Setting next_dagrun for example_skip_dag to 2024-05-09 00:00:00+00:00, run_after=2024-05-10 00:00:00+00:00
[2024-05-10T23:39:05.055+0000] {processor.py:183} INFO - Processing /home/airflow/.local/lib/python3.12/site-packages/airflow/example_dags/example_skip_dag.py took 0.095 seconds
[2024-05-10T23:39:35.625+0000] {processor.py:161} INFO - Started process (PID=1501) to work on /home/airflow/.local/lib/python3.12/site-packages/airflow/example_dags/example_skip_dag.py
[2024-05-10T23:39:35.626+0000] {processor.py:830} INFO - Processing file /home/airflow/.local/lib/python3.12/site-packages/airflow/example_dags/example_skip_dag.py for tasks to queue
[2024-05-10T23:39:35.628+0000] {logging_mixin.py:188} INFO - [2024-05-10T23:39:35.628+0000] {dagbag.py:540} INFO - Filling up the DagBag from /home/airflow/.local/lib/python3.12/site-packages/airflow/example_dags/example_skip_dag.py
[2024-05-10T23:39:35.634+0000] {processor.py:840} INFO - DAG(s) 'example_skip_dag' retrieved from /home/airflow/.local/lib/python3.12/site-packages/airflow/example_dags/example_skip_dag.py
[2024-05-10T23:39:35.655+0000] {logging_mixin.py:188} INFO - [2024-05-10T23:39:35.655+0000] {dag.py:3096} INFO - Sync 1 DAGs
[2024-05-10T23:39:35.678+0000] {logging_mixin.py:188} INFO - [2024-05-10T23:39:35.677+0000] {dag.py:3954} INFO - Setting next_dagrun for example_skip_dag to 2024-05-09 00:00:00+00:00, run_after=2024-05-10 00:00:00+00:00
[2024-05-10T23:39:35.699+0000] {processor.py:183} INFO - Processing /home/airflow/.local/lib/python3.12/site-packages/airflow/example_dags/example_skip_dag.py took 0.079 seconds
[2024-05-10T23:40:06.410+0000] {processor.py:161} INFO - Started process (PID=1560) to work on /home/airflow/.local/lib/python3.12/site-packages/airflow/example_dags/example_skip_dag.py
[2024-05-10T23:40:06.411+0000] {processor.py:830} INFO - Processing file /home/airflow/.local/lib/python3.12/site-packages/airflow/example_dags/example_skip_dag.py for tasks to queue
[2024-05-10T23:40:06.413+0000] {logging_mixin.py:188} INFO - [2024-05-10T23:40:06.413+0000] {dagbag.py:540} INFO - Filling up the DagBag from /home/airflow/.local/lib/python3.12/site-packages/airflow/example_dags/example_skip_dag.py
[2024-05-10T23:40:06.421+0000] {processor.py:840} INFO - DAG(s) 'example_skip_dag' retrieved from /home/airflow/.local/lib/python3.12/site-packages/airflow/example_dags/example_skip_dag.py
[2024-05-10T23:40:06.448+0000] {logging_mixin.py:188} INFO - [2024-05-10T23:40:06.448+0000] {dag.py:3096} INFO - Sync 1 DAGs
[2024-05-10T23:40:06.476+0000] {logging_mixin.py:188} INFO - [2024-05-10T23:40:06.475+0000] {dag.py:3954} INFO - Setting next_dagrun for example_skip_dag to 2024-05-09 00:00:00+00:00, run_after=2024-05-10 00:00:00+00:00
[2024-05-10T23:40:06.500+0000] {processor.py:183} INFO - Processing /home/airflow/.local/lib/python3.12/site-packages/airflow/example_dags/example_skip_dag.py took 0.095 seconds
[2024-05-10T23:40:37.166+0000] {processor.py:161} INFO - Started process (PID=1619) to work on /home/airflow/.local/lib/python3.12/site-packages/airflow/example_dags/example_skip_dag.py
[2024-05-10T23:40:37.167+0000] {processor.py:830} INFO - Processing file /home/airflow/.local/lib/python3.12/site-packages/airflow/example_dags/example_skip_dag.py for tasks to queue
[2024-05-10T23:40:37.169+0000] {logging_mixin.py:188} INFO - [2024-05-10T23:40:37.168+0000] {dagbag.py:540} INFO - Filling up the DagBag from /home/airflow/.local/lib/python3.12/site-packages/airflow/example_dags/example_skip_dag.py
[2024-05-10T23:40:37.176+0000] {processor.py:840} INFO - DAG(s) 'example_skip_dag' retrieved from /home/airflow/.local/lib/python3.12/site-packages/airflow/example_dags/example_skip_dag.py
[2024-05-10T23:40:37.199+0000] {logging_mixin.py:188} INFO - [2024-05-10T23:40:37.199+0000] {dag.py:3096} INFO - Sync 1 DAGs
[2024-05-10T23:40:37.228+0000] {logging_mixin.py:188} INFO - [2024-05-10T23:40:37.228+0000] {dag.py:3954} INFO - Setting next_dagrun for example_skip_dag to 2024-05-09 00:00:00+00:00, run_after=2024-05-10 00:00:00+00:00
[2024-05-10T23:40:37.251+0000] {processor.py:183} INFO - Processing /home/airflow/.local/lib/python3.12/site-packages/airflow/example_dags/example_skip_dag.py took 0.091 seconds
