[2024-05-10T23:27:18.162+0000] {processor.py:161} INFO - Started process (PID=69) to work on /home/airflow/.local/lib/python3.12/site-packages/airflow/example_dags/example_task_group_decorator.py
[2024-05-10T23:27:18.163+0000] {processor.py:830} INFO - Processing file /home/airflow/.local/lib/python3.12/site-packages/airflow/example_dags/example_task_group_decorator.py for tasks to queue
[2024-05-10T23:27:18.165+0000] {logging_mixin.py:188} INFO - [2024-05-10T23:27:18.165+0000] {dagbag.py:540} INFO - Filling up the DagBag from /home/airflow/.local/lib/python3.12/site-packages/airflow/example_dags/example_task_group_decorator.py
[2024-05-10T23:27:18.182+0000] {processor.py:840} INFO - DAG(s) 'example_task_group_decorator' retrieved from /home/airflow/.local/lib/python3.12/site-packages/airflow/example_dags/example_task_group_decorator.py
[2024-05-10T23:27:18.304+0000] {logging_mixin.py:188} INFO - [2024-05-10T23:27:18.303+0000] {dag.py:3096} INFO - Sync 1 DAGs
[2024-05-10T23:27:18.323+0000] {logging_mixin.py:188} INFO - [2024-05-10T23:27:18.323+0000] {dag.py:3954} INFO - Setting next_dagrun for example_task_group_decorator to 2024-05-09 00:00:00+00:00, run_after=2024-05-10 00:00:00+00:00
[2024-05-10T23:27:18.346+0000] {processor.py:183} INFO - Processing /home/airflow/.local/lib/python3.12/site-packages/airflow/example_dags/example_task_group_decorator.py took 0.189 seconds
[2024-05-10T23:27:49.269+0000] {processor.py:161} INFO - Started process (PID=128) to work on /home/airflow/.local/lib/python3.12/site-packages/airflow/example_dags/example_task_group_decorator.py
[2024-05-10T23:27:49.270+0000] {processor.py:830} INFO - Processing file /home/airflow/.local/lib/python3.12/site-packages/airflow/example_dags/example_task_group_decorator.py for tasks to queue
[2024-05-10T23:27:49.272+0000] {logging_mixin.py:188} INFO - [2024-05-10T23:27:49.271+0000] {dagbag.py:540} INFO - Filling up the DagBag from /home/airflow/.local/lib/python3.12/site-packages/airflow/example_dags/example_task_group_decorator.py
[2024-05-10T23:27:49.290+0000] {processor.py:840} INFO - DAG(s) 'example_task_group_decorator' retrieved from /home/airflow/.local/lib/python3.12/site-packages/airflow/example_dags/example_task_group_decorator.py
[2024-05-10T23:27:49.320+0000] {logging_mixin.py:188} INFO - [2024-05-10T23:27:49.319+0000] {dag.py:3096} INFO - Sync 1 DAGs
[2024-05-10T23:27:49.346+0000] {logging_mixin.py:188} INFO - [2024-05-10T23:27:49.346+0000] {dag.py:3954} INFO - Setting next_dagrun for example_task_group_decorator to 2024-05-09 00:00:00+00:00, run_after=2024-05-10 00:00:00+00:00
[2024-05-10T23:27:49.368+0000] {processor.py:183} INFO - Processing /home/airflow/.local/lib/python3.12/site-packages/airflow/example_dags/example_task_group_decorator.py took 0.104 seconds
[2024-05-10T23:28:21.446+0000] {processor.py:161} INFO - Started process (PID=193) to work on /home/airflow/.local/lib/python3.12/site-packages/airflow/example_dags/example_task_group_decorator.py
[2024-05-10T23:28:21.447+0000] {processor.py:830} INFO - Processing file /home/airflow/.local/lib/python3.12/site-packages/airflow/example_dags/example_task_group_decorator.py for tasks to queue
[2024-05-10T23:28:21.449+0000] {logging_mixin.py:188} INFO - [2024-05-10T23:28:21.449+0000] {dagbag.py:540} INFO - Filling up the DagBag from /home/airflow/.local/lib/python3.12/site-packages/airflow/example_dags/example_task_group_decorator.py
[2024-05-10T23:28:21.468+0000] {processor.py:840} INFO - DAG(s) 'example_task_group_decorator' retrieved from /home/airflow/.local/lib/python3.12/site-packages/airflow/example_dags/example_task_group_decorator.py
[2024-05-10T23:28:21.499+0000] {logging_mixin.py:188} INFO - [2024-05-10T23:28:21.499+0000] {dag.py:3096} INFO - Sync 1 DAGs
[2024-05-10T23:28:21.525+0000] {logging_mixin.py:188} INFO - [2024-05-10T23:28:21.525+0000] {dag.py:3954} INFO - Setting next_dagrun for example_task_group_decorator to 2024-05-09 00:00:00+00:00, run_after=2024-05-10 00:00:00+00:00
[2024-05-10T23:28:21.548+0000] {processor.py:183} INFO - Processing /home/airflow/.local/lib/python3.12/site-packages/airflow/example_dags/example_task_group_decorator.py took 0.107 seconds
[2024-05-10T23:28:52.002+0000] {processor.py:161} INFO - Started process (PID=252) to work on /home/airflow/.local/lib/python3.12/site-packages/airflow/example_dags/example_task_group_decorator.py
[2024-05-10T23:28:52.003+0000] {processor.py:830} INFO - Processing file /home/airflow/.local/lib/python3.12/site-packages/airflow/example_dags/example_task_group_decorator.py for tasks to queue
[2024-05-10T23:28:52.005+0000] {logging_mixin.py:188} INFO - [2024-05-10T23:28:52.004+0000] {dagbag.py:540} INFO - Filling up the DagBag from /home/airflow/.local/lib/python3.12/site-packages/airflow/example_dags/example_task_group_decorator.py
[2024-05-10T23:28:52.018+0000] {processor.py:840} INFO - DAG(s) 'example_task_group_decorator' retrieved from /home/airflow/.local/lib/python3.12/site-packages/airflow/example_dags/example_task_group_decorator.py
[2024-05-10T23:28:52.045+0000] {logging_mixin.py:188} INFO - [2024-05-10T23:28:52.045+0000] {dag.py:3096} INFO - Sync 1 DAGs
[2024-05-10T23:28:52.074+0000] {logging_mixin.py:188} INFO - [2024-05-10T23:28:52.073+0000] {dag.py:3954} INFO - Setting next_dagrun for example_task_group_decorator to 2024-05-09 00:00:00+00:00, run_after=2024-05-10 00:00:00+00:00
[2024-05-10T23:28:52.095+0000] {processor.py:183} INFO - Processing /home/airflow/.local/lib/python3.12/site-packages/airflow/example_dags/example_task_group_decorator.py took 0.099 seconds
[2024-05-10T23:29:23.029+0000] {processor.py:161} INFO - Started process (PID=311) to work on /home/airflow/.local/lib/python3.12/site-packages/airflow/example_dags/example_task_group_decorator.py
[2024-05-10T23:29:23.031+0000] {processor.py:830} INFO - Processing file /home/airflow/.local/lib/python3.12/site-packages/airflow/example_dags/example_task_group_decorator.py for tasks to queue
[2024-05-10T23:29:23.033+0000] {logging_mixin.py:188} INFO - [2024-05-10T23:29:23.033+0000] {dagbag.py:540} INFO - Filling up the DagBag from /home/airflow/.local/lib/python3.12/site-packages/airflow/example_dags/example_task_group_decorator.py
[2024-05-10T23:29:23.050+0000] {processor.py:840} INFO - DAG(s) 'example_task_group_decorator' retrieved from /home/airflow/.local/lib/python3.12/site-packages/airflow/example_dags/example_task_group_decorator.py
[2024-05-10T23:29:23.077+0000] {logging_mixin.py:188} INFO - [2024-05-10T23:29:23.076+0000] {dag.py:3096} INFO - Sync 1 DAGs
[2024-05-10T23:29:23.106+0000] {logging_mixin.py:188} INFO - [2024-05-10T23:29:23.105+0000] {dag.py:3954} INFO - Setting next_dagrun for example_task_group_decorator to 2024-05-09 00:00:00+00:00, run_after=2024-05-10 00:00:00+00:00
[2024-05-10T23:29:23.131+0000] {processor.py:183} INFO - Processing /home/airflow/.local/lib/python3.12/site-packages/airflow/example_dags/example_task_group_decorator.py took 0.107 seconds
[2024-05-10T23:29:53.165+0000] {processor.py:161} INFO - Started process (PID=369) to work on /home/airflow/.local/lib/python3.12/site-packages/airflow/example_dags/example_task_group_decorator.py
[2024-05-10T23:29:53.166+0000] {processor.py:830} INFO - Processing file /home/airflow/.local/lib/python3.12/site-packages/airflow/example_dags/example_task_group_decorator.py for tasks to queue
[2024-05-10T23:29:53.168+0000] {logging_mixin.py:188} INFO - [2024-05-10T23:29:53.168+0000] {dagbag.py:540} INFO - Filling up the DagBag from /home/airflow/.local/lib/python3.12/site-packages/airflow/example_dags/example_task_group_decorator.py
[2024-05-10T23:29:53.184+0000] {processor.py:840} INFO - DAG(s) 'example_task_group_decorator' retrieved from /home/airflow/.local/lib/python3.12/site-packages/airflow/example_dags/example_task_group_decorator.py
[2024-05-10T23:29:53.209+0000] {logging_mixin.py:188} INFO - [2024-05-10T23:29:53.208+0000] {dag.py:3096} INFO - Sync 1 DAGs
[2024-05-10T23:29:53.232+0000] {logging_mixin.py:188} INFO - [2024-05-10T23:29:53.232+0000] {dag.py:3954} INFO - Setting next_dagrun for example_task_group_decorator to 2024-05-09 00:00:00+00:00, run_after=2024-05-10 00:00:00+00:00
[2024-05-10T23:29:53.251+0000] {processor.py:183} INFO - Processing /home/airflow/.local/lib/python3.12/site-packages/airflow/example_dags/example_task_group_decorator.py took 0.092 seconds
[2024-05-10T23:30:23.473+0000] {processor.py:161} INFO - Started process (PID=428) to work on /home/airflow/.local/lib/python3.12/site-packages/airflow/example_dags/example_task_group_decorator.py
[2024-05-10T23:30:23.474+0000] {processor.py:830} INFO - Processing file /home/airflow/.local/lib/python3.12/site-packages/airflow/example_dags/example_task_group_decorator.py for tasks to queue
[2024-05-10T23:30:23.476+0000] {logging_mixin.py:188} INFO - [2024-05-10T23:30:23.476+0000] {dagbag.py:540} INFO - Filling up the DagBag from /home/airflow/.local/lib/python3.12/site-packages/airflow/example_dags/example_task_group_decorator.py
[2024-05-10T23:30:23.493+0000] {processor.py:840} INFO - DAG(s) 'example_task_group_decorator' retrieved from /home/airflow/.local/lib/python3.12/site-packages/airflow/example_dags/example_task_group_decorator.py
[2024-05-10T23:30:23.533+0000] {logging_mixin.py:188} INFO - [2024-05-10T23:30:23.533+0000] {dag.py:3096} INFO - Sync 1 DAGs
[2024-05-10T23:30:23.567+0000] {logging_mixin.py:188} INFO - [2024-05-10T23:30:23.566+0000] {dag.py:3954} INFO - Setting next_dagrun for example_task_group_decorator to 2024-05-09 00:00:00+00:00, run_after=2024-05-10 00:00:00+00:00
[2024-05-10T23:30:23.595+0000] {processor.py:183} INFO - Processing /home/airflow/.local/lib/python3.12/site-packages/airflow/example_dags/example_task_group_decorator.py took 0.129 seconds
[2024-05-10T23:30:54.219+0000] {processor.py:161} INFO - Started process (PID=487) to work on /home/airflow/.local/lib/python3.12/site-packages/airflow/example_dags/example_task_group_decorator.py
[2024-05-10T23:30:54.220+0000] {processor.py:830} INFO - Processing file /home/airflow/.local/lib/python3.12/site-packages/airflow/example_dags/example_task_group_decorator.py for tasks to queue
[2024-05-10T23:30:54.222+0000] {logging_mixin.py:188} INFO - [2024-05-10T23:30:54.221+0000] {dagbag.py:540} INFO - Filling up the DagBag from /home/airflow/.local/lib/python3.12/site-packages/airflow/example_dags/example_task_group_decorator.py
[2024-05-10T23:30:54.239+0000] {processor.py:840} INFO - DAG(s) 'example_task_group_decorator' retrieved from /home/airflow/.local/lib/python3.12/site-packages/airflow/example_dags/example_task_group_decorator.py
[2024-05-10T23:30:54.269+0000] {logging_mixin.py:188} INFO - [2024-05-10T23:30:54.269+0000] {dag.py:3096} INFO - Sync 1 DAGs
[2024-05-10T23:30:54.297+0000] {logging_mixin.py:188} INFO - [2024-05-10T23:30:54.297+0000] {dag.py:3954} INFO - Setting next_dagrun for example_task_group_decorator to 2024-05-09 00:00:00+00:00, run_after=2024-05-10 00:00:00+00:00
[2024-05-10T23:30:54.330+0000] {processor.py:183} INFO - Processing /home/airflow/.local/lib/python3.12/site-packages/airflow/example_dags/example_task_group_decorator.py took 0.117 seconds
[2024-05-10T23:31:24.627+0000] {processor.py:161} INFO - Started process (PID=546) to work on /home/airflow/.local/lib/python3.12/site-packages/airflow/example_dags/example_task_group_decorator.py
[2024-05-10T23:31:24.628+0000] {processor.py:830} INFO - Processing file /home/airflow/.local/lib/python3.12/site-packages/airflow/example_dags/example_task_group_decorator.py for tasks to queue
[2024-05-10T23:31:24.630+0000] {logging_mixin.py:188} INFO - [2024-05-10T23:31:24.629+0000] {dagbag.py:540} INFO - Filling up the DagBag from /home/airflow/.local/lib/python3.12/site-packages/airflow/example_dags/example_task_group_decorator.py
[2024-05-10T23:31:24.647+0000] {processor.py:840} INFO - DAG(s) 'example_task_group_decorator' retrieved from /home/airflow/.local/lib/python3.12/site-packages/airflow/example_dags/example_task_group_decorator.py
[2024-05-10T23:31:24.679+0000] {logging_mixin.py:188} INFO - [2024-05-10T23:31:24.678+0000] {dag.py:3096} INFO - Sync 1 DAGs
[2024-05-10T23:31:24.708+0000] {logging_mixin.py:188} INFO - [2024-05-10T23:31:24.708+0000] {dag.py:3954} INFO - Setting next_dagrun for example_task_group_decorator to 2024-05-09 00:00:00+00:00, run_after=2024-05-10 00:00:00+00:00
[2024-05-10T23:31:24.732+0000] {processor.py:183} INFO - Processing /home/airflow/.local/lib/python3.12/site-packages/airflow/example_dags/example_task_group_decorator.py took 0.113 seconds
[2024-05-10T23:31:55.302+0000] {processor.py:161} INFO - Started process (PID=605) to work on /home/airflow/.local/lib/python3.12/site-packages/airflow/example_dags/example_task_group_decorator.py
[2024-05-10T23:31:55.303+0000] {processor.py:830} INFO - Processing file /home/airflow/.local/lib/python3.12/site-packages/airflow/example_dags/example_task_group_decorator.py for tasks to queue
[2024-05-10T23:31:55.305+0000] {logging_mixin.py:188} INFO - [2024-05-10T23:31:55.304+0000] {dagbag.py:540} INFO - Filling up the DagBag from /home/airflow/.local/lib/python3.12/site-packages/airflow/example_dags/example_task_group_decorator.py
[2024-05-10T23:31:55.326+0000] {processor.py:840} INFO - DAG(s) 'example_task_group_decorator' retrieved from /home/airflow/.local/lib/python3.12/site-packages/airflow/example_dags/example_task_group_decorator.py
[2024-05-10T23:31:55.358+0000] {logging_mixin.py:188} INFO - [2024-05-10T23:31:55.358+0000] {dag.py:3096} INFO - Sync 1 DAGs
[2024-05-10T23:31:55.397+0000] {logging_mixin.py:188} INFO - [2024-05-10T23:31:55.396+0000] {dag.py:3954} INFO - Setting next_dagrun for example_task_group_decorator to 2024-05-09 00:00:00+00:00, run_after=2024-05-10 00:00:00+00:00
[2024-05-10T23:31:55.428+0000] {processor.py:183} INFO - Processing /home/airflow/.local/lib/python3.12/site-packages/airflow/example_dags/example_task_group_decorator.py took 0.132 seconds
[2024-05-10T23:32:25.962+0000] {processor.py:161} INFO - Started process (PID=664) to work on /home/airflow/.local/lib/python3.12/site-packages/airflow/example_dags/example_task_group_decorator.py
[2024-05-10T23:32:25.963+0000] {processor.py:830} INFO - Processing file /home/airflow/.local/lib/python3.12/site-packages/airflow/example_dags/example_task_group_decorator.py for tasks to queue
[2024-05-10T23:32:25.964+0000] {logging_mixin.py:188} INFO - [2024-05-10T23:32:25.964+0000] {dagbag.py:540} INFO - Filling up the DagBag from /home/airflow/.local/lib/python3.12/site-packages/airflow/example_dags/example_task_group_decorator.py
[2024-05-10T23:32:25.978+0000] {processor.py:840} INFO - DAG(s) 'example_task_group_decorator' retrieved from /home/airflow/.local/lib/python3.12/site-packages/airflow/example_dags/example_task_group_decorator.py
[2024-05-10T23:32:26.010+0000] {logging_mixin.py:188} INFO - [2024-05-10T23:32:26.009+0000] {dag.py:3096} INFO - Sync 1 DAGs
[2024-05-10T23:32:26.040+0000] {logging_mixin.py:188} INFO - [2024-05-10T23:32:26.040+0000] {dag.py:3954} INFO - Setting next_dagrun for example_task_group_decorator to 2024-05-09 00:00:00+00:00, run_after=2024-05-10 00:00:00+00:00
[2024-05-10T23:32:26.062+0000] {processor.py:183} INFO - Processing /home/airflow/.local/lib/python3.12/site-packages/airflow/example_dags/example_task_group_decorator.py took 0.106 seconds
[2024-05-10T23:32:56.474+0000] {processor.py:161} INFO - Started process (PID=723) to work on /home/airflow/.local/lib/python3.12/site-packages/airflow/example_dags/example_task_group_decorator.py
[2024-05-10T23:32:56.476+0000] {processor.py:830} INFO - Processing file /home/airflow/.local/lib/python3.12/site-packages/airflow/example_dags/example_task_group_decorator.py for tasks to queue
[2024-05-10T23:32:56.478+0000] {logging_mixin.py:188} INFO - [2024-05-10T23:32:56.477+0000] {dagbag.py:540} INFO - Filling up the DagBag from /home/airflow/.local/lib/python3.12/site-packages/airflow/example_dags/example_task_group_decorator.py
[2024-05-10T23:32:56.493+0000] {processor.py:840} INFO - DAG(s) 'example_task_group_decorator' retrieved from /home/airflow/.local/lib/python3.12/site-packages/airflow/example_dags/example_task_group_decorator.py
[2024-05-10T23:32:56.520+0000] {logging_mixin.py:188} INFO - [2024-05-10T23:32:56.520+0000] {dag.py:3096} INFO - Sync 1 DAGs
[2024-05-10T23:32:56.545+0000] {logging_mixin.py:188} INFO - [2024-05-10T23:32:56.545+0000] {dag.py:3954} INFO - Setting next_dagrun for example_task_group_decorator to 2024-05-09 00:00:00+00:00, run_after=2024-05-10 00:00:00+00:00
[2024-05-10T23:32:56.565+0000] {processor.py:183} INFO - Processing /home/airflow/.local/lib/python3.12/site-packages/airflow/example_dags/example_task_group_decorator.py took 0.098 seconds
[2024-05-10T23:33:27.180+0000] {processor.py:161} INFO - Started process (PID=782) to work on /home/airflow/.local/lib/python3.12/site-packages/airflow/example_dags/example_task_group_decorator.py
[2024-05-10T23:33:27.181+0000] {processor.py:830} INFO - Processing file /home/airflow/.local/lib/python3.12/site-packages/airflow/example_dags/example_task_group_decorator.py for tasks to queue
[2024-05-10T23:33:27.183+0000] {logging_mixin.py:188} INFO - [2024-05-10T23:33:27.182+0000] {dagbag.py:540} INFO - Filling up the DagBag from /home/airflow/.local/lib/python3.12/site-packages/airflow/example_dags/example_task_group_decorator.py
[2024-05-10T23:33:27.198+0000] {processor.py:840} INFO - DAG(s) 'example_task_group_decorator' retrieved from /home/airflow/.local/lib/python3.12/site-packages/airflow/example_dags/example_task_group_decorator.py
[2024-05-10T23:33:27.228+0000] {logging_mixin.py:188} INFO - [2024-05-10T23:33:27.228+0000] {dag.py:3096} INFO - Sync 1 DAGs
[2024-05-10T23:33:27.258+0000] {logging_mixin.py:188} INFO - [2024-05-10T23:33:27.257+0000] {dag.py:3954} INFO - Setting next_dagrun for example_task_group_decorator to 2024-05-09 00:00:00+00:00, run_after=2024-05-10 00:00:00+00:00
[2024-05-10T23:33:27.292+0000] {processor.py:183} INFO - Processing /home/airflow/.local/lib/python3.12/site-packages/airflow/example_dags/example_task_group_decorator.py took 0.117 seconds
[2024-05-10T23:33:57.348+0000] {processor.py:161} INFO - Started process (PID=841) to work on /home/airflow/.local/lib/python3.12/site-packages/airflow/example_dags/example_task_group_decorator.py
[2024-05-10T23:33:57.350+0000] {processor.py:830} INFO - Processing file /home/airflow/.local/lib/python3.12/site-packages/airflow/example_dags/example_task_group_decorator.py for tasks to queue
[2024-05-10T23:33:57.352+0000] {logging_mixin.py:188} INFO - [2024-05-10T23:33:57.351+0000] {dagbag.py:540} INFO - Filling up the DagBag from /home/airflow/.local/lib/python3.12/site-packages/airflow/example_dags/example_task_group_decorator.py
[2024-05-10T23:33:57.370+0000] {processor.py:840} INFO - DAG(s) 'example_task_group_decorator' retrieved from /home/airflow/.local/lib/python3.12/site-packages/airflow/example_dags/example_task_group_decorator.py
[2024-05-10T23:33:57.403+0000] {logging_mixin.py:188} INFO - [2024-05-10T23:33:57.402+0000] {dag.py:3096} INFO - Sync 1 DAGs
[2024-05-10T23:33:57.430+0000] {logging_mixin.py:188} INFO - [2024-05-10T23:33:57.430+0000] {dag.py:3954} INFO - Setting next_dagrun for example_task_group_decorator to 2024-05-09 00:00:00+00:00, run_after=2024-05-10 00:00:00+00:00
[2024-05-10T23:33:57.455+0000] {processor.py:183} INFO - Processing /home/airflow/.local/lib/python3.12/site-packages/airflow/example_dags/example_task_group_decorator.py took 0.111 seconds
[2024-05-10T23:34:28.282+0000] {processor.py:161} INFO - Started process (PID=900) to work on /home/airflow/.local/lib/python3.12/site-packages/airflow/example_dags/example_task_group_decorator.py
[2024-05-10T23:34:28.283+0000] {processor.py:830} INFO - Processing file /home/airflow/.local/lib/python3.12/site-packages/airflow/example_dags/example_task_group_decorator.py for tasks to queue
[2024-05-10T23:34:28.285+0000] {logging_mixin.py:188} INFO - [2024-05-10T23:34:28.285+0000] {dagbag.py:540} INFO - Filling up the DagBag from /home/airflow/.local/lib/python3.12/site-packages/airflow/example_dags/example_task_group_decorator.py
[2024-05-10T23:34:28.303+0000] {processor.py:840} INFO - DAG(s) 'example_task_group_decorator' retrieved from /home/airflow/.local/lib/python3.12/site-packages/airflow/example_dags/example_task_group_decorator.py
[2024-05-10T23:34:28.337+0000] {logging_mixin.py:188} INFO - [2024-05-10T23:34:28.336+0000] {dag.py:3096} INFO - Sync 1 DAGs
[2024-05-10T23:34:28.369+0000] {logging_mixin.py:188} INFO - [2024-05-10T23:34:28.369+0000] {dag.py:3954} INFO - Setting next_dagrun for example_task_group_decorator to 2024-05-09 00:00:00+00:00, run_after=2024-05-10 00:00:00+00:00
[2024-05-10T23:34:28.564+0000] {processor.py:183} INFO - Processing /home/airflow/.local/lib/python3.12/site-packages/airflow/example_dags/example_task_group_decorator.py took 0.288 seconds
[2024-05-10T23:34:58.685+0000] {processor.py:161} INFO - Started process (PID=959) to work on /home/airflow/.local/lib/python3.12/site-packages/airflow/example_dags/example_task_group_decorator.py
[2024-05-10T23:34:58.686+0000] {processor.py:830} INFO - Processing file /home/airflow/.local/lib/python3.12/site-packages/airflow/example_dags/example_task_group_decorator.py for tasks to queue
[2024-05-10T23:34:58.688+0000] {logging_mixin.py:188} INFO - [2024-05-10T23:34:58.688+0000] {dagbag.py:540} INFO - Filling up the DagBag from /home/airflow/.local/lib/python3.12/site-packages/airflow/example_dags/example_task_group_decorator.py
[2024-05-10T23:34:58.704+0000] {processor.py:840} INFO - DAG(s) 'example_task_group_decorator' retrieved from /home/airflow/.local/lib/python3.12/site-packages/airflow/example_dags/example_task_group_decorator.py
[2024-05-10T23:34:58.735+0000] {logging_mixin.py:188} INFO - [2024-05-10T23:34:58.735+0000] {dag.py:3096} INFO - Sync 1 DAGs
[2024-05-10T23:34:58.760+0000] {logging_mixin.py:188} INFO - [2024-05-10T23:34:58.760+0000] {dag.py:3954} INFO - Setting next_dagrun for example_task_group_decorator to 2024-05-09 00:00:00+00:00, run_after=2024-05-10 00:00:00+00:00
[2024-05-10T23:34:58.914+0000] {processor.py:183} INFO - Processing /home/airflow/.local/lib/python3.12/site-packages/airflow/example_dags/example_task_group_decorator.py took 0.235 seconds
[2024-05-10T23:35:29.090+0000] {processor.py:161} INFO - Started process (PID=1018) to work on /home/airflow/.local/lib/python3.12/site-packages/airflow/example_dags/example_task_group_decorator.py
[2024-05-10T23:35:29.091+0000] {processor.py:830} INFO - Processing file /home/airflow/.local/lib/python3.12/site-packages/airflow/example_dags/example_task_group_decorator.py for tasks to queue
[2024-05-10T23:35:29.092+0000] {logging_mixin.py:188} INFO - [2024-05-10T23:35:29.092+0000] {dagbag.py:540} INFO - Filling up the DagBag from /home/airflow/.local/lib/python3.12/site-packages/airflow/example_dags/example_task_group_decorator.py
[2024-05-10T23:35:29.112+0000] {processor.py:840} INFO - DAG(s) 'example_task_group_decorator' retrieved from /home/airflow/.local/lib/python3.12/site-packages/airflow/example_dags/example_task_group_decorator.py
[2024-05-10T23:35:29.141+0000] {logging_mixin.py:188} INFO - [2024-05-10T23:35:29.141+0000] {dag.py:3096} INFO - Sync 1 DAGs
[2024-05-10T23:35:29.164+0000] {logging_mixin.py:188} INFO - [2024-05-10T23:35:29.164+0000] {dag.py:3954} INFO - Setting next_dagrun for example_task_group_decorator to 2024-05-09 00:00:00+00:00, run_after=2024-05-10 00:00:00+00:00
[2024-05-10T23:35:29.188+0000] {processor.py:183} INFO - Processing /home/airflow/.local/lib/python3.12/site-packages/airflow/example_dags/example_task_group_decorator.py took 0.104 seconds
[2024-05-10T23:35:59.347+0000] {processor.py:161} INFO - Started process (PID=1077) to work on /home/airflow/.local/lib/python3.12/site-packages/airflow/example_dags/example_task_group_decorator.py
[2024-05-10T23:35:59.348+0000] {processor.py:830} INFO - Processing file /home/airflow/.local/lib/python3.12/site-packages/airflow/example_dags/example_task_group_decorator.py for tasks to queue
[2024-05-10T23:35:59.351+0000] {logging_mixin.py:188} INFO - [2024-05-10T23:35:59.350+0000] {dagbag.py:540} INFO - Filling up the DagBag from /home/airflow/.local/lib/python3.12/site-packages/airflow/example_dags/example_task_group_decorator.py
[2024-05-10T23:35:59.368+0000] {processor.py:840} INFO - DAG(s) 'example_task_group_decorator' retrieved from /home/airflow/.local/lib/python3.12/site-packages/airflow/example_dags/example_task_group_decorator.py
[2024-05-10T23:35:59.394+0000] {logging_mixin.py:188} INFO - [2024-05-10T23:35:59.394+0000] {dag.py:3096} INFO - Sync 1 DAGs
[2024-05-10T23:35:59.423+0000] {logging_mixin.py:188} INFO - [2024-05-10T23:35:59.423+0000] {dag.py:3954} INFO - Setting next_dagrun for example_task_group_decorator to 2024-05-09 00:00:00+00:00, run_after=2024-05-10 00:00:00+00:00
[2024-05-10T23:35:59.445+0000] {processor.py:183} INFO - Processing /home/airflow/.local/lib/python3.12/site-packages/airflow/example_dags/example_task_group_decorator.py took 0.104 seconds
[2024-05-10T23:36:29.534+0000] {processor.py:161} INFO - Started process (PID=1136) to work on /home/airflow/.local/lib/python3.12/site-packages/airflow/example_dags/example_task_group_decorator.py
[2024-05-10T23:36:29.535+0000] {processor.py:830} INFO - Processing file /home/airflow/.local/lib/python3.12/site-packages/airflow/example_dags/example_task_group_decorator.py for tasks to queue
[2024-05-10T23:36:29.537+0000] {logging_mixin.py:188} INFO - [2024-05-10T23:36:29.536+0000] {dagbag.py:540} INFO - Filling up the DagBag from /home/airflow/.local/lib/python3.12/site-packages/airflow/example_dags/example_task_group_decorator.py
[2024-05-10T23:36:29.683+0000] {processor.py:840} INFO - DAG(s) 'example_task_group_decorator' retrieved from /home/airflow/.local/lib/python3.12/site-packages/airflow/example_dags/example_task_group_decorator.py
[2024-05-10T23:36:29.708+0000] {logging_mixin.py:188} INFO - [2024-05-10T23:36:29.708+0000] {dag.py:3096} INFO - Sync 1 DAGs
[2024-05-10T23:36:29.731+0000] {logging_mixin.py:188} INFO - [2024-05-10T23:36:29.730+0000] {dag.py:3954} INFO - Setting next_dagrun for example_task_group_decorator to 2024-05-09 00:00:00+00:00, run_after=2024-05-10 00:00:00+00:00
[2024-05-10T23:36:29.755+0000] {processor.py:183} INFO - Processing /home/airflow/.local/lib/python3.12/site-packages/airflow/example_dags/example_task_group_decorator.py took 0.227 seconds
[2024-05-10T23:37:00.730+0000] {processor.py:161} INFO - Started process (PID=1195) to work on /home/airflow/.local/lib/python3.12/site-packages/airflow/example_dags/example_task_group_decorator.py
[2024-05-10T23:37:00.731+0000] {processor.py:830} INFO - Processing file /home/airflow/.local/lib/python3.12/site-packages/airflow/example_dags/example_task_group_decorator.py for tasks to queue
[2024-05-10T23:37:00.733+0000] {logging_mixin.py:188} INFO - [2024-05-10T23:37:00.732+0000] {dagbag.py:540} INFO - Filling up the DagBag from /home/airflow/.local/lib/python3.12/site-packages/airflow/example_dags/example_task_group_decorator.py
[2024-05-10T23:37:00.749+0000] {processor.py:840} INFO - DAG(s) 'example_task_group_decorator' retrieved from /home/airflow/.local/lib/python3.12/site-packages/airflow/example_dags/example_task_group_decorator.py
[2024-05-10T23:37:00.779+0000] {logging_mixin.py:188} INFO - [2024-05-10T23:37:00.779+0000] {dag.py:3096} INFO - Sync 1 DAGs
[2024-05-10T23:37:00.804+0000] {logging_mixin.py:188} INFO - [2024-05-10T23:37:00.804+0000] {dag.py:3954} INFO - Setting next_dagrun for example_task_group_decorator to 2024-05-09 00:00:00+00:00, run_after=2024-05-10 00:00:00+00:00
[2024-05-10T23:37:00.826+0000] {processor.py:183} INFO - Processing /home/airflow/.local/lib/python3.12/site-packages/airflow/example_dags/example_task_group_decorator.py took 0.102 seconds
[2024-05-10T23:37:30.873+0000] {processor.py:161} INFO - Started process (PID=1254) to work on /home/airflow/.local/lib/python3.12/site-packages/airflow/example_dags/example_task_group_decorator.py
[2024-05-10T23:37:30.874+0000] {processor.py:830} INFO - Processing file /home/airflow/.local/lib/python3.12/site-packages/airflow/example_dags/example_task_group_decorator.py for tasks to queue
[2024-05-10T23:37:30.876+0000] {logging_mixin.py:188} INFO - [2024-05-10T23:37:30.876+0000] {dagbag.py:540} INFO - Filling up the DagBag from /home/airflow/.local/lib/python3.12/site-packages/airflow/example_dags/example_task_group_decorator.py
[2024-05-10T23:37:30.891+0000] {processor.py:840} INFO - DAG(s) 'example_task_group_decorator' retrieved from /home/airflow/.local/lib/python3.12/site-packages/airflow/example_dags/example_task_group_decorator.py
[2024-05-10T23:37:30.917+0000] {logging_mixin.py:188} INFO - [2024-05-10T23:37:30.916+0000] {dag.py:3096} INFO - Sync 1 DAGs
[2024-05-10T23:37:30.941+0000] {logging_mixin.py:188} INFO - [2024-05-10T23:37:30.941+0000] {dag.py:3954} INFO - Setting next_dagrun for example_task_group_decorator to 2024-05-09 00:00:00+00:00, run_after=2024-05-10 00:00:00+00:00
[2024-05-10T23:37:30.964+0000] {processor.py:183} INFO - Processing /home/airflow/.local/lib/python3.12/site-packages/airflow/example_dags/example_task_group_decorator.py took 0.097 seconds
[2024-05-10T23:38:01.854+0000] {processor.py:161} INFO - Started process (PID=1313) to work on /home/airflow/.local/lib/python3.12/site-packages/airflow/example_dags/example_task_group_decorator.py
[2024-05-10T23:38:01.856+0000] {processor.py:830} INFO - Processing file /home/airflow/.local/lib/python3.12/site-packages/airflow/example_dags/example_task_group_decorator.py for tasks to queue
[2024-05-10T23:38:01.858+0000] {logging_mixin.py:188} INFO - [2024-05-10T23:38:01.857+0000] {dagbag.py:540} INFO - Filling up the DagBag from /home/airflow/.local/lib/python3.12/site-packages/airflow/example_dags/example_task_group_decorator.py
[2024-05-10T23:38:01.873+0000] {processor.py:840} INFO - DAG(s) 'example_task_group_decorator' retrieved from /home/airflow/.local/lib/python3.12/site-packages/airflow/example_dags/example_task_group_decorator.py
[2024-05-10T23:38:01.902+0000] {logging_mixin.py:188} INFO - [2024-05-10T23:38:01.901+0000] {dag.py:3096} INFO - Sync 1 DAGs
[2024-05-10T23:38:01.926+0000] {logging_mixin.py:188} INFO - [2024-05-10T23:38:01.926+0000] {dag.py:3954} INFO - Setting next_dagrun for example_task_group_decorator to 2024-05-09 00:00:00+00:00, run_after=2024-05-10 00:00:00+00:00
[2024-05-10T23:38:01.951+0000] {processor.py:183} INFO - Processing /home/airflow/.local/lib/python3.12/site-packages/airflow/example_dags/example_task_group_decorator.py took 0.102 seconds
[2024-05-10T23:38:32.474+0000] {processor.py:161} INFO - Started process (PID=1372) to work on /home/airflow/.local/lib/python3.12/site-packages/airflow/example_dags/example_task_group_decorator.py
[2024-05-10T23:38:32.476+0000] {processor.py:830} INFO - Processing file /home/airflow/.local/lib/python3.12/site-packages/airflow/example_dags/example_task_group_decorator.py for tasks to queue
[2024-05-10T23:38:32.477+0000] {logging_mixin.py:188} INFO - [2024-05-10T23:38:32.477+0000] {dagbag.py:540} INFO - Filling up the DagBag from /home/airflow/.local/lib/python3.12/site-packages/airflow/example_dags/example_task_group_decorator.py
[2024-05-10T23:38:32.493+0000] {processor.py:840} INFO - DAG(s) 'example_task_group_decorator' retrieved from /home/airflow/.local/lib/python3.12/site-packages/airflow/example_dags/example_task_group_decorator.py
[2024-05-10T23:38:32.519+0000] {logging_mixin.py:188} INFO - [2024-05-10T23:38:32.519+0000] {dag.py:3096} INFO - Sync 1 DAGs
[2024-05-10T23:38:32.541+0000] {logging_mixin.py:188} INFO - [2024-05-10T23:38:32.541+0000] {dag.py:3954} INFO - Setting next_dagrun for example_task_group_decorator to 2024-05-09 00:00:00+00:00, run_after=2024-05-10 00:00:00+00:00
[2024-05-10T23:38:32.563+0000] {processor.py:183} INFO - Processing /home/airflow/.local/lib/python3.12/site-packages/airflow/example_dags/example_task_group_decorator.py took 0.094 seconds
[2024-05-10T23:39:03.268+0000] {processor.py:161} INFO - Started process (PID=1431) to work on /home/airflow/.local/lib/python3.12/site-packages/airflow/example_dags/example_task_group_decorator.py
[2024-05-10T23:39:03.269+0000] {processor.py:830} INFO - Processing file /home/airflow/.local/lib/python3.12/site-packages/airflow/example_dags/example_task_group_decorator.py for tasks to queue
[2024-05-10T23:39:03.272+0000] {logging_mixin.py:188} INFO - [2024-05-10T23:39:03.271+0000] {dagbag.py:540} INFO - Filling up the DagBag from /home/airflow/.local/lib/python3.12/site-packages/airflow/example_dags/example_task_group_decorator.py
[2024-05-10T23:39:03.291+0000] {processor.py:840} INFO - DAG(s) 'example_task_group_decorator' retrieved from /home/airflow/.local/lib/python3.12/site-packages/airflow/example_dags/example_task_group_decorator.py
[2024-05-10T23:39:03.320+0000] {logging_mixin.py:188} INFO - [2024-05-10T23:39:03.319+0000] {dag.py:3096} INFO - Sync 1 DAGs
[2024-05-10T23:39:03.348+0000] {logging_mixin.py:188} INFO - [2024-05-10T23:39:03.348+0000] {dag.py:3954} INFO - Setting next_dagrun for example_task_group_decorator to 2024-05-09 00:00:00+00:00, run_after=2024-05-10 00:00:00+00:00
[2024-05-10T23:39:03.375+0000] {processor.py:183} INFO - Processing /home/airflow/.local/lib/python3.12/site-packages/airflow/example_dags/example_task_group_decorator.py took 0.114 seconds
[2024-05-10T23:39:34.017+0000] {processor.py:161} INFO - Started process (PID=1490) to work on /home/airflow/.local/lib/python3.12/site-packages/airflow/example_dags/example_task_group_decorator.py
[2024-05-10T23:39:34.018+0000] {processor.py:830} INFO - Processing file /home/airflow/.local/lib/python3.12/site-packages/airflow/example_dags/example_task_group_decorator.py for tasks to queue
[2024-05-10T23:39:34.021+0000] {logging_mixin.py:188} INFO - [2024-05-10T23:39:34.021+0000] {dagbag.py:540} INFO - Filling up the DagBag from /home/airflow/.local/lib/python3.12/site-packages/airflow/example_dags/example_task_group_decorator.py
[2024-05-10T23:39:34.039+0000] {processor.py:840} INFO - DAG(s) 'example_task_group_decorator' retrieved from /home/airflow/.local/lib/python3.12/site-packages/airflow/example_dags/example_task_group_decorator.py
[2024-05-10T23:39:34.072+0000] {logging_mixin.py:188} INFO - [2024-05-10T23:39:34.072+0000] {dag.py:3096} INFO - Sync 1 DAGs
[2024-05-10T23:39:34.097+0000] {logging_mixin.py:188} INFO - [2024-05-10T23:39:34.097+0000] {dag.py:3954} INFO - Setting next_dagrun for example_task_group_decorator to 2024-05-09 00:00:00+00:00, run_after=2024-05-10 00:00:00+00:00
[2024-05-10T23:39:34.120+0000] {processor.py:183} INFO - Processing /home/airflow/.local/lib/python3.12/site-packages/airflow/example_dags/example_task_group_decorator.py took 0.108 seconds
[2024-05-10T23:40:04.768+0000] {processor.py:161} INFO - Started process (PID=1549) to work on /home/airflow/.local/lib/python3.12/site-packages/airflow/example_dags/example_task_group_decorator.py
[2024-05-10T23:40:04.770+0000] {processor.py:830} INFO - Processing file /home/airflow/.local/lib/python3.12/site-packages/airflow/example_dags/example_task_group_decorator.py for tasks to queue
[2024-05-10T23:40:04.772+0000] {logging_mixin.py:188} INFO - [2024-05-10T23:40:04.772+0000] {dagbag.py:540} INFO - Filling up the DagBag from /home/airflow/.local/lib/python3.12/site-packages/airflow/example_dags/example_task_group_decorator.py
[2024-05-10T23:40:04.794+0000] {processor.py:840} INFO - DAG(s) 'example_task_group_decorator' retrieved from /home/airflow/.local/lib/python3.12/site-packages/airflow/example_dags/example_task_group_decorator.py
[2024-05-10T23:40:04.827+0000] {logging_mixin.py:188} INFO - [2024-05-10T23:40:04.826+0000] {dag.py:3096} INFO - Sync 1 DAGs
[2024-05-10T23:40:04.853+0000] {logging_mixin.py:188} INFO - [2024-05-10T23:40:04.852+0000] {dag.py:3954} INFO - Setting next_dagrun for example_task_group_decorator to 2024-05-09 00:00:00+00:00, run_after=2024-05-10 00:00:00+00:00
[2024-05-10T23:40:04.881+0000] {processor.py:183} INFO - Processing /home/airflow/.local/lib/python3.12/site-packages/airflow/example_dags/example_task_group_decorator.py took 0.118 seconds
[2024-05-10T23:40:35.572+0000] {processor.py:161} INFO - Started process (PID=1608) to work on /home/airflow/.local/lib/python3.12/site-packages/airflow/example_dags/example_task_group_decorator.py
[2024-05-10T23:40:35.574+0000] {processor.py:830} INFO - Processing file /home/airflow/.local/lib/python3.12/site-packages/airflow/example_dags/example_task_group_decorator.py for tasks to queue
[2024-05-10T23:40:35.576+0000] {logging_mixin.py:188} INFO - [2024-05-10T23:40:35.575+0000] {dagbag.py:540} INFO - Filling up the DagBag from /home/airflow/.local/lib/python3.12/site-packages/airflow/example_dags/example_task_group_decorator.py
[2024-05-10T23:40:35.591+0000] {processor.py:840} INFO - DAG(s) 'example_task_group_decorator' retrieved from /home/airflow/.local/lib/python3.12/site-packages/airflow/example_dags/example_task_group_decorator.py
[2024-05-10T23:40:35.617+0000] {logging_mixin.py:188} INFO - [2024-05-10T23:40:35.617+0000] {dag.py:3096} INFO - Sync 1 DAGs
[2024-05-10T23:40:35.640+0000] {logging_mixin.py:188} INFO - [2024-05-10T23:40:35.640+0000] {dag.py:3954} INFO - Setting next_dagrun for example_task_group_decorator to 2024-05-09 00:00:00+00:00, run_after=2024-05-10 00:00:00+00:00
[2024-05-10T23:40:35.664+0000] {processor.py:183} INFO - Processing /home/airflow/.local/lib/python3.12/site-packages/airflow/example_dags/example_task_group_decorator.py took 0.098 seconds
