[2024-05-10T23:27:19.467+0000] {processor.py:161} INFO - Started process (PID=79) to work on /home/airflow/.local/lib/python3.12/site-packages/airflow/example_dags/example_short_circuit_operator.py
[2024-05-10T23:27:19.469+0000] {processor.py:830} INFO - Processing file /home/airflow/.local/lib/python3.12/site-packages/airflow/example_dags/example_short_circuit_operator.py for tasks to queue
[2024-05-10T23:27:19.471+0000] {logging_mixin.py:188} INFO - [2024-05-10T23:27:19.470+0000] {dagbag.py:540} INFO - Filling up the DagBag from /home/airflow/.local/lib/python3.12/site-packages/airflow/example_dags/example_short_circuit_operator.py
[2024-05-10T23:27:19.479+0000] {processor.py:840} INFO - DAG(s) 'example_short_circuit_operator' retrieved from /home/airflow/.local/lib/python3.12/site-packages/airflow/example_dags/example_short_circuit_operator.py
[2024-05-10T23:27:19.609+0000] {logging_mixin.py:188} INFO - [2024-05-10T23:27:19.609+0000] {dag.py:3096} INFO - Sync 1 DAGs
[2024-05-10T23:27:19.636+0000] {logging_mixin.py:188} INFO - [2024-05-10T23:27:19.636+0000] {dag.py:3954} INFO - Setting next_dagrun for example_short_circuit_operator to 2024-05-09 00:00:00+00:00, run_after=2024-05-10 00:00:00+00:00
[2024-05-10T23:27:19.664+0000] {processor.py:183} INFO - Processing /home/airflow/.local/lib/python3.12/site-packages/airflow/example_dags/example_short_circuit_operator.py took 0.202 seconds
[2024-05-10T23:27:49.816+0000] {processor.py:161} INFO - Started process (PID=138) to work on /home/airflow/.local/lib/python3.12/site-packages/airflow/example_dags/example_short_circuit_operator.py
[2024-05-10T23:27:49.817+0000] {processor.py:830} INFO - Processing file /home/airflow/.local/lib/python3.12/site-packages/airflow/example_dags/example_short_circuit_operator.py for tasks to queue
[2024-05-10T23:27:49.819+0000] {logging_mixin.py:188} INFO - [2024-05-10T23:27:49.819+0000] {dagbag.py:540} INFO - Filling up the DagBag from /home/airflow/.local/lib/python3.12/site-packages/airflow/example_dags/example_short_circuit_operator.py
[2024-05-10T23:27:49.826+0000] {processor.py:840} INFO - DAG(s) 'example_short_circuit_operator' retrieved from /home/airflow/.local/lib/python3.12/site-packages/airflow/example_dags/example_short_circuit_operator.py
[2024-05-10T23:27:49.849+0000] {logging_mixin.py:188} INFO - [2024-05-10T23:27:49.849+0000] {dag.py:3096} INFO - Sync 1 DAGs
[2024-05-10T23:27:49.875+0000] {logging_mixin.py:188} INFO - [2024-05-10T23:27:49.875+0000] {dag.py:3954} INFO - Setting next_dagrun for example_short_circuit_operator to 2024-05-09 00:00:00+00:00, run_after=2024-05-10 00:00:00+00:00
[2024-05-10T23:27:49.896+0000] {processor.py:183} INFO - Processing /home/airflow/.local/lib/python3.12/site-packages/airflow/example_dags/example_short_circuit_operator.py took 0.085 seconds
[2024-05-10T23:28:22.068+0000] {processor.py:161} INFO - Started process (PID=203) to work on /home/airflow/.local/lib/python3.12/site-packages/airflow/example_dags/example_short_circuit_operator.py
[2024-05-10T23:28:22.069+0000] {processor.py:830} INFO - Processing file /home/airflow/.local/lib/python3.12/site-packages/airflow/example_dags/example_short_circuit_operator.py for tasks to queue
[2024-05-10T23:28:22.071+0000] {logging_mixin.py:188} INFO - [2024-05-10T23:28:22.071+0000] {dagbag.py:540} INFO - Filling up the DagBag from /home/airflow/.local/lib/python3.12/site-packages/airflow/example_dags/example_short_circuit_operator.py
[2024-05-10T23:28:22.079+0000] {processor.py:840} INFO - DAG(s) 'example_short_circuit_operator' retrieved from /home/airflow/.local/lib/python3.12/site-packages/airflow/example_dags/example_short_circuit_operator.py
[2024-05-10T23:28:22.105+0000] {logging_mixin.py:188} INFO - [2024-05-10T23:28:22.105+0000] {dag.py:3096} INFO - Sync 1 DAGs
[2024-05-10T23:28:22.127+0000] {logging_mixin.py:188} INFO - [2024-05-10T23:28:22.127+0000] {dag.py:3954} INFO - Setting next_dagrun for example_short_circuit_operator to 2024-05-09 00:00:00+00:00, run_after=2024-05-10 00:00:00+00:00
[2024-05-10T23:28:22.150+0000] {processor.py:183} INFO - Processing /home/airflow/.local/lib/python3.12/site-packages/airflow/example_dags/example_short_circuit_operator.py took 0.087 seconds
[2024-05-10T23:28:52.552+0000] {processor.py:161} INFO - Started process (PID=262) to work on /home/airflow/.local/lib/python3.12/site-packages/airflow/example_dags/example_short_circuit_operator.py
[2024-05-10T23:28:52.553+0000] {processor.py:830} INFO - Processing file /home/airflow/.local/lib/python3.12/site-packages/airflow/example_dags/example_short_circuit_operator.py for tasks to queue
[2024-05-10T23:28:52.555+0000] {logging_mixin.py:188} INFO - [2024-05-10T23:28:52.554+0000] {dagbag.py:540} INFO - Filling up the DagBag from /home/airflow/.local/lib/python3.12/site-packages/airflow/example_dags/example_short_circuit_operator.py
[2024-05-10T23:28:52.562+0000] {processor.py:840} INFO - DAG(s) 'example_short_circuit_operator' retrieved from /home/airflow/.local/lib/python3.12/site-packages/airflow/example_dags/example_short_circuit_operator.py
[2024-05-10T23:28:52.587+0000] {logging_mixin.py:188} INFO - [2024-05-10T23:28:52.587+0000] {dag.py:3096} INFO - Sync 1 DAGs
[2024-05-10T23:28:52.619+0000] {logging_mixin.py:188} INFO - [2024-05-10T23:28:52.619+0000] {dag.py:3954} INFO - Setting next_dagrun for example_short_circuit_operator to 2024-05-09 00:00:00+00:00, run_after=2024-05-10 00:00:00+00:00
[2024-05-10T23:28:52.647+0000] {processor.py:183} INFO - Processing /home/airflow/.local/lib/python3.12/site-packages/airflow/example_dags/example_short_circuit_operator.py took 0.101 seconds
[2024-05-10T23:29:23.784+0000] {processor.py:161} INFO - Started process (PID=321) to work on /home/airflow/.local/lib/python3.12/site-packages/airflow/example_dags/example_short_circuit_operator.py
[2024-05-10T23:29:23.785+0000] {processor.py:830} INFO - Processing file /home/airflow/.local/lib/python3.12/site-packages/airflow/example_dags/example_short_circuit_operator.py for tasks to queue
[2024-05-10T23:29:23.787+0000] {logging_mixin.py:188} INFO - [2024-05-10T23:29:23.786+0000] {dagbag.py:540} INFO - Filling up the DagBag from /home/airflow/.local/lib/python3.12/site-packages/airflow/example_dags/example_short_circuit_operator.py
[2024-05-10T23:29:23.794+0000] {processor.py:840} INFO - DAG(s) 'example_short_circuit_operator' retrieved from /home/airflow/.local/lib/python3.12/site-packages/airflow/example_dags/example_short_circuit_operator.py
[2024-05-10T23:29:23.818+0000] {logging_mixin.py:188} INFO - [2024-05-10T23:29:23.818+0000] {dag.py:3096} INFO - Sync 1 DAGs
[2024-05-10T23:29:23.842+0000] {logging_mixin.py:188} INFO - [2024-05-10T23:29:23.842+0000] {dag.py:3954} INFO - Setting next_dagrun for example_short_circuit_operator to 2024-05-09 00:00:00+00:00, run_after=2024-05-10 00:00:00+00:00
[2024-05-10T23:29:23.865+0000] {processor.py:183} INFO - Processing /home/airflow/.local/lib/python3.12/site-packages/airflow/example_dags/example_short_circuit_operator.py took 0.086 seconds
[2024-05-10T23:29:54.932+0000] {processor.py:161} INFO - Started process (PID=380) to work on /home/airflow/.local/lib/python3.12/site-packages/airflow/example_dags/example_short_circuit_operator.py
[2024-05-10T23:29:54.933+0000] {processor.py:830} INFO - Processing file /home/airflow/.local/lib/python3.12/site-packages/airflow/example_dags/example_short_circuit_operator.py for tasks to queue
[2024-05-10T23:29:54.935+0000] {logging_mixin.py:188} INFO - [2024-05-10T23:29:54.934+0000] {dagbag.py:540} INFO - Filling up the DagBag from /home/airflow/.local/lib/python3.12/site-packages/airflow/example_dags/example_short_circuit_operator.py
[2024-05-10T23:29:54.942+0000] {processor.py:840} INFO - DAG(s) 'example_short_circuit_operator' retrieved from /home/airflow/.local/lib/python3.12/site-packages/airflow/example_dags/example_short_circuit_operator.py
[2024-05-10T23:29:54.968+0000] {logging_mixin.py:188} INFO - [2024-05-10T23:29:54.967+0000] {dag.py:3096} INFO - Sync 1 DAGs
[2024-05-10T23:29:54.993+0000] {logging_mixin.py:188} INFO - [2024-05-10T23:29:54.993+0000] {dag.py:3954} INFO - Setting next_dagrun for example_short_circuit_operator to 2024-05-09 00:00:00+00:00, run_after=2024-05-10 00:00:00+00:00
[2024-05-10T23:29:55.015+0000] {processor.py:183} INFO - Processing /home/airflow/.local/lib/python3.12/site-packages/airflow/example_dags/example_short_circuit_operator.py took 0.089 seconds
[2024-05-10T23:30:25.438+0000] {processor.py:161} INFO - Started process (PID=439) to work on /home/airflow/.local/lib/python3.12/site-packages/airflow/example_dags/example_short_circuit_operator.py
[2024-05-10T23:30:25.439+0000] {processor.py:830} INFO - Processing file /home/airflow/.local/lib/python3.12/site-packages/airflow/example_dags/example_short_circuit_operator.py for tasks to queue
[2024-05-10T23:30:25.442+0000] {logging_mixin.py:188} INFO - [2024-05-10T23:30:25.441+0000] {dagbag.py:540} INFO - Filling up the DagBag from /home/airflow/.local/lib/python3.12/site-packages/airflow/example_dags/example_short_circuit_operator.py
[2024-05-10T23:30:25.450+0000] {processor.py:840} INFO - DAG(s) 'example_short_circuit_operator' retrieved from /home/airflow/.local/lib/python3.12/site-packages/airflow/example_dags/example_short_circuit_operator.py
[2024-05-10T23:30:25.479+0000] {logging_mixin.py:188} INFO - [2024-05-10T23:30:25.478+0000] {dag.py:3096} INFO - Sync 1 DAGs
[2024-05-10T23:30:25.506+0000] {logging_mixin.py:188} INFO - [2024-05-10T23:30:25.506+0000] {dag.py:3954} INFO - Setting next_dagrun for example_short_circuit_operator to 2024-05-09 00:00:00+00:00, run_after=2024-05-10 00:00:00+00:00
[2024-05-10T23:30:25.527+0000] {processor.py:183} INFO - Processing /home/airflow/.local/lib/python3.12/site-packages/airflow/example_dags/example_short_circuit_operator.py took 0.095 seconds
[2024-05-10T23:30:55.981+0000] {processor.py:161} INFO - Started process (PID=498) to work on /home/airflow/.local/lib/python3.12/site-packages/airflow/example_dags/example_short_circuit_operator.py
[2024-05-10T23:30:55.982+0000] {processor.py:830} INFO - Processing file /home/airflow/.local/lib/python3.12/site-packages/airflow/example_dags/example_short_circuit_operator.py for tasks to queue
[2024-05-10T23:30:55.984+0000] {logging_mixin.py:188} INFO - [2024-05-10T23:30:55.984+0000] {dagbag.py:540} INFO - Filling up the DagBag from /home/airflow/.local/lib/python3.12/site-packages/airflow/example_dags/example_short_circuit_operator.py
[2024-05-10T23:30:55.992+0000] {processor.py:840} INFO - DAG(s) 'example_short_circuit_operator' retrieved from /home/airflow/.local/lib/python3.12/site-packages/airflow/example_dags/example_short_circuit_operator.py
[2024-05-10T23:30:56.017+0000] {logging_mixin.py:188} INFO - [2024-05-10T23:30:56.017+0000] {dag.py:3096} INFO - Sync 1 DAGs
[2024-05-10T23:30:56.040+0000] {logging_mixin.py:188} INFO - [2024-05-10T23:30:56.040+0000] {dag.py:3954} INFO - Setting next_dagrun for example_short_circuit_operator to 2024-05-09 00:00:00+00:00, run_after=2024-05-10 00:00:00+00:00
[2024-05-10T23:30:56.062+0000] {processor.py:183} INFO - Processing /home/airflow/.local/lib/python3.12/site-packages/airflow/example_dags/example_short_circuit_operator.py took 0.087 seconds
[2024-05-10T23:31:26.472+0000] {processor.py:161} INFO - Started process (PID=557) to work on /home/airflow/.local/lib/python3.12/site-packages/airflow/example_dags/example_short_circuit_operator.py
[2024-05-10T23:31:26.473+0000] {processor.py:830} INFO - Processing file /home/airflow/.local/lib/python3.12/site-packages/airflow/example_dags/example_short_circuit_operator.py for tasks to queue
[2024-05-10T23:31:26.476+0000] {logging_mixin.py:188} INFO - [2024-05-10T23:31:26.475+0000] {dagbag.py:540} INFO - Filling up the DagBag from /home/airflow/.local/lib/python3.12/site-packages/airflow/example_dags/example_short_circuit_operator.py
[2024-05-10T23:31:26.484+0000] {processor.py:840} INFO - DAG(s) 'example_short_circuit_operator' retrieved from /home/airflow/.local/lib/python3.12/site-packages/airflow/example_dags/example_short_circuit_operator.py
[2024-05-10T23:31:26.512+0000] {logging_mixin.py:188} INFO - [2024-05-10T23:31:26.512+0000] {dag.py:3096} INFO - Sync 1 DAGs
[2024-05-10T23:31:26.541+0000] {logging_mixin.py:188} INFO - [2024-05-10T23:31:26.541+0000] {dag.py:3954} INFO - Setting next_dagrun for example_short_circuit_operator to 2024-05-09 00:00:00+00:00, run_after=2024-05-10 00:00:00+00:00
[2024-05-10T23:31:26.566+0000] {processor.py:183} INFO - Processing /home/airflow/.local/lib/python3.12/site-packages/airflow/example_dags/example_short_circuit_operator.py took 0.100 seconds
[2024-05-10T23:31:57.038+0000] {processor.py:161} INFO - Started process (PID=616) to work on /home/airflow/.local/lib/python3.12/site-packages/airflow/example_dags/example_short_circuit_operator.py
[2024-05-10T23:31:57.039+0000] {processor.py:830} INFO - Processing file /home/airflow/.local/lib/python3.12/site-packages/airflow/example_dags/example_short_circuit_operator.py for tasks to queue
[2024-05-10T23:31:57.041+0000] {logging_mixin.py:188} INFO - [2024-05-10T23:31:57.041+0000] {dagbag.py:540} INFO - Filling up the DagBag from /home/airflow/.local/lib/python3.12/site-packages/airflow/example_dags/example_short_circuit_operator.py
[2024-05-10T23:31:57.050+0000] {processor.py:840} INFO - DAG(s) 'example_short_circuit_operator' retrieved from /home/airflow/.local/lib/python3.12/site-packages/airflow/example_dags/example_short_circuit_operator.py
[2024-05-10T23:31:57.077+0000] {logging_mixin.py:188} INFO - [2024-05-10T23:31:57.076+0000] {dag.py:3096} INFO - Sync 1 DAGs
[2024-05-10T23:31:57.105+0000] {logging_mixin.py:188} INFO - [2024-05-10T23:31:57.105+0000] {dag.py:3954} INFO - Setting next_dagrun for example_short_circuit_operator to 2024-05-09 00:00:00+00:00, run_after=2024-05-10 00:00:00+00:00
[2024-05-10T23:31:57.129+0000] {processor.py:183} INFO - Processing /home/airflow/.local/lib/python3.12/site-packages/airflow/example_dags/example_short_circuit_operator.py took 0.097 seconds
[2024-05-10T23:32:27.676+0000] {processor.py:161} INFO - Started process (PID=675) to work on /home/airflow/.local/lib/python3.12/site-packages/airflow/example_dags/example_short_circuit_operator.py
[2024-05-10T23:32:27.677+0000] {processor.py:830} INFO - Processing file /home/airflow/.local/lib/python3.12/site-packages/airflow/example_dags/example_short_circuit_operator.py for tasks to queue
[2024-05-10T23:32:27.680+0000] {logging_mixin.py:188} INFO - [2024-05-10T23:32:27.679+0000] {dagbag.py:540} INFO - Filling up the DagBag from /home/airflow/.local/lib/python3.12/site-packages/airflow/example_dags/example_short_circuit_operator.py
[2024-05-10T23:32:27.688+0000] {processor.py:840} INFO - DAG(s) 'example_short_circuit_operator' retrieved from /home/airflow/.local/lib/python3.12/site-packages/airflow/example_dags/example_short_circuit_operator.py
[2024-05-10T23:32:27.719+0000] {logging_mixin.py:188} INFO - [2024-05-10T23:32:27.719+0000] {dag.py:3096} INFO - Sync 1 DAGs
[2024-05-10T23:32:27.747+0000] {logging_mixin.py:188} INFO - [2024-05-10T23:32:27.747+0000] {dag.py:3954} INFO - Setting next_dagrun for example_short_circuit_operator to 2024-05-09 00:00:00+00:00, run_after=2024-05-10 00:00:00+00:00
[2024-05-10T23:32:27.771+0000] {processor.py:183} INFO - Processing /home/airflow/.local/lib/python3.12/site-packages/airflow/example_dags/example_short_circuit_operator.py took 0.102 seconds
[2024-05-10T23:32:58.293+0000] {processor.py:161} INFO - Started process (PID=734) to work on /home/airflow/.local/lib/python3.12/site-packages/airflow/example_dags/example_short_circuit_operator.py
[2024-05-10T23:32:58.294+0000] {processor.py:830} INFO - Processing file /home/airflow/.local/lib/python3.12/site-packages/airflow/example_dags/example_short_circuit_operator.py for tasks to queue
[2024-05-10T23:32:58.296+0000] {logging_mixin.py:188} INFO - [2024-05-10T23:32:58.296+0000] {dagbag.py:540} INFO - Filling up the DagBag from /home/airflow/.local/lib/python3.12/site-packages/airflow/example_dags/example_short_circuit_operator.py
[2024-05-10T23:32:58.305+0000] {processor.py:840} INFO - DAG(s) 'example_short_circuit_operator' retrieved from /home/airflow/.local/lib/python3.12/site-packages/airflow/example_dags/example_short_circuit_operator.py
[2024-05-10T23:32:58.335+0000] {logging_mixin.py:188} INFO - [2024-05-10T23:32:58.334+0000] {dag.py:3096} INFO - Sync 1 DAGs
[2024-05-10T23:32:58.364+0000] {logging_mixin.py:188} INFO - [2024-05-10T23:32:58.363+0000] {dag.py:3954} INFO - Setting next_dagrun for example_short_circuit_operator to 2024-05-09 00:00:00+00:00, run_after=2024-05-10 00:00:00+00:00
[2024-05-10T23:32:58.389+0000] {processor.py:183} INFO - Processing /home/airflow/.local/lib/python3.12/site-packages/airflow/example_dags/example_short_circuit_operator.py took 0.104 seconds
[2024-05-10T23:33:28.666+0000] {processor.py:161} INFO - Started process (PID=792) to work on /home/airflow/.local/lib/python3.12/site-packages/airflow/example_dags/example_short_circuit_operator.py
[2024-05-10T23:33:28.668+0000] {processor.py:830} INFO - Processing file /home/airflow/.local/lib/python3.12/site-packages/airflow/example_dags/example_short_circuit_operator.py for tasks to queue
[2024-05-10T23:33:28.671+0000] {logging_mixin.py:188} INFO - [2024-05-10T23:33:28.670+0000] {dagbag.py:540} INFO - Filling up the DagBag from /home/airflow/.local/lib/python3.12/site-packages/airflow/example_dags/example_short_circuit_operator.py
[2024-05-10T23:33:28.683+0000] {processor.py:840} INFO - DAG(s) 'example_short_circuit_operator' retrieved from /home/airflow/.local/lib/python3.12/site-packages/airflow/example_dags/example_short_circuit_operator.py
[2024-05-10T23:33:28.718+0000] {logging_mixin.py:188} INFO - [2024-05-10T23:33:28.717+0000] {dag.py:3096} INFO - Sync 1 DAGs
[2024-05-10T23:33:28.756+0000] {logging_mixin.py:188} INFO - [2024-05-10T23:33:28.756+0000] {dag.py:3954} INFO - Setting next_dagrun for example_short_circuit_operator to 2024-05-09 00:00:00+00:00, run_after=2024-05-10 00:00:00+00:00
[2024-05-10T23:33:28.779+0000] {processor.py:183} INFO - Processing /home/airflow/.local/lib/python3.12/site-packages/airflow/example_dags/example_short_circuit_operator.py took 0.120 seconds
[2024-05-10T23:33:58.975+0000] {processor.py:161} INFO - Started process (PID=851) to work on /home/airflow/.local/lib/python3.12/site-packages/airflow/example_dags/example_short_circuit_operator.py
[2024-05-10T23:33:58.976+0000] {processor.py:830} INFO - Processing file /home/airflow/.local/lib/python3.12/site-packages/airflow/example_dags/example_short_circuit_operator.py for tasks to queue
[2024-05-10T23:33:58.978+0000] {logging_mixin.py:188} INFO - [2024-05-10T23:33:58.978+0000] {dagbag.py:540} INFO - Filling up the DagBag from /home/airflow/.local/lib/python3.12/site-packages/airflow/example_dags/example_short_circuit_operator.py
[2024-05-10T23:33:58.988+0000] {processor.py:840} INFO - DAG(s) 'example_short_circuit_operator' retrieved from /home/airflow/.local/lib/python3.12/site-packages/airflow/example_dags/example_short_circuit_operator.py
[2024-05-10T23:33:59.021+0000] {logging_mixin.py:188} INFO - [2024-05-10T23:33:59.020+0000] {dag.py:3096} INFO - Sync 1 DAGs
[2024-05-10T23:33:59.054+0000] {logging_mixin.py:188} INFO - [2024-05-10T23:33:59.054+0000] {dag.py:3954} INFO - Setting next_dagrun for example_short_circuit_operator to 2024-05-09 00:00:00+00:00, run_after=2024-05-10 00:00:00+00:00
[2024-05-10T23:33:59.086+0000] {processor.py:183} INFO - Processing /home/airflow/.local/lib/python3.12/site-packages/airflow/example_dags/example_short_circuit_operator.py took 0.119 seconds
[2024-05-10T23:34:29.363+0000] {processor.py:161} INFO - Started process (PID=910) to work on /home/airflow/.local/lib/python3.12/site-packages/airflow/example_dags/example_short_circuit_operator.py
[2024-05-10T23:34:29.364+0000] {processor.py:830} INFO - Processing file /home/airflow/.local/lib/python3.12/site-packages/airflow/example_dags/example_short_circuit_operator.py for tasks to queue
[2024-05-10T23:34:29.366+0000] {logging_mixin.py:188} INFO - [2024-05-10T23:34:29.366+0000] {dagbag.py:540} INFO - Filling up the DagBag from /home/airflow/.local/lib/python3.12/site-packages/airflow/example_dags/example_short_circuit_operator.py
[2024-05-10T23:34:29.372+0000] {processor.py:840} INFO - DAG(s) 'example_short_circuit_operator' retrieved from /home/airflow/.local/lib/python3.12/site-packages/airflow/example_dags/example_short_circuit_operator.py
[2024-05-10T23:34:29.395+0000] {logging_mixin.py:188} INFO - [2024-05-10T23:34:29.394+0000] {dag.py:3096} INFO - Sync 1 DAGs
[2024-05-10T23:34:29.418+0000] {logging_mixin.py:188} INFO - [2024-05-10T23:34:29.418+0000] {dag.py:3954} INFO - Setting next_dagrun for example_short_circuit_operator to 2024-05-09 00:00:00+00:00, run_after=2024-05-10 00:00:00+00:00
[2024-05-10T23:34:29.568+0000] {processor.py:183} INFO - Processing /home/airflow/.local/lib/python3.12/site-packages/airflow/example_dags/example_short_circuit_operator.py took 0.210 seconds
[2024-05-10T23:34:59.712+0000] {processor.py:161} INFO - Started process (PID=969) to work on /home/airflow/.local/lib/python3.12/site-packages/airflow/example_dags/example_short_circuit_operator.py
[2024-05-10T23:34:59.713+0000] {processor.py:830} INFO - Processing file /home/airflow/.local/lib/python3.12/site-packages/airflow/example_dags/example_short_circuit_operator.py for tasks to queue
[2024-05-10T23:34:59.716+0000] {logging_mixin.py:188} INFO - [2024-05-10T23:34:59.716+0000] {dagbag.py:540} INFO - Filling up the DagBag from /home/airflow/.local/lib/python3.12/site-packages/airflow/example_dags/example_short_circuit_operator.py
[2024-05-10T23:34:59.726+0000] {processor.py:840} INFO - DAG(s) 'example_short_circuit_operator' retrieved from /home/airflow/.local/lib/python3.12/site-packages/airflow/example_dags/example_short_circuit_operator.py
[2024-05-10T23:34:59.762+0000] {logging_mixin.py:188} INFO - [2024-05-10T23:34:59.762+0000] {dag.py:3096} INFO - Sync 1 DAGs
[2024-05-10T23:34:59.799+0000] {logging_mixin.py:188} INFO - [2024-05-10T23:34:59.798+0000] {dag.py:3954} INFO - Setting next_dagrun for example_short_circuit_operator to 2024-05-09 00:00:00+00:00, run_after=2024-05-10 00:00:00+00:00
[2024-05-10T23:34:59.970+0000] {processor.py:183} INFO - Processing /home/airflow/.local/lib/python3.12/site-packages/airflow/example_dags/example_short_circuit_operator.py took 0.266 seconds
[2024-05-10T23:35:30.740+0000] {processor.py:161} INFO - Started process (PID=1028) to work on /home/airflow/.local/lib/python3.12/site-packages/airflow/example_dags/example_short_circuit_operator.py
[2024-05-10T23:35:30.741+0000] {processor.py:830} INFO - Processing file /home/airflow/.local/lib/python3.12/site-packages/airflow/example_dags/example_short_circuit_operator.py for tasks to queue
[2024-05-10T23:35:30.742+0000] {logging_mixin.py:188} INFO - [2024-05-10T23:35:30.742+0000] {dagbag.py:540} INFO - Filling up the DagBag from /home/airflow/.local/lib/python3.12/site-packages/airflow/example_dags/example_short_circuit_operator.py
[2024-05-10T23:35:30.749+0000] {processor.py:840} INFO - DAG(s) 'example_short_circuit_operator' retrieved from /home/airflow/.local/lib/python3.12/site-packages/airflow/example_dags/example_short_circuit_operator.py
[2024-05-10T23:35:30.772+0000] {logging_mixin.py:188} INFO - [2024-05-10T23:35:30.771+0000] {dag.py:3096} INFO - Sync 1 DAGs
[2024-05-10T23:35:30.797+0000] {logging_mixin.py:188} INFO - [2024-05-10T23:35:30.797+0000] {dag.py:3954} INFO - Setting next_dagrun for example_short_circuit_operator to 2024-05-09 00:00:00+00:00, run_after=2024-05-10 00:00:00+00:00
[2024-05-10T23:35:30.824+0000] {processor.py:183} INFO - Processing /home/airflow/.local/lib/python3.12/site-packages/airflow/example_dags/example_short_circuit_operator.py took 0.089 seconds
[2024-05-10T23:36:00.975+0000] {processor.py:161} INFO - Started process (PID=1087) to work on /home/airflow/.local/lib/python3.12/site-packages/airflow/example_dags/example_short_circuit_operator.py
[2024-05-10T23:36:00.976+0000] {processor.py:830} INFO - Processing file /home/airflow/.local/lib/python3.12/site-packages/airflow/example_dags/example_short_circuit_operator.py for tasks to queue
[2024-05-10T23:36:00.978+0000] {logging_mixin.py:188} INFO - [2024-05-10T23:36:00.978+0000] {dagbag.py:540} INFO - Filling up the DagBag from /home/airflow/.local/lib/python3.12/site-packages/airflow/example_dags/example_short_circuit_operator.py
[2024-05-10T23:36:00.985+0000] {processor.py:840} INFO - DAG(s) 'example_short_circuit_operator' retrieved from /home/airflow/.local/lib/python3.12/site-packages/airflow/example_dags/example_short_circuit_operator.py
[2024-05-10T23:36:01.009+0000] {logging_mixin.py:188} INFO - [2024-05-10T23:36:01.009+0000] {dag.py:3096} INFO - Sync 1 DAGs
[2024-05-10T23:36:01.032+0000] {logging_mixin.py:188} INFO - [2024-05-10T23:36:01.032+0000] {dag.py:3954} INFO - Setting next_dagrun for example_short_circuit_operator to 2024-05-09 00:00:00+00:00, run_after=2024-05-10 00:00:00+00:00
[2024-05-10T23:36:01.054+0000] {processor.py:183} INFO - Processing /home/airflow/.local/lib/python3.12/site-packages/airflow/example_dags/example_short_circuit_operator.py took 0.084 seconds
[2024-05-10T23:36:32.018+0000] {processor.py:161} INFO - Started process (PID=1146) to work on /home/airflow/.local/lib/python3.12/site-packages/airflow/example_dags/example_short_circuit_operator.py
[2024-05-10T23:36:32.019+0000] {processor.py:830} INFO - Processing file /home/airflow/.local/lib/python3.12/site-packages/airflow/example_dags/example_short_circuit_operator.py for tasks to queue
[2024-05-10T23:36:32.021+0000] {logging_mixin.py:188} INFO - [2024-05-10T23:36:32.021+0000] {dagbag.py:540} INFO - Filling up the DagBag from /home/airflow/.local/lib/python3.12/site-packages/airflow/example_dags/example_short_circuit_operator.py
[2024-05-10T23:36:32.030+0000] {processor.py:840} INFO - DAG(s) 'example_short_circuit_operator' retrieved from /home/airflow/.local/lib/python3.12/site-packages/airflow/example_dags/example_short_circuit_operator.py
[2024-05-10T23:36:32.054+0000] {logging_mixin.py:188} INFO - [2024-05-10T23:36:32.053+0000] {dag.py:3096} INFO - Sync 1 DAGs
[2024-05-10T23:36:32.075+0000] {logging_mixin.py:188} INFO - [2024-05-10T23:36:32.075+0000] {dag.py:3954} INFO - Setting next_dagrun for example_short_circuit_operator to 2024-05-09 00:00:00+00:00, run_after=2024-05-10 00:00:00+00:00
[2024-05-10T23:36:32.102+0000] {processor.py:183} INFO - Processing /home/airflow/.local/lib/python3.12/site-packages/airflow/example_dags/example_short_circuit_operator.py took 0.088 seconds
[2024-05-10T23:37:02.347+0000] {processor.py:161} INFO - Started process (PID=1205) to work on /home/airflow/.local/lib/python3.12/site-packages/airflow/example_dags/example_short_circuit_operator.py
[2024-05-10T23:37:02.348+0000] {processor.py:830} INFO - Processing file /home/airflow/.local/lib/python3.12/site-packages/airflow/example_dags/example_short_circuit_operator.py for tasks to queue
[2024-05-10T23:37:02.351+0000] {logging_mixin.py:188} INFO - [2024-05-10T23:37:02.350+0000] {dagbag.py:540} INFO - Filling up the DagBag from /home/airflow/.local/lib/python3.12/site-packages/airflow/example_dags/example_short_circuit_operator.py
[2024-05-10T23:37:02.363+0000] {processor.py:840} INFO - DAG(s) 'example_short_circuit_operator' retrieved from /home/airflow/.local/lib/python3.12/site-packages/airflow/example_dags/example_short_circuit_operator.py
[2024-05-10T23:37:02.392+0000] {logging_mixin.py:188} INFO - [2024-05-10T23:37:02.392+0000] {dag.py:3096} INFO - Sync 1 DAGs
[2024-05-10T23:37:02.418+0000] {logging_mixin.py:188} INFO - [2024-05-10T23:37:02.417+0000] {dag.py:3954} INFO - Setting next_dagrun for example_short_circuit_operator to 2024-05-09 00:00:00+00:00, run_after=2024-05-10 00:00:00+00:00
[2024-05-10T23:37:02.438+0000] {processor.py:183} INFO - Processing /home/airflow/.local/lib/python3.12/site-packages/airflow/example_dags/example_short_circuit_operator.py took 0.099 seconds
[2024-05-10T23:37:32.531+0000] {processor.py:161} INFO - Started process (PID=1264) to work on /home/airflow/.local/lib/python3.12/site-packages/airflow/example_dags/example_short_circuit_operator.py
[2024-05-10T23:37:32.532+0000] {processor.py:830} INFO - Processing file /home/airflow/.local/lib/python3.12/site-packages/airflow/example_dags/example_short_circuit_operator.py for tasks to queue
[2024-05-10T23:37:32.535+0000] {logging_mixin.py:188} INFO - [2024-05-10T23:37:32.535+0000] {dagbag.py:540} INFO - Filling up the DagBag from /home/airflow/.local/lib/python3.12/site-packages/airflow/example_dags/example_short_circuit_operator.py
[2024-05-10T23:37:32.546+0000] {processor.py:840} INFO - DAG(s) 'example_short_circuit_operator' retrieved from /home/airflow/.local/lib/python3.12/site-packages/airflow/example_dags/example_short_circuit_operator.py
[2024-05-10T23:37:32.576+0000] {logging_mixin.py:188} INFO - [2024-05-10T23:37:32.576+0000] {dag.py:3096} INFO - Sync 1 DAGs
[2024-05-10T23:37:32.603+0000] {logging_mixin.py:188} INFO - [2024-05-10T23:37:32.603+0000] {dag.py:3954} INFO - Setting next_dagrun for example_short_circuit_operator to 2024-05-09 00:00:00+00:00, run_after=2024-05-10 00:00:00+00:00
[2024-05-10T23:37:32.626+0000] {processor.py:183} INFO - Processing /home/airflow/.local/lib/python3.12/site-packages/airflow/example_dags/example_short_circuit_operator.py took 0.101 seconds
[2024-05-10T23:38:03.465+0000] {processor.py:161} INFO - Started process (PID=1323) to work on /home/airflow/.local/lib/python3.12/site-packages/airflow/example_dags/example_short_circuit_operator.py
[2024-05-10T23:38:03.466+0000] {processor.py:830} INFO - Processing file /home/airflow/.local/lib/python3.12/site-packages/airflow/example_dags/example_short_circuit_operator.py for tasks to queue
[2024-05-10T23:38:03.469+0000] {logging_mixin.py:188} INFO - [2024-05-10T23:38:03.468+0000] {dagbag.py:540} INFO - Filling up the DagBag from /home/airflow/.local/lib/python3.12/site-packages/airflow/example_dags/example_short_circuit_operator.py
[2024-05-10T23:38:03.476+0000] {processor.py:840} INFO - DAG(s) 'example_short_circuit_operator' retrieved from /home/airflow/.local/lib/python3.12/site-packages/airflow/example_dags/example_short_circuit_operator.py
[2024-05-10T23:38:03.507+0000] {logging_mixin.py:188} INFO - [2024-05-10T23:38:03.507+0000] {dag.py:3096} INFO - Sync 1 DAGs
[2024-05-10T23:38:03.532+0000] {logging_mixin.py:188} INFO - [2024-05-10T23:38:03.532+0000] {dag.py:3954} INFO - Setting next_dagrun for example_short_circuit_operator to 2024-05-09 00:00:00+00:00, run_after=2024-05-10 00:00:00+00:00
[2024-05-10T23:38:03.553+0000] {processor.py:183} INFO - Processing /home/airflow/.local/lib/python3.12/site-packages/airflow/example_dags/example_short_circuit_operator.py took 0.095 seconds
[2024-05-10T23:38:34.106+0000] {processor.py:161} INFO - Started process (PID=1382) to work on /home/airflow/.local/lib/python3.12/site-packages/airflow/example_dags/example_short_circuit_operator.py
[2024-05-10T23:38:34.107+0000] {processor.py:830} INFO - Processing file /home/airflow/.local/lib/python3.12/site-packages/airflow/example_dags/example_short_circuit_operator.py for tasks to queue
[2024-05-10T23:38:34.109+0000] {logging_mixin.py:188} INFO - [2024-05-10T23:38:34.109+0000] {dagbag.py:540} INFO - Filling up the DagBag from /home/airflow/.local/lib/python3.12/site-packages/airflow/example_dags/example_short_circuit_operator.py
[2024-05-10T23:38:34.116+0000] {processor.py:840} INFO - DAG(s) 'example_short_circuit_operator' retrieved from /home/airflow/.local/lib/python3.12/site-packages/airflow/example_dags/example_short_circuit_operator.py
[2024-05-10T23:38:34.140+0000] {logging_mixin.py:188} INFO - [2024-05-10T23:38:34.140+0000] {dag.py:3096} INFO - Sync 1 DAGs
[2024-05-10T23:38:34.166+0000] {logging_mixin.py:188} INFO - [2024-05-10T23:38:34.166+0000] {dag.py:3954} INFO - Setting next_dagrun for example_short_circuit_operator to 2024-05-09 00:00:00+00:00, run_after=2024-05-10 00:00:00+00:00
[2024-05-10T23:38:34.190+0000] {processor.py:183} INFO - Processing /home/airflow/.local/lib/python3.12/site-packages/airflow/example_dags/example_short_circuit_operator.py took 0.089 seconds
[2024-05-10T23:39:04.850+0000] {processor.py:161} INFO - Started process (PID=1441) to work on /home/airflow/.local/lib/python3.12/site-packages/airflow/example_dags/example_short_circuit_operator.py
[2024-05-10T23:39:04.851+0000] {processor.py:830} INFO - Processing file /home/airflow/.local/lib/python3.12/site-packages/airflow/example_dags/example_short_circuit_operator.py for tasks to queue
[2024-05-10T23:39:04.853+0000] {logging_mixin.py:188} INFO - [2024-05-10T23:39:04.853+0000] {dagbag.py:540} INFO - Filling up the DagBag from /home/airflow/.local/lib/python3.12/site-packages/airflow/example_dags/example_short_circuit_operator.py
[2024-05-10T23:39:04.860+0000] {processor.py:840} INFO - DAG(s) 'example_short_circuit_operator' retrieved from /home/airflow/.local/lib/python3.12/site-packages/airflow/example_dags/example_short_circuit_operator.py
[2024-05-10T23:39:04.885+0000] {logging_mixin.py:188} INFO - [2024-05-10T23:39:04.884+0000] {dag.py:3096} INFO - Sync 1 DAGs
[2024-05-10T23:39:04.908+0000] {logging_mixin.py:188} INFO - [2024-05-10T23:39:04.908+0000] {dag.py:3954} INFO - Setting next_dagrun for example_short_circuit_operator to 2024-05-09 00:00:00+00:00, run_after=2024-05-10 00:00:00+00:00
[2024-05-10T23:39:04.929+0000] {processor.py:183} INFO - Processing /home/airflow/.local/lib/python3.12/site-packages/airflow/example_dags/example_short_circuit_operator.py took 0.085 seconds
[2024-05-10T23:39:35.606+0000] {processor.py:161} INFO - Started process (PID=1500) to work on /home/airflow/.local/lib/python3.12/site-packages/airflow/example_dags/example_short_circuit_operator.py
[2024-05-10T23:39:35.607+0000] {processor.py:830} INFO - Processing file /home/airflow/.local/lib/python3.12/site-packages/airflow/example_dags/example_short_circuit_operator.py for tasks to queue
[2024-05-10T23:39:35.609+0000] {logging_mixin.py:188} INFO - [2024-05-10T23:39:35.609+0000] {dagbag.py:540} INFO - Filling up the DagBag from /home/airflow/.local/lib/python3.12/site-packages/airflow/example_dags/example_short_circuit_operator.py
[2024-05-10T23:39:35.617+0000] {processor.py:840} INFO - DAG(s) 'example_short_circuit_operator' retrieved from /home/airflow/.local/lib/python3.12/site-packages/airflow/example_dags/example_short_circuit_operator.py
[2024-05-10T23:39:35.639+0000] {logging_mixin.py:188} INFO - [2024-05-10T23:39:35.639+0000] {dag.py:3096} INFO - Sync 1 DAGs
[2024-05-10T23:39:35.663+0000] {logging_mixin.py:188} INFO - [2024-05-10T23:39:35.663+0000] {dag.py:3954} INFO - Setting next_dagrun for example_short_circuit_operator to 2024-05-09 00:00:00+00:00, run_after=2024-05-10 00:00:00+00:00
[2024-05-10T23:39:35.684+0000] {processor.py:183} INFO - Processing /home/airflow/.local/lib/python3.12/site-packages/airflow/example_dags/example_short_circuit_operator.py took 0.085 seconds
[2024-05-10T23:40:06.397+0000] {processor.py:161} INFO - Started process (PID=1559) to work on /home/airflow/.local/lib/python3.12/site-packages/airflow/example_dags/example_short_circuit_operator.py
[2024-05-10T23:40:06.399+0000] {processor.py:830} INFO - Processing file /home/airflow/.local/lib/python3.12/site-packages/airflow/example_dags/example_short_circuit_operator.py for tasks to queue
[2024-05-10T23:40:06.401+0000] {logging_mixin.py:188} INFO - [2024-05-10T23:40:06.400+0000] {dagbag.py:540} INFO - Filling up the DagBag from /home/airflow/.local/lib/python3.12/site-packages/airflow/example_dags/example_short_circuit_operator.py
[2024-05-10T23:40:06.409+0000] {processor.py:840} INFO - DAG(s) 'example_short_circuit_operator' retrieved from /home/airflow/.local/lib/python3.12/site-packages/airflow/example_dags/example_short_circuit_operator.py
[2024-05-10T23:40:06.437+0000] {logging_mixin.py:188} INFO - [2024-05-10T23:40:06.436+0000] {dag.py:3096} INFO - Sync 1 DAGs
[2024-05-10T23:40:06.462+0000] {logging_mixin.py:188} INFO - [2024-05-10T23:40:06.462+0000] {dag.py:3954} INFO - Setting next_dagrun for example_short_circuit_operator to 2024-05-09 00:00:00+00:00, run_after=2024-05-10 00:00:00+00:00
[2024-05-10T23:40:06.485+0000] {processor.py:183} INFO - Processing /home/airflow/.local/lib/python3.12/site-packages/airflow/example_dags/example_short_circuit_operator.py took 0.094 seconds
[2024-05-10T23:40:37.161+0000] {processor.py:161} INFO - Started process (PID=1618) to work on /home/airflow/.local/lib/python3.12/site-packages/airflow/example_dags/example_short_circuit_operator.py
[2024-05-10T23:40:37.162+0000] {processor.py:830} INFO - Processing file /home/airflow/.local/lib/python3.12/site-packages/airflow/example_dags/example_short_circuit_operator.py for tasks to queue
[2024-05-10T23:40:37.164+0000] {logging_mixin.py:188} INFO - [2024-05-10T23:40:37.164+0000] {dagbag.py:540} INFO - Filling up the DagBag from /home/airflow/.local/lib/python3.12/site-packages/airflow/example_dags/example_short_circuit_operator.py
[2024-05-10T23:40:37.171+0000] {processor.py:840} INFO - DAG(s) 'example_short_circuit_operator' retrieved from /home/airflow/.local/lib/python3.12/site-packages/airflow/example_dags/example_short_circuit_operator.py
[2024-05-10T23:40:37.199+0000] {logging_mixin.py:188} INFO - [2024-05-10T23:40:37.199+0000] {dag.py:3096} INFO - Sync 1 DAGs
[2024-05-10T23:40:37.228+0000] {logging_mixin.py:188} INFO - [2024-05-10T23:40:37.228+0000] {dag.py:3954} INFO - Setting next_dagrun for example_short_circuit_operator to 2024-05-09 00:00:00+00:00, run_after=2024-05-10 00:00:00+00:00
[2024-05-10T23:40:37.251+0000] {processor.py:183} INFO - Processing /home/airflow/.local/lib/python3.12/site-packages/airflow/example_dags/example_short_circuit_operator.py took 0.096 seconds
