[2024-05-10T23:27:17.284+0000] {processor.py:161} INFO - Started process (PID=64) to work on /home/airflow/.local/lib/python3.12/site-packages/airflow/example_dags/example_xcomargs.py
[2024-05-10T23:27:17.286+0000] {processor.py:830} INFO - Processing file /home/airflow/.local/lib/python3.12/site-packages/airflow/example_dags/example_xcomargs.py for tasks to queue
[2024-05-10T23:27:17.289+0000] {logging_mixin.py:188} INFO - [2024-05-10T23:27:17.288+0000] {dagbag.py:540} INFO - Filling up the DagBag from /home/airflow/.local/lib/python3.12/site-packages/airflow/example_dags/example_xcomargs.py
[2024-05-10T23:27:17.299+0000] {processor.py:840} INFO - DAG(s) 'example_xcom_args', 'example_xcom_args_with_operators' retrieved from /home/airflow/.local/lib/python3.12/site-packages/airflow/example_dags/example_xcomargs.py
[2024-05-10T23:27:17.835+0000] {logging_mixin.py:188} INFO - [2024-05-10T23:27:17.835+0000] {dag.py:3096} INFO - Sync 2 DAGs
[2024-05-10T23:27:17.851+0000] {logging_mixin.py:188} INFO - [2024-05-10T23:27:17.851+0000] {dag.py:3954} INFO - Setting next_dagrun for example_xcom_args to None, run_after=None
[2024-05-10T23:27:17.856+0000] {logging_mixin.py:188} INFO - [2024-05-10T23:27:17.856+0000] {dag.py:3954} INFO - Setting next_dagrun for example_xcom_args_with_operators to None, run_after=None
[2024-05-10T23:27:17.890+0000] {processor.py:183} INFO - Processing /home/airflow/.local/lib/python3.12/site-packages/airflow/example_dags/example_xcomargs.py took 0.611 seconds
[2024-05-10T23:27:48.742+0000] {processor.py:161} INFO - Started process (PID=123) to work on /home/airflow/.local/lib/python3.12/site-packages/airflow/example_dags/example_xcomargs.py
[2024-05-10T23:27:48.743+0000] {processor.py:830} INFO - Processing file /home/airflow/.local/lib/python3.12/site-packages/airflow/example_dags/example_xcomargs.py for tasks to queue
[2024-05-10T23:27:48.745+0000] {logging_mixin.py:188} INFO - [2024-05-10T23:27:48.745+0000] {dagbag.py:540} INFO - Filling up the DagBag from /home/airflow/.local/lib/python3.12/site-packages/airflow/example_dags/example_xcomargs.py
[2024-05-10T23:27:48.754+0000] {processor.py:840} INFO - DAG(s) 'example_xcom_args_with_operators', 'example_xcom_args' retrieved from /home/airflow/.local/lib/python3.12/site-packages/airflow/example_dags/example_xcomargs.py
[2024-05-10T23:27:48.783+0000] {logging_mixin.py:188} INFO - [2024-05-10T23:27:48.783+0000] {dag.py:3096} INFO - Sync 2 DAGs
[2024-05-10T23:27:48.797+0000] {logging_mixin.py:188} INFO - [2024-05-10T23:27:48.797+0000] {dag.py:3954} INFO - Setting next_dagrun for example_xcom_args to None, run_after=None
[2024-05-10T23:27:48.801+0000] {logging_mixin.py:188} INFO - [2024-05-10T23:27:48.801+0000] {dag.py:3954} INFO - Setting next_dagrun for example_xcom_args_with_operators to None, run_after=None
[2024-05-10T23:27:48.822+0000] {processor.py:183} INFO - Processing /home/airflow/.local/lib/python3.12/site-packages/airflow/example_dags/example_xcomargs.py took 0.086 seconds
[2024-05-10T23:28:19.594+0000] {processor.py:161} INFO - Started process (PID=182) to work on /home/airflow/.local/lib/python3.12/site-packages/airflow/example_dags/example_xcomargs.py
[2024-05-10T23:28:19.596+0000] {processor.py:830} INFO - Processing file /home/airflow/.local/lib/python3.12/site-packages/airflow/example_dags/example_xcomargs.py for tasks to queue
[2024-05-10T23:28:19.599+0000] {logging_mixin.py:188} INFO - [2024-05-10T23:28:19.599+0000] {dagbag.py:540} INFO - Filling up the DagBag from /home/airflow/.local/lib/python3.12/site-packages/airflow/example_dags/example_xcomargs.py
[2024-05-10T23:28:19.609+0000] {processor.py:840} INFO - DAG(s) 'example_xcom_args_with_operators', 'example_xcom_args' retrieved from /home/airflow/.local/lib/python3.12/site-packages/airflow/example_dags/example_xcomargs.py
[2024-05-10T23:28:19.639+0000] {logging_mixin.py:188} INFO - [2024-05-10T23:28:19.639+0000] {dag.py:3096} INFO - Sync 2 DAGs
[2024-05-10T23:28:19.655+0000] {logging_mixin.py:188} INFO - [2024-05-10T23:28:19.655+0000] {dag.py:3954} INFO - Setting next_dagrun for example_xcom_args to None, run_after=None
[2024-05-10T23:28:19.665+0000] {logging_mixin.py:188} INFO - [2024-05-10T23:28:19.664+0000] {dag.py:3954} INFO - Setting next_dagrun for example_xcom_args_with_operators to None, run_after=None
[2024-05-10T23:28:19.702+0000] {processor.py:183} INFO - Processing /home/airflow/.local/lib/python3.12/site-packages/airflow/example_dags/example_xcomargs.py took 0.115 seconds
[2024-05-10T23:28:50.492+0000] {processor.py:161} INFO - Started process (PID=241) to work on /home/airflow/.local/lib/python3.12/site-packages/airflow/example_dags/example_xcomargs.py
[2024-05-10T23:28:50.493+0000] {processor.py:830} INFO - Processing file /home/airflow/.local/lib/python3.12/site-packages/airflow/example_dags/example_xcomargs.py for tasks to queue
[2024-05-10T23:28:50.496+0000] {logging_mixin.py:188} INFO - [2024-05-10T23:28:50.495+0000] {dagbag.py:540} INFO - Filling up the DagBag from /home/airflow/.local/lib/python3.12/site-packages/airflow/example_dags/example_xcomargs.py
[2024-05-10T23:28:50.504+0000] {processor.py:840} INFO - DAG(s) 'example_xcom_args_with_operators', 'example_xcom_args' retrieved from /home/airflow/.local/lib/python3.12/site-packages/airflow/example_dags/example_xcomargs.py
[2024-05-10T23:28:50.530+0000] {logging_mixin.py:188} INFO - [2024-05-10T23:28:50.530+0000] {dag.py:3096} INFO - Sync 2 DAGs
[2024-05-10T23:28:50.544+0000] {logging_mixin.py:188} INFO - [2024-05-10T23:28:50.544+0000] {dag.py:3954} INFO - Setting next_dagrun for example_xcom_args to None, run_after=None
[2024-05-10T23:28:50.549+0000] {logging_mixin.py:188} INFO - [2024-05-10T23:28:50.549+0000] {dag.py:3954} INFO - Setting next_dagrun for example_xcom_args_with_operators to None, run_after=None
[2024-05-10T23:28:50.576+0000] {processor.py:183} INFO - Processing /home/airflow/.local/lib/python3.12/site-packages/airflow/example_dags/example_xcomargs.py took 0.089 seconds
[2024-05-10T23:29:20.712+0000] {processor.py:161} INFO - Started process (PID=300) to work on /home/airflow/.local/lib/python3.12/site-packages/airflow/example_dags/example_xcomargs.py
[2024-05-10T23:29:20.713+0000] {processor.py:830} INFO - Processing file /home/airflow/.local/lib/python3.12/site-packages/airflow/example_dags/example_xcomargs.py for tasks to queue
[2024-05-10T23:29:20.716+0000] {logging_mixin.py:188} INFO - [2024-05-10T23:29:20.716+0000] {dagbag.py:540} INFO - Filling up the DagBag from /home/airflow/.local/lib/python3.12/site-packages/airflow/example_dags/example_xcomargs.py
[2024-05-10T23:29:20.725+0000] {processor.py:840} INFO - DAG(s) 'example_xcom_args_with_operators', 'example_xcom_args' retrieved from /home/airflow/.local/lib/python3.12/site-packages/airflow/example_dags/example_xcomargs.py
[2024-05-10T23:29:20.751+0000] {logging_mixin.py:188} INFO - [2024-05-10T23:29:20.751+0000] {dag.py:3096} INFO - Sync 2 DAGs
[2024-05-10T23:29:20.765+0000] {logging_mixin.py:188} INFO - [2024-05-10T23:29:20.765+0000] {dag.py:3954} INFO - Setting next_dagrun for example_xcom_args to None, run_after=None
[2024-05-10T23:29:20.771+0000] {logging_mixin.py:188} INFO - [2024-05-10T23:29:20.770+0000] {dag.py:3954} INFO - Setting next_dagrun for example_xcom_args_with_operators to None, run_after=None
[2024-05-10T23:29:20.789+0000] {processor.py:183} INFO - Processing /home/airflow/.local/lib/python3.12/site-packages/airflow/example_dags/example_xcomargs.py took 0.084 seconds
[2024-05-10T23:29:50.919+0000] {processor.py:161} INFO - Started process (PID=359) to work on /home/airflow/.local/lib/python3.12/site-packages/airflow/example_dags/example_xcomargs.py
[2024-05-10T23:29:50.920+0000] {processor.py:830} INFO - Processing file /home/airflow/.local/lib/python3.12/site-packages/airflow/example_dags/example_xcomargs.py for tasks to queue
[2024-05-10T23:29:50.922+0000] {logging_mixin.py:188} INFO - [2024-05-10T23:29:50.922+0000] {dagbag.py:540} INFO - Filling up the DagBag from /home/airflow/.local/lib/python3.12/site-packages/airflow/example_dags/example_xcomargs.py
[2024-05-10T23:29:50.933+0000] {processor.py:840} INFO - DAG(s) 'example_xcom_args_with_operators', 'example_xcom_args' retrieved from /home/airflow/.local/lib/python3.12/site-packages/airflow/example_dags/example_xcomargs.py
[2024-05-10T23:29:50.958+0000] {logging_mixin.py:188} INFO - [2024-05-10T23:29:50.958+0000] {dag.py:3096} INFO - Sync 2 DAGs
[2024-05-10T23:29:50.973+0000] {logging_mixin.py:188} INFO - [2024-05-10T23:29:50.973+0000] {dag.py:3954} INFO - Setting next_dagrun for example_xcom_args to None, run_after=None
[2024-05-10T23:29:50.978+0000] {logging_mixin.py:188} INFO - [2024-05-10T23:29:50.977+0000] {dag.py:3954} INFO - Setting next_dagrun for example_xcom_args_with_operators to None, run_after=None
[2024-05-10T23:29:50.998+0000] {processor.py:183} INFO - Processing /home/airflow/.local/lib/python3.12/site-packages/airflow/example_dags/example_xcomargs.py took 0.084 seconds
[2024-05-10T23:30:21.435+0000] {processor.py:161} INFO - Started process (PID=424) to work on /home/airflow/.local/lib/python3.12/site-packages/airflow/example_dags/example_xcomargs.py
[2024-05-10T23:30:21.437+0000] {processor.py:830} INFO - Processing file /home/airflow/.local/lib/python3.12/site-packages/airflow/example_dags/example_xcomargs.py for tasks to queue
[2024-05-10T23:30:21.440+0000] {logging_mixin.py:188} INFO - [2024-05-10T23:30:21.439+0000] {dagbag.py:540} INFO - Filling up the DagBag from /home/airflow/.local/lib/python3.12/site-packages/airflow/example_dags/example_xcomargs.py
[2024-05-10T23:30:21.451+0000] {processor.py:840} INFO - DAG(s) 'example_xcom_args', 'example_xcom_args_with_operators' retrieved from /home/airflow/.local/lib/python3.12/site-packages/airflow/example_dags/example_xcomargs.py
[2024-05-10T23:30:21.484+0000] {logging_mixin.py:188} INFO - [2024-05-10T23:30:21.484+0000] {dag.py:3096} INFO - Sync 2 DAGs
[2024-05-10T23:30:21.498+0000] {logging_mixin.py:188} INFO - [2024-05-10T23:30:21.498+0000] {dag.py:3954} INFO - Setting next_dagrun for example_xcom_args to None, run_after=None
[2024-05-10T23:30:21.502+0000] {logging_mixin.py:188} INFO - [2024-05-10T23:30:21.502+0000] {dag.py:3954} INFO - Setting next_dagrun for example_xcom_args_with_operators to None, run_after=None
[2024-05-10T23:30:21.521+0000] {processor.py:183} INFO - Processing /home/airflow/.local/lib/python3.12/site-packages/airflow/example_dags/example_xcomargs.py took 0.092 seconds
[2024-05-10T23:30:52.066+0000] {processor.py:161} INFO - Started process (PID=483) to work on /home/airflow/.local/lib/python3.12/site-packages/airflow/example_dags/example_xcomargs.py
[2024-05-10T23:30:52.067+0000] {processor.py:830} INFO - Processing file /home/airflow/.local/lib/python3.12/site-packages/airflow/example_dags/example_xcomargs.py for tasks to queue
[2024-05-10T23:30:52.069+0000] {logging_mixin.py:188} INFO - [2024-05-10T23:30:52.068+0000] {dagbag.py:540} INFO - Filling up the DagBag from /home/airflow/.local/lib/python3.12/site-packages/airflow/example_dags/example_xcomargs.py
[2024-05-10T23:30:52.078+0000] {processor.py:840} INFO - DAG(s) 'example_xcom_args', 'example_xcom_args_with_operators' retrieved from /home/airflow/.local/lib/python3.12/site-packages/airflow/example_dags/example_xcomargs.py
[2024-05-10T23:30:52.104+0000] {logging_mixin.py:188} INFO - [2024-05-10T23:30:52.104+0000] {dag.py:3096} INFO - Sync 2 DAGs
[2024-05-10T23:30:52.120+0000] {logging_mixin.py:188} INFO - [2024-05-10T23:30:52.120+0000] {dag.py:3954} INFO - Setting next_dagrun for example_xcom_args to None, run_after=None
[2024-05-10T23:30:52.125+0000] {logging_mixin.py:188} INFO - [2024-05-10T23:30:52.124+0000] {dag.py:3954} INFO - Setting next_dagrun for example_xcom_args_with_operators to None, run_after=None
[2024-05-10T23:30:52.146+0000] {processor.py:183} INFO - Processing /home/airflow/.local/lib/python3.12/site-packages/airflow/example_dags/example_xcomargs.py took 0.086 seconds
[2024-05-10T23:31:22.481+0000] {processor.py:161} INFO - Started process (PID=542) to work on /home/airflow/.local/lib/python3.12/site-packages/airflow/example_dags/example_xcomargs.py
[2024-05-10T23:31:22.482+0000] {processor.py:830} INFO - Processing file /home/airflow/.local/lib/python3.12/site-packages/airflow/example_dags/example_xcomargs.py for tasks to queue
[2024-05-10T23:31:22.485+0000] {logging_mixin.py:188} INFO - [2024-05-10T23:31:22.484+0000] {dagbag.py:540} INFO - Filling up the DagBag from /home/airflow/.local/lib/python3.12/site-packages/airflow/example_dags/example_xcomargs.py
[2024-05-10T23:31:22.493+0000] {processor.py:840} INFO - DAG(s) 'example_xcom_args', 'example_xcom_args_with_operators' retrieved from /home/airflow/.local/lib/python3.12/site-packages/airflow/example_dags/example_xcomargs.py
[2024-05-10T23:31:22.519+0000] {logging_mixin.py:188} INFO - [2024-05-10T23:31:22.518+0000] {dag.py:3096} INFO - Sync 2 DAGs
[2024-05-10T23:31:22.535+0000] {logging_mixin.py:188} INFO - [2024-05-10T23:31:22.534+0000] {dag.py:3954} INFO - Setting next_dagrun for example_xcom_args to None, run_after=None
[2024-05-10T23:31:22.539+0000] {logging_mixin.py:188} INFO - [2024-05-10T23:31:22.539+0000] {dag.py:3954} INFO - Setting next_dagrun for example_xcom_args_with_operators to None, run_after=None
[2024-05-10T23:31:22.560+0000] {processor.py:183} INFO - Processing /home/airflow/.local/lib/python3.12/site-packages/airflow/example_dags/example_xcomargs.py took 0.084 seconds
[2024-05-10T23:31:53.049+0000] {processor.py:161} INFO - Started process (PID=601) to work on /home/airflow/.local/lib/python3.12/site-packages/airflow/example_dags/example_xcomargs.py
[2024-05-10T23:31:53.050+0000] {processor.py:830} INFO - Processing file /home/airflow/.local/lib/python3.12/site-packages/airflow/example_dags/example_xcomargs.py for tasks to queue
[2024-05-10T23:31:53.052+0000] {logging_mixin.py:188} INFO - [2024-05-10T23:31:53.051+0000] {dagbag.py:540} INFO - Filling up the DagBag from /home/airflow/.local/lib/python3.12/site-packages/airflow/example_dags/example_xcomargs.py
[2024-05-10T23:31:53.060+0000] {processor.py:840} INFO - DAG(s) 'example_xcom_args_with_operators', 'example_xcom_args' retrieved from /home/airflow/.local/lib/python3.12/site-packages/airflow/example_dags/example_xcomargs.py
[2024-05-10T23:31:53.087+0000] {logging_mixin.py:188} INFO - [2024-05-10T23:31:53.087+0000] {dag.py:3096} INFO - Sync 2 DAGs
[2024-05-10T23:31:53.104+0000] {logging_mixin.py:188} INFO - [2024-05-10T23:31:53.104+0000] {dag.py:3954} INFO - Setting next_dagrun for example_xcom_args to None, run_after=None
[2024-05-10T23:31:53.109+0000] {logging_mixin.py:188} INFO - [2024-05-10T23:31:53.108+0000] {dag.py:3954} INFO - Setting next_dagrun for example_xcom_args_with_operators to None, run_after=None
[2024-05-10T23:31:53.137+0000] {processor.py:183} INFO - Processing /home/airflow/.local/lib/python3.12/site-packages/airflow/example_dags/example_xcomargs.py took 0.095 seconds
[2024-05-10T23:32:23.806+0000] {processor.py:161} INFO - Started process (PID=660) to work on /home/airflow/.local/lib/python3.12/site-packages/airflow/example_dags/example_xcomargs.py
[2024-05-10T23:32:23.807+0000] {processor.py:830} INFO - Processing file /home/airflow/.local/lib/python3.12/site-packages/airflow/example_dags/example_xcomargs.py for tasks to queue
[2024-05-10T23:32:23.809+0000] {logging_mixin.py:188} INFO - [2024-05-10T23:32:23.808+0000] {dagbag.py:540} INFO - Filling up the DagBag from /home/airflow/.local/lib/python3.12/site-packages/airflow/example_dags/example_xcomargs.py
[2024-05-10T23:32:23.817+0000] {processor.py:840} INFO - DAG(s) 'example_xcom_args_with_operators', 'example_xcom_args' retrieved from /home/airflow/.local/lib/python3.12/site-packages/airflow/example_dags/example_xcomargs.py
[2024-05-10T23:32:23.841+0000] {logging_mixin.py:188} INFO - [2024-05-10T23:32:23.840+0000] {dag.py:3096} INFO - Sync 2 DAGs
[2024-05-10T23:32:23.854+0000] {logging_mixin.py:188} INFO - [2024-05-10T23:32:23.854+0000] {dag.py:3954} INFO - Setting next_dagrun for example_xcom_args to None, run_after=None
[2024-05-10T23:32:23.859+0000] {logging_mixin.py:188} INFO - [2024-05-10T23:32:23.859+0000] {dag.py:3954} INFO - Setting next_dagrun for example_xcom_args_with_operators to None, run_after=None
[2024-05-10T23:32:23.889+0000] {processor.py:183} INFO - Processing /home/airflow/.local/lib/python3.12/site-packages/airflow/example_dags/example_xcomargs.py took 0.089 seconds
[2024-05-10T23:32:54.222+0000] {processor.py:161} INFO - Started process (PID=719) to work on /home/airflow/.local/lib/python3.12/site-packages/airflow/example_dags/example_xcomargs.py
[2024-05-10T23:32:54.224+0000] {processor.py:830} INFO - Processing file /home/airflow/.local/lib/python3.12/site-packages/airflow/example_dags/example_xcomargs.py for tasks to queue
[2024-05-10T23:32:54.226+0000] {logging_mixin.py:188} INFO - [2024-05-10T23:32:54.225+0000] {dagbag.py:540} INFO - Filling up the DagBag from /home/airflow/.local/lib/python3.12/site-packages/airflow/example_dags/example_xcomargs.py
[2024-05-10T23:32:54.236+0000] {processor.py:840} INFO - DAG(s) 'example_xcom_args_with_operators', 'example_xcom_args' retrieved from /home/airflow/.local/lib/python3.12/site-packages/airflow/example_dags/example_xcomargs.py
[2024-05-10T23:32:54.263+0000] {logging_mixin.py:188} INFO - [2024-05-10T23:32:54.263+0000] {dag.py:3096} INFO - Sync 2 DAGs
[2024-05-10T23:32:54.276+0000] {logging_mixin.py:188} INFO - [2024-05-10T23:32:54.276+0000] {dag.py:3954} INFO - Setting next_dagrun for example_xcom_args to None, run_after=None
[2024-05-10T23:32:54.281+0000] {logging_mixin.py:188} INFO - [2024-05-10T23:32:54.280+0000] {dag.py:3954} INFO - Setting next_dagrun for example_xcom_args_with_operators to None, run_after=None
[2024-05-10T23:32:54.300+0000] {processor.py:183} INFO - Processing /home/airflow/.local/lib/python3.12/site-packages/airflow/example_dags/example_xcomargs.py took 0.083 seconds
[2024-05-10T23:33:24.930+0000] {processor.py:161} INFO - Started process (PID=778) to work on /home/airflow/.local/lib/python3.12/site-packages/airflow/example_dags/example_xcomargs.py
[2024-05-10T23:33:24.931+0000] {processor.py:830} INFO - Processing file /home/airflow/.local/lib/python3.12/site-packages/airflow/example_dags/example_xcomargs.py for tasks to queue
[2024-05-10T23:33:24.933+0000] {logging_mixin.py:188} INFO - [2024-05-10T23:33:24.933+0000] {dagbag.py:540} INFO - Filling up the DagBag from /home/airflow/.local/lib/python3.12/site-packages/airflow/example_dags/example_xcomargs.py
[2024-05-10T23:33:24.941+0000] {processor.py:840} INFO - DAG(s) 'example_xcom_args', 'example_xcom_args_with_operators' retrieved from /home/airflow/.local/lib/python3.12/site-packages/airflow/example_dags/example_xcomargs.py
[2024-05-10T23:33:24.972+0000] {logging_mixin.py:188} INFO - [2024-05-10T23:33:24.972+0000] {dag.py:3096} INFO - Sync 2 DAGs
[2024-05-10T23:33:24.993+0000] {logging_mixin.py:188} INFO - [2024-05-10T23:33:24.993+0000] {dag.py:3954} INFO - Setting next_dagrun for example_xcom_args to None, run_after=None
[2024-05-10T23:33:24.997+0000] {logging_mixin.py:188} INFO - [2024-05-10T23:33:24.997+0000] {dag.py:3954} INFO - Setting next_dagrun for example_xcom_args_with_operators to None, run_after=None
[2024-05-10T23:33:25.027+0000] {processor.py:183} INFO - Processing /home/airflow/.local/lib/python3.12/site-packages/airflow/example_dags/example_xcomargs.py took 0.102 seconds
[2024-05-10T23:33:55.180+0000] {processor.py:161} INFO - Started process (PID=837) to work on /home/airflow/.local/lib/python3.12/site-packages/airflow/example_dags/example_xcomargs.py
[2024-05-10T23:33:55.181+0000] {processor.py:830} INFO - Processing file /home/airflow/.local/lib/python3.12/site-packages/airflow/example_dags/example_xcomargs.py for tasks to queue
[2024-05-10T23:33:55.184+0000] {logging_mixin.py:188} INFO - [2024-05-10T23:33:55.183+0000] {dagbag.py:540} INFO - Filling up the DagBag from /home/airflow/.local/lib/python3.12/site-packages/airflow/example_dags/example_xcomargs.py
[2024-05-10T23:33:55.196+0000] {processor.py:840} INFO - DAG(s) 'example_xcom_args', 'example_xcom_args_with_operators' retrieved from /home/airflow/.local/lib/python3.12/site-packages/airflow/example_dags/example_xcomargs.py
[2024-05-10T23:33:55.228+0000] {logging_mixin.py:188} INFO - [2024-05-10T23:33:55.228+0000] {dag.py:3096} INFO - Sync 2 DAGs
[2024-05-10T23:33:55.243+0000] {logging_mixin.py:188} INFO - [2024-05-10T23:33:55.242+0000] {dag.py:3954} INFO - Setting next_dagrun for example_xcom_args to None, run_after=None
[2024-05-10T23:33:55.249+0000] {logging_mixin.py:188} INFO - [2024-05-10T23:33:55.248+0000] {dag.py:3954} INFO - Setting next_dagrun for example_xcom_args_with_operators to None, run_after=None
[2024-05-10T23:33:55.272+0000] {processor.py:183} INFO - Processing /home/airflow/.local/lib/python3.12/site-packages/airflow/example_dags/example_xcomargs.py took 0.098 seconds
[2024-05-10T23:34:26.136+0000] {processor.py:161} INFO - Started process (PID=896) to work on /home/airflow/.local/lib/python3.12/site-packages/airflow/example_dags/example_xcomargs.py
[2024-05-10T23:34:26.137+0000] {processor.py:830} INFO - Processing file /home/airflow/.local/lib/python3.12/site-packages/airflow/example_dags/example_xcomargs.py for tasks to queue
[2024-05-10T23:34:26.139+0000] {logging_mixin.py:188} INFO - [2024-05-10T23:34:26.139+0000] {dagbag.py:540} INFO - Filling up the DagBag from /home/airflow/.local/lib/python3.12/site-packages/airflow/example_dags/example_xcomargs.py
[2024-05-10T23:34:26.150+0000] {processor.py:840} INFO - DAG(s) 'example_xcom_args_with_operators', 'example_xcom_args' retrieved from /home/airflow/.local/lib/python3.12/site-packages/airflow/example_dags/example_xcomargs.py
[2024-05-10T23:34:26.181+0000] {logging_mixin.py:188} INFO - [2024-05-10T23:34:26.180+0000] {dag.py:3096} INFO - Sync 2 DAGs
[2024-05-10T23:34:26.197+0000] {logging_mixin.py:188} INFO - [2024-05-10T23:34:26.197+0000] {dag.py:3954} INFO - Setting next_dagrun for example_xcom_args to None, run_after=None
[2024-05-10T23:34:26.203+0000] {logging_mixin.py:188} INFO - [2024-05-10T23:34:26.203+0000] {dag.py:3954} INFO - Setting next_dagrun for example_xcom_args_with_operators to None, run_after=None
[2024-05-10T23:34:26.227+0000] {processor.py:183} INFO - Processing /home/airflow/.local/lib/python3.12/site-packages/airflow/example_dags/example_xcomargs.py took 0.097 seconds
[2024-05-10T23:34:56.546+0000] {processor.py:161} INFO - Started process (PID=955) to work on /home/airflow/.local/lib/python3.12/site-packages/airflow/example_dags/example_xcomargs.py
[2024-05-10T23:34:56.547+0000] {processor.py:830} INFO - Processing file /home/airflow/.local/lib/python3.12/site-packages/airflow/example_dags/example_xcomargs.py for tasks to queue
[2024-05-10T23:34:56.549+0000] {logging_mixin.py:188} INFO - [2024-05-10T23:34:56.549+0000] {dagbag.py:540} INFO - Filling up the DagBag from /home/airflow/.local/lib/python3.12/site-packages/airflow/example_dags/example_xcomargs.py
[2024-05-10T23:34:56.558+0000] {processor.py:840} INFO - DAG(s) 'example_xcom_args_with_operators', 'example_xcom_args' retrieved from /home/airflow/.local/lib/python3.12/site-packages/airflow/example_dags/example_xcomargs.py
[2024-05-10T23:34:56.588+0000] {logging_mixin.py:188} INFO - [2024-05-10T23:34:56.587+0000] {dag.py:3096} INFO - Sync 2 DAGs
[2024-05-10T23:34:56.602+0000] {logging_mixin.py:188} INFO - [2024-05-10T23:34:56.601+0000] {dag.py:3954} INFO - Setting next_dagrun for example_xcom_args to None, run_after=None
[2024-05-10T23:34:56.606+0000] {logging_mixin.py:188} INFO - [2024-05-10T23:34:56.606+0000] {dag.py:3954} INFO - Setting next_dagrun for example_xcom_args_with_operators to None, run_after=None
[2024-05-10T23:34:56.636+0000] {processor.py:183} INFO - Processing /home/airflow/.local/lib/python3.12/site-packages/airflow/example_dags/example_xcomargs.py took 0.097 seconds
[2024-05-10T23:35:26.912+0000] {processor.py:161} INFO - Started process (PID=1014) to work on /home/airflow/.local/lib/python3.12/site-packages/airflow/example_dags/example_xcomargs.py
[2024-05-10T23:35:26.913+0000] {processor.py:830} INFO - Processing file /home/airflow/.local/lib/python3.12/site-packages/airflow/example_dags/example_xcomargs.py for tasks to queue
[2024-05-10T23:35:26.916+0000] {logging_mixin.py:188} INFO - [2024-05-10T23:35:26.915+0000] {dagbag.py:540} INFO - Filling up the DagBag from /home/airflow/.local/lib/python3.12/site-packages/airflow/example_dags/example_xcomargs.py
[2024-05-10T23:35:26.926+0000] {processor.py:840} INFO - DAG(s) 'example_xcom_args_with_operators', 'example_xcom_args' retrieved from /home/airflow/.local/lib/python3.12/site-packages/airflow/example_dags/example_xcomargs.py
[2024-05-10T23:35:26.954+0000] {logging_mixin.py:188} INFO - [2024-05-10T23:35:26.954+0000] {dag.py:3096} INFO - Sync 2 DAGs
[2024-05-10T23:35:26.969+0000] {logging_mixin.py:188} INFO - [2024-05-10T23:35:26.969+0000] {dag.py:3954} INFO - Setting next_dagrun for example_xcom_args to None, run_after=None
[2024-05-10T23:35:26.974+0000] {logging_mixin.py:188} INFO - [2024-05-10T23:35:26.974+0000] {dag.py:3954} INFO - Setting next_dagrun for example_xcom_args_with_operators to None, run_after=None
[2024-05-10T23:35:27.005+0000] {processor.py:183} INFO - Processing /home/airflow/.local/lib/python3.12/site-packages/airflow/example_dags/example_xcomargs.py took 0.100 seconds
[2024-05-10T23:35:57.082+0000] {processor.py:161} INFO - Started process (PID=1073) to work on /home/airflow/.local/lib/python3.12/site-packages/airflow/example_dags/example_xcomargs.py
[2024-05-10T23:35:57.083+0000] {processor.py:830} INFO - Processing file /home/airflow/.local/lib/python3.12/site-packages/airflow/example_dags/example_xcomargs.py for tasks to queue
[2024-05-10T23:35:57.086+0000] {logging_mixin.py:188} INFO - [2024-05-10T23:35:57.086+0000] {dagbag.py:540} INFO - Filling up the DagBag from /home/airflow/.local/lib/python3.12/site-packages/airflow/example_dags/example_xcomargs.py
[2024-05-10T23:35:57.095+0000] {processor.py:840} INFO - DAG(s) 'example_xcom_args_with_operators', 'example_xcom_args' retrieved from /home/airflow/.local/lib/python3.12/site-packages/airflow/example_dags/example_xcomargs.py
[2024-05-10T23:35:57.126+0000] {logging_mixin.py:188} INFO - [2024-05-10T23:35:57.126+0000] {dag.py:3096} INFO - Sync 2 DAGs
[2024-05-10T23:35:57.144+0000] {logging_mixin.py:188} INFO - [2024-05-10T23:35:57.143+0000] {dag.py:3954} INFO - Setting next_dagrun for example_xcom_args to None, run_after=None
[2024-05-10T23:35:57.150+0000] {logging_mixin.py:188} INFO - [2024-05-10T23:35:57.149+0000] {dag.py:3954} INFO - Setting next_dagrun for example_xcom_args_with_operators to None, run_after=None
[2024-05-10T23:35:57.174+0000] {processor.py:183} INFO - Processing /home/airflow/.local/lib/python3.12/site-packages/airflow/example_dags/example_xcomargs.py took 0.098 seconds
[2024-05-10T23:36:28.035+0000] {processor.py:161} INFO - Started process (PID=1132) to work on /home/airflow/.local/lib/python3.12/site-packages/airflow/example_dags/example_xcomargs.py
[2024-05-10T23:36:28.036+0000] {processor.py:830} INFO - Processing file /home/airflow/.local/lib/python3.12/site-packages/airflow/example_dags/example_xcomargs.py for tasks to queue
[2024-05-10T23:36:28.039+0000] {logging_mixin.py:188} INFO - [2024-05-10T23:36:28.038+0000] {dagbag.py:540} INFO - Filling up the DagBag from /home/airflow/.local/lib/python3.12/site-packages/airflow/example_dags/example_xcomargs.py
[2024-05-10T23:36:28.050+0000] {processor.py:840} INFO - DAG(s) 'example_xcom_args', 'example_xcom_args_with_operators' retrieved from /home/airflow/.local/lib/python3.12/site-packages/airflow/example_dags/example_xcomargs.py
[2024-05-10T23:36:28.207+0000] {logging_mixin.py:188} INFO - [2024-05-10T23:36:28.206+0000] {dag.py:3096} INFO - Sync 2 DAGs
[2024-05-10T23:36:28.221+0000] {logging_mixin.py:188} INFO - [2024-05-10T23:36:28.220+0000] {dag.py:3954} INFO - Setting next_dagrun for example_xcom_args to None, run_after=None
[2024-05-10T23:36:28.226+0000] {logging_mixin.py:188} INFO - [2024-05-10T23:36:28.226+0000] {dag.py:3954} INFO - Setting next_dagrun for example_xcom_args_with_operators to None, run_after=None
[2024-05-10T23:36:28.248+0000] {processor.py:183} INFO - Processing /home/airflow/.local/lib/python3.12/site-packages/airflow/example_dags/example_xcomargs.py took 0.220 seconds
[2024-05-10T23:36:58.292+0000] {processor.py:161} INFO - Started process (PID=1191) to work on /home/airflow/.local/lib/python3.12/site-packages/airflow/example_dags/example_xcomargs.py
[2024-05-10T23:36:58.293+0000] {processor.py:830} INFO - Processing file /home/airflow/.local/lib/python3.12/site-packages/airflow/example_dags/example_xcomargs.py for tasks to queue
[2024-05-10T23:36:58.295+0000] {logging_mixin.py:188} INFO - [2024-05-10T23:36:58.295+0000] {dagbag.py:540} INFO - Filling up the DagBag from /home/airflow/.local/lib/python3.12/site-packages/airflow/example_dags/example_xcomargs.py
[2024-05-10T23:36:58.303+0000] {processor.py:840} INFO - DAG(s) 'example_xcom_args_with_operators', 'example_xcom_args' retrieved from /home/airflow/.local/lib/python3.12/site-packages/airflow/example_dags/example_xcomargs.py
[2024-05-10T23:36:58.330+0000] {logging_mixin.py:188} INFO - [2024-05-10T23:36:58.330+0000] {dag.py:3096} INFO - Sync 2 DAGs
[2024-05-10T23:36:58.347+0000] {logging_mixin.py:188} INFO - [2024-05-10T23:36:58.346+0000] {dag.py:3954} INFO - Setting next_dagrun for example_xcom_args to None, run_after=None
[2024-05-10T23:36:58.354+0000] {logging_mixin.py:188} INFO - [2024-05-10T23:36:58.353+0000] {dag.py:3954} INFO - Setting next_dagrun for example_xcom_args_with_operators to None, run_after=None
[2024-05-10T23:36:58.376+0000] {processor.py:183} INFO - Processing /home/airflow/.local/lib/python3.12/site-packages/airflow/example_dags/example_xcomargs.py took 0.090 seconds
[2024-05-10T23:37:28.569+0000] {processor.py:161} INFO - Started process (PID=1250) to work on /home/airflow/.local/lib/python3.12/site-packages/airflow/example_dags/example_xcomargs.py
[2024-05-10T23:37:28.570+0000] {processor.py:830} INFO - Processing file /home/airflow/.local/lib/python3.12/site-packages/airflow/example_dags/example_xcomargs.py for tasks to queue
[2024-05-10T23:37:28.572+0000] {logging_mixin.py:188} INFO - [2024-05-10T23:37:28.572+0000] {dagbag.py:540} INFO - Filling up the DagBag from /home/airflow/.local/lib/python3.12/site-packages/airflow/example_dags/example_xcomargs.py
[2024-05-10T23:37:28.579+0000] {processor.py:840} INFO - DAG(s) 'example_xcom_args', 'example_xcom_args_with_operators' retrieved from /home/airflow/.local/lib/python3.12/site-packages/airflow/example_dags/example_xcomargs.py
[2024-05-10T23:37:28.604+0000] {logging_mixin.py:188} INFO - [2024-05-10T23:37:28.603+0000] {dag.py:3096} INFO - Sync 2 DAGs
[2024-05-10T23:37:28.617+0000] {logging_mixin.py:188} INFO - [2024-05-10T23:37:28.617+0000] {dag.py:3954} INFO - Setting next_dagrun for example_xcom_args to None, run_after=None
[2024-05-10T23:37:28.622+0000] {logging_mixin.py:188} INFO - [2024-05-10T23:37:28.621+0000] {dag.py:3954} INFO - Setting next_dagrun for example_xcom_args_with_operators to None, run_after=None
[2024-05-10T23:37:28.640+0000] {processor.py:183} INFO - Processing /home/airflow/.local/lib/python3.12/site-packages/airflow/example_dags/example_xcomargs.py took 0.078 seconds
[2024-05-10T23:37:59.454+0000] {processor.py:161} INFO - Started process (PID=1309) to work on /home/airflow/.local/lib/python3.12/site-packages/airflow/example_dags/example_xcomargs.py
[2024-05-10T23:37:59.456+0000] {processor.py:830} INFO - Processing file /home/airflow/.local/lib/python3.12/site-packages/airflow/example_dags/example_xcomargs.py for tasks to queue
[2024-05-10T23:37:59.457+0000] {logging_mixin.py:188} INFO - [2024-05-10T23:37:59.457+0000] {dagbag.py:540} INFO - Filling up the DagBag from /home/airflow/.local/lib/python3.12/site-packages/airflow/example_dags/example_xcomargs.py
[2024-05-10T23:37:59.467+0000] {processor.py:840} INFO - DAG(s) 'example_xcom_args_with_operators', 'example_xcom_args' retrieved from /home/airflow/.local/lib/python3.12/site-packages/airflow/example_dags/example_xcomargs.py
[2024-05-10T23:37:59.491+0000] {logging_mixin.py:188} INFO - [2024-05-10T23:37:59.490+0000] {dag.py:3096} INFO - Sync 2 DAGs
[2024-05-10T23:37:59.509+0000] {logging_mixin.py:188} INFO - [2024-05-10T23:37:59.508+0000] {dag.py:3954} INFO - Setting next_dagrun for example_xcom_args to None, run_after=None
[2024-05-10T23:37:59.514+0000] {logging_mixin.py:188} INFO - [2024-05-10T23:37:59.514+0000] {dag.py:3954} INFO - Setting next_dagrun for example_xcom_args_with_operators to None, run_after=None
[2024-05-10T23:37:59.535+0000] {processor.py:183} INFO - Processing /home/airflow/.local/lib/python3.12/site-packages/airflow/example_dags/example_xcomargs.py took 0.086 seconds
[2024-05-10T23:38:30.184+0000] {processor.py:161} INFO - Started process (PID=1368) to work on /home/airflow/.local/lib/python3.12/site-packages/airflow/example_dags/example_xcomargs.py
[2024-05-10T23:38:30.186+0000] {processor.py:830} INFO - Processing file /home/airflow/.local/lib/python3.12/site-packages/airflow/example_dags/example_xcomargs.py for tasks to queue
[2024-05-10T23:38:30.188+0000] {logging_mixin.py:188} INFO - [2024-05-10T23:38:30.188+0000] {dagbag.py:540} INFO - Filling up the DagBag from /home/airflow/.local/lib/python3.12/site-packages/airflow/example_dags/example_xcomargs.py
[2024-05-10T23:38:30.197+0000] {processor.py:840} INFO - DAG(s) 'example_xcom_args', 'example_xcom_args_with_operators' retrieved from /home/airflow/.local/lib/python3.12/site-packages/airflow/example_dags/example_xcomargs.py
[2024-05-10T23:38:30.226+0000] {logging_mixin.py:188} INFO - [2024-05-10T23:38:30.226+0000] {dag.py:3096} INFO - Sync 2 DAGs
[2024-05-10T23:38:30.242+0000] {logging_mixin.py:188} INFO - [2024-05-10T23:38:30.242+0000] {dag.py:3954} INFO - Setting next_dagrun for example_xcom_args to None, run_after=None
[2024-05-10T23:38:30.247+0000] {logging_mixin.py:188} INFO - [2024-05-10T23:38:30.247+0000] {dag.py:3954} INFO - Setting next_dagrun for example_xcom_args_with_operators to None, run_after=None
[2024-05-10T23:38:30.267+0000] {processor.py:183} INFO - Processing /home/airflow/.local/lib/python3.12/site-packages/airflow/example_dags/example_xcomargs.py took 0.087 seconds
[2024-05-10T23:39:00.807+0000] {processor.py:161} INFO - Started process (PID=1427) to work on /home/airflow/.local/lib/python3.12/site-packages/airflow/example_dags/example_xcomargs.py
[2024-05-10T23:39:00.808+0000] {processor.py:830} INFO - Processing file /home/airflow/.local/lib/python3.12/site-packages/airflow/example_dags/example_xcomargs.py for tasks to queue
[2024-05-10T23:39:00.810+0000] {logging_mixin.py:188} INFO - [2024-05-10T23:39:00.809+0000] {dagbag.py:540} INFO - Filling up the DagBag from /home/airflow/.local/lib/python3.12/site-packages/airflow/example_dags/example_xcomargs.py
[2024-05-10T23:39:00.818+0000] {processor.py:840} INFO - DAG(s) 'example_xcom_args', 'example_xcom_args_with_operators' retrieved from /home/airflow/.local/lib/python3.12/site-packages/airflow/example_dags/example_xcomargs.py
[2024-05-10T23:39:00.845+0000] {logging_mixin.py:188} INFO - [2024-05-10T23:39:00.844+0000] {dag.py:3096} INFO - Sync 2 DAGs
[2024-05-10T23:39:00.859+0000] {logging_mixin.py:188} INFO - [2024-05-10T23:39:00.859+0000] {dag.py:3954} INFO - Setting next_dagrun for example_xcom_args to None, run_after=None
[2024-05-10T23:39:00.864+0000] {logging_mixin.py:188} INFO - [2024-05-10T23:39:00.863+0000] {dag.py:3954} INFO - Setting next_dagrun for example_xcom_args_with_operators to None, run_after=None
[2024-05-10T23:39:00.883+0000] {processor.py:183} INFO - Processing /home/airflow/.local/lib/python3.12/site-packages/airflow/example_dags/example_xcomargs.py took 0.083 seconds
[2024-05-10T23:39:31.567+0000] {processor.py:161} INFO - Started process (PID=1486) to work on /home/airflow/.local/lib/python3.12/site-packages/airflow/example_dags/example_xcomargs.py
[2024-05-10T23:39:31.568+0000] {processor.py:830} INFO - Processing file /home/airflow/.local/lib/python3.12/site-packages/airflow/example_dags/example_xcomargs.py for tasks to queue
[2024-05-10T23:39:31.570+0000] {logging_mixin.py:188} INFO - [2024-05-10T23:39:31.570+0000] {dagbag.py:540} INFO - Filling up the DagBag from /home/airflow/.local/lib/python3.12/site-packages/airflow/example_dags/example_xcomargs.py
[2024-05-10T23:39:31.581+0000] {processor.py:840} INFO - DAG(s) 'example_xcom_args_with_operators', 'example_xcom_args' retrieved from /home/airflow/.local/lib/python3.12/site-packages/airflow/example_dags/example_xcomargs.py
[2024-05-10T23:39:31.609+0000] {logging_mixin.py:188} INFO - [2024-05-10T23:39:31.608+0000] {dag.py:3096} INFO - Sync 2 DAGs
[2024-05-10T23:39:31.626+0000] {logging_mixin.py:188} INFO - [2024-05-10T23:39:31.626+0000] {dag.py:3954} INFO - Setting next_dagrun for example_xcom_args to None, run_after=None
[2024-05-10T23:39:31.632+0000] {logging_mixin.py:188} INFO - [2024-05-10T23:39:31.632+0000] {dag.py:3954} INFO - Setting next_dagrun for example_xcom_args_with_operators to None, run_after=None
[2024-05-10T23:39:31.655+0000] {processor.py:183} INFO - Processing /home/airflow/.local/lib/python3.12/site-packages/airflow/example_dags/example_xcomargs.py took 0.095 seconds
[2024-05-10T23:40:02.375+0000] {processor.py:161} INFO - Started process (PID=1545) to work on /home/airflow/.local/lib/python3.12/site-packages/airflow/example_dags/example_xcomargs.py
[2024-05-10T23:40:02.376+0000] {processor.py:830} INFO - Processing file /home/airflow/.local/lib/python3.12/site-packages/airflow/example_dags/example_xcomargs.py for tasks to queue
[2024-05-10T23:40:02.378+0000] {logging_mixin.py:188} INFO - [2024-05-10T23:40:02.378+0000] {dagbag.py:540} INFO - Filling up the DagBag from /home/airflow/.local/lib/python3.12/site-packages/airflow/example_dags/example_xcomargs.py
[2024-05-10T23:40:02.388+0000] {processor.py:840} INFO - DAG(s) 'example_xcom_args_with_operators', 'example_xcom_args' retrieved from /home/airflow/.local/lib/python3.12/site-packages/airflow/example_dags/example_xcomargs.py
[2024-05-10T23:40:02.415+0000] {logging_mixin.py:188} INFO - [2024-05-10T23:40:02.414+0000] {dag.py:3096} INFO - Sync 2 DAGs
[2024-05-10T23:40:02.429+0000] {logging_mixin.py:188} INFO - [2024-05-10T23:40:02.429+0000] {dag.py:3954} INFO - Setting next_dagrun for example_xcom_args to None, run_after=None
[2024-05-10T23:40:02.434+0000] {logging_mixin.py:188} INFO - [2024-05-10T23:40:02.434+0000] {dag.py:3954} INFO - Setting next_dagrun for example_xcom_args_with_operators to None, run_after=None
[2024-05-10T23:40:02.453+0000] {processor.py:183} INFO - Processing /home/airflow/.local/lib/python3.12/site-packages/airflow/example_dags/example_xcomargs.py took 0.083 seconds
[2024-05-10T23:40:33.303+0000] {processor.py:161} INFO - Started process (PID=1604) to work on /home/airflow/.local/lib/python3.12/site-packages/airflow/example_dags/example_xcomargs.py
[2024-05-10T23:40:33.304+0000] {processor.py:830} INFO - Processing file /home/airflow/.local/lib/python3.12/site-packages/airflow/example_dags/example_xcomargs.py for tasks to queue
[2024-05-10T23:40:33.307+0000] {logging_mixin.py:188} INFO - [2024-05-10T23:40:33.306+0000] {dagbag.py:540} INFO - Filling up the DagBag from /home/airflow/.local/lib/python3.12/site-packages/airflow/example_dags/example_xcomargs.py
[2024-05-10T23:40:33.319+0000] {processor.py:840} INFO - DAG(s) 'example_xcom_args_with_operators', 'example_xcom_args' retrieved from /home/airflow/.local/lib/python3.12/site-packages/airflow/example_dags/example_xcomargs.py
[2024-05-10T23:40:33.352+0000] {logging_mixin.py:188} INFO - [2024-05-10T23:40:33.352+0000] {dag.py:3096} INFO - Sync 2 DAGs
[2024-05-10T23:40:33.370+0000] {logging_mixin.py:188} INFO - [2024-05-10T23:40:33.370+0000] {dag.py:3954} INFO - Setting next_dagrun for example_xcom_args to None, run_after=None
[2024-05-10T23:40:33.376+0000] {logging_mixin.py:188} INFO - [2024-05-10T23:40:33.376+0000] {dag.py:3954} INFO - Setting next_dagrun for example_xcom_args_with_operators to None, run_after=None
[2024-05-10T23:40:33.415+0000] {processor.py:183} INFO - Processing /home/airflow/.local/lib/python3.12/site-packages/airflow/example_dags/example_xcomargs.py took 0.125 seconds
