[2024-05-10T23:27:12.529+0000] {processor.py:161} INFO - Started process (PID=41) to work on /home/airflow/.local/lib/python3.12/site-packages/airflow/example_dags/example_subdag_operator.py
[2024-05-10T23:27:12.530+0000] {processor.py:830} INFO - Processing file /home/airflow/.local/lib/python3.12/site-packages/airflow/example_dags/example_subdag_operator.py for tasks to queue
[2024-05-10T23:27:12.532+0000] {logging_mixin.py:188} INFO - [2024-05-10T23:27:12.532+0000] {dagbag.py:540} INFO - Filling up the DagBag from /home/airflow/.local/lib/python3.12/site-packages/airflow/example_dags/example_subdag_operator.py
[2024-05-10T23:27:12.559+0000] {processor.py:840} INFO - DAG(s) 'example_subdag_operator.section-1', 'example_subdag_operator.section-2', 'example_subdag_operator' retrieved from /home/airflow/.local/lib/python3.12/site-packages/airflow/example_dags/example_subdag_operator.py
[2024-05-10T23:27:12.699+0000] {logging_mixin.py:188} INFO - [2024-05-10T23:27:12.698+0000] {dag.py:3096} INFO - Sync 3 DAGs
[2024-05-10T23:27:12.726+0000] {logging_mixin.py:188} INFO - [2024-05-10T23:27:12.726+0000] {dag.py:3954} INFO - Setting next_dagrun for example_subdag_operator to 2022-01-01 00:00:00+00:00, run_after=2022-01-01 00:00:00+00:00
[2024-05-10T23:27:12.731+0000] {logging_mixin.py:188} INFO - [2024-05-10T23:27:12.731+0000] {dag.py:3954} INFO - Setting next_dagrun for example_subdag_operator.section-1 to None, run_after=None
[2024-05-10T23:27:12.734+0000] {logging_mixin.py:188} INFO - [2024-05-10T23:27:12.734+0000] {dag.py:3954} INFO - Setting next_dagrun for example_subdag_operator.section-2 to None, run_after=None
[2024-05-10T23:27:12.749+0000] {logging_mixin.py:188} INFO - [2024-05-10T23:27:12.749+0000] {dag.py:3096} INFO - Sync 2 DAGs
[2024-05-10T23:27:12.764+0000] {logging_mixin.py:188} INFO - [2024-05-10T23:27:12.763+0000] {dag.py:3954} INFO - Setting next_dagrun for example_subdag_operator.section-1 to None, run_after=None
[2024-05-10T23:27:12.765+0000] {logging_mixin.py:188} INFO - [2024-05-10T23:27:12.764+0000] {dag.py:3954} INFO - Setting next_dagrun for example_subdag_operator.section-2 to None, run_after=None
[2024-05-10T23:27:12.787+0000] {processor.py:183} INFO - Processing /home/airflow/.local/lib/python3.12/site-packages/airflow/example_dags/example_subdag_operator.py took 0.263 seconds
[2024-05-10T23:27:43.229+0000] {processor.py:161} INFO - Started process (PID=100) to work on /home/airflow/.local/lib/python3.12/site-packages/airflow/example_dags/example_subdag_operator.py
[2024-05-10T23:27:43.230+0000] {processor.py:830} INFO - Processing file /home/airflow/.local/lib/python3.12/site-packages/airflow/example_dags/example_subdag_operator.py for tasks to queue
[2024-05-10T23:27:43.232+0000] {logging_mixin.py:188} INFO - [2024-05-10T23:27:43.231+0000] {dagbag.py:540} INFO - Filling up the DagBag from /home/airflow/.local/lib/python3.12/site-packages/airflow/example_dags/example_subdag_operator.py
[2024-05-10T23:27:43.256+0000] {processor.py:840} INFO - DAG(s) 'example_subdag_operator.section-1', 'example_subdag_operator.section-2', 'example_subdag_operator' retrieved from /home/airflow/.local/lib/python3.12/site-packages/airflow/example_dags/example_subdag_operator.py
[2024-05-10T23:27:43.272+0000] {logging_mixin.py:188} INFO - [2024-05-10T23:27:43.272+0000] {dag.py:3096} INFO - Sync 3 DAGs
[2024-05-10T23:27:43.295+0000] {logging_mixin.py:188} INFO - [2024-05-10T23:27:43.294+0000] {dag.py:3954} INFO - Setting next_dagrun for example_subdag_operator to 2022-01-01 00:00:00+00:00, run_after=2022-01-01 00:00:00+00:00
[2024-05-10T23:27:43.299+0000] {logging_mixin.py:188} INFO - [2024-05-10T23:27:43.299+0000] {dag.py:3954} INFO - Setting next_dagrun for example_subdag_operator.section-1 to None, run_after=None
[2024-05-10T23:27:43.302+0000] {logging_mixin.py:188} INFO - [2024-05-10T23:27:43.302+0000] {dag.py:3954} INFO - Setting next_dagrun for example_subdag_operator.section-2 to None, run_after=None
[2024-05-10T23:27:43.309+0000] {logging_mixin.py:188} INFO - [2024-05-10T23:27:43.309+0000] {dag.py:3096} INFO - Sync 2 DAGs
[2024-05-10T23:27:43.316+0000] {logging_mixin.py:188} INFO - [2024-05-10T23:27:43.316+0000] {dag.py:3954} INFO - Setting next_dagrun for example_subdag_operator.section-1 to None, run_after=None
[2024-05-10T23:27:43.317+0000] {logging_mixin.py:188} INFO - [2024-05-10T23:27:43.317+0000] {dag.py:3954} INFO - Setting next_dagrun for example_subdag_operator.section-2 to None, run_after=None
[2024-05-10T23:27:43.331+0000] {processor.py:183} INFO - Processing /home/airflow/.local/lib/python3.12/site-packages/airflow/example_dags/example_subdag_operator.py took 0.108 seconds
[2024-05-10T23:28:14.111+0000] {processor.py:161} INFO - Started process (PID=159) to work on /home/airflow/.local/lib/python3.12/site-packages/airflow/example_dags/example_subdag_operator.py
[2024-05-10T23:28:14.118+0000] {processor.py:830} INFO - Processing file /home/airflow/.local/lib/python3.12/site-packages/airflow/example_dags/example_subdag_operator.py for tasks to queue
[2024-05-10T23:28:14.120+0000] {logging_mixin.py:188} INFO - [2024-05-10T23:28:14.120+0000] {dagbag.py:540} INFO - Filling up the DagBag from /home/airflow/.local/lib/python3.12/site-packages/airflow/example_dags/example_subdag_operator.py
[2024-05-10T23:28:14.144+0000] {processor.py:840} INFO - DAG(s) 'example_subdag_operator.section-1', 'example_subdag_operator.section-2', 'example_subdag_operator' retrieved from /home/airflow/.local/lib/python3.12/site-packages/airflow/example_dags/example_subdag_operator.py
[2024-05-10T23:28:14.161+0000] {logging_mixin.py:188} INFO - [2024-05-10T23:28:14.161+0000] {dag.py:3096} INFO - Sync 3 DAGs
[2024-05-10T23:28:14.187+0000] {logging_mixin.py:188} INFO - [2024-05-10T23:28:14.187+0000] {dag.py:3954} INFO - Setting next_dagrun for example_subdag_operator to 2022-01-01 00:00:00+00:00, run_after=2022-01-01 00:00:00+00:00
[2024-05-10T23:28:14.193+0000] {logging_mixin.py:188} INFO - [2024-05-10T23:28:14.192+0000] {dag.py:3954} INFO - Setting next_dagrun for example_subdag_operator.section-1 to None, run_after=None
[2024-05-10T23:28:14.195+0000] {logging_mixin.py:188} INFO - [2024-05-10T23:28:14.195+0000] {dag.py:3954} INFO - Setting next_dagrun for example_subdag_operator.section-2 to None, run_after=None
[2024-05-10T23:28:14.203+0000] {logging_mixin.py:188} INFO - [2024-05-10T23:28:14.203+0000] {dag.py:3096} INFO - Sync 2 DAGs
[2024-05-10T23:28:14.211+0000] {logging_mixin.py:188} INFO - [2024-05-10T23:28:14.211+0000] {dag.py:3954} INFO - Setting next_dagrun for example_subdag_operator.section-1 to None, run_after=None
[2024-05-10T23:28:14.212+0000] {logging_mixin.py:188} INFO - [2024-05-10T23:28:14.212+0000] {dag.py:3954} INFO - Setting next_dagrun for example_subdag_operator.section-2 to None, run_after=None
[2024-05-10T23:28:14.226+0000] {processor.py:183} INFO - Processing /home/airflow/.local/lib/python3.12/site-packages/airflow/example_dags/example_subdag_operator.py took 0.121 seconds
[2024-05-10T23:28:44.788+0000] {processor.py:161} INFO - Started process (PID=218) to work on /home/airflow/.local/lib/python3.12/site-packages/airflow/example_dags/example_subdag_operator.py
[2024-05-10T23:28:44.789+0000] {processor.py:830} INFO - Processing file /home/airflow/.local/lib/python3.12/site-packages/airflow/example_dags/example_subdag_operator.py for tasks to queue
[2024-05-10T23:28:44.791+0000] {logging_mixin.py:188} INFO - [2024-05-10T23:28:44.791+0000] {dagbag.py:540} INFO - Filling up the DagBag from /home/airflow/.local/lib/python3.12/site-packages/airflow/example_dags/example_subdag_operator.py
[2024-05-10T23:28:44.813+0000] {processor.py:840} INFO - DAG(s) 'example_subdag_operator.section-1', 'example_subdag_operator.section-2', 'example_subdag_operator' retrieved from /home/airflow/.local/lib/python3.12/site-packages/airflow/example_dags/example_subdag_operator.py
[2024-05-10T23:28:44.830+0000] {logging_mixin.py:188} INFO - [2024-05-10T23:28:44.830+0000] {dag.py:3096} INFO - Sync 3 DAGs
[2024-05-10T23:28:44.855+0000] {logging_mixin.py:188} INFO - [2024-05-10T23:28:44.854+0000] {dag.py:3954} INFO - Setting next_dagrun for example_subdag_operator to 2022-01-01 00:00:00+00:00, run_after=2022-01-01 00:00:00+00:00
[2024-05-10T23:28:44.860+0000] {logging_mixin.py:188} INFO - [2024-05-10T23:28:44.859+0000] {dag.py:3954} INFO - Setting next_dagrun for example_subdag_operator.section-1 to None, run_after=None
[2024-05-10T23:28:44.862+0000] {logging_mixin.py:188} INFO - [2024-05-10T23:28:44.861+0000] {dag.py:3954} INFO - Setting next_dagrun for example_subdag_operator.section-2 to None, run_after=None
[2024-05-10T23:28:44.869+0000] {logging_mixin.py:188} INFO - [2024-05-10T23:28:44.869+0000] {dag.py:3096} INFO - Sync 2 DAGs
[2024-05-10T23:28:44.876+0000] {logging_mixin.py:188} INFO - [2024-05-10T23:28:44.876+0000] {dag.py:3954} INFO - Setting next_dagrun for example_subdag_operator.section-1 to None, run_after=None
[2024-05-10T23:28:44.877+0000] {logging_mixin.py:188} INFO - [2024-05-10T23:28:44.877+0000] {dag.py:3954} INFO - Setting next_dagrun for example_subdag_operator.section-2 to None, run_after=None
[2024-05-10T23:28:44.891+0000] {processor.py:183} INFO - Processing /home/airflow/.local/lib/python3.12/site-packages/airflow/example_dags/example_subdag_operator.py took 0.108 seconds
[2024-05-10T23:29:15.041+0000] {processor.py:161} INFO - Started process (PID=277) to work on /home/airflow/.local/lib/python3.12/site-packages/airflow/example_dags/example_subdag_operator.py
[2024-05-10T23:29:15.042+0000] {processor.py:830} INFO - Processing file /home/airflow/.local/lib/python3.12/site-packages/airflow/example_dags/example_subdag_operator.py for tasks to queue
[2024-05-10T23:29:15.044+0000] {logging_mixin.py:188} INFO - [2024-05-10T23:29:15.043+0000] {dagbag.py:540} INFO - Filling up the DagBag from /home/airflow/.local/lib/python3.12/site-packages/airflow/example_dags/example_subdag_operator.py
[2024-05-10T23:29:15.071+0000] {processor.py:840} INFO - DAG(s) 'example_subdag_operator.section-1', 'example_subdag_operator.section-2', 'example_subdag_operator' retrieved from /home/airflow/.local/lib/python3.12/site-packages/airflow/example_dags/example_subdag_operator.py
[2024-05-10T23:29:15.093+0000] {logging_mixin.py:188} INFO - [2024-05-10T23:29:15.093+0000] {dag.py:3096} INFO - Sync 3 DAGs
[2024-05-10T23:29:15.118+0000] {logging_mixin.py:188} INFO - [2024-05-10T23:29:15.118+0000] {dag.py:3954} INFO - Setting next_dagrun for example_subdag_operator to 2022-01-01 00:00:00+00:00, run_after=2022-01-01 00:00:00+00:00
[2024-05-10T23:29:15.123+0000] {logging_mixin.py:188} INFO - [2024-05-10T23:29:15.122+0000] {dag.py:3954} INFO - Setting next_dagrun for example_subdag_operator.section-1 to None, run_after=None
[2024-05-10T23:29:15.124+0000] {logging_mixin.py:188} INFO - [2024-05-10T23:29:15.124+0000] {dag.py:3954} INFO - Setting next_dagrun for example_subdag_operator.section-2 to None, run_after=None
[2024-05-10T23:29:15.132+0000] {logging_mixin.py:188} INFO - [2024-05-10T23:29:15.132+0000] {dag.py:3096} INFO - Sync 2 DAGs
[2024-05-10T23:29:15.138+0000] {logging_mixin.py:188} INFO - [2024-05-10T23:29:15.138+0000] {dag.py:3954} INFO - Setting next_dagrun for example_subdag_operator.section-1 to None, run_after=None
[2024-05-10T23:29:15.139+0000] {logging_mixin.py:188} INFO - [2024-05-10T23:29:15.139+0000] {dag.py:3954} INFO - Setting next_dagrun for example_subdag_operator.section-2 to None, run_after=None
[2024-05-10T23:29:15.153+0000] {processor.py:183} INFO - Processing /home/airflow/.local/lib/python3.12/site-packages/airflow/example_dags/example_subdag_operator.py took 0.128 seconds
[2024-05-10T23:29:45.217+0000] {processor.py:161} INFO - Started process (PID=336) to work on /home/airflow/.local/lib/python3.12/site-packages/airflow/example_dags/example_subdag_operator.py
[2024-05-10T23:29:45.218+0000] {processor.py:830} INFO - Processing file /home/airflow/.local/lib/python3.12/site-packages/airflow/example_dags/example_subdag_operator.py for tasks to queue
[2024-05-10T23:29:45.220+0000] {logging_mixin.py:188} INFO - [2024-05-10T23:29:45.220+0000] {dagbag.py:540} INFO - Filling up the DagBag from /home/airflow/.local/lib/python3.12/site-packages/airflow/example_dags/example_subdag_operator.py
[2024-05-10T23:29:45.244+0000] {processor.py:840} INFO - DAG(s) 'example_subdag_operator.section-1', 'example_subdag_operator.section-2', 'example_subdag_operator' retrieved from /home/airflow/.local/lib/python3.12/site-packages/airflow/example_dags/example_subdag_operator.py
[2024-05-10T23:29:45.261+0000] {logging_mixin.py:188} INFO - [2024-05-10T23:29:45.261+0000] {dag.py:3096} INFO - Sync 3 DAGs
[2024-05-10T23:29:45.283+0000] {logging_mixin.py:188} INFO - [2024-05-10T23:29:45.282+0000] {dag.py:3954} INFO - Setting next_dagrun for example_subdag_operator to 2022-01-01 00:00:00+00:00, run_after=2022-01-01 00:00:00+00:00
[2024-05-10T23:29:45.287+0000] {logging_mixin.py:188} INFO - [2024-05-10T23:29:45.287+0000] {dag.py:3954} INFO - Setting next_dagrun for example_subdag_operator.section-1 to None, run_after=None
[2024-05-10T23:29:45.290+0000] {logging_mixin.py:188} INFO - [2024-05-10T23:29:45.289+0000] {dag.py:3954} INFO - Setting next_dagrun for example_subdag_operator.section-2 to None, run_after=None
[2024-05-10T23:29:45.298+0000] {logging_mixin.py:188} INFO - [2024-05-10T23:29:45.298+0000] {dag.py:3096} INFO - Sync 2 DAGs
[2024-05-10T23:29:45.304+0000] {logging_mixin.py:188} INFO - [2024-05-10T23:29:45.304+0000] {dag.py:3954} INFO - Setting next_dagrun for example_subdag_operator.section-1 to None, run_after=None
[2024-05-10T23:29:45.305+0000] {logging_mixin.py:188} INFO - [2024-05-10T23:29:45.305+0000] {dag.py:3954} INFO - Setting next_dagrun for example_subdag_operator.section-2 to None, run_after=None
[2024-05-10T23:29:45.318+0000] {processor.py:183} INFO - Processing /home/airflow/.local/lib/python3.12/site-packages/airflow/example_dags/example_subdag_operator.py took 0.106 seconds
[2024-05-10T23:30:15.887+0000] {processor.py:161} INFO - Started process (PID=395) to work on /home/airflow/.local/lib/python3.12/site-packages/airflow/example_dags/example_subdag_operator.py
[2024-05-10T23:30:15.889+0000] {processor.py:830} INFO - Processing file /home/airflow/.local/lib/python3.12/site-packages/airflow/example_dags/example_subdag_operator.py for tasks to queue
[2024-05-10T23:30:15.891+0000] {logging_mixin.py:188} INFO - [2024-05-10T23:30:15.891+0000] {dagbag.py:540} INFO - Filling up the DagBag from /home/airflow/.local/lib/python3.12/site-packages/airflow/example_dags/example_subdag_operator.py
[2024-05-10T23:30:15.920+0000] {processor.py:840} INFO - DAG(s) 'example_subdag_operator.section-1', 'example_subdag_operator.section-2', 'example_subdag_operator' retrieved from /home/airflow/.local/lib/python3.12/site-packages/airflow/example_dags/example_subdag_operator.py
[2024-05-10T23:30:15.939+0000] {logging_mixin.py:188} INFO - [2024-05-10T23:30:15.939+0000] {dag.py:3096} INFO - Sync 3 DAGs
[2024-05-10T23:30:15.964+0000] {logging_mixin.py:188} INFO - [2024-05-10T23:30:15.963+0000] {dag.py:3954} INFO - Setting next_dagrun for example_subdag_operator to 2022-01-01 00:00:00+00:00, run_after=2022-01-01 00:00:00+00:00
[2024-05-10T23:30:15.968+0000] {logging_mixin.py:188} INFO - [2024-05-10T23:30:15.968+0000] {dag.py:3954} INFO - Setting next_dagrun for example_subdag_operator.section-1 to None, run_after=None
[2024-05-10T23:30:15.971+0000] {logging_mixin.py:188} INFO - [2024-05-10T23:30:15.970+0000] {dag.py:3954} INFO - Setting next_dagrun for example_subdag_operator.section-2 to None, run_after=None
[2024-05-10T23:30:15.979+0000] {logging_mixin.py:188} INFO - [2024-05-10T23:30:15.978+0000] {dag.py:3096} INFO - Sync 2 DAGs
[2024-05-10T23:30:15.986+0000] {logging_mixin.py:188} INFO - [2024-05-10T23:30:15.986+0000] {dag.py:3954} INFO - Setting next_dagrun for example_subdag_operator.section-1 to None, run_after=None
[2024-05-10T23:30:15.987+0000] {logging_mixin.py:188} INFO - [2024-05-10T23:30:15.987+0000] {dag.py:3954} INFO - Setting next_dagrun for example_subdag_operator.section-2 to None, run_after=None
[2024-05-10T23:30:16.002+0000] {processor.py:183} INFO - Processing /home/airflow/.local/lib/python3.12/site-packages/airflow/example_dags/example_subdag_operator.py took 0.122 seconds
[2024-05-10T23:30:46.453+0000] {processor.py:161} INFO - Started process (PID=454) to work on /home/airflow/.local/lib/python3.12/site-packages/airflow/example_dags/example_subdag_operator.py
[2024-05-10T23:30:46.454+0000] {processor.py:830} INFO - Processing file /home/airflow/.local/lib/python3.12/site-packages/airflow/example_dags/example_subdag_operator.py for tasks to queue
[2024-05-10T23:30:46.457+0000] {logging_mixin.py:188} INFO - [2024-05-10T23:30:46.457+0000] {dagbag.py:540} INFO - Filling up the DagBag from /home/airflow/.local/lib/python3.12/site-packages/airflow/example_dags/example_subdag_operator.py
[2024-05-10T23:30:46.485+0000] {processor.py:840} INFO - DAG(s) 'example_subdag_operator.section-1', 'example_subdag_operator.section-2', 'example_subdag_operator' retrieved from /home/airflow/.local/lib/python3.12/site-packages/airflow/example_dags/example_subdag_operator.py
[2024-05-10T23:30:46.509+0000] {logging_mixin.py:188} INFO - [2024-05-10T23:30:46.509+0000] {dag.py:3096} INFO - Sync 3 DAGs
[2024-05-10T23:30:46.542+0000] {logging_mixin.py:188} INFO - [2024-05-10T23:30:46.542+0000] {dag.py:3954} INFO - Setting next_dagrun for example_subdag_operator to 2022-01-01 00:00:00+00:00, run_after=2022-01-01 00:00:00+00:00
[2024-05-10T23:30:46.547+0000] {logging_mixin.py:188} INFO - [2024-05-10T23:30:46.547+0000] {dag.py:3954} INFO - Setting next_dagrun for example_subdag_operator.section-1 to None, run_after=None
[2024-05-10T23:30:46.549+0000] {logging_mixin.py:188} INFO - [2024-05-10T23:30:46.549+0000] {dag.py:3954} INFO - Setting next_dagrun for example_subdag_operator.section-2 to None, run_after=None
[2024-05-10T23:30:46.558+0000] {logging_mixin.py:188} INFO - [2024-05-10T23:30:46.558+0000] {dag.py:3096} INFO - Sync 2 DAGs
[2024-05-10T23:30:46.568+0000] {logging_mixin.py:188} INFO - [2024-05-10T23:30:46.567+0000] {dag.py:3954} INFO - Setting next_dagrun for example_subdag_operator.section-1 to None, run_after=None
[2024-05-10T23:30:46.570+0000] {logging_mixin.py:188} INFO - [2024-05-10T23:30:46.569+0000] {dag.py:3954} INFO - Setting next_dagrun for example_subdag_operator.section-2 to None, run_after=None
[2024-05-10T23:30:46.591+0000] {processor.py:183} INFO - Processing /home/airflow/.local/lib/python3.12/site-packages/airflow/example_dags/example_subdag_operator.py took 0.143 seconds
[2024-05-10T23:31:16.922+0000] {processor.py:161} INFO - Started process (PID=513) to work on /home/airflow/.local/lib/python3.12/site-packages/airflow/example_dags/example_subdag_operator.py
[2024-05-10T23:31:16.923+0000] {processor.py:830} INFO - Processing file /home/airflow/.local/lib/python3.12/site-packages/airflow/example_dags/example_subdag_operator.py for tasks to queue
[2024-05-10T23:31:16.925+0000] {logging_mixin.py:188} INFO - [2024-05-10T23:31:16.925+0000] {dagbag.py:540} INFO - Filling up the DagBag from /home/airflow/.local/lib/python3.12/site-packages/airflow/example_dags/example_subdag_operator.py
[2024-05-10T23:31:16.949+0000] {processor.py:840} INFO - DAG(s) 'example_subdag_operator.section-1', 'example_subdag_operator.section-2', 'example_subdag_operator' retrieved from /home/airflow/.local/lib/python3.12/site-packages/airflow/example_dags/example_subdag_operator.py
[2024-05-10T23:31:16.965+0000] {logging_mixin.py:188} INFO - [2024-05-10T23:31:16.965+0000] {dag.py:3096} INFO - Sync 3 DAGs
[2024-05-10T23:31:16.990+0000] {logging_mixin.py:188} INFO - [2024-05-10T23:31:16.990+0000] {dag.py:3954} INFO - Setting next_dagrun for example_subdag_operator to 2022-01-01 00:00:00+00:00, run_after=2022-01-01 00:00:00+00:00
[2024-05-10T23:31:16.995+0000] {logging_mixin.py:188} INFO - [2024-05-10T23:31:16.995+0000] {dag.py:3954} INFO - Setting next_dagrun for example_subdag_operator.section-1 to None, run_after=None
[2024-05-10T23:31:16.997+0000] {logging_mixin.py:188} INFO - [2024-05-10T23:31:16.997+0000] {dag.py:3954} INFO - Setting next_dagrun for example_subdag_operator.section-2 to None, run_after=None
[2024-05-10T23:31:17.005+0000] {logging_mixin.py:188} INFO - [2024-05-10T23:31:17.005+0000] {dag.py:3096} INFO - Sync 2 DAGs
[2024-05-10T23:31:17.012+0000] {logging_mixin.py:188} INFO - [2024-05-10T23:31:17.011+0000] {dag.py:3954} INFO - Setting next_dagrun for example_subdag_operator.section-1 to None, run_after=None
[2024-05-10T23:31:17.012+0000] {logging_mixin.py:188} INFO - [2024-05-10T23:31:17.012+0000] {dag.py:3954} INFO - Setting next_dagrun for example_subdag_operator.section-2 to None, run_after=None
[2024-05-10T23:31:17.026+0000] {processor.py:183} INFO - Processing /home/airflow/.local/lib/python3.12/site-packages/airflow/example_dags/example_subdag_operator.py took 0.109 seconds
[2024-05-10T23:31:48.370+0000] {processor.py:161} INFO - Started process (PID=572) to work on /home/airflow/.local/lib/python3.12/site-packages/airflow/example_dags/example_subdag_operator.py
[2024-05-10T23:31:48.372+0000] {processor.py:830} INFO - Processing file /home/airflow/.local/lib/python3.12/site-packages/airflow/example_dags/example_subdag_operator.py for tasks to queue
[2024-05-10T23:31:48.374+0000] {logging_mixin.py:188} INFO - [2024-05-10T23:31:48.373+0000] {dagbag.py:540} INFO - Filling up the DagBag from /home/airflow/.local/lib/python3.12/site-packages/airflow/example_dags/example_subdag_operator.py
[2024-05-10T23:31:48.402+0000] {processor.py:840} INFO - DAG(s) 'example_subdag_operator.section-1', 'example_subdag_operator.section-2', 'example_subdag_operator' retrieved from /home/airflow/.local/lib/python3.12/site-packages/airflow/example_dags/example_subdag_operator.py
[2024-05-10T23:31:48.421+0000] {logging_mixin.py:188} INFO - [2024-05-10T23:31:48.421+0000] {dag.py:3096} INFO - Sync 3 DAGs
[2024-05-10T23:31:48.447+0000] {logging_mixin.py:188} INFO - [2024-05-10T23:31:48.446+0000] {dag.py:3954} INFO - Setting next_dagrun for example_subdag_operator to 2022-01-01 00:00:00+00:00, run_after=2022-01-01 00:00:00+00:00
[2024-05-10T23:31:48.452+0000] {logging_mixin.py:188} INFO - [2024-05-10T23:31:48.451+0000] {dag.py:3954} INFO - Setting next_dagrun for example_subdag_operator.section-1 to None, run_after=None
[2024-05-10T23:31:48.454+0000] {logging_mixin.py:188} INFO - [2024-05-10T23:31:48.453+0000] {dag.py:3954} INFO - Setting next_dagrun for example_subdag_operator.section-2 to None, run_after=None
[2024-05-10T23:31:48.463+0000] {logging_mixin.py:188} INFO - [2024-05-10T23:31:48.463+0000] {dag.py:3096} INFO - Sync 2 DAGs
[2024-05-10T23:31:48.472+0000] {logging_mixin.py:188} INFO - [2024-05-10T23:31:48.472+0000] {dag.py:3954} INFO - Setting next_dagrun for example_subdag_operator.section-1 to None, run_after=None
[2024-05-10T23:31:48.474+0000] {logging_mixin.py:188} INFO - [2024-05-10T23:31:48.473+0000] {dag.py:3954} INFO - Setting next_dagrun for example_subdag_operator.section-2 to None, run_after=None
[2024-05-10T23:31:48.494+0000] {processor.py:183} INFO - Processing /home/airflow/.local/lib/python3.12/site-packages/airflow/example_dags/example_subdag_operator.py took 0.129 seconds
[2024-05-10T23:32:19.134+0000] {processor.py:161} INFO - Started process (PID=631) to work on /home/airflow/.local/lib/python3.12/site-packages/airflow/example_dags/example_subdag_operator.py
[2024-05-10T23:32:19.135+0000] {processor.py:830} INFO - Processing file /home/airflow/.local/lib/python3.12/site-packages/airflow/example_dags/example_subdag_operator.py for tasks to queue
[2024-05-10T23:32:19.137+0000] {logging_mixin.py:188} INFO - [2024-05-10T23:32:19.137+0000] {dagbag.py:540} INFO - Filling up the DagBag from /home/airflow/.local/lib/python3.12/site-packages/airflow/example_dags/example_subdag_operator.py
[2024-05-10T23:32:19.165+0000] {processor.py:840} INFO - DAG(s) 'example_subdag_operator.section-1', 'example_subdag_operator.section-2', 'example_subdag_operator' retrieved from /home/airflow/.local/lib/python3.12/site-packages/airflow/example_dags/example_subdag_operator.py
[2024-05-10T23:32:19.186+0000] {logging_mixin.py:188} INFO - [2024-05-10T23:32:19.186+0000] {dag.py:3096} INFO - Sync 3 DAGs
[2024-05-10T23:32:19.215+0000] {logging_mixin.py:188} INFO - [2024-05-10T23:32:19.214+0000] {dag.py:3954} INFO - Setting next_dagrun for example_subdag_operator to 2022-01-01 00:00:00+00:00, run_after=2022-01-01 00:00:00+00:00
[2024-05-10T23:32:19.220+0000] {logging_mixin.py:188} INFO - [2024-05-10T23:32:19.219+0000] {dag.py:3954} INFO - Setting next_dagrun for example_subdag_operator.section-1 to None, run_after=None
[2024-05-10T23:32:19.222+0000] {logging_mixin.py:188} INFO - [2024-05-10T23:32:19.222+0000] {dag.py:3954} INFO - Setting next_dagrun for example_subdag_operator.section-2 to None, run_after=None
[2024-05-10T23:32:19.231+0000] {logging_mixin.py:188} INFO - [2024-05-10T23:32:19.231+0000] {dag.py:3096} INFO - Sync 2 DAGs
[2024-05-10T23:32:19.240+0000] {logging_mixin.py:188} INFO - [2024-05-10T23:32:19.239+0000] {dag.py:3954} INFO - Setting next_dagrun for example_subdag_operator.section-1 to None, run_after=None
[2024-05-10T23:32:19.240+0000] {logging_mixin.py:188} INFO - [2024-05-10T23:32:19.240+0000] {dag.py:3954} INFO - Setting next_dagrun for example_subdag_operator.section-2 to None, run_after=None
[2024-05-10T23:32:19.257+0000] {processor.py:183} INFO - Processing /home/airflow/.local/lib/python3.12/site-packages/airflow/example_dags/example_subdag_operator.py took 0.128 seconds
[2024-05-10T23:32:49.526+0000] {processor.py:161} INFO - Started process (PID=690) to work on /home/airflow/.local/lib/python3.12/site-packages/airflow/example_dags/example_subdag_operator.py
[2024-05-10T23:32:49.527+0000] {processor.py:830} INFO - Processing file /home/airflow/.local/lib/python3.12/site-packages/airflow/example_dags/example_subdag_operator.py for tasks to queue
[2024-05-10T23:32:49.531+0000] {logging_mixin.py:188} INFO - [2024-05-10T23:32:49.530+0000] {dagbag.py:540} INFO - Filling up the DagBag from /home/airflow/.local/lib/python3.12/site-packages/airflow/example_dags/example_subdag_operator.py
[2024-05-10T23:32:49.565+0000] {processor.py:840} INFO - DAG(s) 'example_subdag_operator.section-1', 'example_subdag_operator.section-2', 'example_subdag_operator' retrieved from /home/airflow/.local/lib/python3.12/site-packages/airflow/example_dags/example_subdag_operator.py
[2024-05-10T23:32:49.585+0000] {logging_mixin.py:188} INFO - [2024-05-10T23:32:49.585+0000] {dag.py:3096} INFO - Sync 3 DAGs
[2024-05-10T23:32:49.611+0000] {logging_mixin.py:188} INFO - [2024-05-10T23:32:49.611+0000] {dag.py:3954} INFO - Setting next_dagrun for example_subdag_operator to 2022-01-01 00:00:00+00:00, run_after=2022-01-01 00:00:00+00:00
[2024-05-10T23:32:49.616+0000] {logging_mixin.py:188} INFO - [2024-05-10T23:32:49.616+0000] {dag.py:3954} INFO - Setting next_dagrun for example_subdag_operator.section-1 to None, run_after=None
[2024-05-10T23:32:49.618+0000] {logging_mixin.py:188} INFO - [2024-05-10T23:32:49.617+0000] {dag.py:3954} INFO - Setting next_dagrun for example_subdag_operator.section-2 to None, run_after=None
[2024-05-10T23:32:49.625+0000] {logging_mixin.py:188} INFO - [2024-05-10T23:32:49.625+0000] {dag.py:3096} INFO - Sync 2 DAGs
[2024-05-10T23:32:49.633+0000] {logging_mixin.py:188} INFO - [2024-05-10T23:32:49.632+0000] {dag.py:3954} INFO - Setting next_dagrun for example_subdag_operator.section-1 to None, run_after=None
[2024-05-10T23:32:49.633+0000] {logging_mixin.py:188} INFO - [2024-05-10T23:32:49.633+0000] {dag.py:3954} INFO - Setting next_dagrun for example_subdag_operator.section-2 to None, run_after=None
[2024-05-10T23:32:49.650+0000] {processor.py:183} INFO - Processing /home/airflow/.local/lib/python3.12/site-packages/airflow/example_dags/example_subdag_operator.py took 0.130 seconds
[2024-05-10T23:33:20.455+0000] {processor.py:161} INFO - Started process (PID=749) to work on /home/airflow/.local/lib/python3.12/site-packages/airflow/example_dags/example_subdag_operator.py
[2024-05-10T23:33:20.456+0000] {processor.py:830} INFO - Processing file /home/airflow/.local/lib/python3.12/site-packages/airflow/example_dags/example_subdag_operator.py for tasks to queue
[2024-05-10T23:33:20.458+0000] {logging_mixin.py:188} INFO - [2024-05-10T23:33:20.458+0000] {dagbag.py:540} INFO - Filling up the DagBag from /home/airflow/.local/lib/python3.12/site-packages/airflow/example_dags/example_subdag_operator.py
[2024-05-10T23:33:20.485+0000] {processor.py:840} INFO - DAG(s) 'example_subdag_operator.section-1', 'example_subdag_operator.section-2', 'example_subdag_operator' retrieved from /home/airflow/.local/lib/python3.12/site-packages/airflow/example_dags/example_subdag_operator.py
[2024-05-10T23:33:20.504+0000] {logging_mixin.py:188} INFO - [2024-05-10T23:33:20.504+0000] {dag.py:3096} INFO - Sync 3 DAGs
[2024-05-10T23:33:20.526+0000] {logging_mixin.py:188} INFO - [2024-05-10T23:33:20.526+0000] {dag.py:3954} INFO - Setting next_dagrun for example_subdag_operator to 2022-01-01 00:00:00+00:00, run_after=2022-01-01 00:00:00+00:00
[2024-05-10T23:33:20.531+0000] {logging_mixin.py:188} INFO - [2024-05-10T23:33:20.531+0000] {dag.py:3954} INFO - Setting next_dagrun for example_subdag_operator.section-1 to None, run_after=None
[2024-05-10T23:33:20.533+0000] {logging_mixin.py:188} INFO - [2024-05-10T23:33:20.533+0000] {dag.py:3954} INFO - Setting next_dagrun for example_subdag_operator.section-2 to None, run_after=None
[2024-05-10T23:33:20.541+0000] {logging_mixin.py:188} INFO - [2024-05-10T23:33:20.541+0000] {dag.py:3096} INFO - Sync 2 DAGs
[2024-05-10T23:33:20.548+0000] {logging_mixin.py:188} INFO - [2024-05-10T23:33:20.547+0000] {dag.py:3954} INFO - Setting next_dagrun for example_subdag_operator.section-1 to None, run_after=None
[2024-05-10T23:33:20.548+0000] {logging_mixin.py:188} INFO - [2024-05-10T23:33:20.548+0000] {dag.py:3954} INFO - Setting next_dagrun for example_subdag_operator.section-2 to None, run_after=None
[2024-05-10T23:33:20.562+0000] {processor.py:183} INFO - Processing /home/airflow/.local/lib/python3.12/site-packages/airflow/example_dags/example_subdag_operator.py took 0.115 seconds
[2024-05-10T23:33:51.192+0000] {processor.py:161} INFO - Started process (PID=808) to work on /home/airflow/.local/lib/python3.12/site-packages/airflow/example_dags/example_subdag_operator.py
[2024-05-10T23:33:51.193+0000] {processor.py:830} INFO - Processing file /home/airflow/.local/lib/python3.12/site-packages/airflow/example_dags/example_subdag_operator.py for tasks to queue
[2024-05-10T23:33:51.195+0000] {logging_mixin.py:188} INFO - [2024-05-10T23:33:51.195+0000] {dagbag.py:540} INFO - Filling up the DagBag from /home/airflow/.local/lib/python3.12/site-packages/airflow/example_dags/example_subdag_operator.py
[2024-05-10T23:33:51.218+0000] {processor.py:840} INFO - DAG(s) 'example_subdag_operator.section-1', 'example_subdag_operator.section-2', 'example_subdag_operator' retrieved from /home/airflow/.local/lib/python3.12/site-packages/airflow/example_dags/example_subdag_operator.py
[2024-05-10T23:33:51.238+0000] {logging_mixin.py:188} INFO - [2024-05-10T23:33:51.237+0000] {dag.py:3096} INFO - Sync 3 DAGs
[2024-05-10T23:33:51.261+0000] {logging_mixin.py:188} INFO - [2024-05-10T23:33:51.261+0000] {dag.py:3954} INFO - Setting next_dagrun for example_subdag_operator to 2022-01-01 00:00:00+00:00, run_after=2022-01-01 00:00:00+00:00
[2024-05-10T23:33:51.265+0000] {logging_mixin.py:188} INFO - [2024-05-10T23:33:51.265+0000] {dag.py:3954} INFO - Setting next_dagrun for example_subdag_operator.section-1 to None, run_after=None
[2024-05-10T23:33:51.267+0000] {logging_mixin.py:188} INFO - [2024-05-10T23:33:51.267+0000] {dag.py:3954} INFO - Setting next_dagrun for example_subdag_operator.section-2 to None, run_after=None
[2024-05-10T23:33:51.275+0000] {logging_mixin.py:188} INFO - [2024-05-10T23:33:51.275+0000] {dag.py:3096} INFO - Sync 2 DAGs
[2024-05-10T23:33:51.282+0000] {logging_mixin.py:188} INFO - [2024-05-10T23:33:51.282+0000] {dag.py:3954} INFO - Setting next_dagrun for example_subdag_operator.section-1 to None, run_after=None
[2024-05-10T23:33:51.283+0000] {logging_mixin.py:188} INFO - [2024-05-10T23:33:51.283+0000] {dag.py:3954} INFO - Setting next_dagrun for example_subdag_operator.section-2 to None, run_after=None
[2024-05-10T23:33:51.297+0000] {processor.py:183} INFO - Processing /home/airflow/.local/lib/python3.12/site-packages/airflow/example_dags/example_subdag_operator.py took 0.110 seconds
[2024-05-10T23:34:21.444+0000] {processor.py:161} INFO - Started process (PID=867) to work on /home/airflow/.local/lib/python3.12/site-packages/airflow/example_dags/example_subdag_operator.py
[2024-05-10T23:34:21.445+0000] {processor.py:830} INFO - Processing file /home/airflow/.local/lib/python3.12/site-packages/airflow/example_dags/example_subdag_operator.py for tasks to queue
[2024-05-10T23:34:21.447+0000] {logging_mixin.py:188} INFO - [2024-05-10T23:34:21.446+0000] {dagbag.py:540} INFO - Filling up the DagBag from /home/airflow/.local/lib/python3.12/site-packages/airflow/example_dags/example_subdag_operator.py
[2024-05-10T23:34:21.470+0000] {processor.py:840} INFO - DAG(s) 'example_subdag_operator.section-1', 'example_subdag_operator.section-2', 'example_subdag_operator' retrieved from /home/airflow/.local/lib/python3.12/site-packages/airflow/example_dags/example_subdag_operator.py
[2024-05-10T23:34:21.491+0000] {logging_mixin.py:188} INFO - [2024-05-10T23:34:21.490+0000] {dag.py:3096} INFO - Sync 3 DAGs
[2024-05-10T23:34:21.525+0000] {logging_mixin.py:188} INFO - [2024-05-10T23:34:21.525+0000] {dag.py:3954} INFO - Setting next_dagrun for example_subdag_operator to 2022-01-01 00:00:00+00:00, run_after=2022-01-01 00:00:00+00:00
[2024-05-10T23:34:21.533+0000] {logging_mixin.py:188} INFO - [2024-05-10T23:34:21.533+0000] {dag.py:3954} INFO - Setting next_dagrun for example_subdag_operator.section-1 to None, run_after=None
[2024-05-10T23:34:21.538+0000] {logging_mixin.py:188} INFO - [2024-05-10T23:34:21.538+0000] {dag.py:3954} INFO - Setting next_dagrun for example_subdag_operator.section-2 to None, run_after=None
[2024-05-10T23:34:21.550+0000] {logging_mixin.py:188} INFO - [2024-05-10T23:34:21.549+0000] {dag.py:3096} INFO - Sync 2 DAGs
[2024-05-10T23:34:21.558+0000] {logging_mixin.py:188} INFO - [2024-05-10T23:34:21.558+0000] {dag.py:3954} INFO - Setting next_dagrun for example_subdag_operator.section-1 to None, run_after=None
[2024-05-10T23:34:21.559+0000] {logging_mixin.py:188} INFO - [2024-05-10T23:34:21.559+0000] {dag.py:3954} INFO - Setting next_dagrun for example_subdag_operator.section-2 to None, run_after=None
[2024-05-10T23:34:21.578+0000] {processor.py:183} INFO - Processing /home/airflow/.local/lib/python3.12/site-packages/airflow/example_dags/example_subdag_operator.py took 0.140 seconds
[2024-05-10T23:34:51.650+0000] {processor.py:161} INFO - Started process (PID=932) to work on /home/airflow/.local/lib/python3.12/site-packages/airflow/example_dags/example_subdag_operator.py
[2024-05-10T23:34:51.651+0000] {processor.py:830} INFO - Processing file /home/airflow/.local/lib/python3.12/site-packages/airflow/example_dags/example_subdag_operator.py for tasks to queue
[2024-05-10T23:34:51.653+0000] {logging_mixin.py:188} INFO - [2024-05-10T23:34:51.652+0000] {dagbag.py:540} INFO - Filling up the DagBag from /home/airflow/.local/lib/python3.12/site-packages/airflow/example_dags/example_subdag_operator.py
[2024-05-10T23:34:51.674+0000] {processor.py:840} INFO - DAG(s) 'example_subdag_operator.section-1', 'example_subdag_operator.section-2', 'example_subdag_operator' retrieved from /home/airflow/.local/lib/python3.12/site-packages/airflow/example_dags/example_subdag_operator.py
[2024-05-10T23:34:51.691+0000] {logging_mixin.py:188} INFO - [2024-05-10T23:34:51.691+0000] {dag.py:3096} INFO - Sync 3 DAGs
[2024-05-10T23:34:51.713+0000] {logging_mixin.py:188} INFO - [2024-05-10T23:34:51.712+0000] {dag.py:3954} INFO - Setting next_dagrun for example_subdag_operator to 2022-01-01 00:00:00+00:00, run_after=2022-01-01 00:00:00+00:00
[2024-05-10T23:34:51.718+0000] {logging_mixin.py:188} INFO - [2024-05-10T23:34:51.717+0000] {dag.py:3954} INFO - Setting next_dagrun for example_subdag_operator.section-1 to None, run_after=None
[2024-05-10T23:34:51.720+0000] {logging_mixin.py:188} INFO - [2024-05-10T23:34:51.719+0000] {dag.py:3954} INFO - Setting next_dagrun for example_subdag_operator.section-2 to None, run_after=None
[2024-05-10T23:34:51.728+0000] {logging_mixin.py:188} INFO - [2024-05-10T23:34:51.727+0000] {dag.py:3096} INFO - Sync 2 DAGs
[2024-05-10T23:34:51.733+0000] {logging_mixin.py:188} INFO - [2024-05-10T23:34:51.733+0000] {dag.py:3954} INFO - Setting next_dagrun for example_subdag_operator.section-1 to None, run_after=None
[2024-05-10T23:34:51.734+0000] {logging_mixin.py:188} INFO - [2024-05-10T23:34:51.734+0000] {dag.py:3954} INFO - Setting next_dagrun for example_subdag_operator.section-2 to None, run_after=None
[2024-05-10T23:34:51.748+0000] {processor.py:183} INFO - Processing /home/airflow/.local/lib/python3.12/site-packages/airflow/example_dags/example_subdag_operator.py took 0.103 seconds
[2024-05-10T23:35:22.291+0000] {processor.py:161} INFO - Started process (PID=991) to work on /home/airflow/.local/lib/python3.12/site-packages/airflow/example_dags/example_subdag_operator.py
[2024-05-10T23:35:22.292+0000] {processor.py:830} INFO - Processing file /home/airflow/.local/lib/python3.12/site-packages/airflow/example_dags/example_subdag_operator.py for tasks to queue
[2024-05-10T23:35:22.295+0000] {logging_mixin.py:188} INFO - [2024-05-10T23:35:22.294+0000] {dagbag.py:540} INFO - Filling up the DagBag from /home/airflow/.local/lib/python3.12/site-packages/airflow/example_dags/example_subdag_operator.py
[2024-05-10T23:35:22.323+0000] {processor.py:840} INFO - DAG(s) 'example_subdag_operator.section-1', 'example_subdag_operator.section-2', 'example_subdag_operator' retrieved from /home/airflow/.local/lib/python3.12/site-packages/airflow/example_dags/example_subdag_operator.py
[2024-05-10T23:35:22.341+0000] {logging_mixin.py:188} INFO - [2024-05-10T23:35:22.340+0000] {dag.py:3096} INFO - Sync 3 DAGs
[2024-05-10T23:35:22.365+0000] {logging_mixin.py:188} INFO - [2024-05-10T23:35:22.364+0000] {dag.py:3954} INFO - Setting next_dagrun for example_subdag_operator to 2022-01-01 00:00:00+00:00, run_after=2022-01-01 00:00:00+00:00
[2024-05-10T23:35:22.369+0000] {logging_mixin.py:188} INFO - [2024-05-10T23:35:22.368+0000] {dag.py:3954} INFO - Setting next_dagrun for example_subdag_operator.section-1 to None, run_after=None
[2024-05-10T23:35:22.371+0000] {logging_mixin.py:188} INFO - [2024-05-10T23:35:22.370+0000] {dag.py:3954} INFO - Setting next_dagrun for example_subdag_operator.section-2 to None, run_after=None
[2024-05-10T23:35:22.379+0000] {logging_mixin.py:188} INFO - [2024-05-10T23:35:22.379+0000] {dag.py:3096} INFO - Sync 2 DAGs
[2024-05-10T23:35:22.386+0000] {logging_mixin.py:188} INFO - [2024-05-10T23:35:22.386+0000] {dag.py:3954} INFO - Setting next_dagrun for example_subdag_operator.section-1 to None, run_after=None
[2024-05-10T23:35:22.387+0000] {logging_mixin.py:188} INFO - [2024-05-10T23:35:22.386+0000] {dag.py:3954} INFO - Setting next_dagrun for example_subdag_operator.section-2 to None, run_after=None
[2024-05-10T23:35:22.400+0000] {processor.py:183} INFO - Processing /home/airflow/.local/lib/python3.12/site-packages/airflow/example_dags/example_subdag_operator.py took 0.115 seconds
[2024-05-10T23:35:53.513+0000] {processor.py:161} INFO - Started process (PID=1050) to work on /home/airflow/.local/lib/python3.12/site-packages/airflow/example_dags/example_subdag_operator.py
[2024-05-10T23:35:53.514+0000] {processor.py:830} INFO - Processing file /home/airflow/.local/lib/python3.12/site-packages/airflow/example_dags/example_subdag_operator.py for tasks to queue
[2024-05-10T23:35:53.516+0000] {logging_mixin.py:188} INFO - [2024-05-10T23:35:53.515+0000] {dagbag.py:540} INFO - Filling up the DagBag from /home/airflow/.local/lib/python3.12/site-packages/airflow/example_dags/example_subdag_operator.py
[2024-05-10T23:35:53.547+0000] {processor.py:840} INFO - DAG(s) 'example_subdag_operator.section-1', 'example_subdag_operator.section-2', 'example_subdag_operator' retrieved from /home/airflow/.local/lib/python3.12/site-packages/airflow/example_dags/example_subdag_operator.py
[2024-05-10T23:35:53.566+0000] {logging_mixin.py:188} INFO - [2024-05-10T23:35:53.566+0000] {dag.py:3096} INFO - Sync 3 DAGs
[2024-05-10T23:35:53.722+0000] {logging_mixin.py:188} INFO - [2024-05-10T23:35:53.721+0000] {dag.py:3954} INFO - Setting next_dagrun for example_subdag_operator to 2022-01-01 00:00:00+00:00, run_after=2022-01-01 00:00:00+00:00
[2024-05-10T23:35:53.727+0000] {logging_mixin.py:188} INFO - [2024-05-10T23:35:53.727+0000] {dag.py:3954} INFO - Setting next_dagrun for example_subdag_operator.section-1 to None, run_after=None
[2024-05-10T23:35:53.729+0000] {logging_mixin.py:188} INFO - [2024-05-10T23:35:53.729+0000] {dag.py:3954} INFO - Setting next_dagrun for example_subdag_operator.section-2 to None, run_after=None
[2024-05-10T23:35:53.737+0000] {logging_mixin.py:188} INFO - [2024-05-10T23:35:53.737+0000] {dag.py:3096} INFO - Sync 2 DAGs
[2024-05-10T23:35:53.747+0000] {logging_mixin.py:188} INFO - [2024-05-10T23:35:53.746+0000] {dag.py:3954} INFO - Setting next_dagrun for example_subdag_operator.section-1 to None, run_after=None
[2024-05-10T23:35:53.748+0000] {logging_mixin.py:188} INFO - [2024-05-10T23:35:53.748+0000] {dag.py:3954} INFO - Setting next_dagrun for example_subdag_operator.section-2 to None, run_after=None
[2024-05-10T23:35:53.763+0000] {processor.py:183} INFO - Processing /home/airflow/.local/lib/python3.12/site-packages/airflow/example_dags/example_subdag_operator.py took 0.255 seconds
[2024-05-10T23:36:24.624+0000] {processor.py:161} INFO - Started process (PID=1110) to work on /home/airflow/.local/lib/python3.12/site-packages/airflow/example_dags/example_subdag_operator.py
[2024-05-10T23:36:24.625+0000] {processor.py:830} INFO - Processing file /home/airflow/.local/lib/python3.12/site-packages/airflow/example_dags/example_subdag_operator.py for tasks to queue
[2024-05-10T23:36:24.628+0000] {logging_mixin.py:188} INFO - [2024-05-10T23:36:24.627+0000] {dagbag.py:540} INFO - Filling up the DagBag from /home/airflow/.local/lib/python3.12/site-packages/airflow/example_dags/example_subdag_operator.py
[2024-05-10T23:36:24.650+0000] {processor.py:840} INFO - DAG(s) 'example_subdag_operator.section-1', 'example_subdag_operator.section-2', 'example_subdag_operator' retrieved from /home/airflow/.local/lib/python3.12/site-packages/airflow/example_dags/example_subdag_operator.py
[2024-05-10T23:36:24.665+0000] {logging_mixin.py:188} INFO - [2024-05-10T23:36:24.664+0000] {dag.py:3096} INFO - Sync 3 DAGs
[2024-05-10T23:36:24.847+0000] {logging_mixin.py:188} INFO - [2024-05-10T23:36:24.847+0000] {dag.py:3954} INFO - Setting next_dagrun for example_subdag_operator to 2022-01-01 00:00:00+00:00, run_after=2022-01-01 00:00:00+00:00
[2024-05-10T23:36:24.854+0000] {logging_mixin.py:188} INFO - [2024-05-10T23:36:24.854+0000] {dag.py:3954} INFO - Setting next_dagrun for example_subdag_operator.section-1 to None, run_after=None
[2024-05-10T23:36:24.858+0000] {logging_mixin.py:188} INFO - [2024-05-10T23:36:24.857+0000] {dag.py:3954} INFO - Setting next_dagrun for example_subdag_operator.section-2 to None, run_after=None
[2024-05-10T23:36:24.869+0000] {logging_mixin.py:188} INFO - [2024-05-10T23:36:24.869+0000] {dag.py:3096} INFO - Sync 2 DAGs
[2024-05-10T23:36:24.879+0000] {logging_mixin.py:188} INFO - [2024-05-10T23:36:24.879+0000] {dag.py:3954} INFO - Setting next_dagrun for example_subdag_operator.section-1 to None, run_after=None
[2024-05-10T23:36:24.881+0000] {logging_mixin.py:188} INFO - [2024-05-10T23:36:24.880+0000] {dag.py:3954} INFO - Setting next_dagrun for example_subdag_operator.section-2 to None, run_after=None
[2024-05-10T23:36:24.910+0000] {processor.py:183} INFO - Processing /home/airflow/.local/lib/python3.12/site-packages/airflow/example_dags/example_subdag_operator.py took 0.292 seconds
[2024-05-10T23:36:55.265+0000] {processor.py:161} INFO - Started process (PID=1168) to work on /home/airflow/.local/lib/python3.12/site-packages/airflow/example_dags/example_subdag_operator.py
[2024-05-10T23:36:55.266+0000] {processor.py:830} INFO - Processing file /home/airflow/.local/lib/python3.12/site-packages/airflow/example_dags/example_subdag_operator.py for tasks to queue
[2024-05-10T23:36:55.269+0000] {logging_mixin.py:188} INFO - [2024-05-10T23:36:55.268+0000] {dagbag.py:540} INFO - Filling up the DagBag from /home/airflow/.local/lib/python3.12/site-packages/airflow/example_dags/example_subdag_operator.py
[2024-05-10T23:36:55.295+0000] {processor.py:840} INFO - DAG(s) 'example_subdag_operator.section-1', 'example_subdag_operator.section-2', 'example_subdag_operator' retrieved from /home/airflow/.local/lib/python3.12/site-packages/airflow/example_dags/example_subdag_operator.py
[2024-05-10T23:36:55.318+0000] {logging_mixin.py:188} INFO - [2024-05-10T23:36:55.317+0000] {dag.py:3096} INFO - Sync 3 DAGs
[2024-05-10T23:36:55.354+0000] {logging_mixin.py:188} INFO - [2024-05-10T23:36:55.354+0000] {dag.py:3954} INFO - Setting next_dagrun for example_subdag_operator to 2022-01-01 00:00:00+00:00, run_after=2022-01-01 00:00:00+00:00
[2024-05-10T23:36:55.369+0000] {logging_mixin.py:188} INFO - [2024-05-10T23:36:55.369+0000] {dag.py:3954} INFO - Setting next_dagrun for example_subdag_operator.section-1 to None, run_after=None
[2024-05-10T23:36:55.377+0000] {logging_mixin.py:188} INFO - [2024-05-10T23:36:55.377+0000] {dag.py:3954} INFO - Setting next_dagrun for example_subdag_operator.section-2 to None, run_after=None
[2024-05-10T23:36:55.394+0000] {logging_mixin.py:188} INFO - [2024-05-10T23:36:55.394+0000] {dag.py:3096} INFO - Sync 2 DAGs
[2024-05-10T23:36:55.412+0000] {logging_mixin.py:188} INFO - [2024-05-10T23:36:55.411+0000] {dag.py:3954} INFO - Setting next_dagrun for example_subdag_operator.section-1 to None, run_after=None
[2024-05-10T23:36:55.414+0000] {logging_mixin.py:188} INFO - [2024-05-10T23:36:55.413+0000] {dag.py:3954} INFO - Setting next_dagrun for example_subdag_operator.section-2 to None, run_after=None
[2024-05-10T23:36:55.448+0000] {processor.py:183} INFO - Processing /home/airflow/.local/lib/python3.12/site-packages/airflow/example_dags/example_subdag_operator.py took 0.191 seconds
[2024-05-10T23:37:25.497+0000] {processor.py:161} INFO - Started process (PID=1227) to work on /home/airflow/.local/lib/python3.12/site-packages/airflow/example_dags/example_subdag_operator.py
[2024-05-10T23:37:25.498+0000] {processor.py:830} INFO - Processing file /home/airflow/.local/lib/python3.12/site-packages/airflow/example_dags/example_subdag_operator.py for tasks to queue
[2024-05-10T23:37:25.500+0000] {logging_mixin.py:188} INFO - [2024-05-10T23:37:25.500+0000] {dagbag.py:540} INFO - Filling up the DagBag from /home/airflow/.local/lib/python3.12/site-packages/airflow/example_dags/example_subdag_operator.py
[2024-05-10T23:37:25.532+0000] {processor.py:840} INFO - DAG(s) 'example_subdag_operator.section-1', 'example_subdag_operator.section-2', 'example_subdag_operator' retrieved from /home/airflow/.local/lib/python3.12/site-packages/airflow/example_dags/example_subdag_operator.py
[2024-05-10T23:37:25.550+0000] {logging_mixin.py:188} INFO - [2024-05-10T23:37:25.550+0000] {dag.py:3096} INFO - Sync 3 DAGs
[2024-05-10T23:37:25.572+0000] {logging_mixin.py:188} INFO - [2024-05-10T23:37:25.572+0000] {dag.py:3954} INFO - Setting next_dagrun for example_subdag_operator to 2022-01-01 00:00:00+00:00, run_after=2022-01-01 00:00:00+00:00
[2024-05-10T23:37:25.577+0000] {logging_mixin.py:188} INFO - [2024-05-10T23:37:25.577+0000] {dag.py:3954} INFO - Setting next_dagrun for example_subdag_operator.section-1 to None, run_after=None
[2024-05-10T23:37:25.579+0000] {logging_mixin.py:188} INFO - [2024-05-10T23:37:25.579+0000] {dag.py:3954} INFO - Setting next_dagrun for example_subdag_operator.section-2 to None, run_after=None
[2024-05-10T23:37:25.586+0000] {logging_mixin.py:188} INFO - [2024-05-10T23:37:25.586+0000] {dag.py:3096} INFO - Sync 2 DAGs
[2024-05-10T23:37:25.593+0000] {logging_mixin.py:188} INFO - [2024-05-10T23:37:25.593+0000] {dag.py:3954} INFO - Setting next_dagrun for example_subdag_operator.section-1 to None, run_after=None
[2024-05-10T23:37:25.594+0000] {logging_mixin.py:188} INFO - [2024-05-10T23:37:25.594+0000] {dag.py:3954} INFO - Setting next_dagrun for example_subdag_operator.section-2 to None, run_after=None
[2024-05-10T23:37:25.609+0000] {processor.py:183} INFO - Processing /home/airflow/.local/lib/python3.12/site-packages/airflow/example_dags/example_subdag_operator.py took 0.120 seconds
[2024-05-10T23:37:55.724+0000] {processor.py:161} INFO - Started process (PID=1286) to work on /home/airflow/.local/lib/python3.12/site-packages/airflow/example_dags/example_subdag_operator.py
[2024-05-10T23:37:55.725+0000] {processor.py:830} INFO - Processing file /home/airflow/.local/lib/python3.12/site-packages/airflow/example_dags/example_subdag_operator.py for tasks to queue
[2024-05-10T23:37:55.728+0000] {logging_mixin.py:188} INFO - [2024-05-10T23:37:55.727+0000] {dagbag.py:540} INFO - Filling up the DagBag from /home/airflow/.local/lib/python3.12/site-packages/airflow/example_dags/example_subdag_operator.py
[2024-05-10T23:37:55.753+0000] {processor.py:840} INFO - DAG(s) 'example_subdag_operator.section-1', 'example_subdag_operator.section-2', 'example_subdag_operator' retrieved from /home/airflow/.local/lib/python3.12/site-packages/airflow/example_dags/example_subdag_operator.py
[2024-05-10T23:37:55.772+0000] {logging_mixin.py:188} INFO - [2024-05-10T23:37:55.771+0000] {dag.py:3096} INFO - Sync 3 DAGs
[2024-05-10T23:37:55.795+0000] {logging_mixin.py:188} INFO - [2024-05-10T23:37:55.795+0000] {dag.py:3954} INFO - Setting next_dagrun for example_subdag_operator to 2022-01-01 00:00:00+00:00, run_after=2022-01-01 00:00:00+00:00
[2024-05-10T23:37:55.801+0000] {logging_mixin.py:188} INFO - [2024-05-10T23:37:55.801+0000] {dag.py:3954} INFO - Setting next_dagrun for example_subdag_operator.section-1 to None, run_after=None
[2024-05-10T23:37:55.804+0000] {logging_mixin.py:188} INFO - [2024-05-10T23:37:55.804+0000] {dag.py:3954} INFO - Setting next_dagrun for example_subdag_operator.section-2 to None, run_after=None
[2024-05-10T23:37:55.812+0000] {logging_mixin.py:188} INFO - [2024-05-10T23:37:55.812+0000] {dag.py:3096} INFO - Sync 2 DAGs
[2024-05-10T23:37:55.819+0000] {logging_mixin.py:188} INFO - [2024-05-10T23:37:55.819+0000] {dag.py:3954} INFO - Setting next_dagrun for example_subdag_operator.section-1 to None, run_after=None
[2024-05-10T23:37:55.820+0000] {logging_mixin.py:188} INFO - [2024-05-10T23:37:55.820+0000] {dag.py:3954} INFO - Setting next_dagrun for example_subdag_operator.section-2 to None, run_after=None
[2024-05-10T23:37:55.835+0000] {processor.py:183} INFO - Processing /home/airflow/.local/lib/python3.12/site-packages/airflow/example_dags/example_subdag_operator.py took 0.117 seconds
[2024-05-10T23:38:26.638+0000] {processor.py:161} INFO - Started process (PID=1345) to work on /home/airflow/.local/lib/python3.12/site-packages/airflow/example_dags/example_subdag_operator.py
[2024-05-10T23:38:26.639+0000] {processor.py:830} INFO - Processing file /home/airflow/.local/lib/python3.12/site-packages/airflow/example_dags/example_subdag_operator.py for tasks to queue
[2024-05-10T23:38:26.642+0000] {logging_mixin.py:188} INFO - [2024-05-10T23:38:26.641+0000] {dagbag.py:540} INFO - Filling up the DagBag from /home/airflow/.local/lib/python3.12/site-packages/airflow/example_dags/example_subdag_operator.py
[2024-05-10T23:38:26.672+0000] {processor.py:840} INFO - DAG(s) 'example_subdag_operator.section-1', 'example_subdag_operator.section-2', 'example_subdag_operator' retrieved from /home/airflow/.local/lib/python3.12/site-packages/airflow/example_dags/example_subdag_operator.py
[2024-05-10T23:38:26.692+0000] {logging_mixin.py:188} INFO - [2024-05-10T23:38:26.691+0000] {dag.py:3096} INFO - Sync 3 DAGs
[2024-05-10T23:38:26.720+0000] {logging_mixin.py:188} INFO - [2024-05-10T23:38:26.720+0000] {dag.py:3954} INFO - Setting next_dagrun for example_subdag_operator to 2022-01-01 00:00:00+00:00, run_after=2022-01-01 00:00:00+00:00
[2024-05-10T23:38:26.725+0000] {logging_mixin.py:188} INFO - [2024-05-10T23:38:26.725+0000] {dag.py:3954} INFO - Setting next_dagrun for example_subdag_operator.section-1 to None, run_after=None
[2024-05-10T23:38:26.727+0000] {logging_mixin.py:188} INFO - [2024-05-10T23:38:26.727+0000] {dag.py:3954} INFO - Setting next_dagrun for example_subdag_operator.section-2 to None, run_after=None
[2024-05-10T23:38:26.735+0000] {logging_mixin.py:188} INFO - [2024-05-10T23:38:26.735+0000] {dag.py:3096} INFO - Sync 2 DAGs
[2024-05-10T23:38:26.744+0000] {logging_mixin.py:188} INFO - [2024-05-10T23:38:26.744+0000] {dag.py:3954} INFO - Setting next_dagrun for example_subdag_operator.section-1 to None, run_after=None
[2024-05-10T23:38:26.745+0000] {logging_mixin.py:188} INFO - [2024-05-10T23:38:26.744+0000] {dag.py:3954} INFO - Setting next_dagrun for example_subdag_operator.section-2 to None, run_after=None
[2024-05-10T23:38:26.762+0000] {processor.py:183} INFO - Processing /home/airflow/.local/lib/python3.12/site-packages/airflow/example_dags/example_subdag_operator.py took 0.130 seconds
[2024-05-10T23:38:57.261+0000] {processor.py:161} INFO - Started process (PID=1404) to work on /home/airflow/.local/lib/python3.12/site-packages/airflow/example_dags/example_subdag_operator.py
[2024-05-10T23:38:57.262+0000] {processor.py:830} INFO - Processing file /home/airflow/.local/lib/python3.12/site-packages/airflow/example_dags/example_subdag_operator.py for tasks to queue
[2024-05-10T23:38:57.264+0000] {logging_mixin.py:188} INFO - [2024-05-10T23:38:57.264+0000] {dagbag.py:540} INFO - Filling up the DagBag from /home/airflow/.local/lib/python3.12/site-packages/airflow/example_dags/example_subdag_operator.py
[2024-05-10T23:38:57.285+0000] {processor.py:840} INFO - DAG(s) 'example_subdag_operator.section-1', 'example_subdag_operator.section-2', 'example_subdag_operator' retrieved from /home/airflow/.local/lib/python3.12/site-packages/airflow/example_dags/example_subdag_operator.py
[2024-05-10T23:38:57.302+0000] {logging_mixin.py:188} INFO - [2024-05-10T23:38:57.302+0000] {dag.py:3096} INFO - Sync 3 DAGs
[2024-05-10T23:38:57.326+0000] {logging_mixin.py:188} INFO - [2024-05-10T23:38:57.326+0000] {dag.py:3954} INFO - Setting next_dagrun for example_subdag_operator to 2022-01-01 00:00:00+00:00, run_after=2022-01-01 00:00:00+00:00
[2024-05-10T23:38:57.331+0000] {logging_mixin.py:188} INFO - [2024-05-10T23:38:57.331+0000] {dag.py:3954} INFO - Setting next_dagrun for example_subdag_operator.section-1 to None, run_after=None
[2024-05-10T23:38:57.333+0000] {logging_mixin.py:188} INFO - [2024-05-10T23:38:57.333+0000] {dag.py:3954} INFO - Setting next_dagrun for example_subdag_operator.section-2 to None, run_after=None
[2024-05-10T23:38:57.343+0000] {logging_mixin.py:188} INFO - [2024-05-10T23:38:57.343+0000] {dag.py:3096} INFO - Sync 2 DAGs
[2024-05-10T23:38:57.350+0000] {logging_mixin.py:188} INFO - [2024-05-10T23:38:57.349+0000] {dag.py:3954} INFO - Setting next_dagrun for example_subdag_operator.section-1 to None, run_after=None
[2024-05-10T23:38:57.351+0000] {logging_mixin.py:188} INFO - [2024-05-10T23:38:57.350+0000] {dag.py:3954} INFO - Setting next_dagrun for example_subdag_operator.section-2 to None, run_after=None
[2024-05-10T23:38:57.365+0000] {processor.py:183} INFO - Processing /home/airflow/.local/lib/python3.12/site-packages/airflow/example_dags/example_subdag_operator.py took 0.109 seconds
[2024-05-10T23:39:28.014+0000] {processor.py:161} INFO - Started process (PID=1463) to work on /home/airflow/.local/lib/python3.12/site-packages/airflow/example_dags/example_subdag_operator.py
[2024-05-10T23:39:28.016+0000] {processor.py:830} INFO - Processing file /home/airflow/.local/lib/python3.12/site-packages/airflow/example_dags/example_subdag_operator.py for tasks to queue
[2024-05-10T23:39:28.018+0000] {logging_mixin.py:188} INFO - [2024-05-10T23:39:28.018+0000] {dagbag.py:540} INFO - Filling up the DagBag from /home/airflow/.local/lib/python3.12/site-packages/airflow/example_dags/example_subdag_operator.py
[2024-05-10T23:39:28.047+0000] {processor.py:840} INFO - DAG(s) 'example_subdag_operator.section-1', 'example_subdag_operator.section-2', 'example_subdag_operator' retrieved from /home/airflow/.local/lib/python3.12/site-packages/airflow/example_dags/example_subdag_operator.py
[2024-05-10T23:39:28.073+0000] {logging_mixin.py:188} INFO - [2024-05-10T23:39:28.073+0000] {dag.py:3096} INFO - Sync 3 DAGs
[2024-05-10T23:39:28.097+0000] {logging_mixin.py:188} INFO - [2024-05-10T23:39:28.097+0000] {dag.py:3954} INFO - Setting next_dagrun for example_subdag_operator to 2022-01-01 00:00:00+00:00, run_after=2022-01-01 00:00:00+00:00
[2024-05-10T23:39:28.102+0000] {logging_mixin.py:188} INFO - [2024-05-10T23:39:28.102+0000] {dag.py:3954} INFO - Setting next_dagrun for example_subdag_operator.section-1 to None, run_after=None
[2024-05-10T23:39:28.105+0000] {logging_mixin.py:188} INFO - [2024-05-10T23:39:28.105+0000] {dag.py:3954} INFO - Setting next_dagrun for example_subdag_operator.section-2 to None, run_after=None
[2024-05-10T23:39:28.114+0000] {logging_mixin.py:188} INFO - [2024-05-10T23:39:28.113+0000] {dag.py:3096} INFO - Sync 2 DAGs
[2024-05-10T23:39:28.121+0000] {logging_mixin.py:188} INFO - [2024-05-10T23:39:28.121+0000] {dag.py:3954} INFO - Setting next_dagrun for example_subdag_operator.section-1 to None, run_after=None
[2024-05-10T23:39:28.122+0000] {logging_mixin.py:188} INFO - [2024-05-10T23:39:28.122+0000] {dag.py:3954} INFO - Setting next_dagrun for example_subdag_operator.section-2 to None, run_after=None
[2024-05-10T23:39:28.137+0000] {processor.py:183} INFO - Processing /home/airflow/.local/lib/python3.12/site-packages/airflow/example_dags/example_subdag_operator.py took 0.129 seconds
[2024-05-10T23:39:58.798+0000] {processor.py:161} INFO - Started process (PID=1522) to work on /home/airflow/.local/lib/python3.12/site-packages/airflow/example_dags/example_subdag_operator.py
[2024-05-10T23:39:58.799+0000] {processor.py:830} INFO - Processing file /home/airflow/.local/lib/python3.12/site-packages/airflow/example_dags/example_subdag_operator.py for tasks to queue
[2024-05-10T23:39:58.801+0000] {logging_mixin.py:188} INFO - [2024-05-10T23:39:58.801+0000] {dagbag.py:540} INFO - Filling up the DagBag from /home/airflow/.local/lib/python3.12/site-packages/airflow/example_dags/example_subdag_operator.py
[2024-05-10T23:39:58.829+0000] {processor.py:840} INFO - DAG(s) 'example_subdag_operator.section-1', 'example_subdag_operator.section-2', 'example_subdag_operator' retrieved from /home/airflow/.local/lib/python3.12/site-packages/airflow/example_dags/example_subdag_operator.py
[2024-05-10T23:39:58.846+0000] {logging_mixin.py:188} INFO - [2024-05-10T23:39:58.846+0000] {dag.py:3096} INFO - Sync 3 DAGs
[2024-05-10T23:39:58.867+0000] {logging_mixin.py:188} INFO - [2024-05-10T23:39:58.867+0000] {dag.py:3954} INFO - Setting next_dagrun for example_subdag_operator to 2022-01-01 00:00:00+00:00, run_after=2022-01-01 00:00:00+00:00
[2024-05-10T23:39:58.872+0000] {logging_mixin.py:188} INFO - [2024-05-10T23:39:58.872+0000] {dag.py:3954} INFO - Setting next_dagrun for example_subdag_operator.section-1 to None, run_after=None
[2024-05-10T23:39:58.874+0000] {logging_mixin.py:188} INFO - [2024-05-10T23:39:58.874+0000] {dag.py:3954} INFO - Setting next_dagrun for example_subdag_operator.section-2 to None, run_after=None
[2024-05-10T23:39:58.881+0000] {logging_mixin.py:188} INFO - [2024-05-10T23:39:58.881+0000] {dag.py:3096} INFO - Sync 2 DAGs
[2024-05-10T23:39:58.888+0000] {logging_mixin.py:188} INFO - [2024-05-10T23:39:58.888+0000] {dag.py:3954} INFO - Setting next_dagrun for example_subdag_operator.section-1 to None, run_after=None
[2024-05-10T23:39:58.889+0000] {logging_mixin.py:188} INFO - [2024-05-10T23:39:58.889+0000] {dag.py:3954} INFO - Setting next_dagrun for example_subdag_operator.section-2 to None, run_after=None
[2024-05-10T23:39:58.902+0000] {processor.py:183} INFO - Processing /home/airflow/.local/lib/python3.12/site-packages/airflow/example_dags/example_subdag_operator.py took 0.111 seconds
[2024-05-10T23:40:29.498+0000] {processor.py:161} INFO - Started process (PID=1581) to work on /home/airflow/.local/lib/python3.12/site-packages/airflow/example_dags/example_subdag_operator.py
[2024-05-10T23:40:29.500+0000] {processor.py:830} INFO - Processing file /home/airflow/.local/lib/python3.12/site-packages/airflow/example_dags/example_subdag_operator.py for tasks to queue
[2024-05-10T23:40:29.502+0000] {logging_mixin.py:188} INFO - [2024-05-10T23:40:29.501+0000] {dagbag.py:540} INFO - Filling up the DagBag from /home/airflow/.local/lib/python3.12/site-packages/airflow/example_dags/example_subdag_operator.py
[2024-05-10T23:40:29.530+0000] {processor.py:840} INFO - DAG(s) 'example_subdag_operator.section-1', 'example_subdag_operator.section-2', 'example_subdag_operator' retrieved from /home/airflow/.local/lib/python3.12/site-packages/airflow/example_dags/example_subdag_operator.py
[2024-05-10T23:40:29.547+0000] {logging_mixin.py:188} INFO - [2024-05-10T23:40:29.547+0000] {dag.py:3096} INFO - Sync 3 DAGs
[2024-05-10T23:40:29.572+0000] {logging_mixin.py:188} INFO - [2024-05-10T23:40:29.571+0000] {dag.py:3954} INFO - Setting next_dagrun for example_subdag_operator to 2022-01-01 00:00:00+00:00, run_after=2022-01-01 00:00:00+00:00
[2024-05-10T23:40:29.576+0000] {logging_mixin.py:188} INFO - [2024-05-10T23:40:29.576+0000] {dag.py:3954} INFO - Setting next_dagrun for example_subdag_operator.section-1 to None, run_after=None
[2024-05-10T23:40:29.578+0000] {logging_mixin.py:188} INFO - [2024-05-10T23:40:29.578+0000] {dag.py:3954} INFO - Setting next_dagrun for example_subdag_operator.section-2 to None, run_after=None
[2024-05-10T23:40:29.587+0000] {logging_mixin.py:188} INFO - [2024-05-10T23:40:29.586+0000] {dag.py:3096} INFO - Sync 2 DAGs
[2024-05-10T23:40:29.593+0000] {logging_mixin.py:188} INFO - [2024-05-10T23:40:29.593+0000] {dag.py:3954} INFO - Setting next_dagrun for example_subdag_operator.section-1 to None, run_after=None
[2024-05-10T23:40:29.594+0000] {logging_mixin.py:188} INFO - [2024-05-10T23:40:29.594+0000] {dag.py:3954} INFO - Setting next_dagrun for example_subdag_operator.section-2 to None, run_after=None
[2024-05-10T23:40:29.609+0000] {processor.py:183} INFO - Processing /home/airflow/.local/lib/python3.12/site-packages/airflow/example_dags/example_subdag_operator.py took 0.117 seconds
