[2024-05-10T23:27:16.828+0000] {processor.py:161} INFO - Started process (PID=60) to work on /home/airflow/.local/lib/python3.12/site-packages/airflow/example_dags/example_task_group.py
[2024-05-10T23:27:16.829+0000] {processor.py:830} INFO - Processing file /home/airflow/.local/lib/python3.12/site-packages/airflow/example_dags/example_task_group.py for tasks to queue
[2024-05-10T23:27:16.831+0000] {logging_mixin.py:188} INFO - [2024-05-10T23:27:16.830+0000] {dagbag.py:540} INFO - Filling up the DagBag from /home/airflow/.local/lib/python3.12/site-packages/airflow/example_dags/example_task_group.py
[2024-05-10T23:27:16.841+0000] {processor.py:840} INFO - DAG(s) 'example_task_group' retrieved from /home/airflow/.local/lib/python3.12/site-packages/airflow/example_dags/example_task_group.py
[2024-05-10T23:27:16.986+0000] {logging_mixin.py:188} INFO - [2024-05-10T23:27:16.985+0000] {dag.py:3096} INFO - Sync 1 DAGs
[2024-05-10T23:27:17.005+0000] {logging_mixin.py:188} INFO - [2024-05-10T23:27:17.005+0000] {dag.py:3954} INFO - Setting next_dagrun for example_task_group to 2024-05-09 00:00:00+00:00, run_after=2024-05-10 00:00:00+00:00
[2024-05-10T23:27:17.026+0000] {processor.py:183} INFO - Processing /home/airflow/.local/lib/python3.12/site-packages/airflow/example_dags/example_task_group.py took 0.204 seconds
[2024-05-10T23:27:47.489+0000] {processor.py:161} INFO - Started process (PID=119) to work on /home/airflow/.local/lib/python3.12/site-packages/airflow/example_dags/example_task_group.py
[2024-05-10T23:27:47.490+0000] {processor.py:830} INFO - Processing file /home/airflow/.local/lib/python3.12/site-packages/airflow/example_dags/example_task_group.py for tasks to queue
[2024-05-10T23:27:47.492+0000] {logging_mixin.py:188} INFO - [2024-05-10T23:27:47.492+0000] {dagbag.py:540} INFO - Filling up the DagBag from /home/airflow/.local/lib/python3.12/site-packages/airflow/example_dags/example_task_group.py
[2024-05-10T23:27:47.500+0000] {processor.py:840} INFO - DAG(s) 'example_task_group' retrieved from /home/airflow/.local/lib/python3.12/site-packages/airflow/example_dags/example_task_group.py
[2024-05-10T23:27:47.526+0000] {logging_mixin.py:188} INFO - [2024-05-10T23:27:47.525+0000] {dag.py:3096} INFO - Sync 1 DAGs
[2024-05-10T23:27:47.549+0000] {logging_mixin.py:188} INFO - [2024-05-10T23:27:47.549+0000] {dag.py:3954} INFO - Setting next_dagrun for example_task_group to 2024-05-09 00:00:00+00:00, run_after=2024-05-10 00:00:00+00:00
[2024-05-10T23:27:47.572+0000] {processor.py:183} INFO - Processing /home/airflow/.local/lib/python3.12/site-packages/airflow/example_dags/example_task_group.py took 0.088 seconds
[2024-05-10T23:28:18.321+0000] {processor.py:161} INFO - Started process (PID=178) to work on /home/airflow/.local/lib/python3.12/site-packages/airflow/example_dags/example_task_group.py
[2024-05-10T23:28:18.322+0000] {processor.py:830} INFO - Processing file /home/airflow/.local/lib/python3.12/site-packages/airflow/example_dags/example_task_group.py for tasks to queue
[2024-05-10T23:28:18.325+0000] {logging_mixin.py:188} INFO - [2024-05-10T23:28:18.324+0000] {dagbag.py:540} INFO - Filling up the DagBag from /home/airflow/.local/lib/python3.12/site-packages/airflow/example_dags/example_task_group.py
[2024-05-10T23:28:18.338+0000] {processor.py:840} INFO - DAG(s) 'example_task_group' retrieved from /home/airflow/.local/lib/python3.12/site-packages/airflow/example_dags/example_task_group.py
[2024-05-10T23:28:18.366+0000] {logging_mixin.py:188} INFO - [2024-05-10T23:28:18.365+0000] {dag.py:3096} INFO - Sync 1 DAGs
[2024-05-10T23:28:18.393+0000] {logging_mixin.py:188} INFO - [2024-05-10T23:28:18.392+0000] {dag.py:3954} INFO - Setting next_dagrun for example_task_group to 2024-05-09 00:00:00+00:00, run_after=2024-05-10 00:00:00+00:00
[2024-05-10T23:28:18.416+0000] {processor.py:183} INFO - Processing /home/airflow/.local/lib/python3.12/site-packages/airflow/example_dags/example_task_group.py took 0.101 seconds
[2024-05-10T23:28:49.235+0000] {processor.py:161} INFO - Started process (PID=237) to work on /home/airflow/.local/lib/python3.12/site-packages/airflow/example_dags/example_task_group.py
[2024-05-10T23:28:49.236+0000] {processor.py:830} INFO - Processing file /home/airflow/.local/lib/python3.12/site-packages/airflow/example_dags/example_task_group.py for tasks to queue
[2024-05-10T23:28:49.238+0000] {logging_mixin.py:188} INFO - [2024-05-10T23:28:49.238+0000] {dagbag.py:540} INFO - Filling up the DagBag from /home/airflow/.local/lib/python3.12/site-packages/airflow/example_dags/example_task_group.py
[2024-05-10T23:28:49.246+0000] {processor.py:840} INFO - DAG(s) 'example_task_group' retrieved from /home/airflow/.local/lib/python3.12/site-packages/airflow/example_dags/example_task_group.py
[2024-05-10T23:28:49.271+0000] {logging_mixin.py:188} INFO - [2024-05-10T23:28:49.270+0000] {dag.py:3096} INFO - Sync 1 DAGs
[2024-05-10T23:28:49.294+0000] {logging_mixin.py:188} INFO - [2024-05-10T23:28:49.294+0000] {dag.py:3954} INFO - Setting next_dagrun for example_task_group to 2024-05-09 00:00:00+00:00, run_after=2024-05-10 00:00:00+00:00
[2024-05-10T23:28:49.320+0000] {processor.py:183} INFO - Processing /home/airflow/.local/lib/python3.12/site-packages/airflow/example_dags/example_task_group.py took 0.090 seconds
[2024-05-10T23:29:19.367+0000] {processor.py:161} INFO - Started process (PID=296) to work on /home/airflow/.local/lib/python3.12/site-packages/airflow/example_dags/example_task_group.py
[2024-05-10T23:29:19.369+0000] {processor.py:830} INFO - Processing file /home/airflow/.local/lib/python3.12/site-packages/airflow/example_dags/example_task_group.py for tasks to queue
[2024-05-10T23:29:19.371+0000] {logging_mixin.py:188} INFO - [2024-05-10T23:29:19.371+0000] {dagbag.py:540} INFO - Filling up the DagBag from /home/airflow/.local/lib/python3.12/site-packages/airflow/example_dags/example_task_group.py
[2024-05-10T23:29:19.380+0000] {processor.py:840} INFO - DAG(s) 'example_task_group' retrieved from /home/airflow/.local/lib/python3.12/site-packages/airflow/example_dags/example_task_group.py
[2024-05-10T23:29:19.405+0000] {logging_mixin.py:188} INFO - [2024-05-10T23:29:19.404+0000] {dag.py:3096} INFO - Sync 1 DAGs
[2024-05-10T23:29:19.430+0000] {logging_mixin.py:188} INFO - [2024-05-10T23:29:19.429+0000] {dag.py:3954} INFO - Setting next_dagrun for example_task_group to 2024-05-09 00:00:00+00:00, run_after=2024-05-10 00:00:00+00:00
[2024-05-10T23:29:19.449+0000] {processor.py:183} INFO - Processing /home/airflow/.local/lib/python3.12/site-packages/airflow/example_dags/example_task_group.py took 0.088 seconds
[2024-05-10T23:29:49.645+0000] {processor.py:161} INFO - Started process (PID=355) to work on /home/airflow/.local/lib/python3.12/site-packages/airflow/example_dags/example_task_group.py
[2024-05-10T23:29:49.647+0000] {processor.py:830} INFO - Processing file /home/airflow/.local/lib/python3.12/site-packages/airflow/example_dags/example_task_group.py for tasks to queue
[2024-05-10T23:29:49.649+0000] {logging_mixin.py:188} INFO - [2024-05-10T23:29:49.649+0000] {dagbag.py:540} INFO - Filling up the DagBag from /home/airflow/.local/lib/python3.12/site-packages/airflow/example_dags/example_task_group.py
[2024-05-10T23:29:49.657+0000] {processor.py:840} INFO - DAG(s) 'example_task_group' retrieved from /home/airflow/.local/lib/python3.12/site-packages/airflow/example_dags/example_task_group.py
[2024-05-10T23:29:49.683+0000] {logging_mixin.py:188} INFO - [2024-05-10T23:29:49.683+0000] {dag.py:3096} INFO - Sync 1 DAGs
[2024-05-10T23:29:49.717+0000] {logging_mixin.py:188} INFO - [2024-05-10T23:29:49.717+0000] {dag.py:3954} INFO - Setting next_dagrun for example_task_group to 2024-05-09 00:00:00+00:00, run_after=2024-05-10 00:00:00+00:00
[2024-05-10T23:29:49.739+0000] {processor.py:183} INFO - Processing /home/airflow/.local/lib/python3.12/site-packages/airflow/example_dags/example_task_group.py took 0.100 seconds
[2024-05-10T23:30:20.158+0000] {processor.py:161} INFO - Started process (PID=414) to work on /home/airflow/.local/lib/python3.12/site-packages/airflow/example_dags/example_task_group.py
[2024-05-10T23:30:20.159+0000] {processor.py:830} INFO - Processing file /home/airflow/.local/lib/python3.12/site-packages/airflow/example_dags/example_task_group.py for tasks to queue
[2024-05-10T23:30:20.162+0000] {logging_mixin.py:188} INFO - [2024-05-10T23:30:20.161+0000] {dagbag.py:540} INFO - Filling up the DagBag from /home/airflow/.local/lib/python3.12/site-packages/airflow/example_dags/example_task_group.py
[2024-05-10T23:30:20.170+0000] {processor.py:840} INFO - DAG(s) 'example_task_group' retrieved from /home/airflow/.local/lib/python3.12/site-packages/airflow/example_dags/example_task_group.py
[2024-05-10T23:30:20.195+0000] {logging_mixin.py:188} INFO - [2024-05-10T23:30:20.195+0000] {dag.py:3096} INFO - Sync 1 DAGs
[2024-05-10T23:30:20.227+0000] {logging_mixin.py:188} INFO - [2024-05-10T23:30:20.227+0000] {dag.py:3954} INFO - Setting next_dagrun for example_task_group to 2024-05-09 00:00:00+00:00, run_after=2024-05-10 00:00:00+00:00
[2024-05-10T23:30:20.257+0000] {processor.py:183} INFO - Processing /home/airflow/.local/lib/python3.12/site-packages/airflow/example_dags/example_task_group.py took 0.107 seconds
[2024-05-10T23:30:50.812+0000] {processor.py:161} INFO - Started process (PID=473) to work on /home/airflow/.local/lib/python3.12/site-packages/airflow/example_dags/example_task_group.py
[2024-05-10T23:30:50.813+0000] {processor.py:830} INFO - Processing file /home/airflow/.local/lib/python3.12/site-packages/airflow/example_dags/example_task_group.py for tasks to queue
[2024-05-10T23:30:50.815+0000] {logging_mixin.py:188} INFO - [2024-05-10T23:30:50.815+0000] {dagbag.py:540} INFO - Filling up the DagBag from /home/airflow/.local/lib/python3.12/site-packages/airflow/example_dags/example_task_group.py
[2024-05-10T23:30:50.823+0000] {processor.py:840} INFO - DAG(s) 'example_task_group' retrieved from /home/airflow/.local/lib/python3.12/site-packages/airflow/example_dags/example_task_group.py
[2024-05-10T23:30:50.848+0000] {logging_mixin.py:188} INFO - [2024-05-10T23:30:50.848+0000] {dag.py:3096} INFO - Sync 1 DAGs
[2024-05-10T23:30:50.873+0000] {logging_mixin.py:188} INFO - [2024-05-10T23:30:50.873+0000] {dag.py:3954} INFO - Setting next_dagrun for example_task_group to 2024-05-09 00:00:00+00:00, run_after=2024-05-10 00:00:00+00:00
[2024-05-10T23:30:50.899+0000] {processor.py:183} INFO - Processing /home/airflow/.local/lib/python3.12/site-packages/airflow/example_dags/example_task_group.py took 0.093 seconds
[2024-05-10T23:31:21.208+0000] {processor.py:161} INFO - Started process (PID=532) to work on /home/airflow/.local/lib/python3.12/site-packages/airflow/example_dags/example_task_group.py
[2024-05-10T23:31:21.210+0000] {processor.py:830} INFO - Processing file /home/airflow/.local/lib/python3.12/site-packages/airflow/example_dags/example_task_group.py for tasks to queue
[2024-05-10T23:31:21.212+0000] {logging_mixin.py:188} INFO - [2024-05-10T23:31:21.212+0000] {dagbag.py:540} INFO - Filling up the DagBag from /home/airflow/.local/lib/python3.12/site-packages/airflow/example_dags/example_task_group.py
[2024-05-10T23:31:21.224+0000] {processor.py:840} INFO - DAG(s) 'example_task_group' retrieved from /home/airflow/.local/lib/python3.12/site-packages/airflow/example_dags/example_task_group.py
[2024-05-10T23:31:21.253+0000] {logging_mixin.py:188} INFO - [2024-05-10T23:31:21.252+0000] {dag.py:3096} INFO - Sync 1 DAGs
[2024-05-10T23:31:21.287+0000] {logging_mixin.py:188} INFO - [2024-05-10T23:31:21.287+0000] {dag.py:3954} INFO - Setting next_dagrun for example_task_group to 2024-05-09 00:00:00+00:00, run_after=2024-05-10 00:00:00+00:00
[2024-05-10T23:31:21.315+0000] {processor.py:183} INFO - Processing /home/airflow/.local/lib/python3.12/site-packages/airflow/example_dags/example_task_group.py took 0.113 seconds
[2024-05-10T23:31:51.794+0000] {processor.py:161} INFO - Started process (PID=597) to work on /home/airflow/.local/lib/python3.12/site-packages/airflow/example_dags/example_task_group.py
[2024-05-10T23:31:51.795+0000] {processor.py:830} INFO - Processing file /home/airflow/.local/lib/python3.12/site-packages/airflow/example_dags/example_task_group.py for tasks to queue
[2024-05-10T23:31:51.797+0000] {logging_mixin.py:188} INFO - [2024-05-10T23:31:51.797+0000] {dagbag.py:540} INFO - Filling up the DagBag from /home/airflow/.local/lib/python3.12/site-packages/airflow/example_dags/example_task_group.py
[2024-05-10T23:31:51.805+0000] {processor.py:840} INFO - DAG(s) 'example_task_group' retrieved from /home/airflow/.local/lib/python3.12/site-packages/airflow/example_dags/example_task_group.py
[2024-05-10T23:31:51.831+0000] {logging_mixin.py:188} INFO - [2024-05-10T23:31:51.830+0000] {dag.py:3096} INFO - Sync 1 DAGs
[2024-05-10T23:31:51.859+0000] {logging_mixin.py:188} INFO - [2024-05-10T23:31:51.859+0000] {dag.py:3954} INFO - Setting next_dagrun for example_task_group to 2024-05-09 00:00:00+00:00, run_after=2024-05-10 00:00:00+00:00
[2024-05-10T23:31:51.883+0000] {processor.py:183} INFO - Processing /home/airflow/.local/lib/python3.12/site-packages/airflow/example_dags/example_task_group.py took 0.094 seconds
[2024-05-10T23:32:22.492+0000] {processor.py:161} INFO - Started process (PID=656) to work on /home/airflow/.local/lib/python3.12/site-packages/airflow/example_dags/example_task_group.py
[2024-05-10T23:32:22.493+0000] {processor.py:830} INFO - Processing file /home/airflow/.local/lib/python3.12/site-packages/airflow/example_dags/example_task_group.py for tasks to queue
[2024-05-10T23:32:22.495+0000] {logging_mixin.py:188} INFO - [2024-05-10T23:32:22.495+0000] {dagbag.py:540} INFO - Filling up the DagBag from /home/airflow/.local/lib/python3.12/site-packages/airflow/example_dags/example_task_group.py
[2024-05-10T23:32:22.506+0000] {processor.py:840} INFO - DAG(s) 'example_task_group' retrieved from /home/airflow/.local/lib/python3.12/site-packages/airflow/example_dags/example_task_group.py
[2024-05-10T23:32:22.535+0000] {logging_mixin.py:188} INFO - [2024-05-10T23:32:22.535+0000] {dag.py:3096} INFO - Sync 1 DAGs
[2024-05-10T23:32:22.565+0000] {logging_mixin.py:188} INFO - [2024-05-10T23:32:22.565+0000] {dag.py:3954} INFO - Setting next_dagrun for example_task_group to 2024-05-09 00:00:00+00:00, run_after=2024-05-10 00:00:00+00:00
[2024-05-10T23:32:22.596+0000] {processor.py:183} INFO - Processing /home/airflow/.local/lib/python3.12/site-packages/airflow/example_dags/example_task_group.py took 0.110 seconds
[2024-05-10T23:32:52.954+0000] {processor.py:161} INFO - Started process (PID=715) to work on /home/airflow/.local/lib/python3.12/site-packages/airflow/example_dags/example_task_group.py
[2024-05-10T23:32:52.955+0000] {processor.py:830} INFO - Processing file /home/airflow/.local/lib/python3.12/site-packages/airflow/example_dags/example_task_group.py for tasks to queue
[2024-05-10T23:32:52.957+0000] {logging_mixin.py:188} INFO - [2024-05-10T23:32:52.956+0000] {dagbag.py:540} INFO - Filling up the DagBag from /home/airflow/.local/lib/python3.12/site-packages/airflow/example_dags/example_task_group.py
[2024-05-10T23:32:52.965+0000] {processor.py:840} INFO - DAG(s) 'example_task_group' retrieved from /home/airflow/.local/lib/python3.12/site-packages/airflow/example_dags/example_task_group.py
[2024-05-10T23:32:52.991+0000] {logging_mixin.py:188} INFO - [2024-05-10T23:32:52.991+0000] {dag.py:3096} INFO - Sync 1 DAGs
[2024-05-10T23:32:53.019+0000] {logging_mixin.py:188} INFO - [2024-05-10T23:32:53.019+0000] {dag.py:3954} INFO - Setting next_dagrun for example_task_group to 2024-05-09 00:00:00+00:00, run_after=2024-05-10 00:00:00+00:00
[2024-05-10T23:32:53.042+0000] {processor.py:183} INFO - Processing /home/airflow/.local/lib/python3.12/site-packages/airflow/example_dags/example_task_group.py took 0.094 seconds
[2024-05-10T23:33:23.685+0000] {processor.py:161} INFO - Started process (PID=774) to work on /home/airflow/.local/lib/python3.12/site-packages/airflow/example_dags/example_task_group.py
[2024-05-10T23:33:23.686+0000] {processor.py:830} INFO - Processing file /home/airflow/.local/lib/python3.12/site-packages/airflow/example_dags/example_task_group.py for tasks to queue
[2024-05-10T23:33:23.689+0000] {logging_mixin.py:188} INFO - [2024-05-10T23:33:23.689+0000] {dagbag.py:540} INFO - Filling up the DagBag from /home/airflow/.local/lib/python3.12/site-packages/airflow/example_dags/example_task_group.py
[2024-05-10T23:33:23.697+0000] {processor.py:840} INFO - DAG(s) 'example_task_group' retrieved from /home/airflow/.local/lib/python3.12/site-packages/airflow/example_dags/example_task_group.py
[2024-05-10T23:33:23.720+0000] {logging_mixin.py:188} INFO - [2024-05-10T23:33:23.719+0000] {dag.py:3096} INFO - Sync 1 DAGs
[2024-05-10T23:33:23.747+0000] {logging_mixin.py:188} INFO - [2024-05-10T23:33:23.747+0000] {dag.py:3954} INFO - Setting next_dagrun for example_task_group to 2024-05-09 00:00:00+00:00, run_after=2024-05-10 00:00:00+00:00
[2024-05-10T23:33:23.769+0000] {processor.py:183} INFO - Processing /home/airflow/.local/lib/python3.12/site-packages/airflow/example_dags/example_task_group.py took 0.089 seconds
[2024-05-10T23:33:54.592+0000] {processor.py:161} INFO - Started process (PID=833) to work on /home/airflow/.local/lib/python3.12/site-packages/airflow/example_dags/example_task_group.py
[2024-05-10T23:33:54.593+0000] {processor.py:830} INFO - Processing file /home/airflow/.local/lib/python3.12/site-packages/airflow/example_dags/example_task_group.py for tasks to queue
[2024-05-10T23:33:54.595+0000] {logging_mixin.py:188} INFO - [2024-05-10T23:33:54.595+0000] {dagbag.py:540} INFO - Filling up the DagBag from /home/airflow/.local/lib/python3.12/site-packages/airflow/example_dags/example_task_group.py
[2024-05-10T23:33:54.603+0000] {processor.py:840} INFO - DAG(s) 'example_task_group' retrieved from /home/airflow/.local/lib/python3.12/site-packages/airflow/example_dags/example_task_group.py
[2024-05-10T23:33:54.626+0000] {logging_mixin.py:188} INFO - [2024-05-10T23:33:54.626+0000] {dag.py:3096} INFO - Sync 1 DAGs
[2024-05-10T23:33:54.651+0000] {logging_mixin.py:188} INFO - [2024-05-10T23:33:54.651+0000] {dag.py:3954} INFO - Setting next_dagrun for example_task_group to 2024-05-09 00:00:00+00:00, run_after=2024-05-10 00:00:00+00:00
[2024-05-10T23:33:54.675+0000] {processor.py:183} INFO - Processing /home/airflow/.local/lib/python3.12/site-packages/airflow/example_dags/example_task_group.py took 0.088 seconds
[2024-05-10T23:34:24.798+0000] {processor.py:161} INFO - Started process (PID=892) to work on /home/airflow/.local/lib/python3.12/site-packages/airflow/example_dags/example_task_group.py
[2024-05-10T23:34:24.799+0000] {processor.py:830} INFO - Processing file /home/airflow/.local/lib/python3.12/site-packages/airflow/example_dags/example_task_group.py for tasks to queue
[2024-05-10T23:34:24.801+0000] {logging_mixin.py:188} INFO - [2024-05-10T23:34:24.801+0000] {dagbag.py:540} INFO - Filling up the DagBag from /home/airflow/.local/lib/python3.12/site-packages/airflow/example_dags/example_task_group.py
[2024-05-10T23:34:24.808+0000] {processor.py:840} INFO - DAG(s) 'example_task_group' retrieved from /home/airflow/.local/lib/python3.12/site-packages/airflow/example_dags/example_task_group.py
[2024-05-10T23:34:24.832+0000] {logging_mixin.py:188} INFO - [2024-05-10T23:34:24.832+0000] {dag.py:3096} INFO - Sync 1 DAGs
[2024-05-10T23:34:24.860+0000] {logging_mixin.py:188} INFO - [2024-05-10T23:34:24.859+0000] {dag.py:3954} INFO - Setting next_dagrun for example_task_group to 2024-05-09 00:00:00+00:00, run_after=2024-05-10 00:00:00+00:00
[2024-05-10T23:34:24.885+0000] {processor.py:183} INFO - Processing /home/airflow/.local/lib/python3.12/site-packages/airflow/example_dags/example_task_group.py took 0.092 seconds
[2024-05-10T23:34:54.965+0000] {processor.py:161} INFO - Started process (PID=950) to work on /home/airflow/.local/lib/python3.12/site-packages/airflow/example_dags/example_task_group.py
[2024-05-10T23:34:54.966+0000] {processor.py:830} INFO - Processing file /home/airflow/.local/lib/python3.12/site-packages/airflow/example_dags/example_task_group.py for tasks to queue
[2024-05-10T23:34:54.968+0000] {logging_mixin.py:188} INFO - [2024-05-10T23:34:54.967+0000] {dagbag.py:540} INFO - Filling up the DagBag from /home/airflow/.local/lib/python3.12/site-packages/airflow/example_dags/example_task_group.py
[2024-05-10T23:34:54.975+0000] {processor.py:840} INFO - DAG(s) 'example_task_group' retrieved from /home/airflow/.local/lib/python3.12/site-packages/airflow/example_dags/example_task_group.py
[2024-05-10T23:34:54.998+0000] {logging_mixin.py:188} INFO - [2024-05-10T23:34:54.998+0000] {dag.py:3096} INFO - Sync 1 DAGs
[2024-05-10T23:34:55.023+0000] {logging_mixin.py:188} INFO - [2024-05-10T23:34:55.023+0000] {dag.py:3954} INFO - Setting next_dagrun for example_task_group to 2024-05-09 00:00:00+00:00, run_after=2024-05-10 00:00:00+00:00
[2024-05-10T23:34:55.044+0000] {processor.py:183} INFO - Processing /home/airflow/.local/lib/python3.12/site-packages/airflow/example_dags/example_task_group.py took 0.086 seconds
[2024-05-10T23:35:25.694+0000] {processor.py:161} INFO - Started process (PID=1010) to work on /home/airflow/.local/lib/python3.12/site-packages/airflow/example_dags/example_task_group.py
[2024-05-10T23:35:25.695+0000] {processor.py:830} INFO - Processing file /home/airflow/.local/lib/python3.12/site-packages/airflow/example_dags/example_task_group.py for tasks to queue
[2024-05-10T23:35:25.698+0000] {logging_mixin.py:188} INFO - [2024-05-10T23:35:25.697+0000] {dagbag.py:540} INFO - Filling up the DagBag from /home/airflow/.local/lib/python3.12/site-packages/airflow/example_dags/example_task_group.py
[2024-05-10T23:35:25.706+0000] {processor.py:840} INFO - DAG(s) 'example_task_group' retrieved from /home/airflow/.local/lib/python3.12/site-packages/airflow/example_dags/example_task_group.py
[2024-05-10T23:35:25.731+0000] {logging_mixin.py:188} INFO - [2024-05-10T23:35:25.731+0000] {dag.py:3096} INFO - Sync 1 DAGs
[2024-05-10T23:35:25.759+0000] {logging_mixin.py:188} INFO - [2024-05-10T23:35:25.759+0000] {dag.py:3954} INFO - Setting next_dagrun for example_task_group to 2024-05-09 00:00:00+00:00, run_after=2024-05-10 00:00:00+00:00
[2024-05-10T23:35:25.785+0000] {processor.py:183} INFO - Processing /home/airflow/.local/lib/python3.12/site-packages/airflow/example_dags/example_task_group.py took 0.097 seconds
[2024-05-10T23:35:56.864+0000] {processor.py:161} INFO - Started process (PID=1069) to work on /home/airflow/.local/lib/python3.12/site-packages/airflow/example_dags/example_task_group.py
[2024-05-10T23:35:56.866+0000] {processor.py:830} INFO - Processing file /home/airflow/.local/lib/python3.12/site-packages/airflow/example_dags/example_task_group.py for tasks to queue
[2024-05-10T23:35:56.867+0000] {logging_mixin.py:188} INFO - [2024-05-10T23:35:56.867+0000] {dagbag.py:540} INFO - Filling up the DagBag from /home/airflow/.local/lib/python3.12/site-packages/airflow/example_dags/example_task_group.py
[2024-05-10T23:35:56.874+0000] {processor.py:840} INFO - DAG(s) 'example_task_group' retrieved from /home/airflow/.local/lib/python3.12/site-packages/airflow/example_dags/example_task_group.py
[2024-05-10T23:35:56.894+0000] {logging_mixin.py:188} INFO - [2024-05-10T23:35:56.894+0000] {dag.py:3096} INFO - Sync 1 DAGs
[2024-05-10T23:35:56.916+0000] {logging_mixin.py:188} INFO - [2024-05-10T23:35:56.916+0000] {dag.py:3954} INFO - Setting next_dagrun for example_task_group to 2024-05-09 00:00:00+00:00, run_after=2024-05-10 00:00:00+00:00
[2024-05-10T23:35:56.939+0000] {processor.py:183} INFO - Processing /home/airflow/.local/lib/python3.12/site-packages/airflow/example_dags/example_task_group.py took 0.080 seconds
[2024-05-10T23:36:27.511+0000] {processor.py:161} INFO - Started process (PID=1128) to work on /home/airflow/.local/lib/python3.12/site-packages/airflow/example_dags/example_task_group.py
[2024-05-10T23:36:27.512+0000] {processor.py:830} INFO - Processing file /home/airflow/.local/lib/python3.12/site-packages/airflow/example_dags/example_task_group.py for tasks to queue
[2024-05-10T23:36:27.514+0000] {logging_mixin.py:188} INFO - [2024-05-10T23:36:27.513+0000] {dagbag.py:540} INFO - Filling up the DagBag from /home/airflow/.local/lib/python3.12/site-packages/airflow/example_dags/example_task_group.py
[2024-05-10T23:36:27.522+0000] {processor.py:840} INFO - DAG(s) 'example_task_group' retrieved from /home/airflow/.local/lib/python3.12/site-packages/airflow/example_dags/example_task_group.py
[2024-05-10T23:36:27.668+0000] {logging_mixin.py:188} INFO - [2024-05-10T23:36:27.667+0000] {dag.py:3096} INFO - Sync 1 DAGs
[2024-05-10T23:36:27.688+0000] {logging_mixin.py:188} INFO - [2024-05-10T23:36:27.688+0000] {dag.py:3954} INFO - Setting next_dagrun for example_task_group to 2024-05-09 00:00:00+00:00, run_after=2024-05-10 00:00:00+00:00
[2024-05-10T23:36:27.717+0000] {processor.py:183} INFO - Processing /home/airflow/.local/lib/python3.12/site-packages/airflow/example_dags/example_task_group.py took 0.212 seconds
[2024-05-10T23:36:57.933+0000] {processor.py:161} INFO - Started process (PID=1187) to work on /home/airflow/.local/lib/python3.12/site-packages/airflow/example_dags/example_task_group.py
[2024-05-10T23:36:57.934+0000] {processor.py:830} INFO - Processing file /home/airflow/.local/lib/python3.12/site-packages/airflow/example_dags/example_task_group.py for tasks to queue
[2024-05-10T23:36:57.937+0000] {logging_mixin.py:188} INFO - [2024-05-10T23:36:57.936+0000] {dagbag.py:540} INFO - Filling up the DagBag from /home/airflow/.local/lib/python3.12/site-packages/airflow/example_dags/example_task_group.py
[2024-05-10T23:36:57.944+0000] {processor.py:840} INFO - DAG(s) 'example_task_group' retrieved from /home/airflow/.local/lib/python3.12/site-packages/airflow/example_dags/example_task_group.py
[2024-05-10T23:36:57.940+0000] {logging_mixin.py:188} INFO - [2024-05-10T23:36:57.940+0000] {dag.py:3096} INFO - Sync 1 DAGs
[2024-05-10T23:36:57.965+0000] {logging_mixin.py:188} INFO - [2024-05-10T23:36:57.965+0000] {dag.py:3954} INFO - Setting next_dagrun for example_task_group to 2024-05-09 00:00:00+00:00, run_after=2024-05-10 00:00:00+00:00
[2024-05-10T23:36:57.986+0000] {processor.py:183} INFO - Processing /home/airflow/.local/lib/python3.12/site-packages/airflow/example_dags/example_task_group.py took 0.086 seconds
[2024-05-10T23:37:28.169+0000] {processor.py:161} INFO - Started process (PID=1246) to work on /home/airflow/.local/lib/python3.12/site-packages/airflow/example_dags/example_task_group.py
[2024-05-10T23:37:28.170+0000] {processor.py:830} INFO - Processing file /home/airflow/.local/lib/python3.12/site-packages/airflow/example_dags/example_task_group.py for tasks to queue
[2024-05-10T23:37:28.172+0000] {logging_mixin.py:188} INFO - [2024-05-10T23:37:28.172+0000] {dagbag.py:540} INFO - Filling up the DagBag from /home/airflow/.local/lib/python3.12/site-packages/airflow/example_dags/example_task_group.py
[2024-05-10T23:37:28.181+0000] {processor.py:840} INFO - DAG(s) 'example_task_group' retrieved from /home/airflow/.local/lib/python3.12/site-packages/airflow/example_dags/example_task_group.py
[2024-05-10T23:37:28.208+0000] {logging_mixin.py:188} INFO - [2024-05-10T23:37:28.207+0000] {dag.py:3096} INFO - Sync 1 DAGs
[2024-05-10T23:37:28.232+0000] {logging_mixin.py:188} INFO - [2024-05-10T23:37:28.231+0000] {dag.py:3954} INFO - Setting next_dagrun for example_task_group to 2024-05-09 00:00:00+00:00, run_after=2024-05-10 00:00:00+00:00
[2024-05-10T23:37:28.255+0000] {processor.py:183} INFO - Processing /home/airflow/.local/lib/python3.12/site-packages/airflow/example_dags/example_task_group.py took 0.091 seconds
[2024-05-10T23:37:59.208+0000] {processor.py:161} INFO - Started process (PID=1305) to work on /home/airflow/.local/lib/python3.12/site-packages/airflow/example_dags/example_task_group.py
[2024-05-10T23:37:59.209+0000] {processor.py:830} INFO - Processing file /home/airflow/.local/lib/python3.12/site-packages/airflow/example_dags/example_task_group.py for tasks to queue
[2024-05-10T23:37:59.211+0000] {logging_mixin.py:188} INFO - [2024-05-10T23:37:59.211+0000] {dagbag.py:540} INFO - Filling up the DagBag from /home/airflow/.local/lib/python3.12/site-packages/airflow/example_dags/example_task_group.py
[2024-05-10T23:37:59.218+0000] {processor.py:840} INFO - DAG(s) 'example_task_group' retrieved from /home/airflow/.local/lib/python3.12/site-packages/airflow/example_dags/example_task_group.py
[2024-05-10T23:37:59.247+0000] {logging_mixin.py:188} INFO - [2024-05-10T23:37:59.246+0000] {dag.py:3096} INFO - Sync 1 DAGs
[2024-05-10T23:37:59.285+0000] {logging_mixin.py:188} INFO - [2024-05-10T23:37:59.284+0000] {dag.py:3954} INFO - Setting next_dagrun for example_task_group to 2024-05-09 00:00:00+00:00, run_after=2024-05-10 00:00:00+00:00
[2024-05-10T23:37:59.309+0000] {processor.py:183} INFO - Processing /home/airflow/.local/lib/python3.12/site-packages/airflow/example_dags/example_task_group.py took 0.107 seconds
[2024-05-10T23:38:29.945+0000] {processor.py:161} INFO - Started process (PID=1364) to work on /home/airflow/.local/lib/python3.12/site-packages/airflow/example_dags/example_task_group.py
[2024-05-10T23:38:29.946+0000] {processor.py:830} INFO - Processing file /home/airflow/.local/lib/python3.12/site-packages/airflow/example_dags/example_task_group.py for tasks to queue
[2024-05-10T23:38:29.948+0000] {logging_mixin.py:188} INFO - [2024-05-10T23:38:29.948+0000] {dagbag.py:540} INFO - Filling up the DagBag from /home/airflow/.local/lib/python3.12/site-packages/airflow/example_dags/example_task_group.py
[2024-05-10T23:38:29.955+0000] {processor.py:840} INFO - DAG(s) 'example_task_group' retrieved from /home/airflow/.local/lib/python3.12/site-packages/airflow/example_dags/example_task_group.py
[2024-05-10T23:38:29.978+0000] {logging_mixin.py:188} INFO - [2024-05-10T23:38:29.978+0000] {dag.py:3096} INFO - Sync 1 DAGs
[2024-05-10T23:38:30.006+0000] {logging_mixin.py:188} INFO - [2024-05-10T23:38:30.005+0000] {dag.py:3954} INFO - Setting next_dagrun for example_task_group to 2024-05-09 00:00:00+00:00, run_after=2024-05-10 00:00:00+00:00
[2024-05-10T23:38:30.028+0000] {processor.py:183} INFO - Processing /home/airflow/.local/lib/python3.12/site-packages/airflow/example_dags/example_task_group.py took 0.088 seconds
[2024-05-10T23:39:00.549+0000] {processor.py:161} INFO - Started process (PID=1423) to work on /home/airflow/.local/lib/python3.12/site-packages/airflow/example_dags/example_task_group.py
[2024-05-10T23:39:00.550+0000] {processor.py:830} INFO - Processing file /home/airflow/.local/lib/python3.12/site-packages/airflow/example_dags/example_task_group.py for tasks to queue
[2024-05-10T23:39:00.553+0000] {logging_mixin.py:188} INFO - [2024-05-10T23:39:00.552+0000] {dagbag.py:540} INFO - Filling up the DagBag from /home/airflow/.local/lib/python3.12/site-packages/airflow/example_dags/example_task_group.py
[2024-05-10T23:39:00.562+0000] {processor.py:840} INFO - DAG(s) 'example_task_group' retrieved from /home/airflow/.local/lib/python3.12/site-packages/airflow/example_dags/example_task_group.py
[2024-05-10T23:39:00.589+0000] {logging_mixin.py:188} INFO - [2024-05-10T23:39:00.589+0000] {dag.py:3096} INFO - Sync 1 DAGs
[2024-05-10T23:39:00.618+0000] {logging_mixin.py:188} INFO - [2024-05-10T23:39:00.618+0000] {dag.py:3954} INFO - Setting next_dagrun for example_task_group to 2024-05-09 00:00:00+00:00, run_after=2024-05-10 00:00:00+00:00
[2024-05-10T23:39:00.641+0000] {processor.py:183} INFO - Processing /home/airflow/.local/lib/python3.12/site-packages/airflow/example_dags/example_task_group.py took 0.101 seconds
[2024-05-10T23:39:31.326+0000] {processor.py:161} INFO - Started process (PID=1482) to work on /home/airflow/.local/lib/python3.12/site-packages/airflow/example_dags/example_task_group.py
[2024-05-10T23:39:31.327+0000] {processor.py:830} INFO - Processing file /home/airflow/.local/lib/python3.12/site-packages/airflow/example_dags/example_task_group.py for tasks to queue
[2024-05-10T23:39:31.329+0000] {logging_mixin.py:188} INFO - [2024-05-10T23:39:31.328+0000] {dagbag.py:540} INFO - Filling up the DagBag from /home/airflow/.local/lib/python3.12/site-packages/airflow/example_dags/example_task_group.py
[2024-05-10T23:39:31.335+0000] {processor.py:840} INFO - DAG(s) 'example_task_group' retrieved from /home/airflow/.local/lib/python3.12/site-packages/airflow/example_dags/example_task_group.py
[2024-05-10T23:39:31.363+0000] {logging_mixin.py:188} INFO - [2024-05-10T23:39:31.362+0000] {dag.py:3096} INFO - Sync 1 DAGs
[2024-05-10T23:39:31.388+0000] {logging_mixin.py:188} INFO - [2024-05-10T23:39:31.388+0000] {dag.py:3954} INFO - Setting next_dagrun for example_task_group to 2024-05-09 00:00:00+00:00, run_after=2024-05-10 00:00:00+00:00
[2024-05-10T23:39:31.408+0000] {processor.py:183} INFO - Processing /home/airflow/.local/lib/python3.12/site-packages/airflow/example_dags/example_task_group.py took 0.088 seconds
[2024-05-10T23:40:02.153+0000] {processor.py:161} INFO - Started process (PID=1541) to work on /home/airflow/.local/lib/python3.12/site-packages/airflow/example_dags/example_task_group.py
[2024-05-10T23:40:02.154+0000] {processor.py:830} INFO - Processing file /home/airflow/.local/lib/python3.12/site-packages/airflow/example_dags/example_task_group.py for tasks to queue
[2024-05-10T23:40:02.157+0000] {logging_mixin.py:188} INFO - [2024-05-10T23:40:02.156+0000] {dagbag.py:540} INFO - Filling up the DagBag from /home/airflow/.local/lib/python3.12/site-packages/airflow/example_dags/example_task_group.py
[2024-05-10T23:40:02.165+0000] {processor.py:840} INFO - DAG(s) 'example_task_group' retrieved from /home/airflow/.local/lib/python3.12/site-packages/airflow/example_dags/example_task_group.py
[2024-05-10T23:40:02.192+0000] {logging_mixin.py:188} INFO - [2024-05-10T23:40:02.192+0000] {dag.py:3096} INFO - Sync 1 DAGs
[2024-05-10T23:40:02.220+0000] {logging_mixin.py:188} INFO - [2024-05-10T23:40:02.219+0000] {dag.py:3954} INFO - Setting next_dagrun for example_task_group to 2024-05-09 00:00:00+00:00, run_after=2024-05-10 00:00:00+00:00
[2024-05-10T23:40:02.241+0000] {processor.py:183} INFO - Processing /home/airflow/.local/lib/python3.12/site-packages/airflow/example_dags/example_task_group.py took 0.093 seconds
[2024-05-10T23:40:32.847+0000] {processor.py:161} INFO - Started process (PID=1600) to work on /home/airflow/.local/lib/python3.12/site-packages/airflow/example_dags/example_task_group.py
[2024-05-10T23:40:32.848+0000] {processor.py:830} INFO - Processing file /home/airflow/.local/lib/python3.12/site-packages/airflow/example_dags/example_task_group.py for tasks to queue
[2024-05-10T23:40:32.850+0000] {logging_mixin.py:188} INFO - [2024-05-10T23:40:32.850+0000] {dagbag.py:540} INFO - Filling up the DagBag from /home/airflow/.local/lib/python3.12/site-packages/airflow/example_dags/example_task_group.py
[2024-05-10T23:40:32.861+0000] {processor.py:840} INFO - DAG(s) 'example_task_group' retrieved from /home/airflow/.local/lib/python3.12/site-packages/airflow/example_dags/example_task_group.py
[2024-05-10T23:40:32.886+0000] {logging_mixin.py:188} INFO - [2024-05-10T23:40:32.885+0000] {dag.py:3096} INFO - Sync 1 DAGs
[2024-05-10T23:40:32.911+0000] {logging_mixin.py:188} INFO - [2024-05-10T23:40:32.911+0000] {dag.py:3954} INFO - Setting next_dagrun for example_task_group to 2024-05-09 00:00:00+00:00, run_after=2024-05-10 00:00:00+00:00
[2024-05-10T23:40:32.935+0000] {processor.py:183} INFO - Processing /home/airflow/.local/lib/python3.12/site-packages/airflow/example_dags/example_task_group.py took 0.094 seconds
