[2024-05-10T23:27:12.827+0000] {processor.py:161} INFO - Started process (PID=44) to work on /home/airflow/.local/lib/python3.12/site-packages/airflow/example_dags/example_branch_labels.py
[2024-05-10T23:27:12.828+0000] {processor.py:830} INFO - Processing file /home/airflow/.local/lib/python3.12/site-packages/airflow/example_dags/example_branch_labels.py for tasks to queue
[2024-05-10T23:27:12.830+0000] {logging_mixin.py:188} INFO - [2024-05-10T23:27:12.829+0000] {dagbag.py:540} INFO - Filling up the DagBag from /home/airflow/.local/lib/python3.12/site-packages/airflow/example_dags/example_branch_labels.py
[2024-05-10T23:27:12.838+0000] {processor.py:840} INFO - DAG(s) 'example_branch_labels' retrieved from /home/airflow/.local/lib/python3.12/site-packages/airflow/example_dags/example_branch_labels.py
[2024-05-10T23:27:12.960+0000] {logging_mixin.py:188} INFO - [2024-05-10T23:27:12.960+0000] {dag.py:3096} INFO - Sync 1 DAGs
[2024-05-10T23:27:12.987+0000] {logging_mixin.py:188} INFO - [2024-05-10T23:27:12.987+0000] {dag.py:3954} INFO - Setting next_dagrun for example_branch_labels to 2024-05-09 00:00:00+00:00, run_after=2024-05-10 00:00:00+00:00
[2024-05-10T23:27:13.018+0000] {processor.py:183} INFO - Processing /home/airflow/.local/lib/python3.12/site-packages/airflow/example_dags/example_branch_labels.py took 0.197 seconds
[2024-05-10T23:27:43.410+0000] {processor.py:161} INFO - Started process (PID=103) to work on /home/airflow/.local/lib/python3.12/site-packages/airflow/example_dags/example_branch_labels.py
[2024-05-10T23:27:43.411+0000] {processor.py:830} INFO - Processing file /home/airflow/.local/lib/python3.12/site-packages/airflow/example_dags/example_branch_labels.py for tasks to queue
[2024-05-10T23:27:43.413+0000] {logging_mixin.py:188} INFO - [2024-05-10T23:27:43.413+0000] {dagbag.py:540} INFO - Filling up the DagBag from /home/airflow/.local/lib/python3.12/site-packages/airflow/example_dags/example_branch_labels.py
[2024-05-10T23:27:43.421+0000] {processor.py:840} INFO - DAG(s) 'example_branch_labels' retrieved from /home/airflow/.local/lib/python3.12/site-packages/airflow/example_dags/example_branch_labels.py
[2024-05-10T23:27:43.448+0000] {logging_mixin.py:188} INFO - [2024-05-10T23:27:43.448+0000] {dag.py:3096} INFO - Sync 1 DAGs
[2024-05-10T23:27:43.477+0000] {logging_mixin.py:188} INFO - [2024-05-10T23:27:43.476+0000] {dag.py:3954} INFO - Setting next_dagrun for example_branch_labels to 2024-05-09 00:00:00+00:00, run_after=2024-05-10 00:00:00+00:00
[2024-05-10T23:27:43.499+0000] {processor.py:183} INFO - Processing /home/airflow/.local/lib/python3.12/site-packages/airflow/example_dags/example_branch_labels.py took 0.095 seconds
[2024-05-10T23:28:14.361+0000] {processor.py:161} INFO - Started process (PID=162) to work on /home/airflow/.local/lib/python3.12/site-packages/airflow/example_dags/example_branch_labels.py
[2024-05-10T23:28:14.362+0000] {processor.py:830} INFO - Processing file /home/airflow/.local/lib/python3.12/site-packages/airflow/example_dags/example_branch_labels.py for tasks to queue
[2024-05-10T23:28:14.365+0000] {logging_mixin.py:188} INFO - [2024-05-10T23:28:14.364+0000] {dagbag.py:540} INFO - Filling up the DagBag from /home/airflow/.local/lib/python3.12/site-packages/airflow/example_dags/example_branch_labels.py
[2024-05-10T23:28:14.374+0000] {processor.py:840} INFO - DAG(s) 'example_branch_labels' retrieved from /home/airflow/.local/lib/python3.12/site-packages/airflow/example_dags/example_branch_labels.py
[2024-05-10T23:28:14.397+0000] {logging_mixin.py:188} INFO - [2024-05-10T23:28:14.397+0000] {dag.py:3096} INFO - Sync 1 DAGs
[2024-05-10T23:28:14.422+0000] {logging_mixin.py:188} INFO - [2024-05-10T23:28:14.422+0000] {dag.py:3954} INFO - Setting next_dagrun for example_branch_labels to 2024-05-09 00:00:00+00:00, run_after=2024-05-10 00:00:00+00:00
[2024-05-10T23:28:14.441+0000] {processor.py:183} INFO - Processing /home/airflow/.local/lib/python3.12/site-packages/airflow/example_dags/example_branch_labels.py took 0.086 seconds
[2024-05-10T23:28:45.032+0000] {processor.py:161} INFO - Started process (PID=221) to work on /home/airflow/.local/lib/python3.12/site-packages/airflow/example_dags/example_branch_labels.py
[2024-05-10T23:28:45.034+0000] {processor.py:830} INFO - Processing file /home/airflow/.local/lib/python3.12/site-packages/airflow/example_dags/example_branch_labels.py for tasks to queue
[2024-05-10T23:28:45.036+0000] {logging_mixin.py:188} INFO - [2024-05-10T23:28:45.035+0000] {dagbag.py:540} INFO - Filling up the DagBag from /home/airflow/.local/lib/python3.12/site-packages/airflow/example_dags/example_branch_labels.py
[2024-05-10T23:28:45.043+0000] {processor.py:840} INFO - DAG(s) 'example_branch_labels' retrieved from /home/airflow/.local/lib/python3.12/site-packages/airflow/example_dags/example_branch_labels.py
[2024-05-10T23:28:45.065+0000] {logging_mixin.py:188} INFO - [2024-05-10T23:28:45.064+0000] {dag.py:3096} INFO - Sync 1 DAGs
[2024-05-10T23:28:45.090+0000] {logging_mixin.py:188} INFO - [2024-05-10T23:28:45.090+0000] {dag.py:3954} INFO - Setting next_dagrun for example_branch_labels to 2024-05-09 00:00:00+00:00, run_after=2024-05-10 00:00:00+00:00
[2024-05-10T23:28:45.110+0000] {processor.py:183} INFO - Processing /home/airflow/.local/lib/python3.12/site-packages/airflow/example_dags/example_branch_labels.py took 0.082 seconds
[2024-05-10T23:29:15.286+0000] {processor.py:161} INFO - Started process (PID=280) to work on /home/airflow/.local/lib/python3.12/site-packages/airflow/example_dags/example_branch_labels.py
[2024-05-10T23:29:15.287+0000] {processor.py:830} INFO - Processing file /home/airflow/.local/lib/python3.12/site-packages/airflow/example_dags/example_branch_labels.py for tasks to queue
[2024-05-10T23:29:15.290+0000] {logging_mixin.py:188} INFO - [2024-05-10T23:29:15.289+0000] {dagbag.py:540} INFO - Filling up the DagBag from /home/airflow/.local/lib/python3.12/site-packages/airflow/example_dags/example_branch_labels.py
[2024-05-10T23:29:15.298+0000] {processor.py:840} INFO - DAG(s) 'example_branch_labels' retrieved from /home/airflow/.local/lib/python3.12/site-packages/airflow/example_dags/example_branch_labels.py
[2024-05-10T23:29:15.319+0000] {logging_mixin.py:188} INFO - [2024-05-10T23:29:15.318+0000] {dag.py:3096} INFO - Sync 1 DAGs
[2024-05-10T23:29:15.342+0000] {logging_mixin.py:188} INFO - [2024-05-10T23:29:15.341+0000] {dag.py:3954} INFO - Setting next_dagrun for example_branch_labels to 2024-05-09 00:00:00+00:00, run_after=2024-05-10 00:00:00+00:00
[2024-05-10T23:29:15.362+0000] {processor.py:183} INFO - Processing /home/airflow/.local/lib/python3.12/site-packages/airflow/example_dags/example_branch_labels.py took 0.081 seconds
[2024-05-10T23:29:45.460+0000] {processor.py:161} INFO - Started process (PID=339) to work on /home/airflow/.local/lib/python3.12/site-packages/airflow/example_dags/example_branch_labels.py
[2024-05-10T23:29:45.461+0000] {processor.py:830} INFO - Processing file /home/airflow/.local/lib/python3.12/site-packages/airflow/example_dags/example_branch_labels.py for tasks to queue
[2024-05-10T23:29:45.463+0000] {logging_mixin.py:188} INFO - [2024-05-10T23:29:45.463+0000] {dagbag.py:540} INFO - Filling up the DagBag from /home/airflow/.local/lib/python3.12/site-packages/airflow/example_dags/example_branch_labels.py
[2024-05-10T23:29:45.472+0000] {processor.py:840} INFO - DAG(s) 'example_branch_labels' retrieved from /home/airflow/.local/lib/python3.12/site-packages/airflow/example_dags/example_branch_labels.py
[2024-05-10T23:29:45.494+0000] {logging_mixin.py:188} INFO - [2024-05-10T23:29:45.494+0000] {dag.py:3096} INFO - Sync 1 DAGs
[2024-05-10T23:29:45.522+0000] {logging_mixin.py:188} INFO - [2024-05-10T23:29:45.522+0000] {dag.py:3954} INFO - Setting next_dagrun for example_branch_labels to 2024-05-09 00:00:00+00:00, run_after=2024-05-10 00:00:00+00:00
[2024-05-10T23:29:45.547+0000] {processor.py:183} INFO - Processing /home/airflow/.local/lib/python3.12/site-packages/airflow/example_dags/example_branch_labels.py took 0.093 seconds
[2024-05-10T23:30:16.143+0000] {processor.py:161} INFO - Started process (PID=398) to work on /home/airflow/.local/lib/python3.12/site-packages/airflow/example_dags/example_branch_labels.py
[2024-05-10T23:30:16.143+0000] {processor.py:830} INFO - Processing file /home/airflow/.local/lib/python3.12/site-packages/airflow/example_dags/example_branch_labels.py for tasks to queue
[2024-05-10T23:30:16.145+0000] {logging_mixin.py:188} INFO - [2024-05-10T23:30:16.145+0000] {dagbag.py:540} INFO - Filling up the DagBag from /home/airflow/.local/lib/python3.12/site-packages/airflow/example_dags/example_branch_labels.py
[2024-05-10T23:30:16.153+0000] {processor.py:840} INFO - DAG(s) 'example_branch_labels' retrieved from /home/airflow/.local/lib/python3.12/site-packages/airflow/example_dags/example_branch_labels.py
[2024-05-10T23:30:16.180+0000] {logging_mixin.py:188} INFO - [2024-05-10T23:30:16.179+0000] {dag.py:3096} INFO - Sync 1 DAGs
[2024-05-10T23:30:16.217+0000] {logging_mixin.py:188} INFO - [2024-05-10T23:30:16.216+0000] {dag.py:3954} INFO - Setting next_dagrun for example_branch_labels to 2024-05-09 00:00:00+00:00, run_after=2024-05-10 00:00:00+00:00
[2024-05-10T23:30:16.251+0000] {processor.py:183} INFO - Processing /home/airflow/.local/lib/python3.12/site-packages/airflow/example_dags/example_branch_labels.py took 0.114 seconds
[2024-05-10T23:30:46.755+0000] {processor.py:161} INFO - Started process (PID=457) to work on /home/airflow/.local/lib/python3.12/site-packages/airflow/example_dags/example_branch_labels.py
[2024-05-10T23:30:46.756+0000] {processor.py:830} INFO - Processing file /home/airflow/.local/lib/python3.12/site-packages/airflow/example_dags/example_branch_labels.py for tasks to queue
[2024-05-10T23:30:46.758+0000] {logging_mixin.py:188} INFO - [2024-05-10T23:30:46.758+0000] {dagbag.py:540} INFO - Filling up the DagBag from /home/airflow/.local/lib/python3.12/site-packages/airflow/example_dags/example_branch_labels.py
[2024-05-10T23:30:46.768+0000] {processor.py:840} INFO - DAG(s) 'example_branch_labels' retrieved from /home/airflow/.local/lib/python3.12/site-packages/airflow/example_dags/example_branch_labels.py
[2024-05-10T23:30:46.793+0000] {logging_mixin.py:188} INFO - [2024-05-10T23:30:46.793+0000] {dag.py:3096} INFO - Sync 1 DAGs
[2024-05-10T23:30:46.820+0000] {logging_mixin.py:188} INFO - [2024-05-10T23:30:46.820+0000] {dag.py:3954} INFO - Setting next_dagrun for example_branch_labels to 2024-05-09 00:00:00+00:00, run_after=2024-05-10 00:00:00+00:00
[2024-05-10T23:30:46.843+0000] {processor.py:183} INFO - Processing /home/airflow/.local/lib/python3.12/site-packages/airflow/example_dags/example_branch_labels.py took 0.093 seconds
[2024-05-10T23:31:17.167+0000] {processor.py:161} INFO - Started process (PID=516) to work on /home/airflow/.local/lib/python3.12/site-packages/airflow/example_dags/example_branch_labels.py
[2024-05-10T23:31:17.168+0000] {processor.py:830} INFO - Processing file /home/airflow/.local/lib/python3.12/site-packages/airflow/example_dags/example_branch_labels.py for tasks to queue
[2024-05-10T23:31:17.170+0000] {logging_mixin.py:188} INFO - [2024-05-10T23:31:17.170+0000] {dagbag.py:540} INFO - Filling up the DagBag from /home/airflow/.local/lib/python3.12/site-packages/airflow/example_dags/example_branch_labels.py
[2024-05-10T23:31:17.179+0000] {processor.py:840} INFO - DAG(s) 'example_branch_labels' retrieved from /home/airflow/.local/lib/python3.12/site-packages/airflow/example_dags/example_branch_labels.py
[2024-05-10T23:31:17.204+0000] {logging_mixin.py:188} INFO - [2024-05-10T23:31:17.204+0000] {dag.py:3096} INFO - Sync 1 DAGs
[2024-05-10T23:31:17.229+0000] {logging_mixin.py:188} INFO - [2024-05-10T23:31:17.229+0000] {dag.py:3954} INFO - Setting next_dagrun for example_branch_labels to 2024-05-09 00:00:00+00:00, run_after=2024-05-10 00:00:00+00:00
[2024-05-10T23:31:17.250+0000] {processor.py:183} INFO - Processing /home/airflow/.local/lib/python3.12/site-packages/airflow/example_dags/example_branch_labels.py took 0.088 seconds
[2024-05-10T23:31:48.648+0000] {processor.py:161} INFO - Started process (PID=575) to work on /home/airflow/.local/lib/python3.12/site-packages/airflow/example_dags/example_branch_labels.py
[2024-05-10T23:31:48.649+0000] {processor.py:830} INFO - Processing file /home/airflow/.local/lib/python3.12/site-packages/airflow/example_dags/example_branch_labels.py for tasks to queue
[2024-05-10T23:31:48.651+0000] {logging_mixin.py:188} INFO - [2024-05-10T23:31:48.650+0000] {dagbag.py:540} INFO - Filling up the DagBag from /home/airflow/.local/lib/python3.12/site-packages/airflow/example_dags/example_branch_labels.py
[2024-05-10T23:31:48.658+0000] {processor.py:840} INFO - DAG(s) 'example_branch_labels' retrieved from /home/airflow/.local/lib/python3.12/site-packages/airflow/example_dags/example_branch_labels.py
[2024-05-10T23:31:48.683+0000] {logging_mixin.py:188} INFO - [2024-05-10T23:31:48.682+0000] {dag.py:3096} INFO - Sync 1 DAGs
[2024-05-10T23:31:48.711+0000] {logging_mixin.py:188} INFO - [2024-05-10T23:31:48.710+0000] {dag.py:3954} INFO - Setting next_dagrun for example_branch_labels to 2024-05-09 00:00:00+00:00, run_after=2024-05-10 00:00:00+00:00
[2024-05-10T23:31:48.745+0000] {processor.py:183} INFO - Processing /home/airflow/.local/lib/python3.12/site-packages/airflow/example_dags/example_branch_labels.py took 0.102 seconds
[2024-05-10T23:32:19.289+0000] {processor.py:161} INFO - Started process (PID=634) to work on /home/airflow/.local/lib/python3.12/site-packages/airflow/example_dags/example_branch_labels.py
[2024-05-10T23:32:19.291+0000] {processor.py:830} INFO - Processing file /home/airflow/.local/lib/python3.12/site-packages/airflow/example_dags/example_branch_labels.py for tasks to queue
[2024-05-10T23:32:19.294+0000] {logging_mixin.py:188} INFO - [2024-05-10T23:32:19.293+0000] {dagbag.py:540} INFO - Filling up the DagBag from /home/airflow/.local/lib/python3.12/site-packages/airflow/example_dags/example_branch_labels.py
[2024-05-10T23:32:19.304+0000] {processor.py:840} INFO - DAG(s) 'example_branch_labels' retrieved from /home/airflow/.local/lib/python3.12/site-packages/airflow/example_dags/example_branch_labels.py
[2024-05-10T23:32:19.330+0000] {logging_mixin.py:188} INFO - [2024-05-10T23:32:19.329+0000] {dag.py:3096} INFO - Sync 1 DAGs
[2024-05-10T23:32:19.359+0000] {logging_mixin.py:188} INFO - [2024-05-10T23:32:19.359+0000] {dag.py:3954} INFO - Setting next_dagrun for example_branch_labels to 2024-05-09 00:00:00+00:00, run_after=2024-05-10 00:00:00+00:00
[2024-05-10T23:32:19.388+0000] {processor.py:183} INFO - Processing /home/airflow/.local/lib/python3.12/site-packages/airflow/example_dags/example_branch_labels.py took 0.104 seconds
[2024-05-10T23:32:49.759+0000] {processor.py:161} INFO - Started process (PID=693) to work on /home/airflow/.local/lib/python3.12/site-packages/airflow/example_dags/example_branch_labels.py
[2024-05-10T23:32:49.760+0000] {processor.py:830} INFO - Processing file /home/airflow/.local/lib/python3.12/site-packages/airflow/example_dags/example_branch_labels.py for tasks to queue
[2024-05-10T23:32:49.762+0000] {logging_mixin.py:188} INFO - [2024-05-10T23:32:49.761+0000] {dagbag.py:540} INFO - Filling up the DagBag from /home/airflow/.local/lib/python3.12/site-packages/airflow/example_dags/example_branch_labels.py
[2024-05-10T23:32:49.771+0000] {processor.py:840} INFO - DAG(s) 'example_branch_labels' retrieved from /home/airflow/.local/lib/python3.12/site-packages/airflow/example_dags/example_branch_labels.py
[2024-05-10T23:32:49.794+0000] {logging_mixin.py:188} INFO - [2024-05-10T23:32:49.794+0000] {dag.py:3096} INFO - Sync 1 DAGs
[2024-05-10T23:32:49.820+0000] {logging_mixin.py:188} INFO - [2024-05-10T23:32:49.819+0000] {dag.py:3954} INFO - Setting next_dagrun for example_branch_labels to 2024-05-09 00:00:00+00:00, run_after=2024-05-10 00:00:00+00:00
[2024-05-10T23:32:49.843+0000] {processor.py:183} INFO - Processing /home/airflow/.local/lib/python3.12/site-packages/airflow/example_dags/example_branch_labels.py took 0.090 seconds
[2024-05-10T23:33:20.589+0000] {processor.py:161} INFO - Started process (PID=752) to work on /home/airflow/.local/lib/python3.12/site-packages/airflow/example_dags/example_branch_labels.py
[2024-05-10T23:33:20.590+0000] {processor.py:830} INFO - Processing file /home/airflow/.local/lib/python3.12/site-packages/airflow/example_dags/example_branch_labels.py for tasks to queue
[2024-05-10T23:33:20.592+0000] {logging_mixin.py:188} INFO - [2024-05-10T23:33:20.591+0000] {dagbag.py:540} INFO - Filling up the DagBag from /home/airflow/.local/lib/python3.12/site-packages/airflow/example_dags/example_branch_labels.py
[2024-05-10T23:33:20.602+0000] {processor.py:840} INFO - DAG(s) 'example_branch_labels' retrieved from /home/airflow/.local/lib/python3.12/site-packages/airflow/example_dags/example_branch_labels.py
[2024-05-10T23:33:20.623+0000] {logging_mixin.py:188} INFO - [2024-05-10T23:33:20.623+0000] {dag.py:3096} INFO - Sync 1 DAGs
[2024-05-10T23:33:20.649+0000] {logging_mixin.py:188} INFO - [2024-05-10T23:33:20.648+0000] {dag.py:3954} INFO - Setting next_dagrun for example_branch_labels to 2024-05-09 00:00:00+00:00, run_after=2024-05-10 00:00:00+00:00
[2024-05-10T23:33:20.675+0000] {processor.py:183} INFO - Processing /home/airflow/.local/lib/python3.12/site-packages/airflow/example_dags/example_branch_labels.py took 0.091 seconds
[2024-05-10T23:33:51.398+0000] {processor.py:161} INFO - Started process (PID=811) to work on /home/airflow/.local/lib/python3.12/site-packages/airflow/example_dags/example_branch_labels.py
[2024-05-10T23:33:51.399+0000] {processor.py:830} INFO - Processing file /home/airflow/.local/lib/python3.12/site-packages/airflow/example_dags/example_branch_labels.py for tasks to queue
[2024-05-10T23:33:51.401+0000] {logging_mixin.py:188} INFO - [2024-05-10T23:33:51.401+0000] {dagbag.py:540} INFO - Filling up the DagBag from /home/airflow/.local/lib/python3.12/site-packages/airflow/example_dags/example_branch_labels.py
[2024-05-10T23:33:51.410+0000] {processor.py:840} INFO - DAG(s) 'example_branch_labels' retrieved from /home/airflow/.local/lib/python3.12/site-packages/airflow/example_dags/example_branch_labels.py
[2024-05-10T23:33:51.433+0000] {logging_mixin.py:188} INFO - [2024-05-10T23:33:51.432+0000] {dag.py:3096} INFO - Sync 1 DAGs
[2024-05-10T23:33:51.459+0000] {logging_mixin.py:188} INFO - [2024-05-10T23:33:51.459+0000] {dag.py:3954} INFO - Setting next_dagrun for example_branch_labels to 2024-05-09 00:00:00+00:00, run_after=2024-05-10 00:00:00+00:00
[2024-05-10T23:33:51.488+0000] {processor.py:183} INFO - Processing /home/airflow/.local/lib/python3.12/site-packages/airflow/example_dags/example_branch_labels.py took 0.097 seconds
[2024-05-10T23:34:21.606+0000] {processor.py:161} INFO - Started process (PID=876) to work on /home/airflow/.local/lib/python3.12/site-packages/airflow/example_dags/example_branch_labels.py
[2024-05-10T23:34:21.607+0000] {processor.py:830} INFO - Processing file /home/airflow/.local/lib/python3.12/site-packages/airflow/example_dags/example_branch_labels.py for tasks to queue
[2024-05-10T23:34:21.609+0000] {logging_mixin.py:188} INFO - [2024-05-10T23:34:21.609+0000] {dagbag.py:540} INFO - Filling up the DagBag from /home/airflow/.local/lib/python3.12/site-packages/airflow/example_dags/example_branch_labels.py
[2024-05-10T23:34:21.616+0000] {processor.py:840} INFO - DAG(s) 'example_branch_labels' retrieved from /home/airflow/.local/lib/python3.12/site-packages/airflow/example_dags/example_branch_labels.py
[2024-05-10T23:34:21.637+0000] {logging_mixin.py:188} INFO - [2024-05-10T23:34:21.637+0000] {dag.py:3096} INFO - Sync 1 DAGs
[2024-05-10T23:34:21.661+0000] {logging_mixin.py:188} INFO - [2024-05-10T23:34:21.661+0000] {dag.py:3954} INFO - Setting next_dagrun for example_branch_labels to 2024-05-09 00:00:00+00:00, run_after=2024-05-10 00:00:00+00:00
[2024-05-10T23:34:21.681+0000] {processor.py:183} INFO - Processing /home/airflow/.local/lib/python3.12/site-packages/airflow/example_dags/example_branch_labels.py took 0.080 seconds
[2024-05-10T23:34:51.777+0000] {processor.py:161} INFO - Started process (PID=935) to work on /home/airflow/.local/lib/python3.12/site-packages/airflow/example_dags/example_branch_labels.py
[2024-05-10T23:34:51.778+0000] {processor.py:830} INFO - Processing file /home/airflow/.local/lib/python3.12/site-packages/airflow/example_dags/example_branch_labels.py for tasks to queue
[2024-05-10T23:34:51.779+0000] {logging_mixin.py:188} INFO - [2024-05-10T23:34:51.779+0000] {dagbag.py:540} INFO - Filling up the DagBag from /home/airflow/.local/lib/python3.12/site-packages/airflow/example_dags/example_branch_labels.py
[2024-05-10T23:34:51.789+0000] {processor.py:840} INFO - DAG(s) 'example_branch_labels' retrieved from /home/airflow/.local/lib/python3.12/site-packages/airflow/example_dags/example_branch_labels.py
[2024-05-10T23:34:51.826+0000] {logging_mixin.py:188} INFO - [2024-05-10T23:34:51.825+0000] {dag.py:3096} INFO - Sync 1 DAGs
[2024-05-10T23:34:51.859+0000] {logging_mixin.py:188} INFO - [2024-05-10T23:34:51.858+0000] {dag.py:3954} INFO - Setting next_dagrun for example_branch_labels to 2024-05-09 00:00:00+00:00, run_after=2024-05-10 00:00:00+00:00
[2024-05-10T23:34:51.883+0000] {processor.py:183} INFO - Processing /home/airflow/.local/lib/python3.12/site-packages/airflow/example_dags/example_branch_labels.py took 0.112 seconds
[2024-05-10T23:35:22.495+0000] {processor.py:161} INFO - Started process (PID=994) to work on /home/airflow/.local/lib/python3.12/site-packages/airflow/example_dags/example_branch_labels.py
[2024-05-10T23:35:22.496+0000] {processor.py:830} INFO - Processing file /home/airflow/.local/lib/python3.12/site-packages/airflow/example_dags/example_branch_labels.py for tasks to queue
[2024-05-10T23:35:22.498+0000] {logging_mixin.py:188} INFO - [2024-05-10T23:35:22.498+0000] {dagbag.py:540} INFO - Filling up the DagBag from /home/airflow/.local/lib/python3.12/site-packages/airflow/example_dags/example_branch_labels.py
[2024-05-10T23:35:22.506+0000] {processor.py:840} INFO - DAG(s) 'example_branch_labels' retrieved from /home/airflow/.local/lib/python3.12/site-packages/airflow/example_dags/example_branch_labels.py
[2024-05-10T23:35:22.534+0000] {logging_mixin.py:188} INFO - [2024-05-10T23:35:22.534+0000] {dag.py:3096} INFO - Sync 1 DAGs
[2024-05-10T23:35:22.566+0000] {logging_mixin.py:188} INFO - [2024-05-10T23:35:22.566+0000] {dag.py:3954} INFO - Setting next_dagrun for example_branch_labels to 2024-05-09 00:00:00+00:00, run_after=2024-05-10 00:00:00+00:00
[2024-05-10T23:35:22.592+0000] {processor.py:183} INFO - Processing /home/airflow/.local/lib/python3.12/site-packages/airflow/example_dags/example_branch_labels.py took 0.102 seconds
[2024-05-10T23:35:53.796+0000] {processor.py:161} INFO - Started process (PID=1053) to work on /home/airflow/.local/lib/python3.12/site-packages/airflow/example_dags/example_branch_labels.py
[2024-05-10T23:35:53.798+0000] {processor.py:830} INFO - Processing file /home/airflow/.local/lib/python3.12/site-packages/airflow/example_dags/example_branch_labels.py for tasks to queue
[2024-05-10T23:35:53.800+0000] {logging_mixin.py:188} INFO - [2024-05-10T23:35:53.800+0000] {dagbag.py:540} INFO - Filling up the DagBag from /home/airflow/.local/lib/python3.12/site-packages/airflow/example_dags/example_branch_labels.py
[2024-05-10T23:35:53.809+0000] {processor.py:840} INFO - DAG(s) 'example_branch_labels' retrieved from /home/airflow/.local/lib/python3.12/site-packages/airflow/example_dags/example_branch_labels.py
[2024-05-10T23:35:53.833+0000] {logging_mixin.py:188} INFO - [2024-05-10T23:35:53.833+0000] {dag.py:3096} INFO - Sync 1 DAGs
[2024-05-10T23:35:53.985+0000] {logging_mixin.py:188} INFO - [2024-05-10T23:35:53.984+0000] {dag.py:3954} INFO - Setting next_dagrun for example_branch_labels to 2024-05-09 00:00:00+00:00, run_after=2024-05-10 00:00:00+00:00
[2024-05-10T23:35:54.008+0000] {processor.py:183} INFO - Processing /home/airflow/.local/lib/python3.12/site-packages/airflow/example_dags/example_branch_labels.py took 0.218 seconds
[2024-05-10T23:36:24.954+0000] {processor.py:161} INFO - Started process (PID=1112) to work on /home/airflow/.local/lib/python3.12/site-packages/airflow/example_dags/example_branch_labels.py
[2024-05-10T23:36:24.955+0000] {processor.py:830} INFO - Processing file /home/airflow/.local/lib/python3.12/site-packages/airflow/example_dags/example_branch_labels.py for tasks to queue
[2024-05-10T23:36:24.958+0000] {logging_mixin.py:188} INFO - [2024-05-10T23:36:24.957+0000] {dagbag.py:540} INFO - Filling up the DagBag from /home/airflow/.local/lib/python3.12/site-packages/airflow/example_dags/example_branch_labels.py
[2024-05-10T23:36:24.968+0000] {processor.py:840} INFO - DAG(s) 'example_branch_labels' retrieved from /home/airflow/.local/lib/python3.12/site-packages/airflow/example_dags/example_branch_labels.py
[2024-05-10T23:36:24.997+0000] {logging_mixin.py:188} INFO - [2024-05-10T23:36:24.997+0000] {dag.py:3096} INFO - Sync 1 DAGs
[2024-05-10T23:36:25.022+0000] {logging_mixin.py:188} INFO - [2024-05-10T23:36:25.022+0000] {dag.py:3954} INFO - Setting next_dagrun for example_branch_labels to 2024-05-09 00:00:00+00:00, run_after=2024-05-10 00:00:00+00:00
[2024-05-10T23:36:25.172+0000] {processor.py:183} INFO - Processing /home/airflow/.local/lib/python3.12/site-packages/airflow/example_dags/example_branch_labels.py took 0.225 seconds
[2024-05-10T23:36:55.620+0000] {processor.py:161} INFO - Started process (PID=1171) to work on /home/airflow/.local/lib/python3.12/site-packages/airflow/example_dags/example_branch_labels.py
[2024-05-10T23:36:55.621+0000] {processor.py:830} INFO - Processing file /home/airflow/.local/lib/python3.12/site-packages/airflow/example_dags/example_branch_labels.py for tasks to queue
[2024-05-10T23:36:55.624+0000] {logging_mixin.py:188} INFO - [2024-05-10T23:36:55.624+0000] {dagbag.py:540} INFO - Filling up the DagBag from /home/airflow/.local/lib/python3.12/site-packages/airflow/example_dags/example_branch_labels.py
[2024-05-10T23:36:55.637+0000] {processor.py:840} INFO - DAG(s) 'example_branch_labels' retrieved from /home/airflow/.local/lib/python3.12/site-packages/airflow/example_dags/example_branch_labels.py
[2024-05-10T23:36:55.666+0000] {logging_mixin.py:188} INFO - [2024-05-10T23:36:55.666+0000] {dag.py:3096} INFO - Sync 1 DAGs
[2024-05-10T23:36:55.704+0000] {logging_mixin.py:188} INFO - [2024-05-10T23:36:55.703+0000] {dag.py:3954} INFO - Setting next_dagrun for example_branch_labels to 2024-05-09 00:00:00+00:00, run_after=2024-05-10 00:00:00+00:00
[2024-05-10T23:36:55.760+0000] {processor.py:183} INFO - Processing /home/airflow/.local/lib/python3.12/site-packages/airflow/example_dags/example_branch_labels.py took 0.152 seconds
[2024-05-10T23:37:25.829+0000] {processor.py:161} INFO - Started process (PID=1230) to work on /home/airflow/.local/lib/python3.12/site-packages/airflow/example_dags/example_branch_labels.py
[2024-05-10T23:37:25.830+0000] {processor.py:830} INFO - Processing file /home/airflow/.local/lib/python3.12/site-packages/airflow/example_dags/example_branch_labels.py for tasks to queue
[2024-05-10T23:37:25.832+0000] {logging_mixin.py:188} INFO - [2024-05-10T23:37:25.832+0000] {dagbag.py:540} INFO - Filling up the DagBag from /home/airflow/.local/lib/python3.12/site-packages/airflow/example_dags/example_branch_labels.py
[2024-05-10T23:37:25.839+0000] {processor.py:840} INFO - DAG(s) 'example_branch_labels' retrieved from /home/airflow/.local/lib/python3.12/site-packages/airflow/example_dags/example_branch_labels.py
[2024-05-10T23:37:25.860+0000] {logging_mixin.py:188} INFO - [2024-05-10T23:37:25.860+0000] {dag.py:3096} INFO - Sync 1 DAGs
[2024-05-10T23:37:25.884+0000] {logging_mixin.py:188} INFO - [2024-05-10T23:37:25.884+0000] {dag.py:3954} INFO - Setting next_dagrun for example_branch_labels to 2024-05-09 00:00:00+00:00, run_after=2024-05-10 00:00:00+00:00
[2024-05-10T23:37:25.905+0000] {processor.py:183} INFO - Processing /home/airflow/.local/lib/python3.12/site-packages/airflow/example_dags/example_branch_labels.py took 0.081 seconds
[2024-05-10T23:37:55.944+0000] {processor.py:161} INFO - Started process (PID=1289) to work on /home/airflow/.local/lib/python3.12/site-packages/airflow/example_dags/example_branch_labels.py
[2024-05-10T23:37:55.945+0000] {processor.py:830} INFO - Processing file /home/airflow/.local/lib/python3.12/site-packages/airflow/example_dags/example_branch_labels.py for tasks to queue
[2024-05-10T23:37:55.947+0000] {logging_mixin.py:188} INFO - [2024-05-10T23:37:55.947+0000] {dagbag.py:540} INFO - Filling up the DagBag from /home/airflow/.local/lib/python3.12/site-packages/airflow/example_dags/example_branch_labels.py
[2024-05-10T23:37:55.955+0000] {processor.py:840} INFO - DAG(s) 'example_branch_labels' retrieved from /home/airflow/.local/lib/python3.12/site-packages/airflow/example_dags/example_branch_labels.py
[2024-05-10T23:37:55.976+0000] {logging_mixin.py:188} INFO - [2024-05-10T23:37:55.976+0000] {dag.py:3096} INFO - Sync 1 DAGs
[2024-05-10T23:37:55.997+0000] {logging_mixin.py:188} INFO - [2024-05-10T23:37:55.997+0000] {dag.py:3954} INFO - Setting next_dagrun for example_branch_labels to 2024-05-09 00:00:00+00:00, run_after=2024-05-10 00:00:00+00:00
[2024-05-10T23:37:56.015+0000] {processor.py:183} INFO - Processing /home/airflow/.local/lib/python3.12/site-packages/airflow/example_dags/example_branch_labels.py took 0.077 seconds
[2024-05-10T23:38:26.886+0000] {processor.py:161} INFO - Started process (PID=1348) to work on /home/airflow/.local/lib/python3.12/site-packages/airflow/example_dags/example_branch_labels.py
[2024-05-10T23:38:26.888+0000] {processor.py:830} INFO - Processing file /home/airflow/.local/lib/python3.12/site-packages/airflow/example_dags/example_branch_labels.py for tasks to queue
[2024-05-10T23:38:26.890+0000] {logging_mixin.py:188} INFO - [2024-05-10T23:38:26.890+0000] {dagbag.py:540} INFO - Filling up the DagBag from /home/airflow/.local/lib/python3.12/site-packages/airflow/example_dags/example_branch_labels.py
[2024-05-10T23:38:26.900+0000] {processor.py:840} INFO - DAG(s) 'example_branch_labels' retrieved from /home/airflow/.local/lib/python3.12/site-packages/airflow/example_dags/example_branch_labels.py
[2024-05-10T23:38:26.926+0000] {logging_mixin.py:188} INFO - [2024-05-10T23:38:26.926+0000] {dag.py:3096} INFO - Sync 1 DAGs
[2024-05-10T23:38:26.954+0000] {logging_mixin.py:188} INFO - [2024-05-10T23:38:26.954+0000] {dag.py:3954} INFO - Setting next_dagrun for example_branch_labels to 2024-05-09 00:00:00+00:00, run_after=2024-05-10 00:00:00+00:00
[2024-05-10T23:38:26.976+0000] {processor.py:183} INFO - Processing /home/airflow/.local/lib/python3.12/site-packages/airflow/example_dags/example_branch_labels.py took 0.096 seconds
[2024-05-10T23:38:57.460+0000] {processor.py:161} INFO - Started process (PID=1407) to work on /home/airflow/.local/lib/python3.12/site-packages/airflow/example_dags/example_branch_labels.py
[2024-05-10T23:38:57.461+0000] {processor.py:830} INFO - Processing file /home/airflow/.local/lib/python3.12/site-packages/airflow/example_dags/example_branch_labels.py for tasks to queue
[2024-05-10T23:38:57.464+0000] {logging_mixin.py:188} INFO - [2024-05-10T23:38:57.463+0000] {dagbag.py:540} INFO - Filling up the DagBag from /home/airflow/.local/lib/python3.12/site-packages/airflow/example_dags/example_branch_labels.py
[2024-05-10T23:38:57.472+0000] {processor.py:840} INFO - DAG(s) 'example_branch_labels' retrieved from /home/airflow/.local/lib/python3.12/site-packages/airflow/example_dags/example_branch_labels.py
[2024-05-10T23:38:57.495+0000] {logging_mixin.py:188} INFO - [2024-05-10T23:38:57.494+0000] {dag.py:3096} INFO - Sync 1 DAGs
[2024-05-10T23:38:57.520+0000] {logging_mixin.py:188} INFO - [2024-05-10T23:38:57.520+0000] {dag.py:3954} INFO - Setting next_dagrun for example_branch_labels to 2024-05-09 00:00:00+00:00, run_after=2024-05-10 00:00:00+00:00
[2024-05-10T23:38:57.540+0000] {processor.py:183} INFO - Processing /home/airflow/.local/lib/python3.12/site-packages/airflow/example_dags/example_branch_labels.py took 0.086 seconds
[2024-05-10T23:39:28.237+0000] {processor.py:161} INFO - Started process (PID=1466) to work on /home/airflow/.local/lib/python3.12/site-packages/airflow/example_dags/example_branch_labels.py
[2024-05-10T23:39:28.238+0000] {processor.py:830} INFO - Processing file /home/airflow/.local/lib/python3.12/site-packages/airflow/example_dags/example_branch_labels.py for tasks to queue
[2024-05-10T23:39:28.241+0000] {logging_mixin.py:188} INFO - [2024-05-10T23:39:28.240+0000] {dagbag.py:540} INFO - Filling up the DagBag from /home/airflow/.local/lib/python3.12/site-packages/airflow/example_dags/example_branch_labels.py
[2024-05-10T23:39:28.253+0000] {processor.py:840} INFO - DAG(s) 'example_branch_labels' retrieved from /home/airflow/.local/lib/python3.12/site-packages/airflow/example_dags/example_branch_labels.py
[2024-05-10T23:39:28.279+0000] {logging_mixin.py:188} INFO - [2024-05-10T23:39:28.278+0000] {dag.py:3096} INFO - Sync 1 DAGs
[2024-05-10T23:39:28.319+0000] {logging_mixin.py:188} INFO - [2024-05-10T23:39:28.318+0000] {dag.py:3954} INFO - Setting next_dagrun for example_branch_labels to 2024-05-09 00:00:00+00:00, run_after=2024-05-10 00:00:00+00:00
[2024-05-10T23:39:28.344+0000] {processor.py:183} INFO - Processing /home/airflow/.local/lib/python3.12/site-packages/airflow/example_dags/example_branch_labels.py took 0.116 seconds
[2024-05-10T23:39:59.008+0000] {processor.py:161} INFO - Started process (PID=1525) to work on /home/airflow/.local/lib/python3.12/site-packages/airflow/example_dags/example_branch_labels.py
[2024-05-10T23:39:59.009+0000] {processor.py:830} INFO - Processing file /home/airflow/.local/lib/python3.12/site-packages/airflow/example_dags/example_branch_labels.py for tasks to queue
[2024-05-10T23:39:59.012+0000] {logging_mixin.py:188} INFO - [2024-05-10T23:39:59.011+0000] {dagbag.py:540} INFO - Filling up the DagBag from /home/airflow/.local/lib/python3.12/site-packages/airflow/example_dags/example_branch_labels.py
[2024-05-10T23:39:59.019+0000] {processor.py:840} INFO - DAG(s) 'example_branch_labels' retrieved from /home/airflow/.local/lib/python3.12/site-packages/airflow/example_dags/example_branch_labels.py
[2024-05-10T23:39:59.043+0000] {logging_mixin.py:188} INFO - [2024-05-10T23:39:59.042+0000] {dag.py:3096} INFO - Sync 1 DAGs
[2024-05-10T23:39:59.067+0000] {logging_mixin.py:188} INFO - [2024-05-10T23:39:59.067+0000] {dag.py:3954} INFO - Setting next_dagrun for example_branch_labels to 2024-05-09 00:00:00+00:00, run_after=2024-05-10 00:00:00+00:00
[2024-05-10T23:39:59.088+0000] {processor.py:183} INFO - Processing /home/airflow/.local/lib/python3.12/site-packages/airflow/example_dags/example_branch_labels.py took 0.085 seconds
[2024-05-10T23:40:29.713+0000] {processor.py:161} INFO - Started process (PID=1584) to work on /home/airflow/.local/lib/python3.12/site-packages/airflow/example_dags/example_branch_labels.py
[2024-05-10T23:40:29.714+0000] {processor.py:830} INFO - Processing file /home/airflow/.local/lib/python3.12/site-packages/airflow/example_dags/example_branch_labels.py for tasks to queue
[2024-05-10T23:40:29.716+0000] {logging_mixin.py:188} INFO - [2024-05-10T23:40:29.716+0000] {dagbag.py:540} INFO - Filling up the DagBag from /home/airflow/.local/lib/python3.12/site-packages/airflow/example_dags/example_branch_labels.py
[2024-05-10T23:40:29.724+0000] {processor.py:840} INFO - DAG(s) 'example_branch_labels' retrieved from /home/airflow/.local/lib/python3.12/site-packages/airflow/example_dags/example_branch_labels.py
[2024-05-10T23:40:29.749+0000] {logging_mixin.py:188} INFO - [2024-05-10T23:40:29.749+0000] {dag.py:3096} INFO - Sync 1 DAGs
[2024-05-10T23:40:29.774+0000] {logging_mixin.py:188} INFO - [2024-05-10T23:40:29.773+0000] {dag.py:3954} INFO - Setting next_dagrun for example_branch_labels to 2024-05-09 00:00:00+00:00, run_after=2024-05-10 00:00:00+00:00
[2024-05-10T23:40:29.794+0000] {processor.py:183} INFO - Processing /home/airflow/.local/lib/python3.12/site-packages/airflow/example_dags/example_branch_labels.py took 0.087 seconds
