[2024-05-10T23:27:17.055+0000] {processor.py:161} INFO - Started process (PID=62) to work on /home/airflow/.local/lib/python3.12/site-packages/airflow/example_dags/example_setup_teardown.py
[2024-05-10T23:27:17.056+0000] {processor.py:830} INFO - Processing file /home/airflow/.local/lib/python3.12/site-packages/airflow/example_dags/example_setup_teardown.py for tasks to queue
[2024-05-10T23:27:17.058+0000] {logging_mixin.py:188} INFO - [2024-05-10T23:27:17.058+0000] {dagbag.py:540} INFO - Filling up the DagBag from /home/airflow/.local/lib/python3.12/site-packages/airflow/example_dags/example_setup_teardown.py
[2024-05-10T23:27:17.065+0000] {processor.py:840} INFO - DAG(s) 'example_setup_teardown' retrieved from /home/airflow/.local/lib/python3.12/site-packages/airflow/example_dags/example_setup_teardown.py
[2024-05-10T23:27:17.206+0000] {logging_mixin.py:188} INFO - [2024-05-10T23:27:17.205+0000] {dag.py:3096} INFO - Sync 1 DAGs
[2024-05-10T23:27:17.231+0000] {logging_mixin.py:188} INFO - [2024-05-10T23:27:17.231+0000] {dag.py:3954} INFO - Setting next_dagrun for example_setup_teardown to 2024-05-09 00:00:00+00:00, run_after=2024-05-10 00:00:00+00:00
[2024-05-10T23:27:17.254+0000] {processor.py:183} INFO - Processing /home/airflow/.local/lib/python3.12/site-packages/airflow/example_dags/example_setup_teardown.py took 0.205 seconds
[2024-05-10T23:27:47.602+0000] {processor.py:161} INFO - Started process (PID=121) to work on /home/airflow/.local/lib/python3.12/site-packages/airflow/example_dags/example_setup_teardown.py
[2024-05-10T23:27:47.603+0000] {processor.py:830} INFO - Processing file /home/airflow/.local/lib/python3.12/site-packages/airflow/example_dags/example_setup_teardown.py for tasks to queue
[2024-05-10T23:27:47.604+0000] {logging_mixin.py:188} INFO - [2024-05-10T23:27:47.604+0000] {dagbag.py:540} INFO - Filling up the DagBag from /home/airflow/.local/lib/python3.12/site-packages/airflow/example_dags/example_setup_teardown.py
[2024-05-10T23:27:47.610+0000] {processor.py:840} INFO - DAG(s) 'example_setup_teardown' retrieved from /home/airflow/.local/lib/python3.12/site-packages/airflow/example_dags/example_setup_teardown.py
[2024-05-10T23:27:47.631+0000] {logging_mixin.py:188} INFO - [2024-05-10T23:27:47.631+0000] {dag.py:3096} INFO - Sync 1 DAGs
[2024-05-10T23:27:47.655+0000] {logging_mixin.py:188} INFO - [2024-05-10T23:27:47.655+0000] {dag.py:3954} INFO - Setting next_dagrun for example_setup_teardown to 2024-05-09 00:00:00+00:00, run_after=2024-05-10 00:00:00+00:00
[2024-05-10T23:27:47.675+0000] {processor.py:183} INFO - Processing /home/airflow/.local/lib/python3.12/site-packages/airflow/example_dags/example_setup_teardown.py took 0.079 seconds
[2024-05-10T23:28:18.450+0000] {processor.py:161} INFO - Started process (PID=180) to work on /home/airflow/.local/lib/python3.12/site-packages/airflow/example_dags/example_setup_teardown.py
[2024-05-10T23:28:18.453+0000] {processor.py:830} INFO - Processing file /home/airflow/.local/lib/python3.12/site-packages/airflow/example_dags/example_setup_teardown.py for tasks to queue
[2024-05-10T23:28:18.455+0000] {logging_mixin.py:188} INFO - [2024-05-10T23:28:18.455+0000] {dagbag.py:540} INFO - Filling up the DagBag from /home/airflow/.local/lib/python3.12/site-packages/airflow/example_dags/example_setup_teardown.py
[2024-05-10T23:28:18.462+0000] {processor.py:840} INFO - DAG(s) 'example_setup_teardown' retrieved from /home/airflow/.local/lib/python3.12/site-packages/airflow/example_dags/example_setup_teardown.py
[2024-05-10T23:28:18.487+0000] {logging_mixin.py:188} INFO - [2024-05-10T23:28:18.487+0000] {dag.py:3096} INFO - Sync 1 DAGs
[2024-05-10T23:28:18.511+0000] {logging_mixin.py:188} INFO - [2024-05-10T23:28:18.510+0000] {dag.py:3954} INFO - Setting next_dagrun for example_setup_teardown to 2024-05-09 00:00:00+00:00, run_after=2024-05-10 00:00:00+00:00
[2024-05-10T23:28:18.531+0000] {processor.py:183} INFO - Processing /home/airflow/.local/lib/python3.12/site-packages/airflow/example_dags/example_setup_teardown.py took 0.087 seconds
[2024-05-10T23:28:49.353+0000] {processor.py:161} INFO - Started process (PID=239) to work on /home/airflow/.local/lib/python3.12/site-packages/airflow/example_dags/example_setup_teardown.py
[2024-05-10T23:28:49.354+0000] {processor.py:830} INFO - Processing file /home/airflow/.local/lib/python3.12/site-packages/airflow/example_dags/example_setup_teardown.py for tasks to queue
[2024-05-10T23:28:49.356+0000] {logging_mixin.py:188} INFO - [2024-05-10T23:28:49.356+0000] {dagbag.py:540} INFO - Filling up the DagBag from /home/airflow/.local/lib/python3.12/site-packages/airflow/example_dags/example_setup_teardown.py
[2024-05-10T23:28:49.363+0000] {processor.py:840} INFO - DAG(s) 'example_setup_teardown' retrieved from /home/airflow/.local/lib/python3.12/site-packages/airflow/example_dags/example_setup_teardown.py
[2024-05-10T23:28:49.384+0000] {logging_mixin.py:188} INFO - [2024-05-10T23:28:49.383+0000] {dag.py:3096} INFO - Sync 1 DAGs
[2024-05-10T23:28:49.410+0000] {logging_mixin.py:188} INFO - [2024-05-10T23:28:49.409+0000] {dag.py:3954} INFO - Setting next_dagrun for example_setup_teardown to 2024-05-09 00:00:00+00:00, run_after=2024-05-10 00:00:00+00:00
[2024-05-10T23:28:49.438+0000] {processor.py:183} INFO - Processing /home/airflow/.local/lib/python3.12/site-packages/airflow/example_dags/example_setup_teardown.py took 0.089 seconds
[2024-05-10T23:29:19.477+0000] {processor.py:161} INFO - Started process (PID=298) to work on /home/airflow/.local/lib/python3.12/site-packages/airflow/example_dags/example_setup_teardown.py
[2024-05-10T23:29:19.478+0000] {processor.py:830} INFO - Processing file /home/airflow/.local/lib/python3.12/site-packages/airflow/example_dags/example_setup_teardown.py for tasks to queue
[2024-05-10T23:29:19.480+0000] {logging_mixin.py:188} INFO - [2024-05-10T23:29:19.479+0000] {dagbag.py:540} INFO - Filling up the DagBag from /home/airflow/.local/lib/python3.12/site-packages/airflow/example_dags/example_setup_teardown.py
[2024-05-10T23:29:19.485+0000] {processor.py:840} INFO - DAG(s) 'example_setup_teardown' retrieved from /home/airflow/.local/lib/python3.12/site-packages/airflow/example_dags/example_setup_teardown.py
[2024-05-10T23:29:19.505+0000] {logging_mixin.py:188} INFO - [2024-05-10T23:29:19.505+0000] {dag.py:3096} INFO - Sync 1 DAGs
[2024-05-10T23:29:19.529+0000] {logging_mixin.py:188} INFO - [2024-05-10T23:29:19.529+0000] {dag.py:3954} INFO - Setting next_dagrun for example_setup_teardown to 2024-05-09 00:00:00+00:00, run_after=2024-05-10 00:00:00+00:00
[2024-05-10T23:29:19.550+0000] {processor.py:183} INFO - Processing /home/airflow/.local/lib/python3.12/site-packages/airflow/example_dags/example_setup_teardown.py took 0.079 seconds
[2024-05-10T23:29:49.772+0000] {processor.py:161} INFO - Started process (PID=357) to work on /home/airflow/.local/lib/python3.12/site-packages/airflow/example_dags/example_setup_teardown.py
[2024-05-10T23:29:49.773+0000] {processor.py:830} INFO - Processing file /home/airflow/.local/lib/python3.12/site-packages/airflow/example_dags/example_setup_teardown.py for tasks to queue
[2024-05-10T23:29:49.775+0000] {logging_mixin.py:188} INFO - [2024-05-10T23:29:49.775+0000] {dagbag.py:540} INFO - Filling up the DagBag from /home/airflow/.local/lib/python3.12/site-packages/airflow/example_dags/example_setup_teardown.py
[2024-05-10T23:29:49.783+0000] {processor.py:840} INFO - DAG(s) 'example_setup_teardown' retrieved from /home/airflow/.local/lib/python3.12/site-packages/airflow/example_dags/example_setup_teardown.py
[2024-05-10T23:29:49.810+0000] {logging_mixin.py:188} INFO - [2024-05-10T23:29:49.810+0000] {dag.py:3096} INFO - Sync 1 DAGs
[2024-05-10T23:29:49.839+0000] {logging_mixin.py:188} INFO - [2024-05-10T23:29:49.839+0000] {dag.py:3954} INFO - Setting next_dagrun for example_setup_teardown to 2024-05-09 00:00:00+00:00, run_after=2024-05-10 00:00:00+00:00
[2024-05-10T23:29:49.868+0000] {processor.py:183} INFO - Processing /home/airflow/.local/lib/python3.12/site-packages/airflow/example_dags/example_setup_teardown.py took 0.102 seconds
[2024-05-10T23:30:20.284+0000] {processor.py:161} INFO - Started process (PID=416) to work on /home/airflow/.local/lib/python3.12/site-packages/airflow/example_dags/example_setup_teardown.py
[2024-05-10T23:30:20.285+0000] {processor.py:830} INFO - Processing file /home/airflow/.local/lib/python3.12/site-packages/airflow/example_dags/example_setup_teardown.py for tasks to queue
[2024-05-10T23:30:20.287+0000] {logging_mixin.py:188} INFO - [2024-05-10T23:30:20.287+0000] {dagbag.py:540} INFO - Filling up the DagBag from /home/airflow/.local/lib/python3.12/site-packages/airflow/example_dags/example_setup_teardown.py
[2024-05-10T23:30:20.293+0000] {processor.py:840} INFO - DAG(s) 'example_setup_teardown' retrieved from /home/airflow/.local/lib/python3.12/site-packages/airflow/example_dags/example_setup_teardown.py
[2024-05-10T23:30:20.316+0000] {logging_mixin.py:188} INFO - [2024-05-10T23:30:20.316+0000] {dag.py:3096} INFO - Sync 1 DAGs
[2024-05-10T23:30:20.346+0000] {logging_mixin.py:188} INFO - [2024-05-10T23:30:20.345+0000] {dag.py:3954} INFO - Setting next_dagrun for example_setup_teardown to 2024-05-09 00:00:00+00:00, run_after=2024-05-10 00:00:00+00:00
[2024-05-10T23:30:20.372+0000] {processor.py:183} INFO - Processing /home/airflow/.local/lib/python3.12/site-packages/airflow/example_dags/example_setup_teardown.py took 0.095 seconds
[2024-05-10T23:30:50.926+0000] {processor.py:161} INFO - Started process (PID=475) to work on /home/airflow/.local/lib/python3.12/site-packages/airflow/example_dags/example_setup_teardown.py
[2024-05-10T23:30:50.927+0000] {processor.py:830} INFO - Processing file /home/airflow/.local/lib/python3.12/site-packages/airflow/example_dags/example_setup_teardown.py for tasks to queue
[2024-05-10T23:30:50.929+0000] {logging_mixin.py:188} INFO - [2024-05-10T23:30:50.929+0000] {dagbag.py:540} INFO - Filling up the DagBag from /home/airflow/.local/lib/python3.12/site-packages/airflow/example_dags/example_setup_teardown.py
[2024-05-10T23:30:50.936+0000] {processor.py:840} INFO - DAG(s) 'example_setup_teardown' retrieved from /home/airflow/.local/lib/python3.12/site-packages/airflow/example_dags/example_setup_teardown.py
[2024-05-10T23:30:50.959+0000] {logging_mixin.py:188} INFO - [2024-05-10T23:30:50.958+0000] {dag.py:3096} INFO - Sync 1 DAGs
[2024-05-10T23:30:50.986+0000] {logging_mixin.py:188} INFO - [2024-05-10T23:30:50.985+0000] {dag.py:3954} INFO - Setting next_dagrun for example_setup_teardown to 2024-05-09 00:00:00+00:00, run_after=2024-05-10 00:00:00+00:00
[2024-05-10T23:30:51.009+0000] {processor.py:183} INFO - Processing /home/airflow/.local/lib/python3.12/site-packages/airflow/example_dags/example_setup_teardown.py took 0.088 seconds
[2024-05-10T23:31:21.349+0000] {processor.py:161} INFO - Started process (PID=540) to work on /home/airflow/.local/lib/python3.12/site-packages/airflow/example_dags/example_setup_teardown.py
[2024-05-10T23:31:21.350+0000] {processor.py:830} INFO - Processing file /home/airflow/.local/lib/python3.12/site-packages/airflow/example_dags/example_setup_teardown.py for tasks to queue
[2024-05-10T23:31:21.352+0000] {logging_mixin.py:188} INFO - [2024-05-10T23:31:21.351+0000] {dagbag.py:540} INFO - Filling up the DagBag from /home/airflow/.local/lib/python3.12/site-packages/airflow/example_dags/example_setup_teardown.py
[2024-05-10T23:31:21.361+0000] {processor.py:840} INFO - DAG(s) 'example_setup_teardown' retrieved from /home/airflow/.local/lib/python3.12/site-packages/airflow/example_dags/example_setup_teardown.py
[2024-05-10T23:31:21.384+0000] {logging_mixin.py:188} INFO - [2024-05-10T23:31:21.384+0000] {dag.py:3096} INFO - Sync 1 DAGs
[2024-05-10T23:31:21.407+0000] {logging_mixin.py:188} INFO - [2024-05-10T23:31:21.407+0000] {dag.py:3954} INFO - Setting next_dagrun for example_setup_teardown to 2024-05-09 00:00:00+00:00, run_after=2024-05-10 00:00:00+00:00
[2024-05-10T23:31:21.432+0000] {processor.py:183} INFO - Processing /home/airflow/.local/lib/python3.12/site-packages/airflow/example_dags/example_setup_teardown.py took 0.089 seconds
[2024-05-10T23:31:51.912+0000] {processor.py:161} INFO - Started process (PID=599) to work on /home/airflow/.local/lib/python3.12/site-packages/airflow/example_dags/example_setup_teardown.py
[2024-05-10T23:31:51.913+0000] {processor.py:830} INFO - Processing file /home/airflow/.local/lib/python3.12/site-packages/airflow/example_dags/example_setup_teardown.py for tasks to queue
[2024-05-10T23:31:51.915+0000] {logging_mixin.py:188} INFO - [2024-05-10T23:31:51.915+0000] {dagbag.py:540} INFO - Filling up the DagBag from /home/airflow/.local/lib/python3.12/site-packages/airflow/example_dags/example_setup_teardown.py
[2024-05-10T23:31:51.921+0000] {processor.py:840} INFO - DAG(s) 'example_setup_teardown' retrieved from /home/airflow/.local/lib/python3.12/site-packages/airflow/example_dags/example_setup_teardown.py
[2024-05-10T23:31:51.942+0000] {logging_mixin.py:188} INFO - [2024-05-10T23:31:51.942+0000] {dag.py:3096} INFO - Sync 1 DAGs
[2024-05-10T23:31:51.966+0000] {logging_mixin.py:188} INFO - [2024-05-10T23:31:51.965+0000] {dag.py:3954} INFO - Setting next_dagrun for example_setup_teardown to 2024-05-09 00:00:00+00:00, run_after=2024-05-10 00:00:00+00:00
[2024-05-10T23:31:51.989+0000] {processor.py:183} INFO - Processing /home/airflow/.local/lib/python3.12/site-packages/airflow/example_dags/example_setup_teardown.py took 0.082 seconds
[2024-05-10T23:32:22.637+0000] {processor.py:161} INFO - Started process (PID=658) to work on /home/airflow/.local/lib/python3.12/site-packages/airflow/example_dags/example_setup_teardown.py
[2024-05-10T23:32:22.638+0000] {processor.py:830} INFO - Processing file /home/airflow/.local/lib/python3.12/site-packages/airflow/example_dags/example_setup_teardown.py for tasks to queue
[2024-05-10T23:32:22.641+0000] {logging_mixin.py:188} INFO - [2024-05-10T23:32:22.640+0000] {dagbag.py:540} INFO - Filling up the DagBag from /home/airflow/.local/lib/python3.12/site-packages/airflow/example_dags/example_setup_teardown.py
[2024-05-10T23:32:22.651+0000] {processor.py:840} INFO - DAG(s) 'example_setup_teardown' retrieved from /home/airflow/.local/lib/python3.12/site-packages/airflow/example_dags/example_setup_teardown.py
[2024-05-10T23:32:22.681+0000] {logging_mixin.py:188} INFO - [2024-05-10T23:32:22.680+0000] {dag.py:3096} INFO - Sync 1 DAGs
[2024-05-10T23:32:22.716+0000] {logging_mixin.py:188} INFO - [2024-05-10T23:32:22.716+0000] {dag.py:3954} INFO - Setting next_dagrun for example_setup_teardown to 2024-05-09 00:00:00+00:00, run_after=2024-05-10 00:00:00+00:00
[2024-05-10T23:32:22.746+0000] {processor.py:183} INFO - Processing /home/airflow/.local/lib/python3.12/site-packages/airflow/example_dags/example_setup_teardown.py took 0.116 seconds
[2024-05-10T23:32:53.073+0000] {processor.py:161} INFO - Started process (PID=717) to work on /home/airflow/.local/lib/python3.12/site-packages/airflow/example_dags/example_setup_teardown.py
[2024-05-10T23:32:53.074+0000] {processor.py:830} INFO - Processing file /home/airflow/.local/lib/python3.12/site-packages/airflow/example_dags/example_setup_teardown.py for tasks to queue
[2024-05-10T23:32:53.077+0000] {logging_mixin.py:188} INFO - [2024-05-10T23:32:53.076+0000] {dagbag.py:540} INFO - Filling up the DagBag from /home/airflow/.local/lib/python3.12/site-packages/airflow/example_dags/example_setup_teardown.py
[2024-05-10T23:32:53.083+0000] {processor.py:840} INFO - DAG(s) 'example_setup_teardown' retrieved from /home/airflow/.local/lib/python3.12/site-packages/airflow/example_dags/example_setup_teardown.py
[2024-05-10T23:32:53.108+0000] {logging_mixin.py:188} INFO - [2024-05-10T23:32:53.107+0000] {dag.py:3096} INFO - Sync 1 DAGs
[2024-05-10T23:32:53.142+0000] {logging_mixin.py:188} INFO - [2024-05-10T23:32:53.142+0000] {dag.py:3954} INFO - Setting next_dagrun for example_setup_teardown to 2024-05-09 00:00:00+00:00, run_after=2024-05-10 00:00:00+00:00
[2024-05-10T23:32:53.169+0000] {processor.py:183} INFO - Processing /home/airflow/.local/lib/python3.12/site-packages/airflow/example_dags/example_setup_teardown.py took 0.103 seconds
[2024-05-10T23:33:23.798+0000] {processor.py:161} INFO - Started process (PID=776) to work on /home/airflow/.local/lib/python3.12/site-packages/airflow/example_dags/example_setup_teardown.py
[2024-05-10T23:33:23.799+0000] {processor.py:830} INFO - Processing file /home/airflow/.local/lib/python3.12/site-packages/airflow/example_dags/example_setup_teardown.py for tasks to queue
[2024-05-10T23:33:23.802+0000] {logging_mixin.py:188} INFO - [2024-05-10T23:33:23.801+0000] {dagbag.py:540} INFO - Filling up the DagBag from /home/airflow/.local/lib/python3.12/site-packages/airflow/example_dags/example_setup_teardown.py
[2024-05-10T23:33:23.808+0000] {processor.py:840} INFO - DAG(s) 'example_setup_teardown' retrieved from /home/airflow/.local/lib/python3.12/site-packages/airflow/example_dags/example_setup_teardown.py
[2024-05-10T23:33:23.829+0000] {logging_mixin.py:188} INFO - [2024-05-10T23:33:23.829+0000] {dag.py:3096} INFO - Sync 1 DAGs
[2024-05-10T23:33:23.853+0000] {logging_mixin.py:188} INFO - [2024-05-10T23:33:23.853+0000] {dag.py:3954} INFO - Setting next_dagrun for example_setup_teardown to 2024-05-09 00:00:00+00:00, run_after=2024-05-10 00:00:00+00:00
[2024-05-10T23:33:23.874+0000] {processor.py:183} INFO - Processing /home/airflow/.local/lib/python3.12/site-packages/airflow/example_dags/example_setup_teardown.py took 0.081 seconds
[2024-05-10T23:33:54.702+0000] {processor.py:161} INFO - Started process (PID=835) to work on /home/airflow/.local/lib/python3.12/site-packages/airflow/example_dags/example_setup_teardown.py
[2024-05-10T23:33:54.703+0000] {processor.py:830} INFO - Processing file /home/airflow/.local/lib/python3.12/site-packages/airflow/example_dags/example_setup_teardown.py for tasks to queue
[2024-05-10T23:33:54.705+0000] {logging_mixin.py:188} INFO - [2024-05-10T23:33:54.705+0000] {dagbag.py:540} INFO - Filling up the DagBag from /home/airflow/.local/lib/python3.12/site-packages/airflow/example_dags/example_setup_teardown.py
[2024-05-10T23:33:54.712+0000] {processor.py:840} INFO - DAG(s) 'example_setup_teardown' retrieved from /home/airflow/.local/lib/python3.12/site-packages/airflow/example_dags/example_setup_teardown.py
[2024-05-10T23:33:54.737+0000] {logging_mixin.py:188} INFO - [2024-05-10T23:33:54.736+0000] {dag.py:3096} INFO - Sync 1 DAGs
[2024-05-10T23:33:54.765+0000] {logging_mixin.py:188} INFO - [2024-05-10T23:33:54.765+0000] {dag.py:3954} INFO - Setting next_dagrun for example_setup_teardown to 2024-05-09 00:00:00+00:00, run_after=2024-05-10 00:00:00+00:00
[2024-05-10T23:33:54.918+0000] {processor.py:183} INFO - Processing /home/airflow/.local/lib/python3.12/site-packages/airflow/example_dags/example_setup_teardown.py took 0.221 seconds
[2024-05-10T23:34:24.996+0000] {processor.py:161} INFO - Started process (PID=894) to work on /home/airflow/.local/lib/python3.12/site-packages/airflow/example_dags/example_setup_teardown.py
[2024-05-10T23:34:24.997+0000] {processor.py:830} INFO - Processing file /home/airflow/.local/lib/python3.12/site-packages/airflow/example_dags/example_setup_teardown.py for tasks to queue
[2024-05-10T23:34:24.999+0000] {logging_mixin.py:188} INFO - [2024-05-10T23:34:24.999+0000] {dagbag.py:540} INFO - Filling up the DagBag from /home/airflow/.local/lib/python3.12/site-packages/airflow/example_dags/example_setup_teardown.py
[2024-05-10T23:34:25.006+0000] {processor.py:840} INFO - DAG(s) 'example_setup_teardown' retrieved from /home/airflow/.local/lib/python3.12/site-packages/airflow/example_dags/example_setup_teardown.py
[2024-05-10T23:34:25.029+0000] {logging_mixin.py:188} INFO - [2024-05-10T23:34:25.029+0000] {dag.py:3096} INFO - Sync 1 DAGs
[2024-05-10T23:34:25.056+0000] {logging_mixin.py:188} INFO - [2024-05-10T23:34:25.055+0000] {dag.py:3954} INFO - Setting next_dagrun for example_setup_teardown to 2024-05-09 00:00:00+00:00, run_after=2024-05-10 00:00:00+00:00
[2024-05-10T23:34:25.078+0000] {processor.py:183} INFO - Processing /home/airflow/.local/lib/python3.12/site-packages/airflow/example_dags/example_setup_teardown.py took 0.088 seconds
[2024-05-10T23:34:55.407+0000] {processor.py:161} INFO - Started process (PID=953) to work on /home/airflow/.local/lib/python3.12/site-packages/airflow/example_dags/example_setup_teardown.py
[2024-05-10T23:34:55.408+0000] {processor.py:830} INFO - Processing file /home/airflow/.local/lib/python3.12/site-packages/airflow/example_dags/example_setup_teardown.py for tasks to queue
[2024-05-10T23:34:55.410+0000] {logging_mixin.py:188} INFO - [2024-05-10T23:34:55.410+0000] {dagbag.py:540} INFO - Filling up the DagBag from /home/airflow/.local/lib/python3.12/site-packages/airflow/example_dags/example_setup_teardown.py
[2024-05-10T23:34:55.417+0000] {processor.py:840} INFO - DAG(s) 'example_setup_teardown' retrieved from /home/airflow/.local/lib/python3.12/site-packages/airflow/example_dags/example_setup_teardown.py
[2024-05-10T23:34:55.440+0000] {logging_mixin.py:188} INFO - [2024-05-10T23:34:55.440+0000] {dag.py:3096} INFO - Sync 1 DAGs
[2024-05-10T23:34:55.464+0000] {logging_mixin.py:188} INFO - [2024-05-10T23:34:55.463+0000] {dag.py:3954} INFO - Setting next_dagrun for example_setup_teardown to 2024-05-09 00:00:00+00:00, run_after=2024-05-10 00:00:00+00:00
[2024-05-10T23:34:55.488+0000] {processor.py:183} INFO - Processing /home/airflow/.local/lib/python3.12/site-packages/airflow/example_dags/example_setup_teardown.py took 0.086 seconds
[2024-05-10T23:35:25.765+0000] {processor.py:161} INFO - Started process (PID=1011) to work on /home/airflow/.local/lib/python3.12/site-packages/airflow/example_dags/example_setup_teardown.py
[2024-05-10T23:35:25.766+0000] {processor.py:830} INFO - Processing file /home/airflow/.local/lib/python3.12/site-packages/airflow/example_dags/example_setup_teardown.py for tasks to queue
[2024-05-10T23:35:25.769+0000] {logging_mixin.py:188} INFO - [2024-05-10T23:35:25.768+0000] {dagbag.py:540} INFO - Filling up the DagBag from /home/airflow/.local/lib/python3.12/site-packages/airflow/example_dags/example_setup_teardown.py
[2024-05-10T23:35:25.777+0000] {processor.py:840} INFO - DAG(s) 'example_setup_teardown' retrieved from /home/airflow/.local/lib/python3.12/site-packages/airflow/example_dags/example_setup_teardown.py
[2024-05-10T23:35:25.800+0000] {logging_mixin.py:188} INFO - [2024-05-10T23:35:25.800+0000] {dag.py:3096} INFO - Sync 1 DAGs
[2024-05-10T23:35:25.828+0000] {logging_mixin.py:188} INFO - [2024-05-10T23:35:25.828+0000] {dag.py:3954} INFO - Setting next_dagrun for example_setup_teardown to 2024-05-09 00:00:00+00:00, run_after=2024-05-10 00:00:00+00:00
[2024-05-10T23:35:25.852+0000] {processor.py:183} INFO - Processing /home/airflow/.local/lib/python3.12/site-packages/airflow/example_dags/example_setup_teardown.py took 0.093 seconds
[2024-05-10T23:35:56.968+0000] {processor.py:161} INFO - Started process (PID=1071) to work on /home/airflow/.local/lib/python3.12/site-packages/airflow/example_dags/example_setup_teardown.py
[2024-05-10T23:35:56.970+0000] {processor.py:830} INFO - Processing file /home/airflow/.local/lib/python3.12/site-packages/airflow/example_dags/example_setup_teardown.py for tasks to queue
[2024-05-10T23:35:56.973+0000] {logging_mixin.py:188} INFO - [2024-05-10T23:35:56.972+0000] {dagbag.py:540} INFO - Filling up the DagBag from /home/airflow/.local/lib/python3.12/site-packages/airflow/example_dags/example_setup_teardown.py
[2024-05-10T23:35:56.980+0000] {processor.py:840} INFO - DAG(s) 'example_setup_teardown' retrieved from /home/airflow/.local/lib/python3.12/site-packages/airflow/example_dags/example_setup_teardown.py
[2024-05-10T23:35:57.002+0000] {logging_mixin.py:188} INFO - [2024-05-10T23:35:57.001+0000] {dag.py:3096} INFO - Sync 1 DAGs
[2024-05-10T23:35:57.025+0000] {logging_mixin.py:188} INFO - [2024-05-10T23:35:57.025+0000] {dag.py:3954} INFO - Setting next_dagrun for example_setup_teardown to 2024-05-09 00:00:00+00:00, run_after=2024-05-10 00:00:00+00:00
[2024-05-10T23:35:57.045+0000] {processor.py:183} INFO - Processing /home/airflow/.local/lib/python3.12/site-packages/airflow/example_dags/example_setup_teardown.py took 0.082 seconds
[2024-05-10T23:36:27.769+0000] {processor.py:161} INFO - Started process (PID=1130) to work on /home/airflow/.local/lib/python3.12/site-packages/airflow/example_dags/example_setup_teardown.py
[2024-05-10T23:36:27.771+0000] {processor.py:830} INFO - Processing file /home/airflow/.local/lib/python3.12/site-packages/airflow/example_dags/example_setup_teardown.py for tasks to queue
[2024-05-10T23:36:27.774+0000] {logging_mixin.py:188} INFO - [2024-05-10T23:36:27.774+0000] {dagbag.py:540} INFO - Filling up the DagBag from /home/airflow/.local/lib/python3.12/site-packages/airflow/example_dags/example_setup_teardown.py
[2024-05-10T23:36:27.784+0000] {processor.py:840} INFO - DAG(s) 'example_setup_teardown' retrieved from /home/airflow/.local/lib/python3.12/site-packages/airflow/example_dags/example_setup_teardown.py
[2024-05-10T23:36:27.939+0000] {logging_mixin.py:188} INFO - [2024-05-10T23:36:27.939+0000] {dag.py:3096} INFO - Sync 1 DAGs
[2024-05-10T23:36:27.965+0000] {logging_mixin.py:188} INFO - [2024-05-10T23:36:27.965+0000] {dag.py:3954} INFO - Setting next_dagrun for example_setup_teardown to 2024-05-09 00:00:00+00:00, run_after=2024-05-10 00:00:00+00:00
[2024-05-10T23:36:27.990+0000] {processor.py:183} INFO - Processing /home/airflow/.local/lib/python3.12/site-packages/airflow/example_dags/example_setup_teardown.py took 0.244 seconds
[2024-05-10T23:36:58.175+0000] {processor.py:161} INFO - Started process (PID=1189) to work on /home/airflow/.local/lib/python3.12/site-packages/airflow/example_dags/example_setup_teardown.py
[2024-05-10T23:36:58.176+0000] {processor.py:830} INFO - Processing file /home/airflow/.local/lib/python3.12/site-packages/airflow/example_dags/example_setup_teardown.py for tasks to queue
[2024-05-10T23:36:58.178+0000] {logging_mixin.py:188} INFO - [2024-05-10T23:36:58.177+0000] {dagbag.py:540} INFO - Filling up the DagBag from /home/airflow/.local/lib/python3.12/site-packages/airflow/example_dags/example_setup_teardown.py
[2024-05-10T23:36:58.184+0000] {processor.py:840} INFO - DAG(s) 'example_setup_teardown' retrieved from /home/airflow/.local/lib/python3.12/site-packages/airflow/example_dags/example_setup_teardown.py
[2024-05-10T23:36:58.205+0000] {logging_mixin.py:188} INFO - [2024-05-10T23:36:58.205+0000] {dag.py:3096} INFO - Sync 1 DAGs
[2024-05-10T23:36:58.229+0000] {logging_mixin.py:188} INFO - [2024-05-10T23:36:58.229+0000] {dag.py:3954} INFO - Setting next_dagrun for example_setup_teardown to 2024-05-09 00:00:00+00:00, run_after=2024-05-10 00:00:00+00:00
[2024-05-10T23:36:58.250+0000] {processor.py:183} INFO - Processing /home/airflow/.local/lib/python3.12/site-packages/airflow/example_dags/example_setup_teardown.py took 0.080 seconds
[2024-05-10T23:37:28.318+0000] {processor.py:161} INFO - Started process (PID=1248) to work on /home/airflow/.local/lib/python3.12/site-packages/airflow/example_dags/example_setup_teardown.py
[2024-05-10T23:37:28.319+0000] {processor.py:830} INFO - Processing file /home/airflow/.local/lib/python3.12/site-packages/airflow/example_dags/example_setup_teardown.py for tasks to queue
[2024-05-10T23:37:28.321+0000] {logging_mixin.py:188} INFO - [2024-05-10T23:37:28.321+0000] {dagbag.py:540} INFO - Filling up the DagBag from /home/airflow/.local/lib/python3.12/site-packages/airflow/example_dags/example_setup_teardown.py
[2024-05-10T23:37:28.327+0000] {processor.py:840} INFO - DAG(s) 'example_setup_teardown' retrieved from /home/airflow/.local/lib/python3.12/site-packages/airflow/example_dags/example_setup_teardown.py
[2024-05-10T23:37:28.348+0000] {logging_mixin.py:188} INFO - [2024-05-10T23:37:28.348+0000] {dag.py:3096} INFO - Sync 1 DAGs
[2024-05-10T23:37:28.374+0000] {logging_mixin.py:188} INFO - [2024-05-10T23:37:28.374+0000] {dag.py:3954} INFO - Setting next_dagrun for example_setup_teardown to 2024-05-09 00:00:00+00:00, run_after=2024-05-10 00:00:00+00:00
[2024-05-10T23:37:28.396+0000] {processor.py:183} INFO - Processing /home/airflow/.local/lib/python3.12/site-packages/airflow/example_dags/example_setup_teardown.py took 0.085 seconds
[2024-05-10T23:37:59.340+0000] {processor.py:161} INFO - Started process (PID=1307) to work on /home/airflow/.local/lib/python3.12/site-packages/airflow/example_dags/example_setup_teardown.py
[2024-05-10T23:37:59.345+0000] {processor.py:830} INFO - Processing file /home/airflow/.local/lib/python3.12/site-packages/airflow/example_dags/example_setup_teardown.py for tasks to queue
[2024-05-10T23:37:59.348+0000] {logging_mixin.py:188} INFO - [2024-05-10T23:37:59.347+0000] {dagbag.py:540} INFO - Filling up the DagBag from /home/airflow/.local/lib/python3.12/site-packages/airflow/example_dags/example_setup_teardown.py
[2024-05-10T23:37:59.354+0000] {processor.py:840} INFO - DAG(s) 'example_setup_teardown' retrieved from /home/airflow/.local/lib/python3.12/site-packages/airflow/example_dags/example_setup_teardown.py
[2024-05-10T23:37:59.376+0000] {logging_mixin.py:188} INFO - [2024-05-10T23:37:59.375+0000] {dag.py:3096} INFO - Sync 1 DAGs
[2024-05-10T23:37:59.399+0000] {logging_mixin.py:188} INFO - [2024-05-10T23:37:59.399+0000] {dag.py:3954} INFO - Setting next_dagrun for example_setup_teardown to 2024-05-09 00:00:00+00:00, run_after=2024-05-10 00:00:00+00:00
[2024-05-10T23:37:59.422+0000] {processor.py:183} INFO - Processing /home/airflow/.local/lib/python3.12/site-packages/airflow/example_dags/example_setup_teardown.py took 0.089 seconds
[2024-05-10T23:38:30.062+0000] {processor.py:161} INFO - Started process (PID=1366) to work on /home/airflow/.local/lib/python3.12/site-packages/airflow/example_dags/example_setup_teardown.py
[2024-05-10T23:38:30.063+0000] {processor.py:830} INFO - Processing file /home/airflow/.local/lib/python3.12/site-packages/airflow/example_dags/example_setup_teardown.py for tasks to queue
[2024-05-10T23:38:30.064+0000] {logging_mixin.py:188} INFO - [2024-05-10T23:38:30.064+0000] {dagbag.py:540} INFO - Filling up the DagBag from /home/airflow/.local/lib/python3.12/site-packages/airflow/example_dags/example_setup_teardown.py
[2024-05-10T23:38:30.072+0000] {processor.py:840} INFO - DAG(s) 'example_setup_teardown' retrieved from /home/airflow/.local/lib/python3.12/site-packages/airflow/example_dags/example_setup_teardown.py
[2024-05-10T23:38:30.094+0000] {logging_mixin.py:188} INFO - [2024-05-10T23:38:30.094+0000] {dag.py:3096} INFO - Sync 1 DAGs
[2024-05-10T23:38:30.118+0000] {logging_mixin.py:188} INFO - [2024-05-10T23:38:30.118+0000] {dag.py:3954} INFO - Setting next_dagrun for example_setup_teardown to 2024-05-09 00:00:00+00:00, run_after=2024-05-10 00:00:00+00:00
[2024-05-10T23:38:30.145+0000] {processor.py:183} INFO - Processing /home/airflow/.local/lib/python3.12/site-packages/airflow/example_dags/example_setup_teardown.py took 0.089 seconds
[2024-05-10T23:39:00.674+0000] {processor.py:161} INFO - Started process (PID=1425) to work on /home/airflow/.local/lib/python3.12/site-packages/airflow/example_dags/example_setup_teardown.py
[2024-05-10T23:39:00.675+0000] {processor.py:830} INFO - Processing file /home/airflow/.local/lib/python3.12/site-packages/airflow/example_dags/example_setup_teardown.py for tasks to queue
[2024-05-10T23:39:00.677+0000] {logging_mixin.py:188} INFO - [2024-05-10T23:39:00.677+0000] {dagbag.py:540} INFO - Filling up the DagBag from /home/airflow/.local/lib/python3.12/site-packages/airflow/example_dags/example_setup_teardown.py
[2024-05-10T23:39:00.683+0000] {processor.py:840} INFO - DAG(s) 'example_setup_teardown' retrieved from /home/airflow/.local/lib/python3.12/site-packages/airflow/example_dags/example_setup_teardown.py
[2024-05-10T23:39:00.704+0000] {logging_mixin.py:188} INFO - [2024-05-10T23:39:00.704+0000] {dag.py:3096} INFO - Sync 1 DAGs
[2024-05-10T23:39:00.730+0000] {logging_mixin.py:188} INFO - [2024-05-10T23:39:00.729+0000] {dag.py:3954} INFO - Setting next_dagrun for example_setup_teardown to 2024-05-09 00:00:00+00:00, run_after=2024-05-10 00:00:00+00:00
[2024-05-10T23:39:00.763+0000] {processor.py:183} INFO - Processing /home/airflow/.local/lib/python3.12/site-packages/airflow/example_dags/example_setup_teardown.py took 0.094 seconds
[2024-05-10T23:39:31.437+0000] {processor.py:161} INFO - Started process (PID=1484) to work on /home/airflow/.local/lib/python3.12/site-packages/airflow/example_dags/example_setup_teardown.py
[2024-05-10T23:39:31.438+0000] {processor.py:830} INFO - Processing file /home/airflow/.local/lib/python3.12/site-packages/airflow/example_dags/example_setup_teardown.py for tasks to queue
[2024-05-10T23:39:31.441+0000] {logging_mixin.py:188} INFO - [2024-05-10T23:39:31.440+0000] {dagbag.py:540} INFO - Filling up the DagBag from /home/airflow/.local/lib/python3.12/site-packages/airflow/example_dags/example_setup_teardown.py
[2024-05-10T23:39:31.447+0000] {processor.py:840} INFO - DAG(s) 'example_setup_teardown' retrieved from /home/airflow/.local/lib/python3.12/site-packages/airflow/example_dags/example_setup_teardown.py
[2024-05-10T23:39:31.470+0000] {logging_mixin.py:188} INFO - [2024-05-10T23:39:31.470+0000] {dag.py:3096} INFO - Sync 1 DAGs
[2024-05-10T23:39:31.503+0000] {logging_mixin.py:188} INFO - [2024-05-10T23:39:31.502+0000] {dag.py:3954} INFO - Setting next_dagrun for example_setup_teardown to 2024-05-09 00:00:00+00:00, run_after=2024-05-10 00:00:00+00:00
[2024-05-10T23:39:31.530+0000] {processor.py:183} INFO - Processing /home/airflow/.local/lib/python3.12/site-packages/airflow/example_dags/example_setup_teardown.py took 0.098 seconds
[2024-05-10T23:40:02.272+0000] {processor.py:161} INFO - Started process (PID=1543) to work on /home/airflow/.local/lib/python3.12/site-packages/airflow/example_dags/example_setup_teardown.py
[2024-05-10T23:40:02.273+0000] {processor.py:830} INFO - Processing file /home/airflow/.local/lib/python3.12/site-packages/airflow/example_dags/example_setup_teardown.py for tasks to queue
[2024-05-10T23:40:02.274+0000] {logging_mixin.py:188} INFO - [2024-05-10T23:40:02.274+0000] {dagbag.py:540} INFO - Filling up the DagBag from /home/airflow/.local/lib/python3.12/site-packages/airflow/example_dags/example_setup_teardown.py
[2024-05-10T23:40:02.280+0000] {processor.py:840} INFO - DAG(s) 'example_setup_teardown' retrieved from /home/airflow/.local/lib/python3.12/site-packages/airflow/example_dags/example_setup_teardown.py
[2024-05-10T23:40:02.301+0000] {logging_mixin.py:188} INFO - [2024-05-10T23:40:02.301+0000] {dag.py:3096} INFO - Sync 1 DAGs
[2024-05-10T23:40:02.324+0000] {logging_mixin.py:188} INFO - [2024-05-10T23:40:02.324+0000] {dag.py:3954} INFO - Setting next_dagrun for example_setup_teardown to 2024-05-09 00:00:00+00:00, run_after=2024-05-10 00:00:00+00:00
[2024-05-10T23:40:02.346+0000] {processor.py:183} INFO - Processing /home/airflow/.local/lib/python3.12/site-packages/airflow/example_dags/example_setup_teardown.py took 0.080 seconds
[2024-05-10T23:40:32.964+0000] {processor.py:161} INFO - Started process (PID=1602) to work on /home/airflow/.local/lib/python3.12/site-packages/airflow/example_dags/example_setup_teardown.py
[2024-05-10T23:40:32.965+0000] {processor.py:830} INFO - Processing file /home/airflow/.local/lib/python3.12/site-packages/airflow/example_dags/example_setup_teardown.py for tasks to queue
[2024-05-10T23:40:32.968+0000] {logging_mixin.py:188} INFO - [2024-05-10T23:40:32.967+0000] {dagbag.py:540} INFO - Filling up the DagBag from /home/airflow/.local/lib/python3.12/site-packages/airflow/example_dags/example_setup_teardown.py
[2024-05-10T23:40:32.975+0000] {processor.py:840} INFO - DAG(s) 'example_setup_teardown' retrieved from /home/airflow/.local/lib/python3.12/site-packages/airflow/example_dags/example_setup_teardown.py
[2024-05-10T23:40:33.003+0000] {logging_mixin.py:188} INFO - [2024-05-10T23:40:33.003+0000] {dag.py:3096} INFO - Sync 1 DAGs
[2024-05-10T23:40:33.053+0000] {logging_mixin.py:188} INFO - [2024-05-10T23:40:33.052+0000] {dag.py:3954} INFO - Setting next_dagrun for example_setup_teardown to 2024-05-09 00:00:00+00:00, run_after=2024-05-10 00:00:00+00:00
[2024-05-10T23:40:33.083+0000] {processor.py:183} INFO - Processing /home/airflow/.local/lib/python3.12/site-packages/airflow/example_dags/example_setup_teardown.py took 0.123 seconds
