[2024-05-10T23:27:17.918+0000] {processor.py:161} INFO - Started process (PID=66) to work on /home/airflow/.local/lib/python3.12/site-packages/airflow/example_dags/tutorial.py
[2024-05-10T23:27:17.920+0000] {processor.py:830} INFO - Processing file /home/airflow/.local/lib/python3.12/site-packages/airflow/example_dags/tutorial.py for tasks to queue
[2024-05-10T23:27:17.922+0000] {logging_mixin.py:188} INFO - [2024-05-10T23:27:17.921+0000] {dagbag.py:540} INFO - Filling up the DagBag from /home/airflow/.local/lib/python3.12/site-packages/airflow/example_dags/tutorial.py
[2024-05-10T23:27:17.928+0000] {processor.py:840} INFO - DAG(s) 'tutorial' retrieved from /home/airflow/.local/lib/python3.12/site-packages/airflow/example_dags/tutorial.py
[2024-05-10T23:27:18.060+0000] {logging_mixin.py:188} INFO - [2024-05-10T23:27:18.060+0000] {dag.py:3096} INFO - Sync 1 DAGs
[2024-05-10T23:27:18.088+0000] {logging_mixin.py:188} INFO - [2024-05-10T23:27:18.088+0000] {dag.py:3954} INFO - Setting next_dagrun for tutorial to 2024-05-09 00:00:00+00:00, run_after=2024-05-10 00:00:00+00:00
[2024-05-10T23:27:18.114+0000] {processor.py:183} INFO - Processing /home/airflow/.local/lib/python3.12/site-packages/airflow/example_dags/tutorial.py took 0.201 seconds
[2024-05-10T23:27:49.031+0000] {processor.py:161} INFO - Started process (PID=125) to work on /home/airflow/.local/lib/python3.12/site-packages/airflow/example_dags/tutorial.py
[2024-05-10T23:27:49.032+0000] {processor.py:830} INFO - Processing file /home/airflow/.local/lib/python3.12/site-packages/airflow/example_dags/tutorial.py for tasks to queue
[2024-05-10T23:27:49.034+0000] {logging_mixin.py:188} INFO - [2024-05-10T23:27:49.034+0000] {dagbag.py:540} INFO - Filling up the DagBag from /home/airflow/.local/lib/python3.12/site-packages/airflow/example_dags/tutorial.py
[2024-05-10T23:27:49.042+0000] {processor.py:840} INFO - DAG(s) 'tutorial' retrieved from /home/airflow/.local/lib/python3.12/site-packages/airflow/example_dags/tutorial.py
[2024-05-10T23:27:49.065+0000] {logging_mixin.py:188} INFO - [2024-05-10T23:27:49.064+0000] {dag.py:3096} INFO - Sync 1 DAGs
[2024-05-10T23:27:49.088+0000] {logging_mixin.py:188} INFO - [2024-05-10T23:27:49.087+0000] {dag.py:3954} INFO - Setting next_dagrun for tutorial to 2024-05-09 00:00:00+00:00, run_after=2024-05-10 00:00:00+00:00
[2024-05-10T23:27:49.109+0000] {processor.py:183} INFO - Processing /home/airflow/.local/lib/python3.12/site-packages/airflow/example_dags/tutorial.py took 0.082 seconds
[2024-05-10T23:28:19.732+0000] {processor.py:161} INFO - Started process (PID=184) to work on /home/airflow/.local/lib/python3.12/site-packages/airflow/example_dags/tutorial.py
[2024-05-10T23:28:19.733+0000] {processor.py:830} INFO - Processing file /home/airflow/.local/lib/python3.12/site-packages/airflow/example_dags/tutorial.py for tasks to queue
[2024-05-10T23:28:19.735+0000] {logging_mixin.py:188} INFO - [2024-05-10T23:28:19.735+0000] {dagbag.py:540} INFO - Filling up the DagBag from /home/airflow/.local/lib/python3.12/site-packages/airflow/example_dags/tutorial.py
[2024-05-10T23:28:19.742+0000] {processor.py:840} INFO - DAG(s) 'tutorial' retrieved from /home/airflow/.local/lib/python3.12/site-packages/airflow/example_dags/tutorial.py
[2024-05-10T23:28:19.767+0000] {logging_mixin.py:188} INFO - [2024-05-10T23:28:19.766+0000] {dag.py:3096} INFO - Sync 1 DAGs
[2024-05-10T23:28:19.795+0000] {logging_mixin.py:188} INFO - [2024-05-10T23:28:19.795+0000] {dag.py:3954} INFO - Setting next_dagrun for tutorial to 2024-05-09 00:00:00+00:00, run_after=2024-05-10 00:00:00+00:00
[2024-05-10T23:28:21.263+0000] {processor.py:183} INFO - Processing /home/airflow/.local/lib/python3.12/site-packages/airflow/example_dags/tutorial.py took 1.537 seconds
[2024-05-10T23:28:51.566+0000] {processor.py:161} INFO - Started process (PID=249) to work on /home/airflow/.local/lib/python3.12/site-packages/airflow/example_dags/tutorial.py
[2024-05-10T23:28:51.567+0000] {processor.py:830} INFO - Processing file /home/airflow/.local/lib/python3.12/site-packages/airflow/example_dags/tutorial.py for tasks to queue
[2024-05-10T23:28:51.570+0000] {logging_mixin.py:188} INFO - [2024-05-10T23:28:51.570+0000] {dagbag.py:540} INFO - Filling up the DagBag from /home/airflow/.local/lib/python3.12/site-packages/airflow/example_dags/tutorial.py
[2024-05-10T23:28:51.577+0000] {processor.py:840} INFO - DAG(s) 'tutorial' retrieved from /home/airflow/.local/lib/python3.12/site-packages/airflow/example_dags/tutorial.py
[2024-05-10T23:28:51.611+0000] {logging_mixin.py:188} INFO - [2024-05-10T23:28:51.611+0000] {dag.py:3096} INFO - Sync 1 DAGs
[2024-05-10T23:28:51.645+0000] {logging_mixin.py:188} INFO - [2024-05-10T23:28:51.645+0000] {dag.py:3954} INFO - Setting next_dagrun for tutorial to 2024-05-09 00:00:00+00:00, run_after=2024-05-10 00:00:00+00:00
[2024-05-10T23:28:51.673+0000] {processor.py:183} INFO - Processing /home/airflow/.local/lib/python3.12/site-packages/airflow/example_dags/tutorial.py took 0.114 seconds
[2024-05-10T23:29:21.733+0000] {processor.py:161} INFO - Started process (PID=307) to work on /home/airflow/.local/lib/python3.12/site-packages/airflow/example_dags/tutorial.py
[2024-05-10T23:29:21.734+0000] {processor.py:830} INFO - Processing file /home/airflow/.local/lib/python3.12/site-packages/airflow/example_dags/tutorial.py for tasks to queue
[2024-05-10T23:29:21.736+0000] {logging_mixin.py:188} INFO - [2024-05-10T23:29:21.735+0000] {dagbag.py:540} INFO - Filling up the DagBag from /home/airflow/.local/lib/python3.12/site-packages/airflow/example_dags/tutorial.py
[2024-05-10T23:29:21.742+0000] {processor.py:840} INFO - DAG(s) 'tutorial' retrieved from /home/airflow/.local/lib/python3.12/site-packages/airflow/example_dags/tutorial.py
[2024-05-10T23:29:21.766+0000] {logging_mixin.py:188} INFO - [2024-05-10T23:29:21.765+0000] {dag.py:3096} INFO - Sync 1 DAGs
[2024-05-10T23:29:21.797+0000] {logging_mixin.py:188} INFO - [2024-05-10T23:29:21.797+0000] {dag.py:3954} INFO - Setting next_dagrun for tutorial to 2024-05-09 00:00:00+00:00, run_after=2024-05-10 00:00:00+00:00
[2024-05-10T23:29:21.825+0000] {processor.py:183} INFO - Processing /home/airflow/.local/lib/python3.12/site-packages/airflow/example_dags/tutorial.py took 0.097 seconds
[2024-05-10T23:29:52.033+0000] {processor.py:161} INFO - Started process (PID=366) to work on /home/airflow/.local/lib/python3.12/site-packages/airflow/example_dags/tutorial.py
[2024-05-10T23:29:52.035+0000] {processor.py:830} INFO - Processing file /home/airflow/.local/lib/python3.12/site-packages/airflow/example_dags/tutorial.py for tasks to queue
[2024-05-10T23:29:52.037+0000] {logging_mixin.py:188} INFO - [2024-05-10T23:29:52.037+0000] {dagbag.py:540} INFO - Filling up the DagBag from /home/airflow/.local/lib/python3.12/site-packages/airflow/example_dags/tutorial.py
[2024-05-10T23:29:52.043+0000] {processor.py:840} INFO - DAG(s) 'tutorial' retrieved from /home/airflow/.local/lib/python3.12/site-packages/airflow/example_dags/tutorial.py
[2024-05-10T23:29:52.068+0000] {logging_mixin.py:188} INFO - [2024-05-10T23:29:52.067+0000] {dag.py:3096} INFO - Sync 1 DAGs
[2024-05-10T23:29:52.097+0000] {logging_mixin.py:188} INFO - [2024-05-10T23:29:52.096+0000] {dag.py:3954} INFO - Setting next_dagrun for tutorial to 2024-05-09 00:00:00+00:00, run_after=2024-05-10 00:00:00+00:00
[2024-05-10T23:29:52.118+0000] {processor.py:183} INFO - Processing /home/airflow/.local/lib/python3.12/site-packages/airflow/example_dags/tutorial.py took 0.092 seconds
[2024-05-10T23:30:22.440+0000] {processor.py:161} INFO - Started process (PID=425) to work on /home/airflow/.local/lib/python3.12/site-packages/airflow/example_dags/tutorial.py
[2024-05-10T23:30:22.441+0000] {processor.py:830} INFO - Processing file /home/airflow/.local/lib/python3.12/site-packages/airflow/example_dags/tutorial.py for tasks to queue
[2024-05-10T23:30:22.444+0000] {logging_mixin.py:188} INFO - [2024-05-10T23:30:22.443+0000] {dagbag.py:540} INFO - Filling up the DagBag from /home/airflow/.local/lib/python3.12/site-packages/airflow/example_dags/tutorial.py
[2024-05-10T23:30:22.449+0000] {processor.py:840} INFO - DAG(s) 'tutorial' retrieved from /home/airflow/.local/lib/python3.12/site-packages/airflow/example_dags/tutorial.py
[2024-05-10T23:30:22.471+0000] {logging_mixin.py:188} INFO - [2024-05-10T23:30:22.470+0000] {dag.py:3096} INFO - Sync 1 DAGs
[2024-05-10T23:30:22.495+0000] {logging_mixin.py:188} INFO - [2024-05-10T23:30:22.495+0000] {dag.py:3954} INFO - Setting next_dagrun for tutorial to 2024-05-09 00:00:00+00:00, run_after=2024-05-10 00:00:00+00:00
[2024-05-10T23:30:22.527+0000] {processor.py:183} INFO - Processing /home/airflow/.local/lib/python3.12/site-packages/airflow/example_dags/tutorial.py took 0.091 seconds
[2024-05-10T23:30:53.166+0000] {processor.py:161} INFO - Started process (PID=484) to work on /home/airflow/.local/lib/python3.12/site-packages/airflow/example_dags/tutorial.py
[2024-05-10T23:30:53.167+0000] {processor.py:830} INFO - Processing file /home/airflow/.local/lib/python3.12/site-packages/airflow/example_dags/tutorial.py for tasks to queue
[2024-05-10T23:30:53.169+0000] {logging_mixin.py:188} INFO - [2024-05-10T23:30:53.168+0000] {dagbag.py:540} INFO - Filling up the DagBag from /home/airflow/.local/lib/python3.12/site-packages/airflow/example_dags/tutorial.py
[2024-05-10T23:30:53.177+0000] {processor.py:840} INFO - DAG(s) 'tutorial' retrieved from /home/airflow/.local/lib/python3.12/site-packages/airflow/example_dags/tutorial.py
[2024-05-10T23:30:53.198+0000] {logging_mixin.py:188} INFO - [2024-05-10T23:30:53.197+0000] {dag.py:3096} INFO - Sync 1 DAGs
[2024-05-10T23:30:53.223+0000] {logging_mixin.py:188} INFO - [2024-05-10T23:30:53.223+0000] {dag.py:3954} INFO - Setting next_dagrun for tutorial to 2024-05-09 00:00:00+00:00, run_after=2024-05-10 00:00:00+00:00
[2024-05-10T23:30:53.249+0000] {processor.py:183} INFO - Processing /home/airflow/.local/lib/python3.12/site-packages/airflow/example_dags/tutorial.py took 0.089 seconds
[2024-05-10T23:31:23.501+0000] {processor.py:161} INFO - Started process (PID=543) to work on /home/airflow/.local/lib/python3.12/site-packages/airflow/example_dags/tutorial.py
[2024-05-10T23:31:23.502+0000] {processor.py:830} INFO - Processing file /home/airflow/.local/lib/python3.12/site-packages/airflow/example_dags/tutorial.py for tasks to queue
[2024-05-10T23:31:23.505+0000] {logging_mixin.py:188} INFO - [2024-05-10T23:31:23.504+0000] {dagbag.py:540} INFO - Filling up the DagBag from /home/airflow/.local/lib/python3.12/site-packages/airflow/example_dags/tutorial.py
[2024-05-10T23:31:23.510+0000] {processor.py:840} INFO - DAG(s) 'tutorial' retrieved from /home/airflow/.local/lib/python3.12/site-packages/airflow/example_dags/tutorial.py
[2024-05-10T23:31:23.531+0000] {logging_mixin.py:188} INFO - [2024-05-10T23:31:23.531+0000] {dag.py:3096} INFO - Sync 1 DAGs
[2024-05-10T23:31:23.556+0000] {logging_mixin.py:188} INFO - [2024-05-10T23:31:23.555+0000] {dag.py:3954} INFO - Setting next_dagrun for tutorial to 2024-05-09 00:00:00+00:00, run_after=2024-05-10 00:00:00+00:00
[2024-05-10T23:31:23.581+0000] {processor.py:183} INFO - Processing /home/airflow/.local/lib/python3.12/site-packages/airflow/example_dags/tutorial.py took 0.085 seconds
[2024-05-10T23:31:54.163+0000] {processor.py:161} INFO - Started process (PID=602) to work on /home/airflow/.local/lib/python3.12/site-packages/airflow/example_dags/tutorial.py
[2024-05-10T23:31:54.164+0000] {processor.py:830} INFO - Processing file /home/airflow/.local/lib/python3.12/site-packages/airflow/example_dags/tutorial.py for tasks to queue
[2024-05-10T23:31:54.167+0000] {logging_mixin.py:188} INFO - [2024-05-10T23:31:54.167+0000] {dagbag.py:540} INFO - Filling up the DagBag from /home/airflow/.local/lib/python3.12/site-packages/airflow/example_dags/tutorial.py
[2024-05-10T23:31:54.176+0000] {processor.py:840} INFO - DAG(s) 'tutorial' retrieved from /home/airflow/.local/lib/python3.12/site-packages/airflow/example_dags/tutorial.py
[2024-05-10T23:31:54.200+0000] {logging_mixin.py:188} INFO - [2024-05-10T23:31:54.200+0000] {dag.py:3096} INFO - Sync 1 DAGs
[2024-05-10T23:31:54.227+0000] {logging_mixin.py:188} INFO - [2024-05-10T23:31:54.226+0000] {dag.py:3954} INFO - Setting next_dagrun for tutorial to 2024-05-09 00:00:00+00:00, run_after=2024-05-10 00:00:00+00:00
[2024-05-10T23:31:54.250+0000] {processor.py:183} INFO - Processing /home/airflow/.local/lib/python3.12/site-packages/airflow/example_dags/tutorial.py took 0.094 seconds
[2024-05-10T23:32:24.931+0000] {processor.py:161} INFO - Started process (PID=661) to work on /home/airflow/.local/lib/python3.12/site-packages/airflow/example_dags/tutorial.py
[2024-05-10T23:32:24.932+0000] {processor.py:830} INFO - Processing file /home/airflow/.local/lib/python3.12/site-packages/airflow/example_dags/tutorial.py for tasks to queue
[2024-05-10T23:32:24.935+0000] {logging_mixin.py:188} INFO - [2024-05-10T23:32:24.934+0000] {dagbag.py:540} INFO - Filling up the DagBag from /home/airflow/.local/lib/python3.12/site-packages/airflow/example_dags/tutorial.py
[2024-05-10T23:32:24.941+0000] {processor.py:840} INFO - DAG(s) 'tutorial' retrieved from /home/airflow/.local/lib/python3.12/site-packages/airflow/example_dags/tutorial.py
[2024-05-10T23:32:24.962+0000] {logging_mixin.py:188} INFO - [2024-05-10T23:32:24.962+0000] {dag.py:3096} INFO - Sync 1 DAGs
[2024-05-10T23:32:24.989+0000] {logging_mixin.py:188} INFO - [2024-05-10T23:32:24.988+0000] {dag.py:3954} INFO - Setting next_dagrun for tutorial to 2024-05-09 00:00:00+00:00, run_after=2024-05-10 00:00:00+00:00
[2024-05-10T23:32:25.031+0000] {processor.py:183} INFO - Processing /home/airflow/.local/lib/python3.12/site-packages/airflow/example_dags/tutorial.py took 0.105 seconds
[2024-05-10T23:32:55.335+0000] {processor.py:161} INFO - Started process (PID=720) to work on /home/airflow/.local/lib/python3.12/site-packages/airflow/example_dags/tutorial.py
[2024-05-10T23:32:55.336+0000] {processor.py:830} INFO - Processing file /home/airflow/.local/lib/python3.12/site-packages/airflow/example_dags/tutorial.py for tasks to queue
[2024-05-10T23:32:55.338+0000] {logging_mixin.py:188} INFO - [2024-05-10T23:32:55.338+0000] {dagbag.py:540} INFO - Filling up the DagBag from /home/airflow/.local/lib/python3.12/site-packages/airflow/example_dags/tutorial.py
[2024-05-10T23:32:55.345+0000] {processor.py:840} INFO - DAG(s) 'tutorial' retrieved from /home/airflow/.local/lib/python3.12/site-packages/airflow/example_dags/tutorial.py
[2024-05-10T23:32:55.366+0000] {logging_mixin.py:188} INFO - [2024-05-10T23:32:55.366+0000] {dag.py:3096} INFO - Sync 1 DAGs
[2024-05-10T23:32:55.395+0000] {logging_mixin.py:188} INFO - [2024-05-10T23:32:55.395+0000] {dag.py:3954} INFO - Setting next_dagrun for tutorial to 2024-05-09 00:00:00+00:00, run_after=2024-05-10 00:00:00+00:00
[2024-05-10T23:32:55.422+0000] {processor.py:183} INFO - Processing /home/airflow/.local/lib/python3.12/site-packages/airflow/example_dags/tutorial.py took 0.094 seconds
[2024-05-10T23:33:26.035+0000] {processor.py:161} INFO - Started process (PID=779) to work on /home/airflow/.local/lib/python3.12/site-packages/airflow/example_dags/tutorial.py
[2024-05-10T23:33:26.036+0000] {processor.py:830} INFO - Processing file /home/airflow/.local/lib/python3.12/site-packages/airflow/example_dags/tutorial.py for tasks to queue
[2024-05-10T23:33:26.038+0000] {logging_mixin.py:188} INFO - [2024-05-10T23:33:26.038+0000] {dagbag.py:540} INFO - Filling up the DagBag from /home/airflow/.local/lib/python3.12/site-packages/airflow/example_dags/tutorial.py
[2024-05-10T23:33:26.048+0000] {processor.py:840} INFO - DAG(s) 'tutorial' retrieved from /home/airflow/.local/lib/python3.12/site-packages/airflow/example_dags/tutorial.py
[2024-05-10T23:33:26.078+0000] {logging_mixin.py:188} INFO - [2024-05-10T23:33:26.077+0000] {dag.py:3096} INFO - Sync 1 DAGs
[2024-05-10T23:33:26.103+0000] {logging_mixin.py:188} INFO - [2024-05-10T23:33:26.102+0000] {dag.py:3954} INFO - Setting next_dagrun for tutorial to 2024-05-09 00:00:00+00:00, run_after=2024-05-10 00:00:00+00:00
[2024-05-10T23:33:26.127+0000] {processor.py:183} INFO - Processing /home/airflow/.local/lib/python3.12/site-packages/airflow/example_dags/tutorial.py took 0.099 seconds
[2024-05-10T23:33:56.200+0000] {processor.py:161} INFO - Started process (PID=838) to work on /home/airflow/.local/lib/python3.12/site-packages/airflow/example_dags/tutorial.py
[2024-05-10T23:33:56.201+0000] {processor.py:830} INFO - Processing file /home/airflow/.local/lib/python3.12/site-packages/airflow/example_dags/tutorial.py for tasks to queue
[2024-05-10T23:33:56.203+0000] {logging_mixin.py:188} INFO - [2024-05-10T23:33:56.203+0000] {dagbag.py:540} INFO - Filling up the DagBag from /home/airflow/.local/lib/python3.12/site-packages/airflow/example_dags/tutorial.py
[2024-05-10T23:33:56.210+0000] {processor.py:840} INFO - DAG(s) 'tutorial' retrieved from /home/airflow/.local/lib/python3.12/site-packages/airflow/example_dags/tutorial.py
[2024-05-10T23:33:56.233+0000] {logging_mixin.py:188} INFO - [2024-05-10T23:33:56.233+0000] {dag.py:3096} INFO - Sync 1 DAGs
[2024-05-10T23:33:56.257+0000] {logging_mixin.py:188} INFO - [2024-05-10T23:33:56.257+0000] {dag.py:3954} INFO - Setting next_dagrun for tutorial to 2024-05-09 00:00:00+00:00, run_after=2024-05-10 00:00:00+00:00
[2024-05-10T23:33:56.419+0000] {processor.py:183} INFO - Processing /home/airflow/.local/lib/python3.12/site-packages/airflow/example_dags/tutorial.py took 0.225 seconds
[2024-05-10T23:34:27.268+0000] {processor.py:161} INFO - Started process (PID=897) to work on /home/airflow/.local/lib/python3.12/site-packages/airflow/example_dags/tutorial.py
[2024-05-10T23:34:27.269+0000] {processor.py:830} INFO - Processing file /home/airflow/.local/lib/python3.12/site-packages/airflow/example_dags/tutorial.py for tasks to queue
[2024-05-10T23:34:27.272+0000] {logging_mixin.py:188} INFO - [2024-05-10T23:34:27.271+0000] {dagbag.py:540} INFO - Filling up the DagBag from /home/airflow/.local/lib/python3.12/site-packages/airflow/example_dags/tutorial.py
[2024-05-10T23:34:27.278+0000] {processor.py:840} INFO - DAG(s) 'tutorial' retrieved from /home/airflow/.local/lib/python3.12/site-packages/airflow/example_dags/tutorial.py
[2024-05-10T23:34:27.301+0000] {logging_mixin.py:188} INFO - [2024-05-10T23:34:27.300+0000] {dag.py:3096} INFO - Sync 1 DAGs
[2024-05-10T23:34:27.324+0000] {logging_mixin.py:188} INFO - [2024-05-10T23:34:27.324+0000] {dag.py:3954} INFO - Setting next_dagrun for tutorial to 2024-05-09 00:00:00+00:00, run_after=2024-05-10 00:00:00+00:00
[2024-05-10T23:34:27.358+0000] {processor.py:183} INFO - Processing /home/airflow/.local/lib/python3.12/site-packages/airflow/example_dags/tutorial.py took 0.095 seconds
[2024-05-10T23:34:57.682+0000] {processor.py:161} INFO - Started process (PID=956) to work on /home/airflow/.local/lib/python3.12/site-packages/airflow/example_dags/tutorial.py
[2024-05-10T23:34:57.683+0000] {processor.py:830} INFO - Processing file /home/airflow/.local/lib/python3.12/site-packages/airflow/example_dags/tutorial.py for tasks to queue
[2024-05-10T23:34:57.685+0000] {logging_mixin.py:188} INFO - [2024-05-10T23:34:57.685+0000] {dagbag.py:540} INFO - Filling up the DagBag from /home/airflow/.local/lib/python3.12/site-packages/airflow/example_dags/tutorial.py
[2024-05-10T23:34:57.691+0000] {processor.py:840} INFO - DAG(s) 'tutorial' retrieved from /home/airflow/.local/lib/python3.12/site-packages/airflow/example_dags/tutorial.py
[2024-05-10T23:34:57.713+0000] {logging_mixin.py:188} INFO - [2024-05-10T23:34:57.713+0000] {dag.py:3096} INFO - Sync 1 DAGs
[2024-05-10T23:34:57.741+0000] {logging_mixin.py:188} INFO - [2024-05-10T23:34:57.740+0000] {dag.py:3954} INFO - Setting next_dagrun for tutorial to 2024-05-09 00:00:00+00:00, run_after=2024-05-10 00:00:00+00:00
[2024-05-10T23:34:57.774+0000] {processor.py:183} INFO - Processing /home/airflow/.local/lib/python3.12/site-packages/airflow/example_dags/tutorial.py took 0.098 seconds
[2024-05-10T23:35:28.058+0000] {processor.py:161} INFO - Started process (PID=1015) to work on /home/airflow/.local/lib/python3.12/site-packages/airflow/example_dags/tutorial.py
[2024-05-10T23:35:28.060+0000] {processor.py:830} INFO - Processing file /home/airflow/.local/lib/python3.12/site-packages/airflow/example_dags/tutorial.py for tasks to queue
[2024-05-10T23:35:28.063+0000] {logging_mixin.py:188} INFO - [2024-05-10T23:35:28.062+0000] {dagbag.py:540} INFO - Filling up the DagBag from /home/airflow/.local/lib/python3.12/site-packages/airflow/example_dags/tutorial.py
[2024-05-10T23:35:28.068+0000] {processor.py:840} INFO - DAG(s) 'tutorial' retrieved from /home/airflow/.local/lib/python3.12/site-packages/airflow/example_dags/tutorial.py
[2024-05-10T23:35:28.089+0000] {logging_mixin.py:188} INFO - [2024-05-10T23:35:28.089+0000] {dag.py:3096} INFO - Sync 1 DAGs
[2024-05-10T23:35:28.116+0000] {logging_mixin.py:188} INFO - [2024-05-10T23:35:28.116+0000] {dag.py:3954} INFO - Setting next_dagrun for tutorial to 2024-05-09 00:00:00+00:00, run_after=2024-05-10 00:00:00+00:00
[2024-05-10T23:35:28.138+0000] {processor.py:183} INFO - Processing /home/airflow/.local/lib/python3.12/site-packages/airflow/example_dags/tutorial.py took 0.085 seconds
[2024-05-10T23:35:58.200+0000] {processor.py:161} INFO - Started process (PID=1074) to work on /home/airflow/.local/lib/python3.12/site-packages/airflow/example_dags/tutorial.py
[2024-05-10T23:35:58.201+0000] {processor.py:830} INFO - Processing file /home/airflow/.local/lib/python3.12/site-packages/airflow/example_dags/tutorial.py for tasks to queue
[2024-05-10T23:35:58.203+0000] {logging_mixin.py:188} INFO - [2024-05-10T23:35:58.202+0000] {dagbag.py:540} INFO - Filling up the DagBag from /home/airflow/.local/lib/python3.12/site-packages/airflow/example_dags/tutorial.py
[2024-05-10T23:35:58.210+0000] {processor.py:840} INFO - DAG(s) 'tutorial' retrieved from /home/airflow/.local/lib/python3.12/site-packages/airflow/example_dags/tutorial.py
[2024-05-10T23:35:58.233+0000] {logging_mixin.py:188} INFO - [2024-05-10T23:35:58.232+0000] {dag.py:3096} INFO - Sync 1 DAGs
[2024-05-10T23:35:58.260+0000] {logging_mixin.py:188} INFO - [2024-05-10T23:35:58.260+0000] {dag.py:3954} INFO - Setting next_dagrun for tutorial to 2024-05-09 00:00:00+00:00, run_after=2024-05-10 00:00:00+00:00
[2024-05-10T23:35:58.289+0000] {processor.py:183} INFO - Processing /home/airflow/.local/lib/python3.12/site-packages/airflow/example_dags/tutorial.py took 0.094 seconds
[2024-05-10T23:36:29.293+0000] {processor.py:161} INFO - Started process (PID=1133) to work on /home/airflow/.local/lib/python3.12/site-packages/airflow/example_dags/tutorial.py
[2024-05-10T23:36:29.295+0000] {processor.py:830} INFO - Processing file /home/airflow/.local/lib/python3.12/site-packages/airflow/example_dags/tutorial.py for tasks to queue
[2024-05-10T23:36:29.297+0000] {logging_mixin.py:188} INFO - [2024-05-10T23:36:29.296+0000] {dagbag.py:540} INFO - Filling up the DagBag from /home/airflow/.local/lib/python3.12/site-packages/airflow/example_dags/tutorial.py
[2024-05-10T23:36:29.303+0000] {processor.py:840} INFO - DAG(s) 'tutorial' retrieved from /home/airflow/.local/lib/python3.12/site-packages/airflow/example_dags/tutorial.py
[2024-05-10T23:36:29.452+0000] {logging_mixin.py:188} INFO - [2024-05-10T23:36:29.452+0000] {dag.py:3096} INFO - Sync 1 DAGs
[2024-05-10T23:36:29.474+0000] {logging_mixin.py:188} INFO - [2024-05-10T23:36:29.473+0000] {dag.py:3954} INFO - Setting next_dagrun for tutorial to 2024-05-09 00:00:00+00:00, run_after=2024-05-10 00:00:00+00:00
[2024-05-10T23:36:29.495+0000] {processor.py:183} INFO - Processing /home/airflow/.local/lib/python3.12/site-packages/airflow/example_dags/tutorial.py took 0.206 seconds
[2024-05-10T23:37:00.452+0000] {processor.py:161} INFO - Started process (PID=1192) to work on /home/airflow/.local/lib/python3.12/site-packages/airflow/example_dags/tutorial.py
[2024-05-10T23:37:00.453+0000] {processor.py:830} INFO - Processing file /home/airflow/.local/lib/python3.12/site-packages/airflow/example_dags/tutorial.py for tasks to queue
[2024-05-10T23:37:00.455+0000] {logging_mixin.py:188} INFO - [2024-05-10T23:37:00.455+0000] {dagbag.py:540} INFO - Filling up the DagBag from /home/airflow/.local/lib/python3.12/site-packages/airflow/example_dags/tutorial.py
[2024-05-10T23:37:00.463+0000] {processor.py:840} INFO - DAG(s) 'tutorial' retrieved from /home/airflow/.local/lib/python3.12/site-packages/airflow/example_dags/tutorial.py
[2024-05-10T23:37:00.485+0000] {logging_mixin.py:188} INFO - [2024-05-10T23:37:00.485+0000] {dag.py:3096} INFO - Sync 1 DAGs
[2024-05-10T23:37:00.515+0000] {logging_mixin.py:188} INFO - [2024-05-10T23:37:00.515+0000] {dag.py:3954} INFO - Setting next_dagrun for tutorial to 2024-05-09 00:00:00+00:00, run_after=2024-05-10 00:00:00+00:00
[2024-05-10T23:37:00.539+0000] {processor.py:183} INFO - Processing /home/airflow/.local/lib/python3.12/site-packages/airflow/example_dags/tutorial.py took 0.093 seconds
[2024-05-10T23:37:30.622+0000] {processor.py:161} INFO - Started process (PID=1251) to work on /home/airflow/.local/lib/python3.12/site-packages/airflow/example_dags/tutorial.py
[2024-05-10T23:37:30.623+0000] {processor.py:830} INFO - Processing file /home/airflow/.local/lib/python3.12/site-packages/airflow/example_dags/tutorial.py for tasks to queue
[2024-05-10T23:37:30.625+0000] {logging_mixin.py:188} INFO - [2024-05-10T23:37:30.624+0000] {dagbag.py:540} INFO - Filling up the DagBag from /home/airflow/.local/lib/python3.12/site-packages/airflow/example_dags/tutorial.py
[2024-05-10T23:37:30.631+0000] {processor.py:840} INFO - DAG(s) 'tutorial' retrieved from /home/airflow/.local/lib/python3.12/site-packages/airflow/example_dags/tutorial.py
[2024-05-10T23:37:30.651+0000] {logging_mixin.py:188} INFO - [2024-05-10T23:37:30.651+0000] {dag.py:3096} INFO - Sync 1 DAGs
[2024-05-10T23:37:30.678+0000] {logging_mixin.py:188} INFO - [2024-05-10T23:37:30.678+0000] {dag.py:3954} INFO - Setting next_dagrun for tutorial to 2024-05-09 00:00:00+00:00, run_after=2024-05-10 00:00:00+00:00
[2024-05-10T23:37:30.700+0000] {processor.py:183} INFO - Processing /home/airflow/.local/lib/python3.12/site-packages/airflow/example_dags/tutorial.py took 0.085 seconds
[2024-05-10T23:38:01.603+0000] {processor.py:161} INFO - Started process (PID=1310) to work on /home/airflow/.local/lib/python3.12/site-packages/airflow/example_dags/tutorial.py
[2024-05-10T23:38:01.604+0000] {processor.py:830} INFO - Processing file /home/airflow/.local/lib/python3.12/site-packages/airflow/example_dags/tutorial.py for tasks to queue
[2024-05-10T23:38:01.607+0000] {logging_mixin.py:188} INFO - [2024-05-10T23:38:01.606+0000] {dagbag.py:540} INFO - Filling up the DagBag from /home/airflow/.local/lib/python3.12/site-packages/airflow/example_dags/tutorial.py
[2024-05-10T23:38:01.612+0000] {processor.py:840} INFO - DAG(s) 'tutorial' retrieved from /home/airflow/.local/lib/python3.12/site-packages/airflow/example_dags/tutorial.py
[2024-05-10T23:38:01.633+0000] {logging_mixin.py:188} INFO - [2024-05-10T23:38:01.633+0000] {dag.py:3096} INFO - Sync 1 DAGs
[2024-05-10T23:38:01.657+0000] {logging_mixin.py:188} INFO - [2024-05-10T23:38:01.656+0000] {dag.py:3954} INFO - Setting next_dagrun for tutorial to 2024-05-09 00:00:00+00:00, run_after=2024-05-10 00:00:00+00:00
[2024-05-10T23:38:01.682+0000] {processor.py:183} INFO - Processing /home/airflow/.local/lib/python3.12/site-packages/airflow/example_dags/tutorial.py took 0.085 seconds
[2024-05-10T23:38:32.346+0000] {processor.py:161} INFO - Started process (PID=1369) to work on /home/airflow/.local/lib/python3.12/site-packages/airflow/example_dags/tutorial.py
[2024-05-10T23:38:32.347+0000] {processor.py:830} INFO - Processing file /home/airflow/.local/lib/python3.12/site-packages/airflow/example_dags/tutorial.py for tasks to queue
[2024-05-10T23:38:32.350+0000] {logging_mixin.py:188} INFO - [2024-05-10T23:38:32.349+0000] {dagbag.py:540} INFO - Filling up the DagBag from /home/airflow/.local/lib/python3.12/site-packages/airflow/example_dags/tutorial.py
[2024-05-10T23:38:32.356+0000] {processor.py:840} INFO - DAG(s) 'tutorial' retrieved from /home/airflow/.local/lib/python3.12/site-packages/airflow/example_dags/tutorial.py
[2024-05-10T23:38:32.377+0000] {logging_mixin.py:188} INFO - [2024-05-10T23:38:32.377+0000] {dag.py:3096} INFO - Sync 1 DAGs
[2024-05-10T23:38:32.404+0000] {logging_mixin.py:188} INFO - [2024-05-10T23:38:32.404+0000] {dag.py:3954} INFO - Setting next_dagrun for tutorial to 2024-05-09 00:00:00+00:00, run_after=2024-05-10 00:00:00+00:00
[2024-05-10T23:38:32.438+0000] {processor.py:183} INFO - Processing /home/airflow/.local/lib/python3.12/site-packages/airflow/example_dags/tutorial.py took 0.099 seconds
[2024-05-10T23:39:02.962+0000] {processor.py:161} INFO - Started process (PID=1428) to work on /home/airflow/.local/lib/python3.12/site-packages/airflow/example_dags/tutorial.py
[2024-05-10T23:39:02.963+0000] {processor.py:830} INFO - Processing file /home/airflow/.local/lib/python3.12/site-packages/airflow/example_dags/tutorial.py for tasks to queue
[2024-05-10T23:39:02.966+0000] {logging_mixin.py:188} INFO - [2024-05-10T23:39:02.966+0000] {dagbag.py:540} INFO - Filling up the DagBag from /home/airflow/.local/lib/python3.12/site-packages/airflow/example_dags/tutorial.py
[2024-05-10T23:39:02.973+0000] {processor.py:840} INFO - DAG(s) 'tutorial' retrieved from /home/airflow/.local/lib/python3.12/site-packages/airflow/example_dags/tutorial.py
[2024-05-10T23:39:02.995+0000] {logging_mixin.py:188} INFO - [2024-05-10T23:39:02.995+0000] {dag.py:3096} INFO - Sync 1 DAGs
[2024-05-10T23:39:03.036+0000] {logging_mixin.py:188} INFO - [2024-05-10T23:39:03.035+0000] {dag.py:3954} INFO - Setting next_dagrun for tutorial to 2024-05-09 00:00:00+00:00, run_after=2024-05-10 00:00:00+00:00
[2024-05-10T23:39:03.060+0000] {processor.py:183} INFO - Processing /home/airflow/.local/lib/python3.12/site-packages/airflow/example_dags/tutorial.py took 0.105 seconds
[2024-05-10T23:39:33.731+0000] {processor.py:161} INFO - Started process (PID=1487) to work on /home/airflow/.local/lib/python3.12/site-packages/airflow/example_dags/tutorial.py
[2024-05-10T23:39:33.732+0000] {processor.py:830} INFO - Processing file /home/airflow/.local/lib/python3.12/site-packages/airflow/example_dags/tutorial.py for tasks to queue
[2024-05-10T23:39:33.734+0000] {logging_mixin.py:188} INFO - [2024-05-10T23:39:33.734+0000] {dagbag.py:540} INFO - Filling up the DagBag from /home/airflow/.local/lib/python3.12/site-packages/airflow/example_dags/tutorial.py
[2024-05-10T23:39:33.742+0000] {processor.py:840} INFO - DAG(s) 'tutorial' retrieved from /home/airflow/.local/lib/python3.12/site-packages/airflow/example_dags/tutorial.py
[2024-05-10T23:39:33.765+0000] {logging_mixin.py:188} INFO - [2024-05-10T23:39:33.765+0000] {dag.py:3096} INFO - Sync 1 DAGs
[2024-05-10T23:39:33.791+0000] {logging_mixin.py:188} INFO - [2024-05-10T23:39:33.791+0000] {dag.py:3954} INFO - Setting next_dagrun for tutorial to 2024-05-09 00:00:00+00:00, run_after=2024-05-10 00:00:00+00:00
[2024-05-10T23:39:33.826+0000] {processor.py:183} INFO - Processing /home/airflow/.local/lib/python3.12/site-packages/airflow/example_dags/tutorial.py took 0.102 seconds
[2024-05-10T23:40:04.512+0000] {processor.py:161} INFO - Started process (PID=1546) to work on /home/airflow/.local/lib/python3.12/site-packages/airflow/example_dags/tutorial.py
[2024-05-10T23:40:04.513+0000] {processor.py:830} INFO - Processing file /home/airflow/.local/lib/python3.12/site-packages/airflow/example_dags/tutorial.py for tasks to queue
[2024-05-10T23:40:04.515+0000] {logging_mixin.py:188} INFO - [2024-05-10T23:40:04.515+0000] {dagbag.py:540} INFO - Filling up the DagBag from /home/airflow/.local/lib/python3.12/site-packages/airflow/example_dags/tutorial.py
[2024-05-10T23:40:04.523+0000] {processor.py:840} INFO - DAG(s) 'tutorial' retrieved from /home/airflow/.local/lib/python3.12/site-packages/airflow/example_dags/tutorial.py
[2024-05-10T23:40:04.545+0000] {logging_mixin.py:188} INFO - [2024-05-10T23:40:04.545+0000] {dag.py:3096} INFO - Sync 1 DAGs
[2024-05-10T23:40:04.575+0000] {logging_mixin.py:188} INFO - [2024-05-10T23:40:04.575+0000] {dag.py:3954} INFO - Setting next_dagrun for tutorial to 2024-05-09 00:00:00+00:00, run_after=2024-05-10 00:00:00+00:00
[2024-05-10T23:40:04.602+0000] {processor.py:183} INFO - Processing /home/airflow/.local/lib/python3.12/site-packages/airflow/example_dags/tutorial.py took 0.096 seconds
[2024-05-10T23:40:35.317+0000] {processor.py:161} INFO - Started process (PID=1605) to work on /home/airflow/.local/lib/python3.12/site-packages/airflow/example_dags/tutorial.py
[2024-05-10T23:40:35.319+0000] {processor.py:830} INFO - Processing file /home/airflow/.local/lib/python3.12/site-packages/airflow/example_dags/tutorial.py for tasks to queue
[2024-05-10T23:40:35.321+0000] {logging_mixin.py:188} INFO - [2024-05-10T23:40:35.320+0000] {dagbag.py:540} INFO - Filling up the DagBag from /home/airflow/.local/lib/python3.12/site-packages/airflow/example_dags/tutorial.py
[2024-05-10T23:40:35.328+0000] {processor.py:840} INFO - DAG(s) 'tutorial' retrieved from /home/airflow/.local/lib/python3.12/site-packages/airflow/example_dags/tutorial.py
[2024-05-10T23:40:35.351+0000] {logging_mixin.py:188} INFO - [2024-05-10T23:40:35.351+0000] {dag.py:3096} INFO - Sync 1 DAGs
[2024-05-10T23:40:35.376+0000] {logging_mixin.py:188} INFO - [2024-05-10T23:40:35.376+0000] {dag.py:3954} INFO - Setting next_dagrun for tutorial to 2024-05-09 00:00:00+00:00, run_after=2024-05-10 00:00:00+00:00
[2024-05-10T23:40:35.398+0000] {processor.py:183} INFO - Processing /home/airflow/.local/lib/python3.12/site-packages/airflow/example_dags/tutorial.py took 0.085 seconds
