[2024-05-10T23:27:11.306+0000] {processor.py:161} INFO - Started process (PID=34) to work on /opt/airflow/dags/process_sales.py
[2024-05-10T23:27:11.307+0000] {processor.py:830} INFO - Processing file /opt/airflow/dags/process_sales.py for tasks to queue
[2024-05-10T23:27:11.310+0000] {logging_mixin.py:188} INFO - [2024-05-10T23:27:11.309+0000] {dagbag.py:540} INFO - Filling up the DagBag from /opt/airflow/dags/process_sales.py
[2024-05-10T23:27:11.372+0000] {processor.py:840} INFO - DAG(s) 'process_sales' retrieved from /opt/airflow/dags/process_sales.py
[2024-05-10T23:27:11.639+0000] {logging_mixin.py:188} INFO - [2024-05-10T23:27:11.639+0000] {dag.py:3096} INFO - Sync 1 DAGs
[2024-05-10T23:27:11.670+0000] {logging_mixin.py:188} INFO - [2024-05-10T23:27:11.670+0000] {dag.py:3954} INFO - Setting next_dagrun for process_sales to None, run_after=None
[2024-05-10T23:27:11.704+0000] {processor.py:183} INFO - Processing /opt/airflow/dags/process_sales.py took 0.405 seconds
[2024-05-10T23:27:41.830+0000] {processor.py:161} INFO - Started process (PID=93) to work on /opt/airflow/dags/process_sales.py
[2024-05-10T23:27:41.832+0000] {processor.py:830} INFO - Processing file /opt/airflow/dags/process_sales.py for tasks to queue
[2024-05-10T23:27:41.834+0000] {logging_mixin.py:188} INFO - [2024-05-10T23:27:41.833+0000] {dagbag.py:540} INFO - Filling up the DagBag from /opt/airflow/dags/process_sales.py
[2024-05-10T23:27:41.867+0000] {processor.py:840} INFO - DAG(s) 'process_sales' retrieved from /opt/airflow/dags/process_sales.py
[2024-05-10T23:27:41.881+0000] {logging_mixin.py:188} INFO - [2024-05-10T23:27:41.881+0000] {dag.py:3096} INFO - Sync 1 DAGs
[2024-05-10T23:27:41.905+0000] {logging_mixin.py:188} INFO - [2024-05-10T23:27:41.904+0000] {dag.py:3954} INFO - Setting next_dagrun for process_sales to None, run_after=None
[2024-05-10T23:27:41.927+0000] {processor.py:183} INFO - Processing /opt/airflow/dags/process_sales.py took 0.104 seconds
[2024-05-10T23:28:12.545+0000] {processor.py:161} INFO - Started process (PID=152) to work on /opt/airflow/dags/process_sales.py
[2024-05-10T23:28:12.549+0000] {processor.py:830} INFO - Processing file /opt/airflow/dags/process_sales.py for tasks to queue
[2024-05-10T23:28:12.551+0000] {logging_mixin.py:188} INFO - [2024-05-10T23:28:12.551+0000] {dagbag.py:540} INFO - Filling up the DagBag from /opt/airflow/dags/process_sales.py
[2024-05-10T23:28:12.608+0000] {processor.py:840} INFO - DAG(s) 'process_sales' retrieved from /opt/airflow/dags/process_sales.py
[2024-05-10T23:28:12.625+0000] {logging_mixin.py:188} INFO - [2024-05-10T23:28:12.624+0000] {dag.py:3096} INFO - Sync 1 DAGs
[2024-05-10T23:28:12.652+0000] {logging_mixin.py:188} INFO - [2024-05-10T23:28:12.652+0000] {dag.py:3954} INFO - Setting next_dagrun for process_sales to None, run_after=None
[2024-05-10T23:28:12.680+0000] {processor.py:183} INFO - Processing /opt/airflow/dags/process_sales.py took 0.143 seconds
[2024-05-10T23:28:43.406+0000] {processor.py:161} INFO - Started process (PID=211) to work on /opt/airflow/dags/process_sales.py
[2024-05-10T23:28:43.407+0000] {processor.py:830} INFO - Processing file /opt/airflow/dags/process_sales.py for tasks to queue
[2024-05-10T23:28:43.409+0000] {logging_mixin.py:188} INFO - [2024-05-10T23:28:43.408+0000] {dagbag.py:540} INFO - Filling up the DagBag from /opt/airflow/dags/process_sales.py
[2024-05-10T23:28:43.441+0000] {processor.py:840} INFO - DAG(s) 'process_sales' retrieved from /opt/airflow/dags/process_sales.py
[2024-05-10T23:28:43.455+0000] {logging_mixin.py:188} INFO - [2024-05-10T23:28:43.454+0000] {dag.py:3096} INFO - Sync 1 DAGs
[2024-05-10T23:28:43.480+0000] {logging_mixin.py:188} INFO - [2024-05-10T23:28:43.480+0000] {dag.py:3954} INFO - Setting next_dagrun for process_sales to None, run_after=None
[2024-05-10T23:28:43.501+0000] {processor.py:183} INFO - Processing /opt/airflow/dags/process_sales.py took 0.100 seconds
[2024-05-10T23:29:13.610+0000] {processor.py:161} INFO - Started process (PID=270) to work on /opt/airflow/dags/process_sales.py
[2024-05-10T23:29:13.611+0000] {processor.py:830} INFO - Processing file /opt/airflow/dags/process_sales.py for tasks to queue
[2024-05-10T23:29:13.613+0000] {logging_mixin.py:188} INFO - [2024-05-10T23:29:13.612+0000] {dagbag.py:540} INFO - Filling up the DagBag from /opt/airflow/dags/process_sales.py
[2024-05-10T23:29:13.645+0000] {processor.py:840} INFO - DAG(s) 'process_sales' retrieved from /opt/airflow/dags/process_sales.py
[2024-05-10T23:29:13.658+0000] {logging_mixin.py:188} INFO - [2024-05-10T23:29:13.657+0000] {dag.py:3096} INFO - Sync 1 DAGs
[2024-05-10T23:29:13.684+0000] {logging_mixin.py:188} INFO - [2024-05-10T23:29:13.684+0000] {dag.py:3954} INFO - Setting next_dagrun for process_sales to None, run_after=None
[2024-05-10T23:29:13.716+0000] {processor.py:183} INFO - Processing /opt/airflow/dags/process_sales.py took 0.111 seconds
[2024-05-10T23:29:43.812+0000] {processor.py:161} INFO - Started process (PID=329) to work on /opt/airflow/dags/process_sales.py
[2024-05-10T23:29:43.813+0000] {processor.py:830} INFO - Processing file /opt/airflow/dags/process_sales.py for tasks to queue
[2024-05-10T23:29:43.817+0000] {logging_mixin.py:188} INFO - [2024-05-10T23:29:43.815+0000] {dagbag.py:540} INFO - Filling up the DagBag from /opt/airflow/dags/process_sales.py
[2024-05-10T23:29:43.852+0000] {processor.py:840} INFO - DAG(s) 'process_sales' retrieved from /opt/airflow/dags/process_sales.py
[2024-05-10T23:29:43.865+0000] {logging_mixin.py:188} INFO - [2024-05-10T23:29:43.865+0000] {dag.py:3096} INFO - Sync 1 DAGs
[2024-05-10T23:29:43.893+0000] {logging_mixin.py:188} INFO - [2024-05-10T23:29:43.893+0000] {dag.py:3954} INFO - Setting next_dagrun for process_sales to None, run_after=None
[2024-05-10T23:29:43.915+0000] {processor.py:183} INFO - Processing /opt/airflow/dags/process_sales.py took 0.109 seconds
[2024-05-10T23:30:14.466+0000] {processor.py:161} INFO - Started process (PID=388) to work on /opt/airflow/dags/process_sales.py
[2024-05-10T23:30:14.467+0000] {processor.py:830} INFO - Processing file /opt/airflow/dags/process_sales.py for tasks to queue
[2024-05-10T23:30:14.469+0000] {logging_mixin.py:188} INFO - [2024-05-10T23:30:14.469+0000] {dagbag.py:540} INFO - Filling up the DagBag from /opt/airflow/dags/process_sales.py
[2024-05-10T23:30:14.504+0000] {processor.py:840} INFO - DAG(s) 'process_sales' retrieved from /opt/airflow/dags/process_sales.py
[2024-05-10T23:30:14.517+0000] {logging_mixin.py:188} INFO - [2024-05-10T23:30:14.517+0000] {dag.py:3096} INFO - Sync 1 DAGs
[2024-05-10T23:30:14.541+0000] {logging_mixin.py:188} INFO - [2024-05-10T23:30:14.541+0000] {dag.py:3954} INFO - Setting next_dagrun for process_sales to None, run_after=None
[2024-05-10T23:30:14.575+0000] {processor.py:183} INFO - Processing /opt/airflow/dags/process_sales.py took 0.117 seconds
[2024-05-10T23:30:45.050+0000] {processor.py:161} INFO - Started process (PID=447) to work on /opt/airflow/dags/process_sales.py
[2024-05-10T23:30:45.051+0000] {processor.py:830} INFO - Processing file /opt/airflow/dags/process_sales.py for tasks to queue
[2024-05-10T23:30:45.054+0000] {logging_mixin.py:188} INFO - [2024-05-10T23:30:45.054+0000] {dagbag.py:540} INFO - Filling up the DagBag from /opt/airflow/dags/process_sales.py
[2024-05-10T23:30:45.096+0000] {processor.py:840} INFO - DAG(s) 'process_sales' retrieved from /opt/airflow/dags/process_sales.py
[2024-05-10T23:30:45.110+0000] {logging_mixin.py:188} INFO - [2024-05-10T23:30:45.110+0000] {dag.py:3096} INFO - Sync 1 DAGs
[2024-05-10T23:30:45.153+0000] {logging_mixin.py:188} INFO - [2024-05-10T23:30:45.153+0000] {dag.py:3954} INFO - Setting next_dagrun for process_sales to None, run_after=None
[2024-05-10T23:30:45.178+0000] {processor.py:183} INFO - Processing /opt/airflow/dags/process_sales.py took 0.136 seconds
[2024-05-10T23:31:15.533+0000] {processor.py:161} INFO - Started process (PID=506) to work on /opt/airflow/dags/process_sales.py
[2024-05-10T23:31:15.535+0000] {processor.py:830} INFO - Processing file /opt/airflow/dags/process_sales.py for tasks to queue
[2024-05-10T23:31:15.537+0000] {logging_mixin.py:188} INFO - [2024-05-10T23:31:15.537+0000] {dagbag.py:540} INFO - Filling up the DagBag from /opt/airflow/dags/process_sales.py
[2024-05-10T23:31:15.574+0000] {processor.py:840} INFO - DAG(s) 'process_sales' retrieved from /opt/airflow/dags/process_sales.py
[2024-05-10T23:31:15.589+0000] {logging_mixin.py:188} INFO - [2024-05-10T23:31:15.589+0000] {dag.py:3096} INFO - Sync 1 DAGs
[2024-05-10T23:31:15.618+0000] {logging_mixin.py:188} INFO - [2024-05-10T23:31:15.618+0000] {dag.py:3954} INFO - Setting next_dagrun for process_sales to None, run_after=None
[2024-05-10T23:31:15.648+0000] {processor.py:183} INFO - Processing /opt/airflow/dags/process_sales.py took 0.120 seconds
[2024-05-10T23:31:46.066+0000] {processor.py:161} INFO - Started process (PID=565) to work on /opt/airflow/dags/process_sales.py
[2024-05-10T23:31:46.067+0000] {processor.py:830} INFO - Processing file /opt/airflow/dags/process_sales.py for tasks to queue
[2024-05-10T23:31:46.069+0000] {logging_mixin.py:188} INFO - [2024-05-10T23:31:46.068+0000] {dagbag.py:540} INFO - Filling up the DagBag from /opt/airflow/dags/process_sales.py
[2024-05-10T23:31:46.107+0000] {processor.py:840} INFO - DAG(s) 'process_sales' retrieved from /opt/airflow/dags/process_sales.py
[2024-05-10T23:31:46.122+0000] {logging_mixin.py:188} INFO - [2024-05-10T23:31:46.122+0000] {dag.py:3096} INFO - Sync 1 DAGs
[2024-05-10T23:31:46.154+0000] {logging_mixin.py:188} INFO - [2024-05-10T23:31:46.154+0000] {dag.py:3954} INFO - Setting next_dagrun for process_sales to None, run_after=None
[2024-05-10T23:31:46.179+0000] {processor.py:183} INFO - Processing /opt/airflow/dags/process_sales.py took 0.119 seconds
[2024-05-10T23:32:16.791+0000] {processor.py:161} INFO - Started process (PID=624) to work on /opt/airflow/dags/process_sales.py
[2024-05-10T23:32:16.792+0000] {processor.py:830} INFO - Processing file /opt/airflow/dags/process_sales.py for tasks to queue
[2024-05-10T23:32:16.795+0000] {logging_mixin.py:188} INFO - [2024-05-10T23:32:16.794+0000] {dagbag.py:540} INFO - Filling up the DagBag from /opt/airflow/dags/process_sales.py
[2024-05-10T23:32:16.843+0000] {processor.py:840} INFO - DAG(s) 'process_sales' retrieved from /opt/airflow/dags/process_sales.py
[2024-05-10T23:32:16.861+0000] {logging_mixin.py:188} INFO - [2024-05-10T23:32:16.860+0000] {dag.py:3096} INFO - Sync 1 DAGs
[2024-05-10T23:32:16.896+0000] {logging_mixin.py:188} INFO - [2024-05-10T23:32:16.895+0000] {dag.py:3954} INFO - Setting next_dagrun for process_sales to None, run_after=None
[2024-05-10T23:32:16.929+0000] {processor.py:183} INFO - Processing /opt/airflow/dags/process_sales.py took 0.145 seconds
[2024-05-10T23:32:47.345+0000] {processor.py:161} INFO - Started process (PID=683) to work on /opt/airflow/dags/process_sales.py
[2024-05-10T23:32:47.346+0000] {processor.py:830} INFO - Processing file /opt/airflow/dags/process_sales.py for tasks to queue
[2024-05-10T23:32:47.348+0000] {logging_mixin.py:188} INFO - [2024-05-10T23:32:47.347+0000] {dagbag.py:540} INFO - Filling up the DagBag from /opt/airflow/dags/process_sales.py
[2024-05-10T23:32:47.382+0000] {processor.py:840} INFO - DAG(s) 'process_sales' retrieved from /opt/airflow/dags/process_sales.py
[2024-05-10T23:32:47.399+0000] {logging_mixin.py:188} INFO - [2024-05-10T23:32:47.398+0000] {dag.py:3096} INFO - Sync 1 DAGs
[2024-05-10T23:32:47.425+0000] {logging_mixin.py:188} INFO - [2024-05-10T23:32:47.424+0000] {dag.py:3954} INFO - Setting next_dagrun for process_sales to None, run_after=None
[2024-05-10T23:32:47.449+0000] {processor.py:183} INFO - Processing /opt/airflow/dags/process_sales.py took 0.109 seconds
[2024-05-10T23:33:18.065+0000] {processor.py:161} INFO - Started process (PID=742) to work on /opt/airflow/dags/process_sales.py
[2024-05-10T23:33:18.066+0000] {processor.py:830} INFO - Processing file /opt/airflow/dags/process_sales.py for tasks to queue
[2024-05-10T23:33:18.068+0000] {logging_mixin.py:188} INFO - [2024-05-10T23:33:18.068+0000] {dagbag.py:540} INFO - Filling up the DagBag from /opt/airflow/dags/process_sales.py
[2024-05-10T23:33:18.101+0000] {processor.py:840} INFO - DAG(s) 'process_sales' retrieved from /opt/airflow/dags/process_sales.py
[2024-05-10T23:33:18.115+0000] {logging_mixin.py:188} INFO - [2024-05-10T23:33:18.114+0000] {dag.py:3096} INFO - Sync 1 DAGs
[2024-05-10T23:33:18.147+0000] {logging_mixin.py:188} INFO - [2024-05-10T23:33:18.146+0000] {dag.py:3954} INFO - Setting next_dagrun for process_sales to None, run_after=None
[2024-05-10T23:33:18.181+0000] {processor.py:183} INFO - Processing /opt/airflow/dags/process_sales.py took 0.123 seconds
[2024-05-10T23:33:48.643+0000] {processor.py:161} INFO - Started process (PID=801) to work on /opt/airflow/dags/process_sales.py
[2024-05-10T23:33:48.645+0000] {processor.py:830} INFO - Processing file /opt/airflow/dags/process_sales.py for tasks to queue
[2024-05-10T23:33:48.647+0000] {logging_mixin.py:188} INFO - [2024-05-10T23:33:48.646+0000] {dagbag.py:540} INFO - Filling up the DagBag from /opt/airflow/dags/process_sales.py
[2024-05-10T23:33:48.776+0000] {processor.py:840} INFO - DAG(s) 'process_sales' retrieved from /opt/airflow/dags/process_sales.py
[2024-05-10T23:33:48.805+0000] {logging_mixin.py:188} INFO - [2024-05-10T23:33:48.805+0000] {dag.py:3096} INFO - Sync 1 DAGs
[2024-05-10T23:33:48.863+0000] {logging_mixin.py:188} INFO - [2024-05-10T23:33:48.862+0000] {dag.py:3954} INFO - Setting next_dagrun for process_sales to None, run_after=None
[2024-05-10T23:33:48.900+0000] {processor.py:183} INFO - Processing /opt/airflow/dags/process_sales.py took 0.264 seconds
[2024-05-10T23:34:19.018+0000] {processor.py:161} INFO - Started process (PID=860) to work on /opt/airflow/dags/process_sales.py
[2024-05-10T23:34:19.019+0000] {processor.py:830} INFO - Processing file /opt/airflow/dags/process_sales.py for tasks to queue
[2024-05-10T23:34:19.022+0000] {logging_mixin.py:188} INFO - [2024-05-10T23:34:19.021+0000] {dagbag.py:540} INFO - Filling up the DagBag from /opt/airflow/dags/process_sales.py
[2024-05-10T23:34:19.060+0000] {processor.py:840} INFO - DAG(s) 'process_sales' retrieved from /opt/airflow/dags/process_sales.py
[2024-05-10T23:34:19.078+0000] {logging_mixin.py:188} INFO - [2024-05-10T23:34:19.077+0000] {dag.py:3096} INFO - Sync 1 DAGs
[2024-05-10T23:34:19.105+0000] {logging_mixin.py:188} INFO - [2024-05-10T23:34:19.105+0000] {dag.py:3954} INFO - Setting next_dagrun for process_sales to None, run_after=None
[2024-05-10T23:34:19.130+0000] {processor.py:183} INFO - Processing /opt/airflow/dags/process_sales.py took 0.117 seconds
[2024-05-10T23:34:49.212+0000] {processor.py:161} INFO - Started process (PID=919) to work on /opt/airflow/dags/process_sales.py
[2024-05-10T23:34:49.213+0000] {processor.py:830} INFO - Processing file /opt/airflow/dags/process_sales.py for tasks to queue
[2024-05-10T23:34:49.215+0000] {logging_mixin.py:188} INFO - [2024-05-10T23:34:49.215+0000] {dagbag.py:540} INFO - Filling up the DagBag from /opt/airflow/dags/process_sales.py
[2024-05-10T23:34:49.246+0000] {processor.py:840} INFO - DAG(s) 'process_sales' retrieved from /opt/airflow/dags/process_sales.py
[2024-05-10T23:34:49.260+0000] {logging_mixin.py:188} INFO - [2024-05-10T23:34:49.259+0000] {dag.py:3096} INFO - Sync 1 DAGs
[2024-05-10T23:34:49.288+0000] {logging_mixin.py:188} INFO - [2024-05-10T23:34:49.287+0000] {dag.py:3954} INFO - Setting next_dagrun for process_sales to None, run_after=None
[2024-05-10T23:34:49.310+0000] {processor.py:183} INFO - Processing /opt/airflow/dags/process_sales.py took 0.105 seconds
[2024-05-10T23:35:19.973+0000] {processor.py:161} INFO - Started process (PID=978) to work on /opt/airflow/dags/process_sales.py
[2024-05-10T23:35:19.974+0000] {processor.py:830} INFO - Processing file /opt/airflow/dags/process_sales.py for tasks to queue
[2024-05-10T23:35:19.976+0000] {logging_mixin.py:188} INFO - [2024-05-10T23:35:19.976+0000] {dagbag.py:540} INFO - Filling up the DagBag from /opt/airflow/dags/process_sales.py
[2024-05-10T23:35:20.013+0000] {processor.py:840} INFO - DAG(s) 'process_sales' retrieved from /opt/airflow/dags/process_sales.py
[2024-05-10T23:35:20.029+0000] {logging_mixin.py:188} INFO - [2024-05-10T23:35:20.028+0000] {dag.py:3096} INFO - Sync 1 DAGs
[2024-05-10T23:35:20.058+0000] {logging_mixin.py:188} INFO - [2024-05-10T23:35:20.057+0000] {dag.py:3954} INFO - Setting next_dagrun for process_sales to None, run_after=None
[2024-05-10T23:35:20.080+0000] {processor.py:183} INFO - Processing /opt/airflow/dags/process_sales.py took 0.113 seconds
[2024-05-10T23:35:50.733+0000] {processor.py:161} INFO - Started process (PID=1037) to work on /opt/airflow/dags/process_sales.py
[2024-05-10T23:35:50.735+0000] {processor.py:830} INFO - Processing file /opt/airflow/dags/process_sales.py for tasks to queue
[2024-05-10T23:35:50.737+0000] {logging_mixin.py:188} INFO - [2024-05-10T23:35:50.736+0000] {dagbag.py:540} INFO - Filling up the DagBag from /opt/airflow/dags/process_sales.py
[2024-05-10T23:35:50.772+0000] {processor.py:840} INFO - DAG(s) 'process_sales' retrieved from /opt/airflow/dags/process_sales.py
[2024-05-10T23:35:50.786+0000] {logging_mixin.py:188} INFO - [2024-05-10T23:35:50.785+0000] {dag.py:3096} INFO - Sync 1 DAGs
[2024-05-10T23:35:50.931+0000] {logging_mixin.py:188} INFO - [2024-05-10T23:35:50.931+0000] {dag.py:3954} INFO - Setting next_dagrun for process_sales to None, run_after=None
[2024-05-10T23:35:50.959+0000] {processor.py:183} INFO - Processing /opt/airflow/dags/process_sales.py took 0.232 seconds
[2024-05-10T23:36:21.438+0000] {processor.py:161} INFO - Started process (PID=1096) to work on /opt/airflow/dags/process_sales.py
[2024-05-10T23:36:21.439+0000] {processor.py:830} INFO - Processing file /opt/airflow/dags/process_sales.py for tasks to queue
[2024-05-10T23:36:21.441+0000] {logging_mixin.py:188} INFO - [2024-05-10T23:36:21.441+0000] {dagbag.py:540} INFO - Filling up the DagBag from /opt/airflow/dags/process_sales.py
[2024-05-10T23:36:21.472+0000] {processor.py:840} INFO - DAG(s) 'process_sales' retrieved from /opt/airflow/dags/process_sales.py
[2024-05-10T23:36:21.484+0000] {logging_mixin.py:188} INFO - [2024-05-10T23:36:21.484+0000] {dag.py:3096} INFO - Sync 1 DAGs
[2024-05-10T23:36:21.509+0000] {logging_mixin.py:188} INFO - [2024-05-10T23:36:21.508+0000] {dag.py:3954} INFO - Setting next_dagrun for process_sales to None, run_after=None
[2024-05-10T23:36:21.678+0000] {processor.py:183} INFO - Processing /opt/airflow/dags/process_sales.py took 0.248 seconds
[2024-05-10T23:36:39.645+0000] {processor.py:161} INFO - Started process (PID=1155) to work on /opt/airflow/dags/process_sales.py
[2024-05-10T23:36:39.646+0000] {processor.py:830} INFO - Processing file /opt/airflow/dags/process_sales.py for tasks to queue
[2024-05-10T23:36:39.648+0000] {logging_mixin.py:188} INFO - [2024-05-10T23:36:39.648+0000] {dagbag.py:540} INFO - Filling up the DagBag from /opt/airflow/dags/process_sales.py
[2024-05-10T23:36:39.690+0000] {processor.py:840} INFO - DAG(s) 'process_sales' retrieved from /opt/airflow/dags/process_sales.py
[2024-05-10T23:36:39.803+0000] {logging_mixin.py:188} INFO - [2024-05-10T23:36:39.803+0000] {dag.py:3096} INFO - Sync 1 DAGs
[2024-05-10T23:36:39.828+0000] {logging_mixin.py:188} INFO - [2024-05-10T23:36:39.828+0000] {dag.py:3954} INFO - Setting next_dagrun for process_sales to None, run_after=None
[2024-05-10T23:36:39.862+0000] {processor.py:183} INFO - Processing /opt/airflow/dags/process_sales.py took 0.223 seconds
[2024-05-10T23:37:09.985+0000] {processor.py:161} INFO - Started process (PID=1214) to work on /opt/airflow/dags/process_sales.py
[2024-05-10T23:37:09.986+0000] {processor.py:830} INFO - Processing file /opt/airflow/dags/process_sales.py for tasks to queue
[2024-05-10T23:37:09.988+0000] {logging_mixin.py:188} INFO - [2024-05-10T23:37:09.987+0000] {dagbag.py:540} INFO - Filling up the DagBag from /opt/airflow/dags/process_sales.py
[2024-05-10T23:37:10.021+0000] {processor.py:840} INFO - DAG(s) 'process_sales' retrieved from /opt/airflow/dags/process_sales.py
[2024-05-10T23:37:10.037+0000] {logging_mixin.py:188} INFO - [2024-05-10T23:37:10.037+0000] {dag.py:3096} INFO - Sync 1 DAGs
[2024-05-10T23:37:10.068+0000] {logging_mixin.py:188} INFO - [2024-05-10T23:37:10.067+0000] {dag.py:3954} INFO - Setting next_dagrun for process_sales to None, run_after=None
[2024-05-10T23:37:10.099+0000] {processor.py:183} INFO - Processing /opt/airflow/dags/process_sales.py took 0.120 seconds
[2024-05-10T23:37:40.202+0000] {processor.py:161} INFO - Started process (PID=1273) to work on /opt/airflow/dags/process_sales.py
[2024-05-10T23:37:40.204+0000] {processor.py:830} INFO - Processing file /opt/airflow/dags/process_sales.py for tasks to queue
[2024-05-10T23:37:40.207+0000] {logging_mixin.py:188} INFO - [2024-05-10T23:37:40.206+0000] {dagbag.py:540} INFO - Filling up the DagBag from /opt/airflow/dags/process_sales.py
[2024-05-10T23:37:40.244+0000] {processor.py:840} INFO - DAG(s) 'process_sales' retrieved from /opt/airflow/dags/process_sales.py
[2024-05-10T23:37:40.256+0000] {logging_mixin.py:188} INFO - [2024-05-10T23:37:40.256+0000] {dag.py:3096} INFO - Sync 1 DAGs
[2024-05-10T23:37:40.280+0000] {logging_mixin.py:188} INFO - [2024-05-10T23:37:40.280+0000] {dag.py:3954} INFO - Setting next_dagrun for process_sales to None, run_after=None
[2024-05-10T23:37:40.312+0000] {processor.py:183} INFO - Processing /opt/airflow/dags/process_sales.py took 0.123 seconds
[2024-05-10T23:38:11.160+0000] {processor.py:161} INFO - Started process (PID=1332) to work on /opt/airflow/dags/process_sales.py
[2024-05-10T23:38:11.162+0000] {processor.py:830} INFO - Processing file /opt/airflow/dags/process_sales.py for tasks to queue
[2024-05-10T23:38:11.164+0000] {logging_mixin.py:188} INFO - [2024-05-10T23:38:11.163+0000] {dagbag.py:540} INFO - Filling up the DagBag from /opt/airflow/dags/process_sales.py
[2024-05-10T23:38:11.196+0000] {processor.py:840} INFO - DAG(s) 'process_sales' retrieved from /opt/airflow/dags/process_sales.py
[2024-05-10T23:38:11.212+0000] {logging_mixin.py:188} INFO - [2024-05-10T23:38:11.211+0000] {dag.py:3096} INFO - Sync 1 DAGs
[2024-05-10T23:38:11.237+0000] {logging_mixin.py:188} INFO - [2024-05-10T23:38:11.237+0000] {dag.py:3954} INFO - Setting next_dagrun for process_sales to None, run_after=None
[2024-05-10T23:38:11.257+0000] {processor.py:183} INFO - Processing /opt/airflow/dags/process_sales.py took 0.103 seconds
[2024-05-10T23:38:41.766+0000] {processor.py:161} INFO - Started process (PID=1391) to work on /opt/airflow/dags/process_sales.py
[2024-05-10T23:38:41.767+0000] {processor.py:830} INFO - Processing file /opt/airflow/dags/process_sales.py for tasks to queue
[2024-05-10T23:38:41.769+0000] {logging_mixin.py:188} INFO - [2024-05-10T23:38:41.769+0000] {dagbag.py:540} INFO - Filling up the DagBag from /opt/airflow/dags/process_sales.py
[2024-05-10T23:38:41.797+0000] {processor.py:840} INFO - DAG(s) 'process_sales' retrieved from /opt/airflow/dags/process_sales.py
[2024-05-10T23:38:41.811+0000] {logging_mixin.py:188} INFO - [2024-05-10T23:38:41.810+0000] {dag.py:3096} INFO - Sync 1 DAGs
[2024-05-10T23:38:41.835+0000] {logging_mixin.py:188} INFO - [2024-05-10T23:38:41.834+0000] {dag.py:3954} INFO - Setting next_dagrun for process_sales to None, run_after=None
[2024-05-10T23:38:41.856+0000] {processor.py:183} INFO - Processing /opt/airflow/dags/process_sales.py took 0.095 seconds
[2024-05-10T23:39:12.557+0000] {processor.py:161} INFO - Started process (PID=1450) to work on /opt/airflow/dags/process_sales.py
[2024-05-10T23:39:12.558+0000] {processor.py:830} INFO - Processing file /opt/airflow/dags/process_sales.py for tasks to queue
[2024-05-10T23:39:12.560+0000] {logging_mixin.py:188} INFO - [2024-05-10T23:39:12.560+0000] {dagbag.py:540} INFO - Filling up the DagBag from /opt/airflow/dags/process_sales.py
[2024-05-10T23:39:12.590+0000] {processor.py:840} INFO - DAG(s) 'process_sales' retrieved from /opt/airflow/dags/process_sales.py
[2024-05-10T23:39:12.603+0000] {logging_mixin.py:188} INFO - [2024-05-10T23:39:12.603+0000] {dag.py:3096} INFO - Sync 1 DAGs
[2024-05-10T23:39:12.628+0000] {logging_mixin.py:188} INFO - [2024-05-10T23:39:12.628+0000] {dag.py:3954} INFO - Setting next_dagrun for process_sales to None, run_after=None
[2024-05-10T23:39:12.649+0000] {processor.py:183} INFO - Processing /opt/airflow/dags/process_sales.py took 0.097 seconds
[2024-05-10T23:39:43.255+0000] {processor.py:161} INFO - Started process (PID=1509) to work on /opt/airflow/dags/process_sales.py
[2024-05-10T23:39:43.256+0000] {processor.py:830} INFO - Processing file /opt/airflow/dags/process_sales.py for tasks to queue
[2024-05-10T23:39:43.259+0000] {logging_mixin.py:188} INFO - [2024-05-10T23:39:43.258+0000] {dagbag.py:540} INFO - Filling up the DagBag from /opt/airflow/dags/process_sales.py
[2024-05-10T23:39:43.289+0000] {processor.py:840} INFO - DAG(s) 'process_sales' retrieved from /opt/airflow/dags/process_sales.py
[2024-05-10T23:39:43.302+0000] {logging_mixin.py:188} INFO - [2024-05-10T23:39:43.301+0000] {dag.py:3096} INFO - Sync 1 DAGs
[2024-05-10T23:39:43.328+0000] {logging_mixin.py:188} INFO - [2024-05-10T23:39:43.328+0000] {dag.py:3954} INFO - Setting next_dagrun for process_sales to None, run_after=None
[2024-05-10T23:39:43.350+0000] {processor.py:183} INFO - Processing /opt/airflow/dags/process_sales.py took 0.101 seconds
[2024-05-10T23:40:14.047+0000] {processor.py:161} INFO - Started process (PID=1568) to work on /opt/airflow/dags/process_sales.py
[2024-05-10T23:40:14.048+0000] {processor.py:830} INFO - Processing file /opt/airflow/dags/process_sales.py for tasks to queue
[2024-05-10T23:40:14.050+0000] {logging_mixin.py:188} INFO - [2024-05-10T23:40:14.050+0000] {dagbag.py:540} INFO - Filling up the DagBag from /opt/airflow/dags/process_sales.py
[2024-05-10T23:40:14.084+0000] {processor.py:840} INFO - DAG(s) 'process_sales' retrieved from /opt/airflow/dags/process_sales.py
[2024-05-10T23:40:14.098+0000] {logging_mixin.py:188} INFO - [2024-05-10T23:40:14.098+0000] {dag.py:3096} INFO - Sync 1 DAGs
[2024-05-10T23:40:14.122+0000] {logging_mixin.py:188} INFO - [2024-05-10T23:40:14.122+0000] {dag.py:3954} INFO - Setting next_dagrun for process_sales to None, run_after=None
[2024-05-10T23:40:14.143+0000] {processor.py:183} INFO - Processing /opt/airflow/dags/process_sales.py took 0.102 seconds
