[2024-05-10T23:31:53.923+0000] {local_task_job_runner.py:120} INFO - ::group::Pre task execution logs
[2024-05-10T23:31:53.938+0000] {taskinstance.py:2073} INFO - Dependencies all met for dep_context=non-requeueable deps ti=<TaskInstance: process_sales.extract_data_from_api scheduled__2022-08-10T01:00:00+00:00 [queued]>
[2024-05-10T23:31:53.949+0000] {taskinstance.py:2073} INFO - Dependencies all met for dep_context=requeueable deps ti=<TaskInstance: process_sales.extract_data_from_api scheduled__2022-08-10T01:00:00+00:00 [queued]>
[2024-05-10T23:31:53.950+0000] {taskinstance.py:2303} INFO - Starting attempt 4 of 4
[2024-05-10T23:31:53.968+0000] {taskinstance.py:2327} INFO - Executing <Task(PythonOperator): extract_data_from_api> on 2022-08-10 01:00:00+00:00
[2024-05-10T23:31:53.974+0000] {warnings.py:110} WARNING - /home/***/.local/lib/python3.12/site-packages/***/task/task_runner/standard_task_runner.py:61: DeprecationWarning: This process (pid=133) is multi-threaded, use of fork() may lead to deadlocks in the child.
  pid = os.fork()

[2024-05-10T23:31:53.976+0000] {standard_task_runner.py:63} INFO - Started process 135 to run task
[2024-05-10T23:31:53.976+0000] {standard_task_runner.py:90} INFO - Running: ['***', 'tasks', 'run', 'process_sales', 'extract_data_from_api', 'scheduled__2022-08-10T01:00:00+00:00', '--job-id', '757', '--raw', '--subdir', 'DAGS_FOLDER/process_sales.py', '--cfg-path', '/tmp/tmpjjs1rcd8']
[2024-05-10T23:31:53.978+0000] {standard_task_runner.py:91} INFO - Job 757: Subtask extract_data_from_api
[2024-05-10T23:31:54.021+0000] {task_command.py:426} INFO - Running <TaskInstance: process_sales.extract_data_from_api scheduled__2022-08-10T01:00:00+00:00 [running]> on host 5b7d18db7a73
[2024-05-10T23:31:54.111+0000] {taskinstance.py:2644} INFO - Exporting env vars: AIRFLOW_CTX_DAG_EMAIL='nazarka49@gmail.com' AIRFLOW_CTX_DAG_OWNER='***' AIRFLOW_CTX_DAG_ID='process_sales' AIRFLOW_CTX_TASK_ID='extract_data_from_api' AIRFLOW_CTX_EXECUTION_DATE='2022-08-10T01:00:00+00:00' AIRFLOW_CTX_TRY_NUMBER='4' AIRFLOW_CTX_DAG_RUN_ID='scheduled__2022-08-10T01:00:00+00:00'
[2024-05-10T23:31:54.113+0000] {taskinstance.py:430} INFO - ::endgroup::
[2024-05-10T23:31:54.114+0000] {warnings.py:110} WARNING - /home/***/.local/lib/python3.12/site-packages/***/utils/context.py:320: AirflowContextDeprecationWarning: Accessing 'execution_date' from the template is deprecated and will be removed in a future version. Please use 'data_interval_start' or 'logical_date' instead.
  warnings.warn(_create_deprecation_warning(k, replacements))

[2024-05-10T23:31:54.115+0000] {logging_mixin.py:188} INFO - {'date': '2022-08-10', 'raw_dir': 'C:/Users/xxXXxx/PycharmProjects/training_home_work/training-homework/lesson_02/file_storage/raw/sales/2022-08-10'}
[2024-05-10T23:31:54.124+0000] {base.py:84} INFO - Using connection ID 'job_1' for task execution.
[2024-05-10T23:31:54.689+0000] {python.py:237} INFO - Done. Returned value was: None
[2024-05-10T23:31:54.690+0000] {taskinstance.py:441} INFO - ::group::Post task execution logs
[2024-05-10T23:31:54.699+0000] {taskinstance.py:1205} INFO - Marking task as SUCCESS. dag_id=process_sales, task_id=extract_data_from_api, execution_date=20220810T010000, start_date=20240510T233153, end_date=20240510T233154
[2024-05-10T23:31:54.756+0000] {local_task_job_runner.py:240} INFO - Task exited with return code 0
[2024-05-10T23:31:54.780+0000] {taskinstance.py:3482} INFO - 1 downstream tasks scheduled from follow-on schedule check
[2024-05-10T23:31:54.782+0000] {local_task_job_runner.py:222} INFO - ::endgroup::
